Version identifier: 22.1.0.0 | 2022-03-09 | 1a383f8ce
CPXPARAM_Read_DataCheck                          1
CPXPARAM_TimeLimit                               600
Tried aggregator 4 times.
MIP Presolve eliminated 61856 rows and 6513 columns.
MIP Presolve modified 832 coefficients.
Aggregator did 56803 substitutions.
Reduced MIP has 7021 rows, 58124 columns, and 123402 nonzeros.
Reduced MIP has 58092 binaries, 32 generals, 0 SOSs, and 0 indicators.
Presolve time = 0.74 sec. (711.12 ticks)
Tried aggregator 1 time.
Detecting symmetries...
Reduced MIP has 7021 rows, 58124 columns, and 123402 nonzeros.
Reduced MIP has 58092 binaries, 32 generals, 0 SOSs, and 0 indicators.
Presolve time = 0.11 sec. (88.16 ticks)
Probing fixed 48 vars, tightened 0 bounds.
Probing time = 0.26 sec. (26.64 ticks)
Clique table members: 117816.
MIP emphasis: balance optimality and feasibility.
MIP search method: dynamic search.
Parallel mode: deterministic, using up to 8 threads.
Root relaxation solution time = 0.87 sec. (496.78 ticks)

        Nodes                                         Cuts/
   Node  Left     Objective  IInf  Best Integer    Best Bound    ItCnt     Gap

      0     0       32.4191  5552                     32.4191     6401         
      0     0       54.0000   951                    Cuts: 37    18279         
      0     0       54.0000   999                    Cuts: 90    27980         
      0     0       54.0000   754                     Cuts: 6    40166         
      0     0       54.0000   939                    Cuts: 41    49145         
Heuristic still looking.
      0     2       54.0000   912                     54.0000    49145         
Elapsed time = 154.06 sec. (94620.24 ticks, tree = 0.02 MB, solutions = 0)
      1     3       54.0000   770                     54.0000    62108         
      2     4       54.0000   589                     54.0000    69346         
      3     3       54.0000   591                     54.0000    63134         
      4     5       54.0417   699                     54.0000    76798         
      5     6       54.0000   679                     54.0000    89847         
      6     7       54.0833   858                     54.0000    97514         
      7     5       54.0000   529                     54.0000    75066         
      8     9       54.0833   834                     54.0000   105972         
      9    11       54.0833   895                     54.0000   122518         
     14    13       54.0833  1116                     54.0000   127983         
Elapsed time = 231.50 sec. (120560.24 ticks, tree = 0.06 MB, solutions = 0)
     17     4       54.0000   630                     54.0000    69308         
     20    16       54.0000   979                     54.0000   154220         
     23    15       54.0833  1102                     54.0000   129333         
     29    17       54.0476   952                     54.0000   140214         
     34    24       54.0556   805                     54.0000   194586         
     37    25       54.0556   982                     54.0000   199334         
     43    26       54.0972   858                     54.0000   221234         
     51    20       54.0000   924                     54.0000   172486         
     63    43       54.1448  1051                     54.0000   255053         
     70    46       54.1448  1003                     54.0000   271807         
Elapsed time = 281.71 sec. (132033.88 ticks, tree = 1.00 MB, solutions = 0)
     81    48       54.0000   639                     54.0000   295761         
     91    51       54.2258  1077                     54.0000   361039         
    105    73       54.0646   943                     54.0000   604217         
    116    91       54.1448   885                     54.0000   741341         
    127    98       54.0333   924                     54.0000   793933         
    144   100       54.0972   731                     54.0000   765657         
    156   104       54.0000   600                     54.0000   805312         
    165   132       54.2341  1090                     54.0000   881166         
    182   147       54.0000   538                     54.0000   915624         
    193   151       54.1083   709                     54.0000   923698         
Elapsed time = 342.73 sec. (142327.91 ticks, tree = 2.46 MB, solutions = 0)
    204   156       54.0000   498                     54.0000   930675         
    209   181       54.0000   505                     54.0000  1041721         
    219   193       54.0526   620                     54.0000  1081946         
    226   203       54.0972   773                     54.0000  1100164         
    231   201       54.1925  1144                     54.0000  1128845         
    234   204       54.2103  1273                     54.0000  1134881         
    244   218       54.1472   836                     54.0000  1148572         
    258   222       54.2212   757                     54.0000  1155881         
    267   226       54.3333   295                     54.0000  1166257         
    285   230       54.2800   723                     54.0000  1169574         
Elapsed time = 402.13 sec. (153762.97 ticks, tree = 3.35 MB, solutions = 0)
    304   281       54.2212   640                     54.0000  1260709         
    320   270       54.4167   167                     54.0000  1246197         
    332   288       54.3917   543                     54.0000  1275267         
    347   293       54.4917   521                     54.0000  1283141         
    367   297       54.1984   901                     54.0000  1291872         
    386   314       54.1960   634                     54.0000  1330689         
    405   317       54.0109   919                     54.0000  1348918         
    431   389       54.1448   887                     54.0000  1464972         
    452   372       54.6519   450                     54.0000  1431934         
    474   407       54.2837   795                     54.0000  1502194         
Elapsed time = 460.28 sec. (163618.69 ticks, tree = 6.71 MB, solutions = 0)
    497   381       54.2674   692                     54.0000  1459719         
    518   436       54.6167   258                     54.0000  1552637         
    539   418       54.7823   501                     54.0000  1523365         
    557   450       54.9417   276                     54.0000  1571443         
    571   444       54.0227   665                     54.0000  1584863         
    586   458       55.8917   248                     54.0000  1580303         
    603   505       54.3463  1055                     54.0000  1687991         
    613   538       55.6974   281                     54.0000  1734998         
    623   542       58.7500   172                     54.0000  1740503         
    633   511       54.0227   665                     54.0000  1707833         
Elapsed time = 517.50 sec. (173760.42 ticks, tree = 8.44 MB, solutions = 0)
    649   512       54.0794   668                     54.0000  1713531         
    666   557       54.0000   593                     54.0000  1802570         
    681   550       60.5000   144                     54.0000  1754825         
    699   594       58.1876   699                     54.0000  1852048         
    715   644       54.2463   569                     54.0000  1967474         
    728   649       54.2463   567                     54.0000  1975724         
    739   652       54.2463   550                     54.0000  1983715         
    755   614       54.1960   557                     54.0000  1899269         
    773   662       54.0556   719                     54.0000  2052309         
    784   619       54.1960   557                     54.0000  1912453         
Elapsed time = 578.61 sec. (183993.65 ticks, tree = 9.99 MB, solutions = 0)
    794   669       54.0556   582                     54.0000  2064502         
    810   672       54.0972   575                     54.0000  2071138         
    822   734       54.9524   320                     54.0000  2202424         
    843   743       55.2440   339                     54.0000  2209837         
    848   688       54.1083   634                     54.0000  2096792         

Zero-half cuts applied:  84
Lift and project cuts applied:  5
Gomory fractional cuts applied:  23

Root node processing (before b&c):
  Real time             =  153.84 sec. (94528.85 ticks)
Parallel b&c, 8 threads:
  Real time             =  446.93 sec. (97938.16 ticks)
  Sync time (average)   =  103.47 sec.
  Wait time (average)   =    0.00 sec.
                          ------------
Total (root+branch&cut) =  600.77 sec. (192467.01 ticks)
