Version identifier: 22.1.0.0 | 2022-03-09 | 1a383f8ce
CPXPARAM_Read_DataCheck                          1
CPXPARAM_TimeLimit                               600
Tried aggregator 3 times.
MIP Presolve eliminated 58476 rows and 5821 columns.
MIP Presolve modified 786 coefficients.
Aggregator did 53640 substitutions.
Reduced MIP has 6652 rows, 55355 columns, and 117466 nonzeros.
Reduced MIP has 55323 binaries, 32 generals, 0 SOSs, and 0 indicators.
Presolve time = 0.62 sec. (609.60 ticks)
Tried aggregator 1 time.
Detecting symmetries...
Reduced MIP has 6652 rows, 55355 columns, and 117466 nonzeros.
Reduced MIP has 55323 binaries, 32 generals, 0 SOSs, and 0 indicators.
Presolve time = 0.11 sec. (87.40 ticks)
Probing fixed 48 vars, tightened 0 bounds.
Probing changed sense of 11 constraints.
Probing time = 0.14 sec. (15.20 ticks)
Clique table members: 112390.
MIP emphasis: balance optimality and feasibility.
MIP search method: dynamic search.
Parallel mode: deterministic, using up to 8 threads.
Root relaxation solution time = 0.97 sec. (422.09 ticks)

        Nodes                                         Cuts/
   Node  Left     Objective  IInf  Best Integer    Best Bound    ItCnt     Gap

      0     0       32.3853  4927                     32.3853     5808         
      0     0       51.0000   781                    Cuts: 56    12685         
      0     0       51.0000   881                    Cuts: 61    20332         
      0     0       51.0000   963                ZeroHalf: 37    24434         
Heuristic still looking.
      0     2       51.0000   963                     51.0000    24434         
Elapsed time = 83.06 sec. (56460.72 ticks, tree = 0.02 MB, solutions = 0)
      1     3       51.0000   722                     51.0000    34196         
      2     4       51.0000   561                     51.0000    39740         
      4     5       51.0000   558                     51.0000    40635         
      5     6       51.0400   682                     51.0000    50819         
      6     6       51.0855   965                     51.0000    50997         
      9     7       51.0000   611                     51.0000    53420         
     11    11       51.0855   997                     51.0000    70841         
     12     8       51.0400   645                     51.0000    54332         
     16    10       51.0400   659                     51.0000    67435         
     19    15       51.0855   940                     51.0000    91619         
Elapsed time = 126.68 sec. (73310.04 ticks, tree = 0.11 MB, solutions = 0)
     23    16       51.0400   626                     51.0000    95377         
     29    21       51.0855   907                     51.0000   128266         
     33    16       51.0855   878                     51.0000    93256         
     35    23       51.0400   780                     51.0000   137102         
     40    18       51.0400   624                     51.0000   100688         
     43    38       51.0855   691                     51.0000   202150         
     47    21       51.0000   636                     51.0000   136383         
     50    25       51.0400   583                     51.0000   165924         
     55    40       51.1309   883                     51.0000   207430         
     61    46       51.0785  1008                     51.0000   229775         
Elapsed time = 176.79 sec. (86079.74 ticks, tree = 0.72 MB, solutions = 0)
     64    59       51.0400   609                     51.0000   264339         
     67    57       51.0400   632                     51.0000   262061         
     71    53       51.1309   823                     51.0000   247514         
     77    66       51.0855   830                     51.0000   333947         
     84    75       51.0000   743                     51.0000   339438         
     90    79       51.0855   798                     51.0000   428670         
     96    78       51.0833   627                     51.0000   383591         
    102    91       51.0876   988                     51.0000   611464         
    108    93       51.0876   907                     51.0000   631646         
    113    98       51.0400   646                     51.0000   731706         
Elapsed time = 236.81 sec. (98305.78 ticks, tree = 1.93 MB, solutions = 0)
    115    96       51.1331  1108                     51.0000   692484         
    117    89       51.2262   749                     51.0000   588667         
    119   112       51.0800   670                     51.0000  1019778         
    120   113       51.0800   673                     51.0000  1021518         
    123   114       51.1176   582                     51.0000  1025799         
    124   115       51.1176   637                     51.0000  1029004         
    127    83       51.0400   815                     51.0000   483022         
    128   107       51.0876   883                     51.0000   919296         
    131   120       51.0833   538                     51.0000  1106592         
    134   123       51.1331  1095                     51.0000  1147441         
Elapsed time = 307.61 sec. (112842.03 ticks, tree = 1.96 MB, solutions = 0)
    135   126       51.0855   630                     51.0000  1150391         
    143   129       51.1176   481                     51.0000  1168929         
    145   130       51.0745  1044                     51.0000  1178286         
    153   131       51.1176   444                     51.0000  1173304         
    155   137       51.2011  1277                     51.0000  1194835         
    159   138       51.0855   591                     51.0000  1196013         
    163   142       51.0876   800                     51.0000  1204426         
    166   145       51.0833   382                     51.0000  1217846         
    168   159       51.1176   392                     51.0000  1245489         
    172   166       51.0876   766                     51.0000  1263908         
Elapsed time = 355.67 sec. (125339.18 ticks, tree = 3.35 MB, solutions = 0)
    179   168       51.0833   625                     51.0000  1275156         
    184   152       51.0400   552                     51.0000  1235324         
    194   175       51.0855   845                     51.0000  1291334         
    203   178       51.0400   723                     51.0000  1295063         
    214   169       51.1136   854                     51.0000  1272746         
    222   176       51.0400   864                     51.0000  1291127         
    234   183       51.1176   542                     51.0000  1315014         
    251   178       51.0400   884                     51.0000  1295027         
    260   185       51.1901  1522                     51.0000  1318695         
    272   214       51.1331   903                     51.0000  1467992         
Elapsed time = 404.39 sec. (136590.80 ticks, tree = 3.80 MB, solutions = 0)
    282   231       51.1309   813                     51.0000  1504001         
    297   199       51.0870  1329                     51.0000  1436143         
    312   212       51.0833   541                     51.0000  1467478         
    326   205       51.0497  1259                     51.0000  1441250         
    345   224       51.1331   719                     51.0000  1482268         
    366   251       51.1176   593                     51.0000  1537588         
    390   246       51.1331   788                     51.0000  1524298         
    414   271       51.1500   419                     51.0000  1558604         
    439   274       51.2803   567                     51.0000  1562464         
    480   346       51.8750   135                     51.0000  1632479         
Elapsed time = 452.84 sec. (146954.77 ticks, tree = 6.53 MB, solutions = 0)
*   496   349      integral     0       54.0000       51.0000  1634985    5.56%
    522   300       51.0416   855       54.0000       51.0000  1608412    5.56%
    545   333       51.2697   561       54.0000       51.0000  1666749    5.56%
    576   367       51.2095   535       54.0000       51.0000  1704562    5.56%
    601   373       52.0000   126       54.0000       51.0000  1691424    5.56%
    634   483       52.3000    92       54.0000       51.0000  1773162    5.56%
*   655   544      integral     0       53.0000       51.0000  1870828    3.77%
    663   435       51.1818   328       53.0000       51.0000  1753006    3.77%
    678   439       51.1818   337       53.0000       51.0000  1757489    3.77%
    689   443       51.2185   479       53.0000       51.0000  1761796    3.77%
    713   519       51.4000   446       53.0000       51.0000  1851532    3.77%
Elapsed time = 495.04 sec. (156381.16 ticks, tree = 10.89 MB, solutions = 2)
    728   487       51.1303   409       53.0000       51.0000  1802188    3.77%
    751   523       51.4000   444       53.0000       51.0000  1854278    3.77%
    784   661       51.4500   228       53.0000       51.0000  1983391    3.77%
    815   592       51.1818   369       53.0000       51.0000  1924890    3.77%
    855   724       51.6250   277       53.0000       51.0000  2044741    3.77%
    900   671       51.0000   810       53.0000       51.0000  1998996    3.77%
    940   733       51.0263   727       53.0000       51.0000  2061510    3.77%
    966   692       51.1115   798       53.0000       51.0000  2027923    3.77%
    996   624       51.1818   439       53.0000       51.0000  1948940    3.77%
   1018   703       51.3438   523       53.0000       51.0000  2036164    3.77%
Elapsed time = 539.10 sec. (166039.81 ticks, tree = 14.86 MB, solutions = 2)
   1044   639       51.1303   838       53.0000       51.0000  1982119    3.77%
   1064   751       51.0000   656       53.0000       51.0000  2092987    3.77%
   1091   824       51.3131   540       53.0000       51.0000  2130836    3.77%
Starting limited solution polishing.
   1135   864       51.1667   536       53.0000       51.0000  2200313    3.77%
   1160   869       51.3095   577       53.0000       51.0000  2203896    3.77%
   1186   850       51.2020   491       53.0000       51.0000  2147806    3.77%
   1209   973       51.0788   821       53.0000       51.0000  2334690    3.77%
   1235   877       51.1667   534       53.0000       51.0000  2215445    3.77%
   1249   932       51.1154  1317       53.0000       51.0000  2283678    3.77%
   1299   865       51.1303   747       53.0000       51.0000  2191897    3.77%
Elapsed time = 600.06 sec. (180552.41 ticks, tree = 19.05 MB, solutions = 2)

Clique cuts applied:  1
Zero-half cuts applied:  84
Lift and project cuts applied:  1
Gomory fractional cuts applied:  22

Root node processing (before b&c):
  Real time             =   82.91 sec. (56403.71 ticks)
Parallel b&c, 8 threads:
  Real time             =  517.16 sec. (124159.01 ticks)
  Sync time (average)   =  104.75 sec.
  Wait time (average)   =    0.00 sec.
                          ------------
Total (root+branch&cut) =  600.07 sec. (180562.72 ticks)
