Version identifier: 22.1.0.0 | 2022-03-09 | 1a383f8ce
CPXPARAM_Read_DataCheck                          1
Tried aggregator 3 times.
MIP Presolve eliminated 46760 rows and 5076 columns.
MIP Presolve modified 661 coefficients.
Aggregator did 42592 substitutions.
Reduced MIP has 5613 rows, 43982 columns, and 93633 nonzeros.
Reduced MIP has 43952 binaries, 30 generals, 0 SOSs, and 0 indicators.
Presolve time = 0.47 sec. (464.83 ticks)
Tried aggregator 1 time.
Detecting symmetries...
Reduced MIP has 5613 rows, 43982 columns, and 93633 nonzeros.
Reduced MIP has 43952 binaries, 30 generals, 0 SOSs, and 0 indicators.
Presolve time = 0.07 sec. (69.32 ticks)
Probing fixed 45 vars, tightened 0 bounds.
Probing changed sense of 9 constraints.
Probing time = 0.13 sec. (15.27 ticks)
Clique table members: 89370.
MIP emphasis: balance optimality and feasibility.
MIP search method: dynamic search.
Parallel mode: deterministic, using up to 8 threads.
Root relaxation solution time = 0.65 sec. (342.60 ticks)

        Nodes                                         Cuts/
   Node  Left     Objective  IInf  Best Integer    Best Bound    ItCnt     Gap

      0     0       30.3606  3966                     30.3606     4932         
      0     0       46.0000   800                    Cuts: 48    12807         
      0     0       46.0000   781                    Cuts: 41    17285         
      0     0       46.0000   670                ZeroHalf: 42    24697         
*     0+    0                           56.0000       46.0000            17.86%
*     0+    0                           55.0000       46.0000            16.36%
      0     0       46.0000   600       55.0000  ZeroHalf: 24    27920   16.36%
*     0+    0                           54.0000       46.0000            14.81%
*     0+    0                           52.0000       46.0000            11.54%
      0     0       46.0000   614       52.0000  ZeroHalf: 25    32253   11.54%
Heuristic still looking.
Heuristic still looking.
      0     2       46.0000   598       52.0000       46.0000    32253   11.54%
Elapsed time = 149.05 sec. (63214.11 ticks, tree = 0.02 MB, solutions = 4)
      1     3       47.0000   473       52.0000       46.0000    38408   11.54%
      2     4       47.0000   396       52.0000       46.0000    41967   11.54%
      3     3       46.0000   392       52.0000       46.0000    37090   11.54%
      4     5       47.0000   371       52.0000       46.0000    44473   11.54%
      5     4       47.0000   362       52.0000       46.0000    41924   11.54%
      6     7       47.0000   389       52.0000       46.0000    50031   11.54%
      7     6       46.0000   302       52.0000       46.0000    51960   11.54%
      8     5       47.0000   363       52.0000       46.0000    45964   11.54%
      9     9       47.0000   368       52.0000       46.0000    55787   11.54%
     17     7       47.0000   402       52.0000       46.0000    52664   11.54%
Elapsed time = 177.90 sec. (75990.72 ticks, tree = 0.02 MB, solutions = 4)
     25    20       47.0357   955       52.0000       46.0000   127498   11.54%
     33    18       47.0000  1051       52.0000       46.0000   100744   11.54%
     38    17       46.0000  1424       52.0000       46.0000   105130   11.54%
     48    37       47.0000   665       52.0000       46.0000   188280   11.54%
     55    27       47.1176   705       52.0000       46.0000   160267   11.54%
     73    43       47.0000   787       52.0000       46.0000   218230   11.54%
     92    57       47.0000   578       52.0000       46.0000   270979   11.54%
    111    76       47.1176   555       52.0000       46.0000   427203   11.54%
    131   103       47.0455   600       52.0000       46.0000   594585   11.54%
    149   105       47.0455   565       52.0000       46.0000   619861   11.54%
Elapsed time = 215.35 sec. (86331.16 ticks, tree = 2.28 MB, solutions = 4)
    172   151       47.0000   415       52.0000       46.0000   945636   11.54%
    184   152       47.0000   509       52.0000       46.0000   961154   11.54%
    193   148       46.1000   704       52.0000       46.0000   932696   11.54%
    205   176       47.0476   538       52.0000       46.0000  1171926   11.54%
    214   192       47.0909   326       52.0000       46.0000  1327937   11.54%
    233   216       46.0000   709       52.0000       46.0000  1545607   11.54%
    245   217       47.4672   560       52.0000       46.0000  1564581   11.54%
    258   220       47.3561   488       52.0000       46.0000  1586332   11.54%
    270   247       47.4915   689       52.0000       46.0000  1746952   11.54%
    278   251       47.2406   652       52.0000       46.0000  1773088   11.54%
Elapsed time = 254.57 sec. (96473.34 ticks, tree = 3.39 MB, solutions = 4)
    285   257       47.6662   522       52.0000       46.0000  1800229   11.54%
    298   275       47.8873   435       52.0000       46.0000  1967376   11.54%
    301   291       47.2000   154       52.0000       46.0000  2187083   11.54%
    316   299       47.4000   206       52.0000       46.0000  2193632   11.54%
*   337   305      integral     0       49.0000       46.0000  2196785    6.12%
    346   288       47.1667   338       49.0000       46.0000  2185036    6.12%
    378   321       47.2917   353       49.0000       46.0000  2323061    6.12%
    415   329       46.0000   726       49.0000       46.0000  2339315    6.12%
    440   328       46.0000   655       49.0000       46.0000  2362445    6.12%
*   442+  338                           48.0000       46.0000             4.17%
    461   338       47.4242   386       48.0000       46.0000  2351471    4.17%
    471   170       46.0417  1035       48.0000       46.0000  2405056    4.17%
Elapsed time = 297.81 sec. (107664.64 ticks, tree = 1.91 MB, solutions = 6)
    480   184       46.0000   623       48.0000       46.0000  2387806    4.17%
    499   157       46.5500   191       48.0000       46.0000  2440993    4.17%
    508   138       46.2095   587       48.0000       46.0000  2445505    4.17%
    523   141       46.2143   675       48.0000       46.0000  2449858    4.17%
    552   170       46.0000   587       48.0000       46.0000  2481886    4.17%
    571   172       46.1429   864       48.0000       46.0000  2484359    4.17%
    575   180       46.0000   492       48.0000       46.0000  2497465    4.17%
    583   196       46.1494   607       48.0000       46.0000  2506016    4.17%
    599   200       46.0000   417       48.0000       46.0000  2509163    4.17%
    617   233       46.0000   754       48.0000       46.0000  2544217    4.17%
Elapsed time = 341.55 sec. (117451.59 ticks, tree = 3.28 MB, solutions = 6)
    646   204       46.0833   551       48.0000       46.0000  2516713    4.17%
    672   239       46.0000   549       48.0000       46.0000  2549337    4.17%
    707   242       46.0000   475       48.0000       46.0000  2552174    4.17%
    783   349       46.2429   212       48.0000       46.0000  2582066    4.17%
    851   388       46.5278   181       48.0000       46.0000  2588109    4.17%
    904   341       46.4563   563       48.0000       46.0000  2595488    4.17%
    952   337    infeasible             48.0000       46.0000  2628134    4.17%
    978   209       46.0000   414       48.0000       46.0000  2523356    4.17%
   1010   381       46.1131   456       48.0000       46.0000  2680799    4.17%
   1050   325       46.0958   524       48.0000       46.0000  2614018    4.17%
Elapsed time = 381.86 sec. (127257.10 ticks, tree = 4.33 MB, solutions = 6)
   1089   490       46.0435   762       48.0000       46.0000  2694126    4.17%
   1127   582       46.2929   412       48.0000       46.0000  2750639    4.17%
   1156   508       46.0833   524       48.0000       46.0000  2721797    4.17%
   1200   600       46.2967   379       48.0000       46.0000  2750344    4.17%
   1245   642       46.0317   512       48.0000       46.0000  2826784    4.17%
   1284   707       46.0526   711       48.0000       46.0000  2892708    4.17%
   1310   713       46.0526   758       48.0000       46.0000  2896694    4.17%
   1330   789       46.0000   408       48.0000       46.0000  2934397    4.17%
   1359   802       46.2384  1063       48.0000       46.0000  2955101    4.17%
   1386   807       46.3345   750       48.0000       46.0000  2950963    4.17%
Elapsed time = 418.84 sec. (137172.19 ticks, tree = 14.39 MB, solutions = 6)
   1424   887       46.0000   391       48.0000       46.0000  3046029    4.17%
   1463   936       46.2384   927       48.0000       46.0000  3082503    4.17%
   1502   939       46.2455   926       48.0000       46.0000  3085668    4.17%
   1536   897       46.1112   934       48.0000       46.0000  3058425    4.17%
*  1542+  820                           47.0000       46.0000             2.13%
   1565   970       46.0833   573       47.0000       46.0000  3117827    2.13%
   1595   904       46.1112   903       47.0000       46.0000  3066644    2.13%
   1634   102       46.0000   414       47.0000       46.0000  3276296    2.13%
   1672   107       46.0000   317       47.0000       46.0000  3281955    2.13%
   1728   111       46.0000   326       47.0000       46.0000  3287179    2.13%
   1810   107       46.0000   578       47.0000       46.0000  3283399    2.13%
Elapsed time = 454.82 sec. (146973.91 ticks, tree = 0.92 MB, solutions = 7)
   1910   167       46.0000   383       47.0000       46.0000  3337084    2.13%
   2009   171       46.0000   358       47.0000       46.0000  3340891    2.13%
   2084   144        cutoff             47.0000       46.0000  3315414    2.13%
   2189   236       46.0000   522       47.0000       46.0000  3411832    2.13%
   2265   158       46.0000   213       47.0000       46.0000  3322982    2.13%
   2368   300       46.0000   264       47.0000       46.0000  3471949    2.13%
   2472   303       46.0000   430       47.0000       46.0000  3479354    2.13%
   2610   355       46.0000   397       47.0000       46.0000  3516780    2.13%
   2766   364       46.0000   221       47.0000       46.0000  3488606    2.13%
   2911   528       46.0000   174       47.0000       46.0000  3610678    2.13%
Elapsed time = 488.86 sec. (156588.44 ticks, tree = 6.67 MB, solutions = 7)
   3040   535        cutoff             47.0000       46.0000  3635450    2.13%
   3166   459       46.0000   200       47.0000       46.0000  3580528    2.13%
   3366   700       46.0000   522       47.0000       46.0000  3675960    2.13%
   3612   619        cutoff             47.0000       46.0000  3666072    2.13%
   3769   857       46.0000   410       47.0000       46.0000  3737756    2.13%
   3846   739       46.0000   439       47.0000       46.0000  3703392    2.13%
   3913   737       46.0000   400       47.0000       46.0000  3738222    2.13%
   3937   854        cutoff             47.0000       46.0000  3757787    2.13%

Performing restart 1

Repeating presolve.
Tried aggregator 3 times.
MIP Presolve eliminated 1292 rows and 28795 columns.
MIP Presolve modified 6 coefficients.
Aggregator did 913 substitutions.
Reduced MIP has 3408 rows, 14274 columns, and 31850 nonzeros.
Reduced MIP has 14274 binaries, 0 generals, 0 SOSs, and 0 indicators.
Presolve time = 0.08 sec. (83.10 ticks)
Represolve time = 0.36 sec. (272.37 ticks)

Root node processing (before b&c):
  Real time             =  148.93 sec. (63167.74 ticks)
Parallel b&c, 8 threads:
  Real time             =  359.58 sec. (101461.78 ticks)
  Sync time (average)   =    0.00 sec.
  Wait time (average)   =    0.00 sec.
                          ------------
Total (root+branch&cut) =  508.51 sec. (164629.53 ticks)
