Version identifier: 22.1.0.0 | 2022-03-09 | 1a383f8ce
CPXPARAM_Read_DataCheck                          1
CPXPARAM_TimeLimit                               600
Tried aggregator 4 times.
MIP Presolve eliminated 70720 rows and 7226 columns.
MIP Presolve modified 901 coefficients.
Aggregator did 65207 substitutions.
Reduced MIP has 7604 rows, 66559 columns, and 140865 nonzeros.
Reduced MIP has 66525 binaries, 34 generals, 0 SOSs, and 0 indicators.
Presolve time = 0.80 sec. (846.40 ticks)
Tried aggregator 1 time.
Detecting symmetries...
Reduced MIP has 7604 rows, 66559 columns, and 140865 nonzeros.
Reduced MIP has 66525 binaries, 34 generals, 0 SOSs, and 0 indicators.
Presolve time = 0.14 sec. (103.66 ticks)
Probing fixed 53 vars, tightened 0 bounds.
Probing time = 0.34 sec. (34.36 ticks)
Clique table members: 134786.
MIP emphasis: balance optimality and feasibility.
MIP search method: dynamic search.
Parallel mode: deterministic, using up to 8 threads.
Root relaxation solution time = 1.56 sec. (603.15 ticks)

        Nodes                                         Cuts/
   Node  Left     Objective  IInf  Best Integer    Best Bound    ItCnt     Gap

      0     0       34.3931  5653                     34.3931     6862         
      0     0       55.0000   736                    Cuts: 40    18965         
      0     0       55.0000   767                    Cuts: 60    27627         
      0     0       55.0000   626                ZeroHalf: 35    33140         
      0     0       55.0000   836                ZeroHalf: 38    39507         
Heuristic still looking.
Heuristic still looking.
      0     2       55.0000   836                     55.0000    39507         
Elapsed time = 130.52 sec. (75138.10 ticks, tree = 0.02 MB, solutions = 0)
      1     3       55.0000   660                     55.0000    51237         
      2     3       56.0000   435                     55.0000    54276         
      3     5       56.0000   492                     55.0000    68198         
      4     4       55.0000   617                     55.0000    58348         
      5     4       55.0000   533                     55.0000    58032         
      6     5       56.0000   569                     55.0000    72820         
      8     6       56.0000   441                     55.0000    74612         
      9     7       55.0000   613                     55.0000    81119         
     10     9       56.0000   574                     55.0000    94180         
     16    17       56.0000   460                     55.0000   128359         
Elapsed time = 195.95 sec. (96070.82 ticks, tree = 0.15 MB, solutions = 0)
     19    16       55.0000   524                     55.0000   124324         
     24    19       55.0000   765                     55.0000   159658         
     27    12       55.0000   513                     55.0000   109718         
     31    22       55.0000   595                     55.0000   168067         
     34    20       56.0000   399                     55.0000   153670         
     40    25       56.0000   685                     55.0000   190656         
     44    25       56.0000   456                     55.0000   172481         
     49    39       55.0000   795                     55.0000   269447         
     53    45       56.0000   658                     55.0000   312862         
     56    47       56.0000   660                     55.0000   335918         
Elapsed time = 265.03 sec. (107385.59 ticks, tree = 0.84 MB, solutions = 0)
     57    21       56.0000   488                     55.0000   195241         
     58    48       56.1511  1331                     55.0000   392741         
     59    29       56.0000   428                     55.0000   194865         
     64    55       55.0000   749                     55.0000   460290         
     67    57       55.0000   760                     55.0000   463675         
     71    67       55.0000   581                     55.0000   554934         
     76    65       56.0000   441                     55.0000   552052         
     84    73       56.0000   594                     55.0000   658485         
     92    73       55.0000   686                     55.0000   656800         
     99    83       55.0000   680                     55.0000   681988         
Elapsed time = 329.94 sec. (121841.15 ticks, tree = 1.58 MB, solutions = 0)
    104    78       56.0000   602                     55.0000   667868         
    110    86       55.0000   835                     55.0000   686318         
    114    87       55.0255  1012                     55.0000   689007         
    120    95       56.0000   463                     55.0000   703936         
    125    89       56.0333   738                     55.0000   701596         
    130    91       55.1484   785                     55.0000   696701         
    138   112       55.0714   756                     55.0000   737105         
    148   123       55.0000   520                     55.0000   758789         
    157   136       55.0000   643                     55.0000   786195         
    168   125       55.0125   774                     55.0000   763154         
Elapsed time = 391.28 sec. (132585.83 ticks, tree = 2.61 MB, solutions = 0)
    179   135       56.0000  1121                     55.0000   791279         
    193   129       55.0000   570                     55.0000   770193         
    205   150       55.0000   378                     55.0000   803154         
    213   152       55.1190   704                     55.0000   806845         
    221   169       56.1271   898                     55.0000   842151         
    232   158       55.1484   624                     55.0000   823299         
    241   201       55.0171   708                     55.0000   895855         
    251   187       56.1111   585                     55.0000   872340         
    261   241       56.1705   857                     55.0000   951208         
    271   255       56.0000   314                     55.0000   985841         
Elapsed time = 452.58 sec. (143496.86 ticks, tree = 5.54 MB, solutions = 0)
    281   246       56.2157   812                     55.0000   958267         
    292   258       56.0000   374                     55.0000   993238         
    306   240       56.1111   312                     55.0000   947461         
    318   300       56.2157   842                     55.0000  1046249         
    327   270       56.1034   805                     55.0000  1016067         
    345   307       56.0000   284                     55.0000  1068355         
    363   308       56.2205   976                     55.0000  1056684         
    383   302       56.8167   346                     55.0000  1045340         
    405   280       55.0267   647                     55.0000  1026996         
    423   318       56.8095   142                     55.0000  1053627         
Elapsed time = 506.34 sec. (153975.82 ticks, tree = 6.65 MB, solutions = 0)
    442   317       55.3150   924                     55.0000  1087523         
    462   319       55.2198   859                     55.0000  1090428         
    484   336       55.0935   751                     55.0000  1118408         
    496   412       56.0000   334                     55.0000  1210339         
    510   445       55.6190   401                     55.0000  1256171         
    522   415       56.0000   346                     55.0000  1216391         
    529   341       55.2198   860                     55.0000  1131433         
    544   467       56.5076   460                     55.0000  1291256         
    565   435       55.3086   464                     55.0000  1238191         
    581   439       55.3086   551                     55.0000  1242224         
Elapsed time = 558.88 sec. (163900.19 ticks, tree = 9.67 MB, solutions = 0)
    606   550       55.3086   433                     55.0000  1397368         
    626   494       56.1034   735                     55.0000  1332854         
    656   560       56.3333   136                     55.0000  1404699         
    680   485       56.8011   388                     55.0000  1312832         
*   689   564      integral     0       59.0000       55.0000  1409454    6.78%
Starting limited solution polishing.
    721   607       58.8333    28       59.0000       55.0000  1427833    6.78%
    737   602       55.3022  1007       59.0000       55.0000  1456662    6.78%
    751   502       56.2429   591       59.0000       55.0000  1349673    6.78%

Clique cuts applied:  3
Zero-half cuts applied:  103
Lift and project cuts applied:  4
Gomory fractional cuts applied:  21

Root node processing (before b&c):
  Real time             =  130.24 sec. (75023.56 ticks)
Parallel b&c, 8 threads:
  Real time             =  469.86 sec. (97278.21 ticks)
  Sync time (average)   =   91.81 sec.
  Wait time (average)   =    0.00 sec.
                          ------------
Total (root+branch&cut) =  600.10 sec. (172301.76 ticks)
