JOBNAME = miconic-s8-3.sas_0
JOBID = 708122
Linux razor-14.dei.unipd.it 5.12.10-300.fc34.x86_64 #1 SMP Thu Jun 10 14:21:36 UTC 2021 x86_64 x86_64 x86_64 GNU/Linux
INFO     Running search (release).
INFO     search stdin: /nfsd/rop/instances/PlanningSAS/miconic-s8-3.sas
INFO     search time limit: 3600s
INFO     search memory limit: None
INFO     search command line string: /home/salvagni/Basel/downward/builds/release/bin/downward --search 'astar(LMcut())' --internal-plan-file sas_plan < /nfsd/rop/instances/PlanningSAS/miconic-s8-3.sas
[t=0s, 45824 KB] reading input...
[t=0.000995628s, 45824 KB] done reading input!
[t=0.00199201s, 46212 KB] Initializing landmark cut heuristic...
[t=0.00199201s, 46212 KB] Building successor generator...done!
[t=0.00199201s, 46212 KB] peak memory difference for successor generator creation: 0 KB
[t=0.00199201s, 46212 KB] time for successor generation creation: 0s
[t=0.00199201s, 46212 KB] Variables: 17
[t=0.00199201s, 46212 KB] FactPairs: 48
[t=0.00199201s, 46212 KB] Bytes per state: 4
[t=0.00199201s, 46212 KB] Conducting best first search with reopening closed nodes, (real) bound = 2147483647
[t=0.00199201s, 46212 KB] New best heuristic value for lmcut: 27
[t=0.00199201s, 46212 KB] g=0, 1 evaluated, 0 expanded
[t=0.00199201s, 46212 KB] f = 27, 1 evaluated, 0 expanded
[t=0.00199201s, 46212 KB] Initial heuristic value for lmcut: 27
[t=0.00199201s, 46212 KB] pruning method: none
[t=0.00298735s, 46212 KB] New best heuristic value for lmcut: 26
[t=0.00298735s, 46212 KB] g=1, 2 evaluated, 1 expanded
[t=0.0039831s, 46212 KB] f = 28, 32 evaluated, 2 expanded
[t=0.0039831s, 46212 KB] New best heuristic value for lmcut: 25
[t=0.0039831s, 46212 KB] g=3, 33 evaluated, 3 expanded
[t=0.0039831s, 46212 KB] New best heuristic value for lmcut: 24
[t=0.0039831s, 46212 KB] g=4, 34 evaluated, 4 expanded
[t=0.00497929s, 46212 KB] New best heuristic value for lmcut: 23
[t=0.00497929s, 46212 KB] g=5, 49 evaluated, 6 expanded
[t=0.00497929s, 46212 KB] New best heuristic value for lmcut: 22
[t=0.00497929s, 46212 KB] g=6, 50 evaluated, 7 expanded
[t=0.00597569s, 46212 KB] New best heuristic value for lmcut: 21
[t=0.00597569s, 46212 KB] g=7, 65 evaluated, 9 expanded
[t=0.00597569s, 46212 KB] New best heuristic value for lmcut: 20
[t=0.00597569s, 46212 KB] g=8, 67 evaluated, 10 expanded
[t=0.00896511s, 46212 KB] New best heuristic value for lmcut: 19
[t=0.00896511s, 46212 KB] g=9, 129 evaluated, 15 expanded
[t=0.00896511s, 46212 KB] New best heuristic value for lmcut: 18
[t=0.00896511s, 46212 KB] g=10, 132 evaluated, 16 expanded
[t=0.00896511s, 46212 KB] New best heuristic value for lmcut: 17
[t=0.00896511s, 46212 KB] g=11, 145 evaluated, 17 expanded
[t=0.0099637s, 46212 KB] New best heuristic value for lmcut: 16
[t=0.0099637s, 46212 KB] g=12, 150 evaluated, 18 expanded
[t=0.0099637s, 46212 KB] New best heuristic value for lmcut: 15
[t=0.0099637s, 46212 KB] g=13, 161 evaluated, 19 expanded
[t=0.0099637s, 46212 KB] New best heuristic value for lmcut: 14
[t=0.0099637s, 46212 KB] g=14, 163 evaluated, 20 expanded
[t=0.011948s, 46212 KB] New best heuristic value for lmcut: 13
[t=0.011948s, 46212 KB] g=15, 225 evaluated, 26 expanded
[t=0.011948s, 46212 KB] New best heuristic value for lmcut: 12
[t=0.011948s, 46212 KB] g=16, 227 evaluated, 27 expanded
[t=0.0139375s, 46212 KB] New best heuristic value for lmcut: 11
[t=0.0139375s, 46212 KB] g=17, 289 evaluated, 32 expanded
[t=0.0139375s, 46212 KB] New best heuristic value for lmcut: 10
[t=0.0139375s, 46212 KB] g=18, 291 evaluated, 33 expanded
[t=0.0159265s, 46212 KB] New best heuristic value for lmcut: 9
[t=0.0159265s, 46212 KB] g=19, 359 evaluated, 39 expanded
[t=0.0159265s, 46212 KB] New best heuristic value for lmcut: 8
[t=0.0159265s, 46212 KB] g=20, 370 evaluated, 41 expanded
[t=0.0159265s, 46212 KB] New best heuristic value for lmcut: 7
[t=0.0159265s, 46212 KB] g=21, 373 evaluated, 42 expanded
[t=0.016924s, 46212 KB] New best heuristic value for lmcut: 6
[t=0.016924s, 46212 KB] g=22, 405 evaluated, 43 expanded
[t=0.016924s, 46212 KB] New best heuristic value for lmcut: 5
[t=0.016924s, 46212 KB] g=23, 411 evaluated, 44 expanded
[t=0.016924s, 46212 KB] New best heuristic value for lmcut: 4
[t=0.016924s, 46212 KB] g=24, 421 evaluated, 45 expanded
[t=0.016924s, 46212 KB] New best heuristic value for lmcut: 3
[t=0.0179206s, 46212 KB] g=25, 432 evaluated, 46 expanded
[t=0.0179206s, 46212 KB] New best heuristic value for lmcut: 2
[t=0.0179206s, 46212 KB] g=26, 437 evaluated, 47 expanded
[t=0.0179206s, 46212 KB] New best heuristic value for lmcut: 1
[t=0.0179206s, 46212 KB] g=27, 451 evaluated, 48 expanded
[t=0.0179206s, 46212 KB] New best heuristic value for lmcut: 0
[t=0.0179206s, 46212 KB] g=28, 453 evaluated, 49 expanded
[t=0.0179206s, 46212 KB] Solution found!
[t=0.0179206s, 46212 KB] Actual search time: 0.0149332s
board f0 p6 (1)
up f0 f1 (1)
board f1 p0 (1)
up f1 f10 (1)
board f10 p7 (1)
down f10 f5 (1)
board f5 p3 (1)
down f5 f0 (1)
depart f0 p3 (1)
up f0 f11 (1)
depart f11 p7 (1)
down f11 f7 (1)
board f7 p5 (1)
down f7 f6 (1)
depart f6 p5 (1)
up f6 f14 (1)
board f14 p1 (1)
depart f14 p6 (1)
down f14 f3 (1)
board f3 p2 (1)
board f3 p4 (1)
depart f3 p1 (1)
up f3 f12 (1)
depart f12 p2 (1)
down f12 f8 (1)
depart f8 p4 (1)
up f8 f15 (1)
depart f15 p0 (1)
[t=0.0179206s, 46212 KB] Plan length: 28 step(s).
[t=0.0179206s, 46212 KB] Plan cost: 28
[t=0.0179206s, 46212 KB] Expanded 50 state(s).
[t=0.0179206s, 46212 KB] Reopened 0 state(s).
[t=0.0179206s, 46212 KB] Evaluated 453 state(s).
[t=0.0179206s, 46212 KB] Evaluations: 453
[t=0.0179206s, 46212 KB] Generated 803 state(s).
[t=0.0179206s, 46212 KB] Dead ends: 0 state(s).
[t=0.0179206s, 46212 KB] Expanded until last jump: 2 state(s).
[t=0.0179206s, 46212 KB] Reopened until last jump: 0 state(s).
[t=0.0179206s, 46212 KB] Evaluated until last jump: 32 state(s).
[t=0.0179206s, 46212 KB] Generated until last jump: 32 state(s).
[t=0.0179206s, 46212 KB] Number of registered states: 453
[t=0.0179206s, 46212 KB] Int hash set load factor: 453/512 = 0.884766
[t=0.0179206s, 46212 KB] Int hash set resizes: 9
[t=0.0179206s, 46212 KB] Search time: 0.0159286s
[t=0.0179206s, 46212 KB] Total time: 0.0179206s
Solution found.
Peak memory: 46212 KB
search exit code: 0

