JOBNAME = miconic-s6-1.sas_0
JOBID = 708110
Linux razor-14.dei.unipd.it 5.12.10-300.fc34.x86_64 #1 SMP Thu Jun 10 14:21:36 UTC 2021 x86_64 x86_64 x86_64 GNU/Linux
INFO     Running search (release).
INFO     search stdin: /nfsd/rop/instances/PlanningSAS/miconic-s6-1.sas
INFO     search time limit: 3600s
INFO     search memory limit: None
INFO     search command line string: /home/salvagni/Basel/downward/builds/release/bin/downward --search 'astar(LMcut())' --internal-plan-file sas_plan < /nfsd/rop/instances/PlanningSAS/miconic-s6-1.sas
[t=0s, 45824 KB] reading input...
[t=0.000996747s, 45824 KB] done reading input!
[t=0.0019901s, 46212 KB] Initializing landmark cut heuristic...
[t=0.0019901s, 46212 KB] Building successor generator...done!
[t=0.0019901s, 46212 KB] peak memory difference for successor generator creation: 0 KB
[t=0.0019901s, 46212 KB] time for successor generation creation: 0s
[t=0.0019901s, 46212 KB] Variables: 13
[t=0.0019901s, 46212 KB] FactPairs: 36
[t=0.0019901s, 46212 KB] Bytes per state: 4
[t=0.0019901s, 46212 KB] Conducting best first search with reopening closed nodes, (real) bound = 2147483647
[t=0.0019901s, 46212 KB] New best heuristic value for lmcut: 19
[t=0.0019901s, 46212 KB] g=0, 1 evaluated, 0 expanded
[t=0.0019901s, 46212 KB] f = 19, 1 evaluated, 0 expanded
[t=0.0019901s, 46212 KB] Initial heuristic value for lmcut: 19
[t=0.00298524s, 46212 KB] pruning method: none
[t=0.00298524s, 46212 KB] New best heuristic value for lmcut: 18
[t=0.00298524s, 46212 KB] g=1, 2 evaluated, 1 expanded
[t=0.00298524s, 46212 KB] New best heuristic value for lmcut: 17
[t=0.00298524s, 46212 KB] g=2, 14 evaluated, 2 expanded
[t=0.00298524s, 46212 KB] New best heuristic value for lmcut: 16
[t=0.00298524s, 46212 KB] g=3, 25 evaluated, 3 expanded
[t=0.00298524s, 46212 KB] New best heuristic value for lmcut: 15
[t=0.00298524s, 46212 KB] g=4, 27 evaluated, 4 expanded
[t=0.0039781s, 46212 KB] New best heuristic value for lmcut: 14
[t=0.0039781s, 46212 KB] g=5, 40 evaluated, 5 expanded
[t=0.0039781s, 46212 KB] New best heuristic value for lmcut: 13
[t=0.0039781s, 46212 KB] g=6, 50 evaluated, 6 expanded
[t=0.0039781s, 46212 KB] New best heuristic value for lmcut: 12
[t=0.0039781s, 46212 KB] g=7, 55 evaluated, 7 expanded
[t=0.0039781s, 46212 KB] New best heuristic value for lmcut: 11
[t=0.0039781s, 46212 KB] g=8, 62 evaluated, 8 expanded
[t=0.0039781s, 46212 KB] New best heuristic value for lmcut: 10
[t=0.0039781s, 46212 KB] g=9, 75 evaluated, 9 expanded
[t=0.00497418s, 46212 KB] New best heuristic value for lmcut: 9
[t=0.00497418s, 46212 KB] g=10, 81 evaluated, 10 expanded
[t=0.00497418s, 46212 KB] New best heuristic value for lmcut: 8
[t=0.00497418s, 46212 KB] g=11, 87 evaluated, 11 expanded
[t=0.00497418s, 46212 KB] New best heuristic value for lmcut: 7
[t=0.00497418s, 46212 KB] g=12, 94 evaluated, 12 expanded
[t=0.00497418s, 46212 KB] New best heuristic value for lmcut: 6
[t=0.00497418s, 46212 KB] g=13, 99 evaluated, 14 expanded
[t=0.00497418s, 46212 KB] New best heuristic value for lmcut: 5
[t=0.00497418s, 46212 KB] g=14, 112 evaluated, 15 expanded
[t=0.00497418s, 46212 KB] New best heuristic value for lmcut: 4
[t=0.00497418s, 46212 KB] g=15, 118 evaluated, 16 expanded
[t=0.00497418s, 46212 KB] New best heuristic value for lmcut: 3
[t=0.00497418s, 46212 KB] g=16, 124 evaluated, 18 expanded
[t=0.00497418s, 46212 KB] New best heuristic value for lmcut: 2
[t=0.00497418s, 46212 KB] g=17, 137 evaluated, 19 expanded
[t=0.00597088s, 46212 KB] New best heuristic value for lmcut: 1
[t=0.00597088s, 46212 KB] g=18, 143 evaluated, 20 expanded
[t=0.00597088s, 46212 KB] New best heuristic value for lmcut: 0
[t=0.00597088s, 46212 KB] g=19, 149 evaluated, 21 expanded
[t=0.00597088s, 46212 KB] Solution found!
[t=0.00597088s, 46212 KB] Actual search time: 0.00298564s
board f0 p5 (1)
up f0 f1 (1)
board f1 p3 (1)
board f1 p4 (1)
up f1 f10 (1)
depart f10 p3 (1)
down f10 f4 (1)
board f4 p2 (1)
depart f4 p5 (1)
up f4 f11 (1)
board f11 p1 (1)
down f11 f7 (1)
depart f7 p4 (1)
depart f7 p2 (1)
up f7 f8 (1)
board f8 p0 (1)
depart f8 p1 (1)
down f8 f5 (1)
depart f5 p0 (1)
[t=0.00597088s, 46212 KB] Plan length: 19 step(s).
[t=0.00597088s, 46212 KB] Plan cost: 19
[t=0.00597088s, 46212 KB] Expanded 22 state(s).
[t=0.00597088s, 46212 KB] Reopened 0 state(s).
[t=0.00597088s, 46212 KB] Evaluated 149 state(s).
[t=0.00597088s, 46212 KB] Evaluations: 149
[t=0.00597088s, 46212 KB] Generated 256 state(s).
[t=0.00597088s, 46212 KB] Dead ends: 0 state(s).
[t=0.00597088s, 46212 KB] Expanded until last jump: 0 state(s).
[t=0.00597088s, 46212 KB] Reopened until last jump: 0 state(s).
[t=0.00597088s, 46212 KB] Evaluated until last jump: 1 state(s).
[t=0.00597088s, 46212 KB] Generated until last jump: 0 state(s).
[t=0.00597088s, 46212 KB] Number of registered states: 149
[t=0.00597088s, 46212 KB] Int hash set load factor: 149/256 = 0.582031
[t=0.00597088s, 46212 KB] Int hash set resizes: 8
[t=0.00597088s, 46212 KB] Search time: 0.00398078s
[t=0.00597088s, 46212 KB] Total time: 0.00597088s
Solution found.
Peak memory: 46212 KB
search exit code: 0

