JOBNAME = miconic-s6-3.sas_0
JOBID = 708112
Linux razor-14.dei.unipd.it 5.12.10-300.fc34.x86_64 #1 SMP Thu Jun 10 14:21:36 UTC 2021 x86_64 x86_64 x86_64 GNU/Linux
INFO     Running search (release).
INFO     search stdin: /nfsd/rop/instances/PlanningSAS/miconic-s6-3.sas
INFO     search time limit: 3600s
INFO     search memory limit: None
INFO     search command line string: /home/salvagni/Basel/downward/builds/release/bin/downward --search 'astar(LMcut())' --internal-plan-file sas_plan < /nfsd/rop/instances/PlanningSAS/miconic-s6-3.sas
[t=0s, 45824 KB] reading input...
[t=0.000996575s, 45824 KB] done reading input!
[t=0.00199216s, 46212 KB] Initializing landmark cut heuristic...
[t=0.00199216s, 46212 KB] Building successor generator...done!
[t=0.00199216s, 46212 KB] peak memory difference for successor generator creation: 0 KB
[t=0.00199216s, 46212 KB] time for successor generation creation: 0s
[t=0.00199216s, 46212 KB] Variables: 13
[t=0.00199216s, 46212 KB] FactPairs: 36
[t=0.00199216s, 46212 KB] Bytes per state: 4
[t=0.00298794s, 46212 KB] Conducting best first search with reopening closed nodes, (real) bound = 2147483647
[t=0.00298794s, 46212 KB] New best heuristic value for lmcut: 18
[t=0.00298794s, 46212 KB] g=0, 1 evaluated, 0 expanded
[t=0.00298794s, 46212 KB] f = 18, 1 evaluated, 0 expanded
[t=0.00298794s, 46212 KB] Initial heuristic value for lmcut: 18
[t=0.00298794s, 46212 KB] pruning method: none
[t=0.00298794s, 46212 KB] f = 19, 12 evaluated, 1 expanded
[t=0.00298794s, 46212 KB] New best heuristic value for lmcut: 17
[t=0.00298794s, 46212 KB] g=2, 13 evaluated, 3 expanded
[t=0.00298794s, 46212 KB] New best heuristic value for lmcut: 16
[t=0.00298794s, 46212 KB] g=3, 15 evaluated, 4 expanded
[t=0.00398049s, 46212 KB] New best heuristic value for lmcut: 15
[t=0.00398049s, 46212 KB] g=4, 27 evaluated, 5 expanded
[t=0.00398049s, 46212 KB] New best heuristic value for lmcut: 14
[t=0.00398049s, 46212 KB] g=5, 38 evaluated, 6 expanded
[t=0.00398049s, 46212 KB] New best heuristic value for lmcut: 13
[t=0.00398049s, 46212 KB] g=6, 52 evaluated, 10 expanded
[t=0.00398049s, 46212 KB] New best heuristic value for lmcut: 12
[t=0.00398049s, 46212 KB] g=7, 64 evaluated, 11 expanded
[t=0.00497583s, 46212 KB] New best heuristic value for lmcut: 11
[t=0.00497583s, 46212 KB] g=8, 75 evaluated, 12 expanded
[t=0.00497583s, 46212 KB] New best heuristic value for lmcut: 10
[t=0.00497583s, 46212 KB] g=9, 88 evaluated, 13 expanded
[t=0.00497583s, 46212 KB] New best heuristic value for lmcut: 9
[t=0.00497583s, 46212 KB] g=10, 91 evaluated, 14 expanded
[t=0.00497583s, 46212 KB] New best heuristic value for lmcut: 8
[t=0.00497583s, 46212 KB] g=11, 100 evaluated, 15 expanded
[t=0.00497583s, 46212 KB] New best heuristic value for lmcut: 7
[t=0.00497583s, 46212 KB] g=12, 108 evaluated, 16 expanded
[t=0.00497583s, 46212 KB] New best heuristic value for lmcut: 6
[t=0.00497583s, 46212 KB] g=13, 112 evaluated, 17 expanded
[t=0.00597239s, 46212 KB] New best heuristic value for lmcut: 5
[t=0.00597239s, 46212 KB] g=14, 143 evaluated, 22 expanded
[t=0.00597239s, 46212 KB] New best heuristic value for lmcut: 4
[t=0.00597239s, 46212 KB] g=15, 148 evaluated, 23 expanded
[t=0.014937s, 46212 KB] f = 20, 756 evaluated, 127 expanded
[t=0.014937s, 46212 KB] New best heuristic value for lmcut: 3
[t=0.014937s, 46212 KB] g=17, 757 evaluated, 128 expanded
[t=0.014937s, 46212 KB] New best heuristic value for lmcut: 2
[t=0.014937s, 46212 KB] g=18, 770 evaluated, 129 expanded
[t=0.014937s, 46212 KB] New best heuristic value for lmcut: 1
[t=0.014937s, 46212 KB] g=19, 777 evaluated, 130 expanded
[t=0.014937s, 46212 KB] New best heuristic value for lmcut: 0
[t=0.014937s, 46212 KB] g=20, 783 evaluated, 131 expanded
[t=0.0159313s, 46212 KB] Solution found!
[t=0.0159313s, 46212 KB] Actual search time: 0.0129434s
up f0 f3 (1)
board f3 p2 (1)
board f3 p4 (1)
up f3 f5 (1)
board f5 p0 (1)
board f5 p3 (1)
down f5 f0 (1)
depart f0 p3 (1)
depart f0 p2 (1)
up f0 f11 (1)
depart f11 p0 (1)
down f11 f8 (1)
depart f8 p4 (1)
down f8 f6 (1)
board f6 p1 (1)
up f6 f7 (1)
board f7 p5 (1)
depart f7 p1 (1)
down f7 f6 (1)
depart f6 p5 (1)
[t=0.0159313s, 46212 KB] Plan length: 20 step(s).
[t=0.0159313s, 46212 KB] Plan cost: 20
[t=0.0159313s, 46212 KB] Expanded 132 state(s).
[t=0.0159313s, 46212 KB] Reopened 0 state(s).
[t=0.0159313s, 46212 KB] Evaluated 783 state(s).
[t=0.0159313s, 46212 KB] Evaluations: 783
[t=0.0159313s, 46212 KB] Generated 1578 state(s).
[t=0.0159313s, 46212 KB] Dead ends: 0 state(s).
[t=0.0159313s, 46212 KB] Expanded until last jump: 127 state(s).
[t=0.0159313s, 46212 KB] Reopened until last jump: 0 state(s).
[t=0.0159313s, 46212 KB] Evaluated until last jump: 756 state(s).
[t=0.0159313s, 46212 KB] Generated until last jump: 1527 state(s).
[t=0.0159313s, 46212 KB] Number of registered states: 783
[t=0.0159313s, 46212 KB] Int hash set load factor: 783/1024 = 0.764648
[t=0.0159313s, 46212 KB] Int hash set resizes: 10
[t=0.0159313s, 46212 KB] Search time: 0.0129434s
[t=0.0159313s, 46212 KB] Total time: 0.0159313s
Solution found.
Peak memory: 46212 KB
search exit code: 0

