JOBNAME = miconic-s17-0.sas_0
JOBID = 708019
Linux razor-16.dei.unipd.it 5.12.10-300.fc34.x86_64 #1 SMP Thu Jun 10 14:21:36 UTC 2021 x86_64 x86_64 x86_64 GNU/Linux
INFO     Running search (release).
INFO     search stdin: /nfsd/rop/instances/PlanningSAS/miconic-s17-0.sas
INFO     search time limit: 3600s
INFO     search memory limit: None
INFO     search command line string: /home/salvagni/Basel/downward/builds/release/bin/downward --search 'astar(LMcut())' --internal-plan-file sas_plan < /nfsd/rop/instances/PlanningSAS/miconic-s17-0.sas
[t=0s, 45824 KB] reading input...
[t=0.00294238s, 45948 KB] done reading input!
[t=0.00493774s, 46644 KB] Initializing landmark cut heuristic...
[t=0.00493774s, 46644 KB] Building successor generator...done!
[t=0.00493774s, 46768 KB] peak memory difference for successor generator creation: 124 KB
[t=0.00493774s, 46768 KB] time for successor generation creation: 0s
[t=0.00493774s, 46768 KB] Variables: 35
[t=0.00493774s, 46768 KB] FactPairs: 102
[t=0.00493774s, 46768 KB] Bytes per state: 8
[t=0.00493774s, 46768 KB] Conducting best first search with reopening closed nodes, (real) bound = 2147483647
[t=0.00593314s, 46768 KB] New best heuristic value for lmcut: 55
[t=0.00593314s, 46768 KB] g=0, 1 evaluated, 0 expanded
[t=0.00593314s, 46768 KB] f = 55, 1 evaluated, 0 expanded
[t=0.00593314s, 46768 KB] Initial heuristic value for lmcut: 55
[t=0.00593314s, 46768 KB] pruning method: none
[t=0.0178892s, 46768 KB] f = 56, 34 evaluated, 1 expanded
[t=0.0188867s, 46768 KB] New best heuristic value for lmcut: 54
[t=0.0188867s, 46768 KB] g=2, 35 evaluated, 2 expanded
[t=0.0188867s, 46768 KB] New best heuristic value for lmcut: 53
[t=0.0188867s, 46768 KB] g=3, 36 evaluated, 3 expanded
[t=0.0308502s, 46768 KB] New best heuristic value for lmcut: 52
[t=0.0308502s, 46768 KB] g=4, 69 evaluated, 5 expanded
[t=0.0318486s, 46768 KB] New best heuristic value for lmcut: 51
[t=0.0318486s, 46768 KB] g=5, 70 evaluated, 6 expanded
[t=0.0428062s, 46768 KB] New best heuristic value for lmcut: 50
[t=0.0428062s, 46768 KB] g=6, 103 evaluated, 7 expanded
[t=0.0438047s, 46768 KB] New best heuristic value for lmcut: 49
[t=0.0438047s, 46768 KB] g=7, 106 evaluated, 8 expanded
[t=0.0547731s, 46768 KB] New best heuristic value for lmcut: 48
[t=0.0547731s, 46768 KB] g=8, 137 evaluated, 9 expanded
[t=0.0787156s, 46768 KB] New best heuristic value for lmcut: 47
[t=0.0787156s, 46768 KB] g=9, 209 evaluated, 14 expanded
[t=0.0886886s, 46768 KB] New best heuristic value for lmcut: 46
[t=0.0886886s, 46768 KB] g=10, 239 evaluated, 15 expanded
[t=0.111633s, 46768 KB] New best heuristic value for lmcut: 45
[t=0.111633s, 46768 KB] g=11, 312 evaluated, 20 expanded
[t=0.120608s, 46768 KB] New best heuristic value for lmcut: 44
[t=0.120608s, 46768 KB] g=12, 341 evaluated, 21 expanded
[t=0.163506s, 46768 KB] New best heuristic value for lmcut: 43
[t=0.163506s, 46768 KB] g=13, 479 evaluated, 30 expanded
[t=0.174477s, 46768 KB] New best heuristic value for lmcut: 42
[t=0.174477s, 46768 KB] g=14, 516 evaluated, 31 expanded
[t=0.183452s, 46768 KB] New best heuristic value for lmcut: 41
[t=0.183452s, 46768 KB] g=15, 546 evaluated, 32 expanded
[t=0.203403s, 46768 KB] New best heuristic value for lmcut: 40
[t=0.203403s, 46768 KB] g=16, 615 evaluated, 35 expanded
[t=0.270243s, 46768 KB] New best heuristic value for lmcut: 39
[t=0.270243s, 46768 KB] g=17, 852 evaluated, 48 expanded
[t=0.290195s, 46768 KB] New best heuristic value for lmcut: 38
[t=0.290195s, 46768 KB] g=18, 922 evaluated, 51 expanded
[t=0.299166s, 46768 KB] New best heuristic value for lmcut: 37
[t=0.299166s, 46768 KB] g=19, 957 evaluated, 52 expanded
[t=0.300165s, 46768 KB] New best heuristic value for lmcut: 36
[t=0.300165s, 46768 KB] g=20, 961 evaluated, 53 expanded
[t=0.308141s, 46768 KB] New best heuristic value for lmcut: 35
[t=0.308141s, 46768 KB] g=21, 991 evaluated, 54 expanded
[t=0.325097s, 46768 KB] New best heuristic value for lmcut: 34
[t=0.325097s, 46768 KB] g=22, 1060 evaluated, 58 expanded
[t=0.326096s, 46768 KB] New best heuristic value for lmcut: 33
[t=0.326096s, 46768 KB] g=23, 1066 evaluated, 59 expanded
[t=0.333074s, 46768 KB] New best heuristic value for lmcut: 32
[t=0.333074s, 46768 KB] g=24, 1094 evaluated, 61 expanded
[t=0.357011s, 46768 KB] New best heuristic value for lmcut: 31
[t=0.357011s, 46768 KB] g=25, 1197 evaluated, 66 expanded
[t=0.378957s, 46768 KB] New best heuristic value for lmcut: 30
[t=0.378957s, 46768 KB] g=26, 1298 evaluated, 71 expanded
[t=0.401903s, 46768 KB] New best heuristic value for lmcut: 29
[t=0.401903s, 46768 KB] g=27, 1401 evaluated, 76 expanded
[t=0.422847s, 46768 KB] New best heuristic value for lmcut: 28
[t=0.422847s, 46768 KB] g=28, 1502 evaluated, 83 expanded
[t=0.436812s, 46768 KB] New best heuristic value for lmcut: 27
[t=0.436812s, 46768 KB] g=29, 1571 evaluated, 86 expanded
[t=0.437811s, 46768 KB] New best heuristic value for lmcut: 26
[t=0.437811s, 46768 KB] g=30, 1575 evaluated, 87 expanded
[t=0.442796s, 46768 KB] New best heuristic value for lmcut: 25
[t=0.442796s, 46768 KB] g=31, 1605 evaluated, 88 expanded
[t=0.455762s, 46768 KB] New best heuristic value for lmcut: 24
[t=0.455762s, 46768 KB] g=32, 1674 evaluated, 92 expanded
[t=0.491677s, 46768 KB] New best heuristic value for lmcut: 23
[t=0.491677s, 46768 KB] g=33, 1877 evaluated, 101 expanded
[t=0.503644s, 46768 KB] New best heuristic value for lmcut: 22
[t=0.503644s, 46768 KB] g=34, 1946 evaluated, 104 expanded
[t=0.537565s, 46768 KB] New best heuristic value for lmcut: 21
[t=0.537565s, 46768 KB] g=35, 2149 evaluated, 114 expanded
[t=0.548531s, 46768 KB] New best heuristic value for lmcut: 20
[t=0.548531s, 46768 KB] g=36, 2218 evaluated, 117 expanded
[t=0.579459s, 46768 KB] New best heuristic value for lmcut: 19
[t=0.579459s, 46768 KB] g=37, 2421 evaluated, 127 expanded
[t=0.589432s, 46768 KB] New best heuristic value for lmcut: 18
[t=0.589432s, 46768 KB] g=38, 2490 evaluated, 130 expanded
[t=0.608387s, 46768 KB] New best heuristic value for lmcut: 17
[t=0.608387s, 46768 KB] g=39, 2628 evaluated, 135 expanded
[t=0.608387s, 46768 KB] New best heuristic value for lmcut: 16
[t=0.608387s, 46768 KB] g=40, 2632 evaluated, 136 expanded
[t=0.612375s, 46768 KB] New best heuristic value for lmcut: 15
[t=0.612375s, 46768 KB] g=41, 2662 evaluated, 137 expanded
[t=0.620351s, 46768 KB] New best heuristic value for lmcut: 14
[t=0.620351s, 46768 KB] g=42, 2731 evaluated, 140 expanded
[t=0.632318s, 46768 KB] New best heuristic value for lmcut: 13
[t=0.632318s, 46768 KB] g=43, 2832 evaluated, 146 expanded
[t=0.639298s, 46768 KB] New best heuristic value for lmcut: 12
[t=0.639298s, 46768 KB] g=44, 2901 evaluated, 149 expanded
[t=0.650269s, 46768 KB] New best heuristic value for lmcut: 11
[t=0.650269s, 46768 KB] g=45, 3007 evaluated, 155 expanded
[t=0.65326s, 46768 KB] New best heuristic value for lmcut: 10
[t=0.65326s, 46768 KB] g=46, 3037 evaluated, 156 expanded
[t=0.656252s, 46768 KB] New best heuristic value for lmcut: 9
[t=0.656252s, 46768 KB] g=47, 3072 evaluated, 157 expanded
[t=0.656252s, 46768 KB] New best heuristic value for lmcut: 8
[t=0.656252s, 46768 KB] g=48, 3079 evaluated, 158 expanded
[t=0.658244s, 46768 KB] New best heuristic value for lmcut: 7
[t=0.658244s, 46768 KB] g=49, 3106 evaluated, 160 expanded
[t=0.661235s, 46768 KB] New best heuristic value for lmcut: 6
[t=0.661235s, 46768 KB] g=50, 3142 evaluated, 161 expanded
[t=0.663228s, 46768 KB] New best heuristic value for lmcut: 5
[t=0.663228s, 46768 KB] g=51, 3177 evaluated, 162 expanded
[t=0.664226s, 46768 KB] New best heuristic value for lmcut: 4
[t=0.664226s, 46768 KB] g=52, 3192 evaluated, 163 expanded
[t=0.665223s, 46768 KB] New best heuristic value for lmcut: 3
[t=0.665223s, 46768 KB] g=53, 3211 evaluated, 164 expanded
[t=0.666219s, 46768 KB] New best heuristic value for lmcut: 2
[t=0.666219s, 46768 KB] g=54, 3239 evaluated, 165 expanded
[t=0.666219s, 46768 KB] New best heuristic value for lmcut: 1
[t=0.666219s, 46768 KB] g=55, 3245 evaluated, 166 expanded
[t=0.667215s, 46768 KB] New best heuristic value for lmcut: 0
[t=0.667215s, 46768 KB] g=56, 3280 evaluated, 167 expanded
[t=0.667215s, 46768 KB] Solution found!
[t=0.667215s, 46768 KB] Actual search time: 0.661282s
up f0 f1 (1)
board f1 p10 (1)
up f1 f10 (1)
board f10 p16 (1)
down f10 f0 (1)
depart f0 p16 (1)
up f0 f15 (1)
board f15 p2 (1)
down f15 f3 (1)
depart f3 p2 (1)
up f3 f20 (1)
board f20 p3 (1)
board f20 p6 (1)
down f20 f6 (1)
board f6 p9 (1)
up f6 f14 (1)
board f14 p12 (1)
depart f14 p9 (1)
depart f14 p3 (1)
down f14 f8 (1)
board f8 p13 (1)
depart f8 p10 (1)
up f8 f21 (1)
depart f21 p13 (1)
down f21 f9 (1)
board f9 p1 (1)
up f9 f17 (1)
board f17 p15 (1)
depart f17 p1 (1)
up f17 f27 (1)
board f27 p0 (1)
up f27 f28 (1)
board f28 p8 (1)
up f28 f29 (1)
board f29 p7 (1)
down f29 f22 (1)
board f22 p5 (1)
depart f22 p7 (1)
depart f22 p12 (1)
up f22 f30 (1)
depart f30 p8 (1)
up f30 f31 (1)
board f31 p14 (1)
depart f31 p5 (1)
down f31 f11 (1)
board f11 p4 (1)
depart f11 p14 (1)
up f11 f19 (1)
board f19 p11 (1)
depart f19 p6 (1)
depart f19 p4 (1)
down f19 f5 (1)
depart f5 p11 (1)
up f5 f32 (1)
depart f32 p15 (1)
depart f32 p0 (1)
[t=0.667215s, 46768 KB] Plan length: 56 step(s).
[t=0.667215s, 46768 KB] Plan cost: 56
[t=0.667215s, 46768 KB] Expanded 168 state(s).
[t=0.667215s, 46768 KB] Reopened 0 state(s).
[t=0.667215s, 46768 KB] Evaluated 3280 state(s).
[t=0.667215s, 46768 KB] Evaluations: 3280
[t=0.667215s, 46768 KB] Generated 5712 state(s).
[t=0.667215s, 46768 KB] Dead ends: 0 state(s).
[t=0.667215s, 46768 KB] Expanded until last jump: 1 state(s).
[t=0.667215s, 46768 KB] Reopened until last jump: 0 state(s).
[t=0.667215s, 46768 KB] Evaluated until last jump: 34 state(s).
[t=0.667215s, 46768 KB] Generated until last jump: 33 state(s).
[t=0.667215s, 46768 KB] Number of registered states: 3280
[t=0.667215s, 46768 KB] Int hash set load factor: 3280/4096 = 0.800781
[t=0.667215s, 46768 KB] Int hash set resizes: 12
[t=0.667215s, 46768 KB] Search time: 0.662278s
[t=0.667215s, 46768 KB] Total time: 0.667215s
Solution found.
Peak memory: 46768 KB
search exit code: 0

