JOBNAME = miconic-s29-3.sas_0
JOBID = 708087
Linux razor-14.dei.unipd.it 5.12.10-300.fc34.x86_64 #1 SMP Thu Jun 10 14:21:36 UTC 2021 x86_64 x86_64 x86_64 GNU/Linux
INFO     Running search (release).
INFO     search stdin: /nfsd/rop/instances/PlanningSAS/miconic-s29-3.sas
INFO     search time limit: 3600s
INFO     search memory limit: None
INFO     search command line string: /home/salvagni/Basel/downward/builds/release/bin/downward --search 'astar(LMcut())' --internal-plan-file sas_plan < /nfsd/rop/instances/PlanningSAS/miconic-s29-3.sas
[t=0s, 45824 KB] reading input...
[t=0.00797208s, 46396 KB] done reading input!
[t=0.0109592s, 47348 KB] Initializing landmark cut heuristic...
[t=0.0109592s, 47348 KB] Building successor generator...done!
[t=0.0109592s, 47664 KB] peak memory difference for successor generator creation: 316 KB
[t=0.0109592s, 47664 KB] time for successor generation creation: 0s
[t=0.0119551s, 47664 KB] Variables: 59
[t=0.0119551s, 47664 KB] FactPairs: 174
[t=0.0119551s, 47664 KB] Bytes per state: 8
[t=0.0119551s, 47664 KB] Conducting best first search with reopening closed nodes, (real) bound = 2147483647
[t=0.0139408s, 47664 KB] New best heuristic value for lmcut: 96
[t=0.0139408s, 47664 KB] g=0, 1 evaluated, 0 expanded
[t=0.0139408s, 47664 KB] f = 96, 1 evaluated, 0 expanded
[t=0.0139408s, 47664 KB] Initial heuristic value for lmcut: 96
[t=0.0139408s, 47664 KB] pruning method: none
[t=0.133667s, 47664 KB] f = 97, 58 evaluated, 1 expanded
[t=0.135661s, 47664 KB] New best heuristic value for lmcut: 95
[t=0.135661s, 47664 KB] g=2, 59 evaluated, 2 expanded
[t=0.137654s, 47664 KB] New best heuristic value for lmcut: 94
[t=0.137654s, 47664 KB] g=3, 60 evaluated, 3 expanded
[t=0.25441s, 47664 KB] New best heuristic value for lmcut: 93
[t=0.25441s, 47664 KB] g=4, 117 evaluated, 5 expanded
[t=0.258398s, 47664 KB] New best heuristic value for lmcut: 92
[t=0.258398s, 47664 KB] g=5, 119 evaluated, 6 expanded
[t=1.07478s, 47664 KB] New best heuristic value for lmcut: 91
[t=1.07478s, 47664 KB] g=6, 523 evaluated, 18 expanded
[t=1.07877s, 47664 KB] New best heuristic value for lmcut: 90
[t=1.07877s, 47664 KB] g=7, 525 evaluated, 19 expanded
[t=1.99384s, 47664 KB] New best heuristic value for lmcut: 89
[t=1.99384s, 47664 KB] g=8, 987 evaluated, 33 expanded
[t=1.99782s, 47664 KB] New best heuristic value for lmcut: 88
[t=1.99782s, 47664 KB] g=9, 989 evaluated, 34 expanded
[t=2.1056s, 47664 KB] New best heuristic value for lmcut: 87
[t=2.1056s, 47664 KB] g=10, 1045 evaluated, 35 expanded
[t=2.10959s, 47664 KB] New best heuristic value for lmcut: 86
[t=2.10959s, 47664 KB] g=11, 1047 evaluated, 36 expanded
[t=2.87607s, 47664 KB] New best heuristic value for lmcut: 85
[t=2.87607s, 47664 KB] g=12, 1451 evaluated, 48 expanded
[t=2.87906s, 47664 KB] New best heuristic value for lmcut: 84
[t=2.87906s, 47664 KB] g=13, 1453 evaluated, 49 expanded
[t=3.84313s, 47664 KB] New best heuristic value for lmcut: 83
[t=3.84313s, 47664 KB] g=14, 1973 evaluated, 67 expanded
[t=4.05758s, 47664 KB] New best heuristic value for lmcut: 82
[t=4.05758s, 47664 KB] g=15, 2091 evaluated, 72 expanded
[t=4.78911s, 47664 KB] New best heuristic value for lmcut: 81
[t=4.78911s, 47664 KB] g=16, 2495 evaluated, 86 expanded
[t=4.7931s, 47664 KB] New best heuristic value for lmcut: 80
[t=4.7931s, 47664 KB] g=17, 2497 evaluated, 87 expanded
[t=5.71324s, 47664 KB] New best heuristic value for lmcut: 79
[t=5.71324s, 47664 KB] g=18, 3017 evaluated, 107 expanded
[t=5.71723s, 47664 KB] New best heuristic value for lmcut: 78
[t=5.71723s, 47664 KB] g=19, 3019 evaluated, 108 expanded
[t=6.61426s, 47664 KB] New best heuristic value for lmcut: 77
[t=6.61426s, 47664 KB] g=20, 3539 evaluated, 128 expanded
[t=6.61725s, 47664 KB] New best heuristic value for lmcut: 76
[t=6.61725s, 47664 KB] g=21, 3541 evaluated, 129 expanded
[t=7.79388s, 47664 KB] New best heuristic value for lmcut: 75
[t=7.79388s, 47664 KB] g=22, 4239 evaluated, 153 expanded
[t=7.88469s, 47664 KB] New best heuristic value for lmcut: 74
[t=7.88469s, 47664 KB] g=23, 4294 evaluated, 154 expanded
[t=7.88768s, 47664 KB] New best heuristic value for lmcut: 73
[t=7.88768s, 47664 KB] g=24, 4296 evaluated, 155 expanded
[t=8.45542s, 47664 KB] New best heuristic value for lmcut: 72
[t=8.45542s, 47664 KB] g=25, 4646 evaluated, 164 expanded
[t=8.54224s, 47664 KB] New best heuristic value for lmcut: 71
[t=8.54323s, 47664 KB] g=26, 4701 evaluated, 165 expanded
[t=8.54622s, 47664 KB] New best heuristic value for lmcut: 70
[t=8.54622s, 47664 KB] g=27, 4703 evaluated, 166 expanded
[t=8.91048s, 47664 KB] New best heuristic value for lmcut: 69
[t=8.91048s, 47664 KB] g=28, 4937 evaluated, 171 expanded
[t=8.9943s, 47664 KB] New best heuristic value for lmcut: 68
[t=8.9943s, 47664 KB] g=29, 4992 evaluated, 172 expanded
[t=8.99829s, 47664 KB] New best heuristic value for lmcut: 67
[t=8.99829s, 47664 KB] g=30, 4995 evaluated, 173 expanded
[t=9.17092s, 47664 KB] New best heuristic value for lmcut: 66
[t=9.17092s, 47664 KB] g=31, 5111 evaluated, 174 expanded
[t=9.17591s, 47664 KB] New best heuristic value for lmcut: 65
[t=9.17591s, 47664 KB] g=32, 5114 evaluated, 175 expanded
[t=9.25474s, 47664 KB] New best heuristic value for lmcut: 64
[t=9.25474s, 47664 KB] g=33, 5169 evaluated, 177 expanded
[t=9.42339s, 47664 KB] New best heuristic value for lmcut: 63
[t=9.42339s, 47664 KB] g=34, 5288 evaluated, 182 expanded
[t=9.50022s, 47664 KB] New best heuristic value for lmcut: 62
[t=9.50022s, 47664 KB] g=35, 5343 evaluated, 184 expanded
[t=9.74571s, 47664 KB] New best heuristic value for lmcut: 61
[t=9.74571s, 47664 KB] g=36, 5522 evaluated, 192 expanded
[t=9.81755s, 47664 KB] New best heuristic value for lmcut: 60
[t=9.81755s, 47664 KB] g=37, 5575 evaluated, 193 expanded
[t=10.0514s, 47664 KB] New best heuristic value for lmcut: 59
[t=10.0514s, 47664 KB] g=38, 5751 evaluated, 203 expanded
[t=10.4395s, 47664 KB] New best heuristic value for lmcut: 58
[t=10.4395s, 47664 KB] g=39, 6044 evaluated, 208 expanded
[t=10.5154s, 47664 KB] New best heuristic value for lmcut: 57
[t=10.5164s, 47664 KB] g=40, 6103 evaluated, 209 expanded
[t=10.5223s, 47664 KB] New best heuristic value for lmcut: 56
[t=10.5223s, 47664 KB] g=41, 6108 evaluated, 210 expanded
[t=10.5882s, 47664 KB] New best heuristic value for lmcut: 55
[t=10.5882s, 47664 KB] g=42, 6161 evaluated, 211 expanded
[t=10.662s, 47664 KB] New best heuristic value for lmcut: 54
[t=10.662s, 47664 KB] g=43, 6221 evaluated, 217 expanded
[t=11.2258s, 47664 KB] New best heuristic value for lmcut: 53
[t=11.2258s, 47664 KB] g=44, 6683 evaluated, 231 expanded
[t=11.2977s, 47664 KB] New best heuristic value for lmcut: 52
[t=11.2977s, 47664 KB] g=45, 6743 evaluated, 237 expanded
[t=11.8415s, 47664 KB] New best heuristic value for lmcut: 51
[t=11.8415s, 47664 KB] g=46, 7205 evaluated, 251 expanded
[t=11.9094s, 47664 KB] New best heuristic value for lmcut: 50
[t=11.9094s, 47664 KB] g=47, 7265 evaluated, 257 expanded
[t=12.4341s, 47664 KB] New best heuristic value for lmcut: 49
[t=12.4341s, 47664 KB] g=48, 7727 evaluated, 271 expanded
[t=12.501s, 47664 KB] New best heuristic value for lmcut: 48
[t=12.501s, 47664 KB] g=49, 7787 evaluated, 277 expanded
[t=13.0069s, 47664 KB] New best heuristic value for lmcut: 47
[t=13.0069s, 47664 KB] g=50, 8249 evaluated, 291 expanded
[t=13.0707s, 47664 KB] New best heuristic value for lmcut: 46
[t=13.0707s, 47664 KB] g=51, 8310 evaluated, 297 expanded
[t=13.1925s, 47664 KB] New best heuristic value for lmcut: 45
[t=13.1925s, 47664 KB] g=52, 8426 evaluated, 298 expanded
[t=13.1975s, 47664 KB] New best heuristic value for lmcut: 44
[t=13.1975s, 47664 KB] g=53, 8431 evaluated, 299 expanded
[t=13.2503s, 47664 KB] New best heuristic value for lmcut: 43
[t=13.2503s, 47664 KB] g=54, 8484 evaluated, 300 expanded
[t=13.3112s, 47664 KB] New best heuristic value for lmcut: 42
[t=13.3112s, 47664 KB] g=55, 8547 evaluated, 303 expanded
[t=13.3621s, 47664 KB] New best heuristic value for lmcut: 41
[t=13.3621s, 47664 KB] g=56, 8600 evaluated, 304 expanded
[t=13.4708s, 47664 KB] New best heuristic value for lmcut: 40
[t=13.4708s, 47664 KB] g=57, 8717 evaluated, 308 expanded
[t=13.4728s, 47664 KB] New best heuristic value for lmcut: 39
[t=13.4738s, 47664 KB] g=58, 8720 evaluated, 309 expanded
[t=13.5217s, 47664 KB] New best heuristic value for lmcut: 38
[t=13.5227s, 47664 KB] g=59, 8775 evaluated, 310 expanded
[t=13.7273s, 47664 KB] New best heuristic value for lmcut: 37
[t=13.7273s, 47664 KB] g=60, 9012 evaluated, 321 expanded
[t=13.7722s, 47664 KB] New best heuristic value for lmcut: 36
[t=13.7722s, 47664 KB] g=61, 9065 evaluated, 322 expanded
[t=13.9646s, 47664 KB] New best heuristic value for lmcut: 35
[t=13.9646s, 47664 KB] g=62, 9298 evaluated, 331 expanded
[t=13.9686s, 47664 KB] New best heuristic value for lmcut: 34
[t=13.9686s, 47664 KB] g=63, 9303 evaluated, 332 expanded
[t=14.0105s, 47664 KB] New best heuristic value for lmcut: 33
[t=14.0105s, 47664 KB] g=64, 9356 evaluated, 333 expanded
[t=14.191s, 47664 KB] New best heuristic value for lmcut: 32
[t=14.191s, 47664 KB] g=65, 9593 evaluated, 344 expanded
[t=14.2299s, 47664 KB] New best heuristic value for lmcut: 31
[t=14.2299s, 47664 KB] g=66, 9646 evaluated, 345 expanded
[t=14.2728s, 47664 KB] New best heuristic value for lmcut: 30
[t=14.2728s, 47664 KB] g=67, 9705 evaluated, 346 expanded
[t=14.2758s, 47664 KB] New best heuristic value for lmcut: 29
[t=14.2758s, 47664 KB] g=68, 9710 evaluated, 347 expanded
[t=14.3117s, 47800 KB] New best heuristic value for lmcut: 28
[t=14.3117s, 47800 KB] g=69, 9763 evaluated, 348 expanded
[t=14.3885s, 47800 KB] New best heuristic value for lmcut: 27
[t=14.3885s, 47800 KB] g=70, 9880 evaluated, 351 expanded
[t=14.3905s, 47800 KB] New best heuristic value for lmcut: 26
[t=14.3905s, 47800 KB] g=71, 9883 evaluated, 352 expanded
[t=14.4244s, 47800 KB] New best heuristic value for lmcut: 25
[t=14.4244s, 47800 KB] g=72, 9938 evaluated, 353 expanded
[t=14.4593s, 47800 KB] New best heuristic value for lmcut: 24
[t=14.4593s, 47800 KB] g=73, 9997 evaluated, 354 expanded
[t=14.4663s, 47800 KB] New best heuristic value for lmcut: 23
[t=14.4663s, 47800 KB] g=74, 10010 evaluated, 355 expanded
[t=14.4913s, 47800 KB] New best heuristic value for lmcut: 22
[t=14.4913s, 47800 KB] g=75, 10055 evaluated, 357 expanded
[t=14.5292s, 47800 KB] New best heuristic value for lmcut: 21
[t=14.5292s, 47800 KB] g=76, 10127 evaluated, 361 expanded
[t=14.5511s, 47800 KB] New best heuristic value for lmcut: 20
[t=14.5511s, 47800 KB] g=77, 10171 evaluated, 362 expanded
[t=14.5651s, 47800 KB] New best heuristic value for lmcut: 19
[t=14.5651s, 47800 KB] g=78, 10201 evaluated, 363 expanded
[t=14.5781s, 47800 KB] New best heuristic value for lmcut: 18
[t=14.5781s, 47800 KB] g=79, 10229 evaluated, 364 expanded
[t=14.615s, 47800 KB] New best heuristic value for lmcut: 17
[t=14.615s, 47800 KB] g=80, 10312 evaluated, 368 expanded
[t=14.6289s, 47800 KB] New best heuristic value for lmcut: 16
[t=14.6289s, 47800 KB] g=81, 10345 evaluated, 369 expanded
[t=14.6618s, 47800 KB] New best heuristic value for lmcut: 15
[t=14.6618s, 47800 KB] g=82, 10428 evaluated, 373 expanded
[t=14.6738s, 47800 KB] New best heuristic value for lmcut: 14
[t=14.6738s, 47800 KB] g=83, 10461 evaluated, 374 expanded
[t=14.7247s, 47800 KB] New best heuristic value for lmcut: 13
[t=14.7247s, 47800 KB] g=84, 10602 evaluated, 379 expanded
[t=14.7357s, 47800 KB] New best heuristic value for lmcut: 12
[t=14.7357s, 47800 KB] g=85, 10635 evaluated, 380 expanded
[t=14.7905s, 47800 KB] New best heuristic value for lmcut: 11
[t=14.7905s, 47800 KB] g=86, 10810 evaluated, 385 expanded
[t=14.7975s, 47800 KB] New best heuristic value for lmcut: 10
[t=14.7975s, 47800 KB] g=87, 10835 evaluated, 386 expanded
[t=14.8065s, 47800 KB] New best heuristic value for lmcut: 9
[t=14.8075s, 47800 KB] g=88, 10868 evaluated, 387 expanded
[t=14.8514s, 47800 KB] New best heuristic value for lmcut: 8
[t=14.8514s, 47800 KB] g=89, 11043 evaluated, 392 expanded
[t=14.8564s, 47800 KB] New best heuristic value for lmcut: 7
[t=14.8564s, 47800 KB] g=90, 11068 evaluated, 393 expanded
[t=14.8633s, 47800 KB] New best heuristic value for lmcut: 6
[t=14.8633s, 47800 KB] g=91, 11101 evaluated, 394 expanded
[t=14.8903s, 47800 KB] New best heuristic value for lmcut: 5
[t=14.8903s, 47800 KB] g=92, 11242 evaluated, 399 expanded
[t=14.8963s, 47800 KB] New best heuristic value for lmcut: 4
[t=14.8963s, 47800 KB] g=93, 11275 evaluated, 400 expanded
[t=14.9042s, 47800 KB] New best heuristic value for lmcut: 3
[t=14.9042s, 47800 KB] g=94, 11334 evaluated, 401 expanded
[t=14.9082s, 47800 KB] New best heuristic value for lmcut: 2
[t=14.9082s, 47800 KB] g=95, 11365 evaluated, 402 expanded
[t=14.9112s, 47800 KB] New best heuristic value for lmcut: 1
[t=14.9112s, 47800 KB] g=96, 11392 evaluated, 403 expanded
[t=14.9162s, 47800 KB] New best heuristic value for lmcut: 0
[t=14.9162s, 47800 KB] g=97, 11451 evaluated, 404 expanded
[t=14.9162s, 47800 KB] Solution found!
[t=14.9162s, 47800 KB] Actual search time: 14.9023s
up f0 f1 (1)
board f1 p15 (1)
up f1 f15 (1)
board f15 p23 (1)
down f15 f5 (1)
board f5 p5 (1)
down f5 f0 (1)
depart f0 p5 (1)
up f0 f17 (1)
board f17 p14 (1)
down f17 f7 (1)
board f7 p27 (1)
up f7 f24 (1)
board f24 p11 (1)
up f24 f25 (1)
board f25 p24 (1)
up f25 f26 (1)
board f26 p1 (1)
up f26 f28 (1)
board f28 p17 (1)
board f28 p26 (1)
down f28 f14 (1)
board f14 p28 (1)
depart f14 p17 (1)
down f14 f11 (1)
board f11 p2 (1)
depart f11 p28 (1)
down f11 f10 (1)
board f10 p16 (1)
board f10 p19 (1)
depart f10 p2 (1)
down f10 f8 (1)
depart f8 p26 (1)
up f8 f19 (1)
depart f19 p16 (1)
up f19 f29 (1)
board f29 p18 (1)
board f29 p21 (1)
depart f29 p23 (1)
depart f29 p19 (1)
up f29 f34 (1)
board f34 p6 (1)
up f34 f35 (1)
depart f35 p14 (1)
up f35 f37 (1)
depart f37 p1 (1)
up f37 f38 (1)
board f38 p7 (1)
down f38 f27 (1)
board f27 p20 (1)
board f27 p3 (1)
depart f27 p7 (1)
down f27 f16 (1)
depart f16 p20 (1)
down f16 f4 (1)
board f4 p13 (1)
depart f4 p3 (1)
up f4 f39 (1)
board f39 p0 (1)
down f39 f33 (1)
depart f33 p27 (1)
depart f33 p0 (1)
up f33 f40 (1)
board f40 p9 (1)
down f40 f12 (1)
board f12 p12 (1)
depart f12 p9 (1)
down f12 f6 (1)
board f6 p22 (1)
depart f6 p12 (1)
down f6 f2 (1)
depart f2 p22 (1)
depart f2 p13 (1)
up f2 f41 (1)
board f41 p25 (1)
down f41 f20 (1)
depart f20 p25 (1)
up f20 f45 (1)
depart f45 p11 (1)
up f45 f52 (1)
board f52 p10 (1)
up f52 f53 (1)
depart f53 p21 (1)
up f53 f55 (1)
depart f55 p24 (1)
depart f55 p18 (1)
up f55 f56 (1)
depart f56 p6 (1)
depart f56 p15 (1)
up f56 f57 (1)
board f57 p4 (1)
down f57 f30 (1)
board f30 p8 (1)
depart f30 p4 (1)
up f30 f31 (1)
depart f31 p8 (1)
depart f31 p10 (1)
[t=14.9162s, 47800 KB] Plan length: 97 step(s).
[t=14.9162s, 47800 KB] Plan cost: 97
[t=14.9162s, 47800 KB] Expanded 405 state(s).
[t=14.9162s, 47800 KB] Reopened 0 state(s).
[t=14.9162s, 47800 KB] Evaluated 11451 state(s).
[t=14.9162s, 47800 KB] Evaluations: 11451
[t=14.9162s, 47800 KB] Generated 23454 state(s).
[t=14.9162s, 47800 KB] Dead ends: 0 state(s).
[t=14.9162s, 47800 KB] Expanded until last jump: 1 state(s).
[t=14.9162s, 47800 KB] Reopened until last jump: 0 state(s).
[t=14.9162s, 47800 KB] Evaluated until last jump: 58 state(s).
[t=14.9162s, 47800 KB] Generated until last jump: 57 state(s).
[t=14.9162s, 47800 KB] Number of registered states: 11451
[t=14.9162s, 47800 KB] Int hash set load factor: 11451/16384 = 0.698914
[t=14.9162s, 47800 KB] Int hash set resizes: 14
[t=14.9162s, 47800 KB] Search time: 14.9042s
[t=14.9162s, 47800 KB] Total time: 14.9162s
Solution found.
Peak memory: 47800 KB
search exit code: 0

