JOBNAME = miconic-s13-4.sas_0
JOBID = 708001
Linux razor-16.dei.unipd.it 5.12.10-300.fc34.x86_64 #1 SMP Thu Jun 10 14:21:36 UTC 2021 x86_64 x86_64 x86_64 GNU/Linux
INFO     Running search (release).
INFO     search stdin: /nfsd/rop/instances/PlanningSAS/miconic-s13-4.sas
INFO     search time limit: 3600s
INFO     search memory limit: None
INFO     search command line string: /home/salvagni/Basel/downward/builds/release/bin/downward --search 'astar(LMcut())' --internal-plan-file sas_plan < /nfsd/rop/instances/PlanningSAS/miconic-s13-4.sas
[t=0s, 45824 KB] reading input...
[t=0.000996361s, 45948 KB] done reading input!
[t=0.00298608s, 46352 KB] Initializing landmark cut heuristic...
[t=0.00298608s, 46352 KB] Building successor generator...done!
[t=0.00298608s, 46492 KB] peak memory difference for successor generator creation: 140 KB
[t=0.00298608s, 46492 KB] time for successor generation creation: 0s
[t=0.00298608s, 46492 KB] Variables: 27
[t=0.00298608s, 46492 KB] FactPairs: 78
[t=0.00298608s, 46492 KB] Bytes per state: 4
[t=0.00298608s, 46492 KB] Conducting best first search with reopening closed nodes, (real) bound = 2147483647
[t=0.00398159s, 46492 KB] New best heuristic value for lmcut: 41
[t=0.00398159s, 46492 KB] g=0, 1 evaluated, 0 expanded
[t=0.00398159s, 46492 KB] f = 41, 1 evaluated, 0 expanded
[t=0.00398159s, 46492 KB] Initial heuristic value for lmcut: 41
[t=0.00398159s, 46492 KB] pruning method: none
[t=0.00398159s, 46492 KB] New best heuristic value for lmcut: 40
[t=0.00398159s, 46492 KB] g=1, 2 evaluated, 1 expanded
[t=0.00896694s, 46492 KB] New best heuristic value for lmcut: 39
[t=0.00896694s, 46492 KB] g=2, 29 evaluated, 2 expanded
[t=0.0129564s, 46492 KB] New best heuristic value for lmcut: 38
[t=0.0129564s, 46492 KB] g=3, 53 evaluated, 3 expanded
[t=0.0129564s, 46492 KB] New best heuristic value for lmcut: 37
[t=0.0129564s, 46492 KB] g=4, 56 evaluated, 4 expanded
[t=0.0179306s, 46492 KB] New best heuristic value for lmcut: 36
[t=0.0179306s, 46492 KB] g=5, 83 evaluated, 5 expanded
[t=0.0219157s, 46492 KB] New best heuristic value for lmcut: 35
[t=0.0219157s, 46492 KB] g=6, 111 evaluated, 6 expanded
[t=0.0249061s, 46492 KB] New best heuristic value for lmcut: 34
[t=0.0249061s, 46492 KB] g=7, 134 evaluated, 8 expanded
[t=0.0259039s, 46492 KB] New best heuristic value for lmcut: 33
[t=0.0259039s, 46492 KB] g=8, 137 evaluated, 9 expanded
[t=0.0288891s, 46492 KB] New best heuristic value for lmcut: 32
[t=0.0288891s, 46492 KB] g=9, 160 evaluated, 10 expanded
[t=0.0338747s, 46492 KB] New best heuristic value for lmcut: 31
[t=0.0338747s, 46492 KB] g=10, 191 evaluated, 13 expanded
[t=0.0358596s, 46492 KB] New best heuristic value for lmcut: 30
[t=0.0358596s, 46492 KB] g=11, 212 evaluated, 14 expanded
[t=0.0438288s, 46492 KB] New best heuristic value for lmcut: 29
[t=0.0438288s, 46492 KB] g=12, 267 evaluated, 19 expanded
[t=0.0458196s, 46492 KB] New best heuristic value for lmcut: 28
[t=0.0468176s, 46492 KB] g=13, 290 evaluated, 20 expanded
[t=0.0597836s, 46492 KB] New best heuristic value for lmcut: 27
[t=0.0607819s, 46492 KB] g=14, 404 evaluated, 29 expanded
[t=0.0617771s, 46492 KB] New best heuristic value for lmcut: 26
[t=0.0617771s, 46492 KB] g=15, 420 evaluated, 30 expanded
[t=0.0657643s, 46492 KB] New best heuristic value for lmcut: 25
[t=0.0657643s, 46492 KB] g=16, 447 evaluated, 31 expanded
[t=0.066762s, 46492 KB] New best heuristic value for lmcut: 24
[t=0.066762s, 46492 KB] g=17, 457 evaluated, 32 expanded
[t=0.0677585s, 46492 KB] New best heuristic value for lmcut: 23
[t=0.0687551s, 46492 KB] g=18, 473 evaluated, 33 expanded
[t=0.0737404s, 46492 KB] New best heuristic value for lmcut: 22
[t=0.0737404s, 46492 KB] g=19, 528 evaluated, 38 expanded
[t=0.0767311s, 46492 KB] New best heuristic value for lmcut: 21
[t=0.0767311s, 46492 KB] g=20, 551 evaluated, 39 expanded
[t=0.0837118s, 46492 KB] New best heuristic value for lmcut: 20
[t=0.0837118s, 46492 KB] g=21, 630 evaluated, 44 expanded
[t=0.0847106s, 46492 KB] New best heuristic value for lmcut: 19
[t=0.0847106s, 46492 KB] g=22, 642 evaluated, 45 expanded
[t=0.0867007s, 46492 KB] New best heuristic value for lmcut: 18
[t=0.0867007s, 46492 KB] g=23, 656 evaluated, 46 expanded
[t=0.0926835s, 46492 KB] New best heuristic value for lmcut: 17
[t=0.0926835s, 46492 KB] g=24, 735 evaluated, 51 expanded
[t=0.0936823s, 46492 KB] New best heuristic value for lmcut: 16
[t=0.0936823s, 46492 KB] g=25, 738 evaluated, 52 expanded
[t=0.094679s, 46492 KB] New best heuristic value for lmcut: 15
[t=0.094679s, 46492 KB] g=26, 761 evaluated, 53 expanded
[t=0.096669s, 46492 KB] New best heuristic value for lmcut: 14
[t=0.096669s, 46492 KB] g=27, 788 evaluated, 54 expanded
[t=0.0976668s, 46492 KB] New best heuristic value for lmcut: 13
[t=0.0976668s, 46492 KB] g=28, 803 evaluated, 55 expanded
[t=0.0986603s, 46492 KB] New best heuristic value for lmcut: 12
[t=0.0986603s, 46492 KB] g=29, 814 evaluated, 57 expanded
[t=0.099657s, 46492 KB] New best heuristic value for lmcut: 11
[t=0.099657s, 46492 KB] g=30, 830 evaluated, 58 expanded
[t=0.100653s, 46492 KB] New best heuristic value for lmcut: 10
[t=0.100653s, 46492 KB] g=31, 840 evaluated, 60 expanded
[t=0.103643s, 46492 KB] New best heuristic value for lmcut: 9
[t=0.103643s, 46492 KB] g=32, 895 evaluated, 65 expanded
[t=0.105636s, 46492 KB] New best heuristic value for lmcut: 8
[t=0.105636s, 46492 KB] g=33, 947 evaluated, 66 expanded
[t=0.105636s, 46492 KB] New best heuristic value for lmcut: 7
[t=0.105636s, 46492 KB] g=34, 952 evaluated, 67 expanded
[t=0.106634s, 46492 KB] New best heuristic value for lmcut: 6
[t=0.106634s, 46492 KB] g=35, 973 evaluated, 68 expanded
[t=0.10763s, 46492 KB] New best heuristic value for lmcut: 5
[t=0.10763s, 46492 KB] g=36, 1000 evaluated, 69 expanded
[t=0.108625s, 46492 KB] New best heuristic value for lmcut: 4
[t=0.108625s, 46492 KB] g=37, 1017 evaluated, 70 expanded
[t=0.108625s, 46492 KB] New best heuristic value for lmcut: 3
[t=0.108625s, 46492 KB] g=38, 1026 evaluated, 71 expanded
[t=0.109622s, 46492 KB] New best heuristic value for lmcut: 2
[t=0.109622s, 46492 KB] g=39, 1047 evaluated, 72 expanded
[t=0.109622s, 46492 KB] New best heuristic value for lmcut: 1
[t=0.109622s, 46492 KB] g=40, 1052 evaluated, 73 expanded
[t=0.109622s, 46492 KB] New best heuristic value for lmcut: 0
[t=0.109622s, 46492 KB] g=41, 1079 evaluated, 74 expanded
[t=0.109622s, 46492 KB] Solution found!
[t=0.109622s, 46492 KB] Actual search time: 0.106637s
board f0 p5 (1)
up f0 f10 (1)
board f10 p11 (1)
board f10 p2 (1)
board f10 p3 (1)
down f10 f3 (1)
board f3 p12 (1)
up f3 f12 (1)
depart f12 p5 (1)
down f12 f5 (1)
board f5 p0 (1)
up f5 f21 (1)
board f21 p9 (1)
down f21 f17 (1)
board f17 p4 (1)
depart f17 p9 (1)
down f17 f6 (1)
board f6 p10 (1)
up f6 f19 (1)
depart f19 p4 (1)
depart f19 p3 (1)
down f19 f7 (1)
board f7 p8 (1)
depart f7 p0 (1)
down f7 f2 (1)
depart f2 p8 (1)
depart f2 p12 (1)
up f2 f24 (1)
depart f24 p11 (1)
down f24 f9 (1)
board f9 p6 (1)
board f9 p7 (1)
depart f9 p10 (1)
down f9 f4 (1)
board f4 p1 (1)
depart f4 p7 (1)
up f4 f22 (1)
depart f22 p6 (1)
down f22 f8 (1)
depart f8 p2 (1)
depart f8 p1 (1)
[t=0.110618s, 46492 KB] Plan length: 41 step(s).
[t=0.110618s, 46492 KB] Plan cost: 41
[t=0.110618s, 46492 KB] Expanded 75 state(s).
[t=0.110618s, 46492 KB] Reopened 0 state(s).
[t=0.110618s, 46492 KB] Evaluated 1079 state(s).
[t=0.110618s, 46492 KB] Evaluations: 1079
[t=0.110618s, 46492 KB] Generated 1932 state(s).
[t=0.110618s, 46492 KB] Dead ends: 0 state(s).
[t=0.110618s, 46492 KB] Expanded until last jump: 0 state(s).
[t=0.110618s, 46492 KB] Reopened until last jump: 0 state(s).
[t=0.110618s, 46492 KB] Evaluated until last jump: 1 state(s).
[t=0.110618s, 46492 KB] Generated until last jump: 0 state(s).
[t=0.110618s, 46492 KB] Number of registered states: 1079
[t=0.110618s, 46492 KB] Int hash set load factor: 1079/2048 = 0.526855
[t=0.110618s, 46492 KB] Int hash set resizes: 11
[t=0.110618s, 46492 KB] Search time: 0.107632s
[t=0.110618s, 46492 KB] Total time: 0.110618s
Solution found.
Peak memory: 46492 KB
search exit code: 0

