JOBNAME = miconic-s6-2.sas_0
JOBID = 708111
Linux razor-14.dei.unipd.it 5.12.10-300.fc34.x86_64 #1 SMP Thu Jun 10 14:21:36 UTC 2021 x86_64 x86_64 x86_64 GNU/Linux
INFO     Running search (release).
INFO     search stdin: /nfsd/rop/instances/PlanningSAS/miconic-s6-2.sas
INFO     search time limit: 3600s
INFO     search memory limit: None
INFO     search command line string: /home/salvagni/Basel/downward/builds/release/bin/downward --search 'astar(LMcut())' --internal-plan-file sas_plan < /nfsd/rop/instances/PlanningSAS/miconic-s6-2.sas
[t=0.00099629s, 45824 KB] reading input...
[t=0.00099629s, 45824 KB] done reading input!
[t=0.0019896s, 46212 KB] Initializing landmark cut heuristic...
[t=0.0019896s, 46212 KB] Building successor generator...done!
[t=0.0029826s, 46212 KB] peak memory difference for successor generator creation: 0 KB
[t=0.0029826s, 46212 KB] time for successor generation creation: 0s
[t=0.0029826s, 46212 KB] Variables: 13
[t=0.0029826s, 46212 KB] FactPairs: 36
[t=0.0029826s, 46212 KB] Bytes per state: 4
[t=0.0029826s, 46212 KB] Conducting best first search with reopening closed nodes, (real) bound = 2147483647
[t=0.0029826s, 46212 KB] New best heuristic value for lmcut: 19
[t=0.0029826s, 46212 KB] g=0, 1 evaluated, 0 expanded
[t=0.0029826s, 46212 KB] f = 19, 1 evaluated, 0 expanded
[t=0.0029826s, 46212 KB] Initial heuristic value for lmcut: 19
[t=0.0029826s, 46212 KB] pruning method: none
[t=0.0029826s, 46212 KB] f = 20, 12 evaluated, 1 expanded
[t=0.0029826s, 46212 KB] New best heuristic value for lmcut: 18
[t=0.0029826s, 46212 KB] g=2, 13 evaluated, 2 expanded
[t=0.0029826s, 46212 KB] New best heuristic value for lmcut: 17
[t=0.0029826s, 46212 KB] g=3, 14 evaluated, 3 expanded
[t=0.00397696s, 46212 KB] New best heuristic value for lmcut: 16
[t=0.00397696s, 46212 KB] g=4, 25 evaluated, 5 expanded
[t=0.00397696s, 46212 KB] New best heuristic value for lmcut: 15
[t=0.00397696s, 46212 KB] g=5, 38 evaluated, 8 expanded
[t=0.00397696s, 46212 KB] New best heuristic value for lmcut: 14
[t=0.00397696s, 46212 KB] g=6, 49 evaluated, 10 expanded
[t=0.00497226s, 46212 KB] New best heuristic value for lmcut: 13
[t=0.00497226s, 46212 KB] g=7, 62 evaluated, 11 expanded
[t=0.00497226s, 46212 KB] New best heuristic value for lmcut: 12
[t=0.00497226s, 46212 KB] g=8, 63 evaluated, 12 expanded
[t=0.00497226s, 46212 KB] New best heuristic value for lmcut: 11
[t=0.00497226s, 46212 KB] g=9, 74 evaluated, 14 expanded
[t=0.00497226s, 46212 KB] New best heuristic value for lmcut: 10
[t=0.00497226s, 46212 KB] g=10, 75 evaluated, 15 expanded
[t=0.00497226s, 46212 KB] New best heuristic value for lmcut: 9
[t=0.00497226s, 46212 KB] g=11, 86 evaluated, 17 expanded
[t=0.00596898s, 46212 KB] New best heuristic value for lmcut: 8
[t=0.00596898s, 46212 KB] g=12, 112 evaluated, 20 expanded
[t=0.00596898s, 46212 KB] New best heuristic value for lmcut: 7
[t=0.00596898s, 46212 KB] g=13, 125 evaluated, 21 expanded
[t=0.00596898s, 46212 KB] New best heuristic value for lmcut: 6
[t=0.00596898s, 46212 KB] g=14, 126 evaluated, 22 expanded
[t=0.00596898s, 46212 KB] New best heuristic value for lmcut: 5
[t=0.00596898s, 46212 KB] g=15, 137 evaluated, 23 expanded
[t=0.00596898s, 46212 KB] New best heuristic value for lmcut: 4
[t=0.00596898s, 46212 KB] g=16, 145 evaluated, 24 expanded
[t=0.00596898s, 46212 KB] New best heuristic value for lmcut: 3
[t=0.00596898s, 46212 KB] g=17, 149 evaluated, 25 expanded
[t=0.00596898s, 46212 KB] New best heuristic value for lmcut: 2
[t=0.00596898s, 46212 KB] g=18, 168 evaluated, 28 expanded
[t=0.00596898s, 46212 KB] New best heuristic value for lmcut: 1
[t=0.00696575s, 46212 KB] g=19, 173 evaluated, 29 expanded
[t=0.00696575s, 46212 KB] New best heuristic value for lmcut: 0
[t=0.00696575s, 46212 KB] g=20, 186 evaluated, 30 expanded
[t=0.00696575s, 46212 KB] Solution found!
[t=0.00696575s, 46212 KB] Actual search time: 0.00398315s
up f0 f11 (1)
board f11 p5 (1)
down f11 f3 (1)
board f3 p4 (1)
down f3 f2 (1)
board f2 p3 (1)
depart f2 p4 (1)
up f2 f4 (1)
board f4 p1 (1)
up f4 f7 (1)
board f7 p0 (1)
depart f7 p5 (1)
depart f7 p3 (1)
down f7 f0 (1)
depart f0 p0 (1)
up f0 f9 (1)
board f9 p2 (1)
down f9 f6 (1)
depart f6 p2 (1)
depart f6 p1 (1)
[t=0.00696575s, 46212 KB] Plan length: 20 step(s).
[t=0.00696575s, 46212 KB] Plan cost: 20
[t=0.00696575s, 46212 KB] Expanded 31 state(s).
[t=0.00696575s, 46212 KB] Reopened 0 state(s).
[t=0.00696575s, 46212 KB] Evaluated 186 state(s).
[t=0.00696575s, 46212 KB] Evaluations: 186
[t=0.00696575s, 46212 KB] Generated 360 state(s).
[t=0.00696575s, 46212 KB] Dead ends: 0 state(s).
[t=0.00696575s, 46212 KB] Expanded until last jump: 1 state(s).
[t=0.00696575s, 46212 KB] Reopened until last jump: 0 state(s).
[t=0.00696575s, 46212 KB] Evaluated until last jump: 12 state(s).
[t=0.00696575s, 46212 KB] Generated until last jump: 11 state(s).
[t=0.00696575s, 46212 KB] Number of registered states: 186
[t=0.00696575s, 46212 KB] Int hash set load factor: 186/256 = 0.726562
[t=0.00696575s, 46212 KB] Int hash set resizes: 8
[t=0.00696575s, 46212 KB] Search time: 0.00398315s
[t=0.00696575s, 46212 KB] Total time: 0.00696575s
Solution found.
Peak memory: 46212 KB
search exit code: 0

