JOBNAME = miconic-s9-4.sas_0
JOBID = 708128
Linux razor-14.dei.unipd.it 5.12.10-300.fc34.x86_64 #1 SMP Thu Jun 10 14:21:36 UTC 2021 x86_64 x86_64 x86_64 GNU/Linux
INFO     Running search (release).
INFO     search stdin: /nfsd/rop/instances/PlanningSAS/miconic-s9-4.sas
INFO     search time limit: 3600s
INFO     search memory limit: None
INFO     search command line string: /home/salvagni/Basel/downward/builds/release/bin/downward --search 'astar(LMcut())' --internal-plan-file sas_plan < /nfsd/rop/instances/PlanningSAS/miconic-s9-4.sas
[t=0s, 45824 KB] reading input...
[t=0.000993589s, 45824 KB] done reading input!
[t=0.00198855s, 46212 KB] Initializing landmark cut heuristic...
[t=0.00198855s, 46212 KB] Building successor generator...done!
[t=0.00298442s, 46344 KB] peak memory difference for successor generator creation: 132 KB
[t=0.00298442s, 46344 KB] time for successor generation creation: 0s
[t=0.00298442s, 46344 KB] Variables: 19
[t=0.00298442s, 46344 KB] FactPairs: 54
[t=0.00298442s, 46344 KB] Bytes per state: 4
[t=0.00298442s, 46344 KB] Conducting best first search with reopening closed nodes, (real) bound = 2147483647
[t=0.00298442s, 46344 KB] New best heuristic value for lmcut: 27
[t=0.00298442s, 46344 KB] g=0, 1 evaluated, 0 expanded
[t=0.00298442s, 46344 KB] f = 27, 1 evaluated, 0 expanded
[t=0.00298442s, 46344 KB] Initial heuristic value for lmcut: 27
[t=0.00298442s, 46344 KB] pruning method: none
[t=0.00298442s, 46344 KB] New best heuristic value for lmcut: 26
[t=0.00298442s, 46344 KB] g=1, 2 evaluated, 1 expanded
[t=0.00397557s, 46344 KB] New best heuristic value for lmcut: 25
[t=0.00397557s, 46344 KB] g=2, 21 evaluated, 2 expanded
[t=0.00497044s, 46344 KB] New best heuristic value for lmcut: 24
[t=0.00497044s, 46344 KB] g=3, 39 evaluated, 3 expanded
[t=0.00596628s, 46344 KB] New best heuristic value for lmcut: 23
[t=0.00596628s, 46344 KB] g=4, 56 evaluated, 5 expanded
[t=0.00696279s, 46344 KB] New best heuristic value for lmcut: 22
[t=0.00696279s, 46344 KB] g=5, 58 evaluated, 6 expanded
[t=0.00795575s, 46344 KB] New best heuristic value for lmcut: 21
[t=0.00795575s, 46344 KB] g=6, 74 evaluated, 8 expanded
[t=0.00795575s, 46344 KB] New best heuristic value for lmcut: 20
[t=0.00795575s, 46344 KB] g=7, 77 evaluated, 9 expanded
[t=0.00895215s, 46344 KB] New best heuristic value for lmcut: 19
[t=0.00895215s, 46344 KB] g=8, 96 evaluated, 10 expanded
[t=0.0159251s, 46344 KB] New best heuristic value for lmcut: 18
[t=0.0159251s, 46344 KB] g=9, 239 evaluated, 22 expanded
[t=0.016919s, 46344 KB] New best heuristic value for lmcut: 17
[t=0.016919s, 46344 KB] g=10, 258 evaluated, 23 expanded
[t=0.0228999s, 46344 KB] New best heuristic value for lmcut: 16
[t=0.0228999s, 46344 KB] g=11, 402 evaluated, 35 expanded
[t=0.0238983s, 46344 KB] New best heuristic value for lmcut: 15
[t=0.0238983s, 46344 KB] g=12, 422 evaluated, 36 expanded
[t=0.0248949s, 46344 KB] New best heuristic value for lmcut: 14
[t=0.0248949s, 46344 KB] g=13, 458 evaluated, 37 expanded
[t=0.0378561s, 46344 KB] New best heuristic value for lmcut: 13
[t=0.0378561s, 46344 KB] g=14, 797 evaluated, 63 expanded
[t=0.0388527s, 46344 KB] New best heuristic value for lmcut: 12
[t=0.0388527s, 46344 KB] g=15, 799 evaluated, 64 expanded
[t=0.0388527s, 46344 KB] New best heuristic value for lmcut: 11
[t=0.0388527s, 46344 KB] g=16, 815 evaluated, 67 expanded
[t=0.0388527s, 46344 KB] New best heuristic value for lmcut: 10
[t=0.0388527s, 46344 KB] g=17, 819 evaluated, 68 expanded
[t=0.0398475s, 46344 KB] New best heuristic value for lmcut: 9
[t=0.0398475s, 46344 KB] g=18, 839 evaluated, 69 expanded
[t=0.0408436s, 46344 KB] New best heuristic value for lmcut: 8
[t=0.0408436s, 46344 KB] g=19, 875 evaluated, 70 expanded
[t=0.238404s, 46472 KB] f = 28, 5670 evaluated, 468 expanded
[t=0.238404s, 46472 KB] New best heuristic value for lmcut: 7
[t=0.238404s, 46472 KB] g=21, 5671 evaluated, 469 expanded
[t=0.238404s, 46472 KB] New best heuristic value for lmcut: 6
[t=0.238404s, 46472 KB] g=22, 5676 evaluated, 470 expanded
[t=0.239402s, 46472 KB] New best heuristic value for lmcut: 5
[t=0.239402s, 46472 KB] g=23, 5689 evaluated, 471 expanded
[t=0.239402s, 46472 KB] New best heuristic value for lmcut: 4
[t=0.239402s, 46472 KB] g=24, 5695 evaluated, 472 expanded
[t=0.239402s, 46472 KB] New best heuristic value for lmcut: 3
[t=0.239402s, 46472 KB] g=25, 5709 evaluated, 474 expanded
[t=0.239402s, 46472 KB] New best heuristic value for lmcut: 2
[t=0.239402s, 46472 KB] g=26, 5728 evaluated, 475 expanded
[t=0.240397s, 46472 KB] New best heuristic value for lmcut: 1
[t=0.240397s, 46472 KB] g=27, 5731 evaluated, 476 expanded
[t=0.240397s, 46472 KB] New best heuristic value for lmcut: 0
[t=0.240397s, 46472 KB] g=28, 5749 evaluated, 477 expanded
[t=0.240397s, 46472 KB] Solution found!
[t=0.240397s, 46472 KB] Actual search time: 0.237412s
board f0 p2 (1)
board f0 p7 (1)
up f0 f10 (1)
depart f10 p2 (1)
down f10 f9 (1)
board f9 p0 (1)
up f9 f12 (1)
board f12 p1 (1)
up f12 f17 (1)
board f17 p3 (1)
down f17 f15 (1)
depart f15 p7 (1)
depart f15 p3 (1)
depart f15 p0 (1)
down f15 f2 (1)
board f2 p5 (1)
board f2 p6 (1)
board f2 p8 (1)
depart f2 p1 (1)
down f2 f1 (1)
depart f1 p5 (1)
up f1 f13 (1)
depart f13 p8 (1)
down f13 f3 (1)
board f3 p4 (1)
depart f3 p6 (1)
down f3 f2 (1)
depart f2 p4 (1)
[t=0.240397s, 46472 KB] Plan length: 28 step(s).
[t=0.240397s, 46472 KB] Plan cost: 28
[t=0.240397s, 46472 KB] Expanded 478 state(s).
[t=0.240397s, 46472 KB] Reopened 0 state(s).
[t=0.240397s, 46472 KB] Evaluated 5749 state(s).
[t=0.240397s, 46472 KB] Evaluations: 5749
[t=0.240397s, 46472 KB] Generated 9117 state(s).
[t=0.240397s, 46472 KB] Dead ends: 0 state(s).
[t=0.240397s, 46472 KB] Expanded until last jump: 468 state(s).
[t=0.240397s, 46472 KB] Reopened until last jump: 0 state(s).
[t=0.240397s, 46472 KB] Evaluated until last jump: 5670 state(s).
[t=0.240397s, 46472 KB] Generated until last jump: 8950 state(s).
[t=0.240397s, 46472 KB] Number of registered states: 5749
[t=0.240397s, 46472 KB] Int hash set load factor: 5749/8192 = 0.701782
[t=0.240397s, 46472 KB] Int hash set resizes: 13
[t=0.240397s, 46472 KB] Search time: 0.237412s
[t=0.240397s, 46472 KB] Total time: 0.240397s
Solution found.
Peak memory: 46472 KB
search exit code: 0

