JOBNAME = miconic-s13-0.sas_0
JOBID = 707997
Linux razor-16.dei.unipd.it 5.12.10-300.fc34.x86_64 #1 SMP Thu Jun 10 14:21:36 UTC 2021 x86_64 x86_64 x86_64 GNU/Linux
INFO     Running search (release).
INFO     search stdin: /nfsd/rop/instances/PlanningSAS/miconic-s13-0.sas
INFO     search time limit: 3600s
INFO     search memory limit: None
INFO     search command line string: /home/salvagni/Basel/downward/builds/release/bin/downward --search 'astar(LMcut())' --internal-plan-file sas_plan < /nfsd/rop/instances/PlanningSAS/miconic-s13-0.sas
[t=0s, 45824 KB] reading input...
[t=0.000993979s, 45948 KB] done reading input!
[t=0.00297903s, 46352 KB] Initializing landmark cut heuristic...
[t=0.00297903s, 46352 KB] Building successor generator...done!
[t=0.00297903s, 46492 KB] peak memory difference for successor generator creation: 140 KB
[t=0.00297903s, 46492 KB] time for successor generation creation: 0s
[t=0.00297903s, 46492 KB] Variables: 27
[t=0.00297903s, 46492 KB] FactPairs: 78
[t=0.00297903s, 46492 KB] Bytes per state: 4
[t=0.00297903s, 46492 KB] Conducting best first search with reopening closed nodes, (real) bound = 2147483647
[t=0.0039753s, 46492 KB] New best heuristic value for lmcut: 43
[t=0.0039753s, 46492 KB] g=0, 1 evaluated, 0 expanded
[t=0.0039753s, 46492 KB] f = 43, 1 evaluated, 0 expanded
[t=0.0039753s, 46492 KB] Initial heuristic value for lmcut: 43
[t=0.0039753s, 46492 KB] pruning method: none
[t=0.00795894s, 46492 KB] f = 44, 26 evaluated, 1 expanded
[t=0.00895729s, 46492 KB] New best heuristic value for lmcut: 42
[t=0.00895729s, 46492 KB] g=2, 27 evaluated, 2 expanded
[t=0.0129463s, 46492 KB] New best heuristic value for lmcut: 41
[t=0.0129463s, 46492 KB] g=3, 54 evaluated, 5 expanded
[t=0.0179241s, 46492 KB] New best heuristic value for lmcut: 40
[t=0.0179241s, 46492 KB] g=4, 79 evaluated, 7 expanded
[t=0.0229095s, 46492 KB] New best heuristic value for lmcut: 39
[t=0.0229095s, 46492 KB] g=5, 108 evaluated, 11 expanded
[t=0.0268944s, 46492 KB] New best heuristic value for lmcut: 38
[t=0.0268944s, 46492 KB] g=6, 135 evaluated, 12 expanded
[t=0.0318794s, 46492 KB] New best heuristic value for lmcut: 37
[t=0.0318794s, 46492 KB] g=7, 161 evaluated, 13 expanded
[t=0.0358683s, 46492 KB] New best heuristic value for lmcut: 36
[t=0.0358683s, 46492 KB] g=8, 186 evaluated, 14 expanded
[t=0.0358683s, 46492 KB] New best heuristic value for lmcut: 35
[t=0.0358683s, 46492 KB] g=9, 187 evaluated, 15 expanded
[t=0.0398571s, 46492 KB] New best heuristic value for lmcut: 34
[t=0.0398571s, 46492 KB] g=10, 212 evaluated, 16 expanded
[t=0.0438463s, 46492 KB] New best heuristic value for lmcut: 33
[t=0.0438463s, 46492 KB] g=11, 240 evaluated, 19 expanded
[t=0.0468373s, 46492 KB] New best heuristic value for lmcut: 32
[t=0.0468373s, 46492 KB] g=12, 264 evaluated, 20 expanded
[t=0.0508258s, 46492 KB] New best heuristic value for lmcut: 31
[t=0.0508258s, 46492 KB] g=13, 292 evaluated, 24 expanded
[t=0.0548145s, 46492 KB] New best heuristic value for lmcut: 30
[t=0.0548145s, 46492 KB] g=14, 319 evaluated, 25 expanded
[t=0.0578067s, 46492 KB] New best heuristic value for lmcut: 29
[t=0.0578067s, 46492 KB] g=15, 343 evaluated, 26 expanded
[t=0.0647875s, 46492 KB] New best heuristic value for lmcut: 28
[t=0.0647875s, 46492 KB] g=16, 397 evaluated, 32 expanded
[t=0.0677769s, 46492 KB] New best heuristic value for lmcut: 27
[t=0.0677769s, 46492 KB] g=17, 421 evaluated, 33 expanded
[t=0.0737596s, 46492 KB] New best heuristic value for lmcut: 26
[t=0.0737596s, 46492 KB] g=18, 475 evaluated, 39 expanded
[t=0.07675s, 46492 KB] New best heuristic value for lmcut: 25
[t=0.07675s, 46492 KB] g=19, 499 evaluated, 40 expanded
[t=0.0827327s, 46492 KB] New best heuristic value for lmcut: 24
[t=0.0827327s, 46492 KB] g=20, 553 evaluated, 46 expanded
[t=0.0857249s, 46492 KB] New best heuristic value for lmcut: 23
[t=0.0857249s, 46492 KB] g=21, 577 evaluated, 47 expanded
[t=0.093701s, 46492 KB] New best heuristic value for lmcut: 22
[t=0.093701s, 46492 KB] g=22, 656 evaluated, 53 expanded
[t=0.093701s, 46492 KB] New best heuristic value for lmcut: 21
[t=0.093701s, 46492 KB] g=23, 658 evaluated, 54 expanded
[t=0.095693s, 46492 KB] New best heuristic value for lmcut: 20
[t=0.095693s, 46492 KB] g=24, 682 evaluated, 55 expanded
[t=0.0986836s, 46492 KB] New best heuristic value for lmcut: 19
[t=0.0986836s, 46492 KB] g=25, 709 evaluated, 56 expanded
[t=0.0986836s, 46492 KB] New best heuristic value for lmcut: 18
[t=0.0986836s, 46492 KB] g=26, 713 evaluated, 57 expanded
[t=0.100677s, 46492 KB] New best heuristic value for lmcut: 17
[t=0.100677s, 46492 KB] g=27, 735 evaluated, 58 expanded
[t=0.101675s, 46492 KB] New best heuristic value for lmcut: 16
[t=0.101675s, 46492 KB] g=28, 740 evaluated, 59 expanded
[t=0.102672s, 46492 KB] New best heuristic value for lmcut: 15
[t=0.102672s, 46492 KB] g=29, 761 evaluated, 60 expanded
[t=0.106658s, 46492 KB] New best heuristic value for lmcut: 14
[t=0.106658s, 46492 KB] g=30, 814 evaluated, 63 expanded
[t=0.107656s, 46492 KB] New best heuristic value for lmcut: 13
[t=0.107656s, 46492 KB] g=31, 824 evaluated, 64 expanded
[t=0.108652s, 46492 KB] New best heuristic value for lmcut: 12
[t=0.108652s, 46492 KB] g=32, 840 evaluated, 65 expanded
[t=0.110645s, 46492 KB] New best heuristic value for lmcut: 11
[t=0.110645s, 46492 KB] g=33, 877 evaluated, 68 expanded
[t=0.111643s, 46492 KB] New best heuristic value for lmcut: 10
[t=0.111643s, 46492 KB] g=34, 892 evaluated, 69 expanded
[t=0.112638s, 46492 KB] New best heuristic value for lmcut: 9
[t=0.112638s, 46492 KB] g=35, 919 evaluated, 70 expanded
[t=0.113634s, 46492 KB] New best heuristic value for lmcut: 8
[t=0.113634s, 46492 KB] g=36, 934 evaluated, 71 expanded
[t=0.114631s, 46492 KB] New best heuristic value for lmcut: 7
[t=0.114631s, 46492 KB] g=37, 945 evaluated, 72 expanded
[t=0.115628s, 46492 KB] New best heuristic value for lmcut: 6
[t=0.115628s, 46492 KB] g=38, 972 evaluated, 73 expanded
[t=0.116623s, 46492 KB] New best heuristic value for lmcut: 5
[t=0.116623s, 46492 KB] g=39, 995 evaluated, 74 expanded
[t=0.116623s, 46492 KB] New best heuristic value for lmcut: 4
[t=0.116623s, 46492 KB] g=40, 998 evaluated, 75 expanded
[t=0.116623s, 46492 KB] New best heuristic value for lmcut: 3
[t=0.116623s, 46492 KB] g=41, 1022 evaluated, 76 expanded
[t=0.116623s, 46492 KB] New best heuristic value for lmcut: 2
[t=0.116623s, 46492 KB] g=42, 1024 evaluated, 77 expanded
[t=0.117619s, 46492 KB] New best heuristic value for lmcut: 1
[t=0.117619s, 46492 KB] g=43, 1049 evaluated, 78 expanded
[t=0.117619s, 46492 KB] New best heuristic value for lmcut: 0
[t=0.117619s, 46492 KB] g=44, 1050 evaluated, 79 expanded
[t=0.117619s, 46492 KB] Solution found!
[t=0.117619s, 46492 KB] Actual search time: 0.113644s
up f0 f10 (1)
board f10 p8 (1)
down f10 f3 (1)
board f3 p10 (1)
board f3 p12 (1)
board f3 p5 (1)
down f3 f0 (1)
depart f0 p5 (1)
up f0 f11 (1)
board f11 p1 (1)
down f11 f7 (1)
board f7 p4 (1)
board f7 p9 (1)
up f7 f13 (1)
board f13 p0 (1)
down f13 f8 (1)
depart f8 p9 (1)
up f8 f14 (1)
board f14 p7 (1)
up f14 f16 (1)
board f16 p3 (1)
depart f16 p10 (1)
down f16 f1 (1)
board f1 p2 (1)
depart f1 p3 (1)
up f1 f12 (1)
depart f12 p2 (1)
up f12 f17 (1)
board f17 p6 (1)
depart f17 p1 (1)
up f17 f18 (1)
board f18 p11 (1)
down f18 f2 (1)
depart f2 p4 (1)
depart f2 p11 (1)
up f2 f22 (1)
depart f22 p7 (1)
depart f22 p0 (1)
up f22 f23 (1)
depart f23 p12 (1)
up f23 f24 (1)
depart f24 p8 (1)
up f24 f25 (1)
depart f25 p6 (1)
[t=0.117619s, 46492 KB] Plan length: 44 step(s).
[t=0.117619s, 46492 KB] Plan cost: 44
[t=0.117619s, 46492 KB] Expanded 80 state(s).
[t=0.117619s, 46492 KB] Reopened 0 state(s).
[t=0.117619s, 46492 KB] Evaluated 1050 state(s).
[t=0.117619s, 46492 KB] Evaluations: 1050
[t=0.117619s, 46492 KB] Generated 2052 state(s).
[t=0.117619s, 46492 KB] Dead ends: 0 state(s).
[t=0.117619s, 46492 KB] Expanded until last jump: 1 state(s).
[t=0.117619s, 46492 KB] Reopened until last jump: 0 state(s).
[t=0.117619s, 46492 KB] Evaluated until last jump: 26 state(s).
[t=0.117619s, 46492 KB] Generated until last jump: 25 state(s).
[t=0.117619s, 46492 KB] Number of registered states: 1050
[t=0.117619s, 46492 KB] Int hash set load factor: 1050/2048 = 0.512695
[t=0.117619s, 46492 KB] Int hash set resizes: 11
[t=0.117619s, 46492 KB] Search time: 0.11464s
[t=0.117619s, 46492 KB] Total time: 0.117619s
Solution found.
Peak memory: 46492 KB
search exit code: 0

