JOBNAME = miconic-s7-4.sas_0
JOBID = 708118
Linux razor-14.dei.unipd.it 5.12.10-300.fc34.x86_64 #1 SMP Thu Jun 10 14:21:36 UTC 2021 x86_64 x86_64 x86_64 GNU/Linux
INFO     Running search (release).
INFO     search stdin: /nfsd/rop/instances/PlanningSAS/miconic-s7-4.sas
INFO     search time limit: 3600s
INFO     search memory limit: None
INFO     search command line string: /home/salvagni/Basel/downward/builds/release/bin/downward --search 'astar(LMcut())' --internal-plan-file sas_plan < /nfsd/rop/instances/PlanningSAS/miconic-s7-4.sas
[t=0s, 45824 KB] reading input...
[t=0s, 45824 KB] done reading input!
[t=0.00198893s, 46212 KB] Initializing landmark cut heuristic...
[t=0.00198893s, 46212 KB] Building successor generator...done!
[t=0.00198893s, 46212 KB] peak memory difference for successor generator creation: 0 KB
[t=0.00198893s, 46212 KB] time for successor generation creation: 0s
[t=0.00198893s, 46212 KB] Variables: 15
[t=0.00198893s, 46212 KB] FactPairs: 42
[t=0.00198893s, 46212 KB] Bytes per state: 4
[t=0.00198893s, 46212 KB] Conducting best first search with reopening closed nodes, (real) bound = 2147483647
[t=0.00198893s, 46212 KB] New best heuristic value for lmcut: 25
[t=0.00198893s, 46212 KB] g=0, 1 evaluated, 0 expanded
[t=0.00198893s, 46212 KB] f = 25, 1 evaluated, 0 expanded
[t=0.00198893s, 46212 KB] Initial heuristic value for lmcut: 25
[t=0.00198893s, 46212 KB] pruning method: none
[t=0.00198893s, 46212 KB] New best heuristic value for lmcut: 24
[t=0.00198893s, 46212 KB] g=1, 2 evaluated, 1 expanded
[t=0.00298233s, 46212 KB] New best heuristic value for lmcut: 23
[t=0.00298233s, 46212 KB] g=2, 16 evaluated, 2 expanded
[t=0.00298233s, 46212 KB] New best heuristic value for lmcut: 22
[t=0.00397767s, 46212 KB] g=3, 29 evaluated, 6 expanded
[t=0.00397767s, 46212 KB] New best heuristic value for lmcut: 21
[t=0.00397767s, 46212 KB] g=4, 31 evaluated, 7 expanded
[t=0.00397767s, 46212 KB] New best heuristic value for lmcut: 20
[t=0.00397767s, 46212 KB] g=5, 43 evaluated, 9 expanded
[t=0.00397767s, 46212 KB] New best heuristic value for lmcut: 19
[t=0.00397767s, 46212 KB] g=6, 45 evaluated, 10 expanded
[t=0.00496786s, 46212 KB] New best heuristic value for lmcut: 18
[t=0.00496786s, 46212 KB] g=7, 57 evaluated, 12 expanded
[t=0.00496786s, 46212 KB] New best heuristic value for lmcut: 17
[t=0.00496786s, 46212 KB] g=8, 59 evaluated, 13 expanded
[t=0.00496786s, 46212 KB] New best heuristic value for lmcut: 16
[t=0.00496786s, 46212 KB] g=9, 71 evaluated, 17 expanded
[t=0.00496786s, 46212 KB] New best heuristic value for lmcut: 15
[t=0.00496786s, 46212 KB] g=10, 73 evaluated, 18 expanded
[t=0.00596399s, 46212 KB] New best heuristic value for lmcut: 14
[t=0.00596399s, 46212 KB] g=11, 85 evaluated, 22 expanded
[t=0.00596399s, 46212 KB] New best heuristic value for lmcut: 13
[t=0.00596399s, 46212 KB] g=12, 87 evaluated, 23 expanded
[t=0.00596399s, 46212 KB] New best heuristic value for lmcut: 12
[t=0.00596399s, 46212 KB] g=13, 99 evaluated, 26 expanded
[t=0.00596399s, 46212 KB] New best heuristic value for lmcut: 11
[t=0.00596399s, 46212 KB] g=14, 101 evaluated, 27 expanded
[t=0.00596399s, 46212 KB] New best heuristic value for lmcut: 10
[t=0.00596399s, 46212 KB] g=15, 113 evaluated, 30 expanded
[t=0.00596399s, 46212 KB] New best heuristic value for lmcut: 9
[t=0.00696084s, 46212 KB] g=16, 115 evaluated, 31 expanded
[t=0.00696084s, 46212 KB] New best heuristic value for lmcut: 8
[t=0.00696084s, 46212 KB] g=17, 127 evaluated, 34 expanded
[t=0.00696084s, 46212 KB] New best heuristic value for lmcut: 7
[t=0.00696084s, 46212 KB] g=18, 129 evaluated, 35 expanded
[t=0.00696084s, 46212 KB] New best heuristic value for lmcut: 6
[t=0.00696084s, 46212 KB] g=19, 141 evaluated, 36 expanded
[t=0.00696084s, 46212 KB] New best heuristic value for lmcut: 5
[t=0.00696084s, 46212 KB] g=20, 157 evaluated, 40 expanded
[t=0.00795799s, 46212 KB] New best heuristic value for lmcut: 4
[t=0.00795799s, 46212 KB] g=21, 172 evaluated, 41 expanded
[t=0.00795799s, 46212 KB] New best heuristic value for lmcut: 3
[t=0.00795799s, 46212 KB] g=22, 184 evaluated, 42 expanded
[t=0.00795799s, 46212 KB] New best heuristic value for lmcut: 2
[t=0.00795799s, 46212 KB] g=23, 199 evaluated, 43 expanded
[t=0.00795799s, 46212 KB] New best heuristic value for lmcut: 1
[t=0.00795799s, 46212 KB] g=24, 202 evaluated, 44 expanded
[t=0.00795799s, 46212 KB] New best heuristic value for lmcut: 0
[t=0.00795799s, 46212 KB] g=25, 213 evaluated, 45 expanded
[t=0.00795799s, 46212 KB] Solution found!
[t=0.00795799s, 46212 KB] Actual search time: 0.00596905s
board f0 p2 (1)
up f0 f12 (1)
board f12 p1 (1)
down f12 f10 (1)
depart f10 p1 (1)
down f10 f3 (1)
board f3 p4 (1)
up f3 f4 (1)
depart f4 p4 (1)
up f4 f5 (1)
board f5 p0 (1)
up f5 f13 (1)
depart f13 p0 (1)
down f13 f6 (1)
depart f6 p2 (1)
up f6 f7 (1)
board f7 p3 (1)
up f7 f8 (1)
board f8 p5 (1)
board f8 p6 (1)
down f8 f1 (1)
depart f1 p6 (1)
depart f1 p3 (1)
up f1 f11 (1)
depart f11 p5 (1)
[t=0.00795799s, 46212 KB] Plan length: 25 step(s).
[t=0.00795799s, 46212 KB] Plan cost: 25
[t=0.00795799s, 46212 KB] Expanded 46 state(s).
[t=0.00795799s, 46212 KB] Reopened 0 state(s).
[t=0.00795799s, 46212 KB] Evaluated 213 state(s).
[t=0.00795799s, 46212 KB] Evaluations: 213
[t=0.00795799s, 46212 KB] Generated 610 state(s).
[t=0.00795799s, 46212 KB] Dead ends: 0 state(s).
[t=0.00795799s, 46212 KB] Expanded until last jump: 0 state(s).
[t=0.00795799s, 46212 KB] Reopened until last jump: 0 state(s).
[t=0.00795799s, 46212 KB] Evaluated until last jump: 1 state(s).
[t=0.00795799s, 46212 KB] Generated until last jump: 0 state(s).
[t=0.00795799s, 46212 KB] Number of registered states: 213
[t=0.00795799s, 46212 KB] Int hash set load factor: 213/256 = 0.832031
[t=0.00795799s, 46212 KB] Int hash set resizes: 8
[t=0.00795799s, 46212 KB] Search time: 0.00596905s
[t=0.00795799s, 46212 KB] Total time: 0.00795799s
Solution found.
Peak memory: 46212 KB
search exit code: 0

