JOBNAME = miconic-s6-4.sas_0
JOBID = 708113
Linux razor-14.dei.unipd.it 5.12.10-300.fc34.x86_64 #1 SMP Thu Jun 10 14:21:36 UTC 2021 x86_64 x86_64 x86_64 GNU/Linux
INFO     Running search (release).
INFO     search stdin: /nfsd/rop/instances/PlanningSAS/miconic-s6-4.sas
INFO     search time limit: 3600s
INFO     search memory limit: None
INFO     search command line string: /home/salvagni/Basel/downward/builds/release/bin/downward --search 'astar(LMcut())' --internal-plan-file sas_plan < /nfsd/rop/instances/PlanningSAS/miconic-s6-4.sas
[t=0s, 45824 KB] reading input...
[t=0.000992356s, 45824 KB] done reading input!
[t=0.00198767s, 46212 KB] Initializing landmark cut heuristic...
[t=0.00198767s, 46212 KB] Building successor generator...done!
[t=0.00198767s, 46212 KB] peak memory difference for successor generator creation: 0 KB
[t=0.00198767s, 46212 KB] time for successor generation creation: 0s
[t=0.00198767s, 46212 KB] Variables: 13
[t=0.00198767s, 46212 KB] FactPairs: 36
[t=0.00198767s, 46212 KB] Bytes per state: 4
[t=0.00298297s, 46212 KB] Conducting best first search with reopening closed nodes, (real) bound = 2147483647
[t=0.00298297s, 46212 KB] New best heuristic value for lmcut: 20
[t=0.00298297s, 46212 KB] g=0, 1 evaluated, 0 expanded
[t=0.00298297s, 46212 KB] f = 20, 1 evaluated, 0 expanded
[t=0.00298297s, 46212 KB] Initial heuristic value for lmcut: 20
[t=0.00298297s, 46212 KB] pruning method: none
[t=0.00298297s, 46212 KB] f = 21, 12 evaluated, 1 expanded
[t=0.00298297s, 46212 KB] New best heuristic value for lmcut: 19
[t=0.00298297s, 46212 KB] g=2, 13 evaluated, 4 expanded
[t=0.00298297s, 46212 KB] New best heuristic value for lmcut: 18
[t=0.00298297s, 46212 KB] g=3, 14 evaluated, 5 expanded
[t=0.00298297s, 46212 KB] New best heuristic value for lmcut: 17
[t=0.00397906s, 46212 KB] g=4, 25 evaluated, 9 expanded
[t=0.00397906s, 46212 KB] New best heuristic value for lmcut: 16
[t=0.00397906s, 46212 KB] g=5, 27 evaluated, 10 expanded
[t=0.00397906s, 46212 KB] New best heuristic value for lmcut: 15
[t=0.00397906s, 46212 KB] g=6, 39 evaluated, 11 expanded
[t=0.00397906s, 46212 KB] New best heuristic value for lmcut: 14
[t=0.00397906s, 46212 KB] g=7, 50 evaluated, 12 expanded
[t=0.00397906s, 46212 KB] New best heuristic value for lmcut: 13
[t=0.00397906s, 46212 KB] g=8, 51 evaluated, 13 expanded
[t=0.00397906s, 46212 KB] New best heuristic value for lmcut: 12
[t=0.00497036s, 46212 KB] g=9, 62 evaluated, 14 expanded
[t=0.00497036s, 46212 KB] New best heuristic value for lmcut: 11
[t=0.00497036s, 46212 KB] g=10, 64 evaluated, 15 expanded
[t=0.00497036s, 46212 KB] New best heuristic value for lmcut: 10
[t=0.00497036s, 46212 KB] g=11, 74 evaluated, 17 expanded
[t=0.00497036s, 46212 KB] New best heuristic value for lmcut: 9
[t=0.00497036s, 46212 KB] g=12, 78 evaluated, 18 expanded
[t=0.00497036s, 46212 KB] New best heuristic value for lmcut: 8
[t=0.00497036s, 46212 KB] g=13, 86 evaluated, 20 expanded
[t=0.00497036s, 46212 KB] New best heuristic value for lmcut: 7
[t=0.00497036s, 46212 KB] g=14, 99 evaluated, 21 expanded
[t=0.00497036s, 46212 KB] New best heuristic value for lmcut: 6
[t=0.00497036s, 46212 KB] g=15, 106 evaluated, 22 expanded
[t=0.00497036s, 46212 KB] New best heuristic value for lmcut: 5
[t=0.0059666s, 46212 KB] g=16, 111 evaluated, 23 expanded
[t=0.0059666s, 46212 KB] New best heuristic value for lmcut: 4
[t=0.0059666s, 46212 KB] g=17, 120 evaluated, 24 expanded
[t=0.0059666s, 46212 KB] New best heuristic value for lmcut: 3
[t=0.0059666s, 46212 KB] g=18, 123 evaluated, 26 expanded
[t=0.0059666s, 46212 KB] New best heuristic value for lmcut: 2
[t=0.0059666s, 46212 KB] g=19, 136 evaluated, 27 expanded
[t=0.0059666s, 46212 KB] New best heuristic value for lmcut: 1
[t=0.0059666s, 46212 KB] g=20, 145 evaluated, 28 expanded
[t=0.0059666s, 46212 KB] New best heuristic value for lmcut: 0
[t=0.0059666s, 46212 KB] g=21, 148 evaluated, 29 expanded
[t=0.0059666s, 46212 KB] Solution found!
[t=0.0059666s, 46212 KB] Actual search time: 0.00298362s
up f0 f11 (1)
board f11 p3 (1)
down f11 f2 (1)
board f2 p1 (1)
board f2 p5 (1)
down f2 f0 (1)
depart f0 p1 (1)
up f0 f1 (1)
depart f1 p5 (1)
up f1 f3 (1)
board f3 p0 (1)
up f3 f6 (1)
board f6 p2 (1)
depart f6 p0 (1)
up f6 f10 (1)
depart f10 p2 (1)
down f10 f9 (1)
board f9 p4 (1)
depart f9 p3 (1)
down f9 f8 (1)
depart f8 p4 (1)
[t=0.0059666s, 46212 KB] Plan length: 21 step(s).
[t=0.0059666s, 46212 KB] Plan cost: 21
[t=0.0059666s, 46212 KB] Expanded 30 state(s).
[t=0.0059666s, 46212 KB] Reopened 0 state(s).
[t=0.0059666s, 46212 KB] Evaluated 148 state(s).
[t=0.0059666s, 46212 KB] Evaluations: 148
[t=0.0059666s, 46212 KB] Generated 343 state(s).
[t=0.0059666s, 46212 KB] Dead ends: 0 state(s).
[t=0.0059666s, 46212 KB] Expanded until last jump: 1 state(s).
[t=0.0059666s, 46212 KB] Reopened until last jump: 0 state(s).
[t=0.0059666s, 46212 KB] Evaluated until last jump: 12 state(s).
[t=0.0059666s, 46212 KB] Generated until last jump: 11 state(s).
[t=0.0059666s, 46212 KB] Number of registered states: 148
[t=0.0059666s, 46212 KB] Int hash set load factor: 148/256 = 0.578125
[t=0.0059666s, 46212 KB] Int hash set resizes: 8
[t=0.0059666s, 46212 KB] Search time: 0.00298362s
[t=0.0059666s, 46212 KB] Total time: 0.0059666s
Solution found.
Peak memory: 46212 KB
search exit code: 0

