JOBNAME = miconic-s18-4.sas_0
JOBID = 708028
Linux razor-24.dei.unipd.it 5.12.10-300.fc34.x86_64 #1 SMP Thu Jun 10 14:21:36 UTC 2021 x86_64 x86_64 x86_64 GNU/Linux
INFO     Running search (release).
INFO     search stdin: /nfsd/rop/instances/PlanningSAS/miconic-s18-4.sas
INFO     search time limit: 3600s
INFO     search memory limit: None
INFO     search command line string: /home/salvagni/Basel/downward/builds/release/bin/downward --search 'astar(LMcut())' --internal-plan-file sas_plan < /nfsd/rop/instances/PlanningSAS/miconic-s18-4.sas
[t=0s, 45824 KB] reading input...
[t=0.00398437s, 45960 KB] done reading input!
[t=0.00498183s, 46668 KB] Initializing landmark cut heuristic...
[t=0.00498183s, 46668 KB] Building successor generator...done!
[t=0.00597799s, 46784 KB] peak memory difference for successor generator creation: 116 KB
[t=0.00597799s, 46784 KB] time for successor generation creation: 0.000996164s
[t=0.00597799s, 46784 KB] Variables: 37
[t=0.00597799s, 46784 KB] FactPairs: 108
[t=0.00597799s, 46784 KB] Bytes per state: 8
[t=0.00597799s, 46784 KB] Conducting best first search with reopening closed nodes, (real) bound = 2147483647
[t=0.00597799s, 46784 KB] New best heuristic value for lmcut: 56
[t=0.00597799s, 46784 KB] g=0, 1 evaluated, 0 expanded
[t=0.00597799s, 46784 KB] f = 56, 1 evaluated, 0 expanded
[t=0.00597799s, 46784 KB] Initial heuristic value for lmcut: 56
[t=0.00697406s, 46784 KB] pruning method: none
[t=0.00697406s, 46784 KB] New best heuristic value for lmcut: 55
[t=0.00697406s, 46784 KB] g=1, 2 evaluated, 1 expanded
[t=0.0378669s, 46784 KB] f = 57, 72 evaluated, 2 expanded
[t=0.0378669s, 46784 KB] New best heuristic value for lmcut: 54
[t=0.0378669s, 46784 KB] g=3, 73 evaluated, 3 expanded
[t=0.0398594s, 46784 KB] New best heuristic value for lmcut: 53
[t=0.0398594s, 46784 KB] g=4, 76 evaluated, 4 expanded
[t=0.0548209s, 46784 KB] New best heuristic value for lmcut: 52
[t=0.0548209s, 46784 KB] g=5, 113 evaluated, 5 expanded
[t=0.0707808s, 46784 KB] New best heuristic value for lmcut: 51
[t=0.0707808s, 46784 KB] g=6, 149 evaluated, 6 expanded
[t=0.084746s, 46784 KB] New best heuristic value for lmcut: 50
[t=0.084746s, 46784 KB] g=7, 184 evaluated, 8 expanded
[t=0.084746s, 46784 KB] New best heuristic value for lmcut: 49
[t=0.084746s, 46784 KB] g=8, 185 evaluated, 9 expanded
[t=0.0987089s, 46784 KB] New best heuristic value for lmcut: 48
[t=0.0987089s, 46784 KB] g=9, 220 evaluated, 11 expanded
[t=0.11267s, 46784 KB] New best heuristic value for lmcut: 47
[t=0.11267s, 46784 KB] g=10, 257 evaluated, 14 expanded
[t=0.125634s, 46784 KB] New best heuristic value for lmcut: 46
[t=0.125634s, 46784 KB] g=11, 292 evaluated, 16 expanded
[t=0.139598s, 46784 KB] New best heuristic value for lmcut: 45
[t=0.139598s, 46784 KB] g=12, 329 evaluated, 19 expanded
[t=0.151568s, 46784 KB] New best heuristic value for lmcut: 44
[t=0.151568s, 46784 KB] g=13, 364 evaluated, 21 expanded
[t=0.165531s, 46784 KB] New best heuristic value for lmcut: 43
[t=0.165531s, 46784 KB] g=14, 401 evaluated, 24 expanded
[t=0.177501s, 46784 KB] New best heuristic value for lmcut: 42
[t=0.177501s, 46784 KB] g=15, 436 evaluated, 26 expanded
[t=0.189469s, 46784 KB] New best heuristic value for lmcut: 41
[t=0.189469s, 46784 KB] g=16, 473 evaluated, 30 expanded
[t=0.201437s, 46784 KB] New best heuristic value for lmcut: 40
[t=0.201437s, 46784 KB] g=17, 508 evaluated, 32 expanded
[t=0.224382s, 46784 KB] New best heuristic value for lmcut: 39
[t=0.224382s, 46784 KB] g=18, 581 evaluated, 37 expanded
[t=0.235353s, 46784 KB] New best heuristic value for lmcut: 38
[t=0.235353s, 46784 KB] g=19, 616 evaluated, 38 expanded
[t=0.237346s, 46784 KB] New best heuristic value for lmcut: 37
[t=0.237346s, 46784 KB] g=20, 623 evaluated, 39 expanded
[t=0.246322s, 46784 KB] New best heuristic value for lmcut: 36
[t=0.246322s, 46784 KB] g=21, 652 evaluated, 40 expanded
[t=0.259285s, 46784 KB] New best heuristic value for lmcut: 35
[t=0.259285s, 46784 KB] g=22, 696 evaluated, 43 expanded
[t=0.267263s, 46784 KB] New best heuristic value for lmcut: 34
[t=0.267263s, 46784 KB] g=23, 724 evaluated, 44 expanded
[t=0.296194s, 46784 KB] New best heuristic value for lmcut: 33
[t=0.296194s, 46784 KB] g=24, 833 evaluated, 49 expanded
[t=0.297192s, 46784 KB] New best heuristic value for lmcut: 32
[t=0.297192s, 46784 KB] g=25, 836 evaluated, 50 expanded
[t=0.306165s, 46784 KB] New best heuristic value for lmcut: 31
[t=0.306165s, 46784 KB] g=26, 869 evaluated, 51 expanded
[t=0.324177s, 46784 KB] New best heuristic value for lmcut: 30
[t=0.324177s, 46784 KB] g=27, 942 evaluated, 54 expanded
[t=0.361019s, 46784 KB] New best heuristic value for lmcut: 29
[t=0.361019s, 46784 KB] g=28, 1088 evaluated, 59 expanded
[t=0.363012s, 46784 KB] New best heuristic value for lmcut: 28
[t=0.363012s, 46784 KB] g=29, 1096 evaluated, 60 expanded
[t=0.368996s, 46784 KB] New best heuristic value for lmcut: 27
[t=0.368996s, 46784 KB] g=30, 1124 evaluated, 61 expanded
[t=0.377968s, 46784 KB] New best heuristic value for lmcut: 26
[t=0.377968s, 46784 KB] g=31, 1162 evaluated, 62 expanded
[t=0.385946s, 46784 KB] New best heuristic value for lmcut: 25
[t=0.385946s, 46784 KB] g=32, 1199 evaluated, 63 expanded
[t=0.447809s, 46784 KB] New best heuristic value for lmcut: 24
[t=0.447809s, 46784 KB] g=33, 1485 evaluated, 74 expanded
[t=0.462772s, 46784 KB] New best heuristic value for lmcut: 23
[t=0.462772s, 46784 KB] g=34, 1559 evaluated, 77 expanded
[t=0.469748s, 46784 KB] New best heuristic value for lmcut: 22
[t=0.469748s, 46784 KB] g=35, 1596 evaluated, 78 expanded
[t=0.533603s, 46784 KB] New best heuristic value for lmcut: 21
[t=0.533603s, 46784 KB] g=36, 1919 evaluated, 91 expanded
[t=0.539587s, 46784 KB] New best heuristic value for lmcut: 20
[t=0.539587s, 46784 KB] g=37, 1956 evaluated, 92 expanded
[t=0.604432s, 46784 KB] New best heuristic value for lmcut: 19
[t=0.604432s, 46784 KB] g=38, 2316 evaluated, 107 expanded
[t=0.611412s, 46784 KB] New best heuristic value for lmcut: 18
[t=0.611412s, 46784 KB] g=39, 2354 evaluated, 108 expanded
[t=0.616398s, 46784 KB] New best heuristic value for lmcut: 17
[t=0.616398s, 46784 KB] g=40, 2391 evaluated, 109 expanded
[t=0.618391s, 46784 KB] New best heuristic value for lmcut: 16
[t=0.618391s, 46784 KB] g=41, 2399 evaluated, 110 expanded
[t=0.62238s, 46784 KB] New best heuristic value for lmcut: 15
[t=0.62238s, 46784 KB] g=42, 2427 evaluated, 111 expanded
[t=0.638338s, 46784 KB] New best heuristic value for lmcut: 14
[t=0.638338s, 46784 KB] g=43, 2548 evaluated, 118 expanded
[t=0.641328s, 46784 KB] New best heuristic value for lmcut: 13
[t=0.641328s, 46784 KB] g=44, 2571 evaluated, 119 expanded
[t=0.645315s, 46784 KB] New best heuristic value for lmcut: 12
[t=0.646313s, 46784 KB] g=45, 2608 evaluated, 120 expanded
[t=0.668257s, 46784 KB] New best heuristic value for lmcut: 11
[t=0.668257s, 46784 KB] g=46, 2801 evaluated, 129 expanded
[t=0.671247s, 46784 KB] New best heuristic value for lmcut: 10
[t=0.671247s, 46784 KB] g=47, 2824 evaluated, 130 expanded
[t=0.674238s, 46784 KB] New best heuristic value for lmcut: 9
[t=0.674238s, 46784 KB] g=48, 2861 evaluated, 131 expanded
[t=0.685208s, 46784 KB] New best heuristic value for lmcut: 8
[t=0.686205s, 46784 KB] g=49, 2982 evaluated, 136 expanded
[t=0.687203s, 46784 KB] New best heuristic value for lmcut: 7
[t=0.687203s, 46784 KB] g=50, 3005 evaluated, 137 expanded
[t=0.690191s, 46784 KB] New best heuristic value for lmcut: 6
[t=0.690191s, 46784 KB] g=51, 3043 evaluated, 138 expanded
[t=0.693182s, 46784 KB] New best heuristic value for lmcut: 5
[t=0.693182s, 46784 KB] g=52, 3080 evaluated, 139 expanded
[t=0.69418s, 46784 KB] New best heuristic value for lmcut: 4
[t=0.69418s, 46784 KB] g=53, 3094 evaluated, 140 expanded
[t=0.695177s, 46784 KB] New best heuristic value for lmcut: 3
[t=0.695177s, 46784 KB] g=54, 3116 evaluated, 141 expanded
[t=0.697169s, 46784 KB] New best heuristic value for lmcut: 2
[t=0.697169s, 46784 KB] g=55, 3153 evaluated, 142 expanded
[t=0.698166s, 46784 KB] New best heuristic value for lmcut: 1
[t=0.698166s, 46784 KB] g=56, 3188 evaluated, 143 expanded
[t=0.698166s, 46784 KB] New best heuristic value for lmcut: 0
[t=0.698166s, 46784 KB] g=57, 3189 evaluated, 144 expanded
[t=0.698166s, 46784 KB] Solution found!
[t=0.698166s, 46784 KB] Actual search time: 0.691192s
board f0 p2 (1)
up f0 f1 (1)
board f1 p10 (1)
board f1 p11 (1)
board f1 p6 (1)
up f1 f10 (1)
board f10 p3 (1)
down f10 f3 (1)
board f3 p7 (1)
up f3 f13 (1)
board f13 p9 (1)
down f13 f4 (1)
depart f4 p11 (1)
up f4 f16 (1)
board f16 p13 (1)
down f16 f5 (1)
board f5 p16 (1)
down f5 f0 (1)
depart f0 p16 (1)
up f0 f17 (1)
board f17 p17 (1)
down f17 f6 (1)
board f6 p15 (1)
depart f6 p10 (1)
up f6 f18 (1)
board f18 p12 (1)
depart f18 p7 (1)
depart f18 p2 (1)
down f18 f7 (1)
board f7 p14 (1)
depart f7 p9 (1)
up f7 f26 (1)
depart f26 p14 (1)
up f26 f27 (1)
board f27 p0 (1)
down f27 f15 (1)
depart f15 p15 (1)
depart f15 p13 (1)
depart f15 p12 (1)
depart f15 p0 (1)
up f15 f30 (1)
board f30 p1 (1)
up f30 f33 (1)
board f33 p4 (1)
board f33 p8 (1)
down f33 f20 (1)
board f20 p5 (1)
depart f20 p8 (1)
down f20 f2 (1)
depart f2 p6 (1)
depart f2 p5 (1)
depart f2 p1 (1)
up f2 f21 (1)
depart f21 p4 (1)
depart f21 p17 (1)
up f21 f35 (1)
depart f35 p3 (1)
[t=0.698166s, 46784 KB] Plan length: 57 step(s).
[t=0.698166s, 46784 KB] Plan cost: 57
[t=0.698166s, 46784 KB] Expanded 145 state(s).
[t=0.698166s, 46784 KB] Reopened 0 state(s).
[t=0.698166s, 46784 KB] Evaluated 3189 state(s).
[t=0.698166s, 46784 KB] Evaluations: 3189
[t=0.698166s, 46784 KB] Generated 5205 state(s).
[t=0.698166s, 46784 KB] Dead ends: 0 state(s).
[t=0.698166s, 46784 KB] Expanded until last jump: 2 state(s).
[t=0.698166s, 46784 KB] Reopened until last jump: 0 state(s).
[t=0.698166s, 46784 KB] Evaluated until last jump: 72 state(s).
[t=0.698166s, 46784 KB] Generated until last jump: 72 state(s).
[t=0.698166s, 46784 KB] Number of registered states: 3189
[t=0.698166s, 46784 KB] Int hash set load factor: 3189/4096 = 0.778564
[t=0.698166s, 46784 KB] Int hash set resizes: 12
[t=0.698166s, 46784 KB] Search time: 0.692188s
[t=0.698166s, 46784 KB] Total time: 0.698166s
Solution found.
Peak memory: 46784 KB
search exit code: 0

