JOBNAME = miconic-s9-3.sas_0
JOBID = 708127
Linux razor-14.dei.unipd.it 5.12.10-300.fc34.x86_64 #1 SMP Thu Jun 10 14:21:36 UTC 2021 x86_64 x86_64 x86_64 GNU/Linux
INFO     Running search (release).
INFO     search stdin: /nfsd/rop/instances/PlanningSAS/miconic-s9-3.sas
INFO     search time limit: 3600s
INFO     search memory limit: None
INFO     search command line string: /home/salvagni/Basel/downward/builds/release/bin/downward --search 'astar(LMcut())' --internal-plan-file sas_plan < /nfsd/rop/instances/PlanningSAS/miconic-s9-3.sas
[t=0s, 45824 KB] reading input...
[t=0.000996486s, 45824 KB] done reading input!
[t=0.00298861s, 46212 KB] Initializing landmark cut heuristic...
[t=0.00298861s, 46212 KB] Building successor generator...done!
[t=0.00298861s, 46344 KB] peak memory difference for successor generator creation: 132 KB
[t=0.00298861s, 46344 KB] time for successor generation creation: 0s
[t=0.00298861s, 46344 KB] Variables: 19
[t=0.00298861s, 46344 KB] FactPairs: 54
[t=0.00298861s, 46344 KB] Bytes per state: 4
[t=0.00298861s, 46344 KB] Conducting best first search with reopening closed nodes, (real) bound = 2147483647
[t=0.00298861s, 46344 KB] New best heuristic value for lmcut: 31
[t=0.00298861s, 46344 KB] g=0, 1 evaluated, 0 expanded
[t=0.00298861s, 46344 KB] f = 31, 1 evaluated, 0 expanded
[t=0.00298861s, 46344 KB] Initial heuristic value for lmcut: 31
[t=0.00298861s, 46344 KB] pruning method: none
[t=0.00497844s, 46344 KB] f = 32, 18 evaluated, 1 expanded
[t=0.00497844s, 46344 KB] New best heuristic value for lmcut: 30
[t=0.00497844s, 46344 KB] g=2, 19 evaluated, 2 expanded
[t=0.00497844s, 46344 KB] New best heuristic value for lmcut: 29
[t=0.00497844s, 46344 KB] g=3, 21 evaluated, 3 expanded
[t=0.00597515s, 46344 KB] New best heuristic value for lmcut: 28
[t=0.00597515s, 46344 KB] g=4, 39 evaluated, 4 expanded
[t=0.00795696s, 46344 KB] New best heuristic value for lmcut: 27
[t=0.00795696s, 46344 KB] g=5, 56 evaluated, 6 expanded
[t=0.00795696s, 46344 KB] New best heuristic value for lmcut: 26
[t=0.00795696s, 46344 KB] g=6, 57 evaluated, 7 expanded
[t=0.00895485s, 46344 KB] New best heuristic value for lmcut: 25
[t=0.00895485s, 46344 KB] g=7, 74 evaluated, 8 expanded
[t=0.00895485s, 46344 KB] New best heuristic value for lmcut: 24
[t=0.00895485s, 46344 KB] g=8, 78 evaluated, 9 expanded
[t=0.00995123s, 46344 KB] New best heuristic value for lmcut: 23
[t=0.00995123s, 46344 KB] g=9, 92 evaluated, 10 expanded
[t=0.00995123s, 46344 KB] New best heuristic value for lmcut: 22
[t=0.00995123s, 46344 KB] g=10, 98 evaluated, 11 expanded
[t=0.0109467s, 46344 KB] New best heuristic value for lmcut: 21
[t=0.0109467s, 46344 KB] g=11, 110 evaluated, 13 expanded
[t=0.0109467s, 46344 KB] New best heuristic value for lmcut: 20
[t=0.0109467s, 46344 KB] g=12, 114 evaluated, 14 expanded
[t=0.0119428s, 46344 KB] New best heuristic value for lmcut: 19
[t=0.0119428s, 46344 KB] g=13, 128 evaluated, 16 expanded
[t=0.0119428s, 46344 KB] New best heuristic value for lmcut: 18
[t=0.0129397s, 46344 KB] g=14, 135 evaluated, 17 expanded
[t=0.0129397s, 46344 KB] New best heuristic value for lmcut: 17
[t=0.0129397s, 46344 KB] g=15, 146 evaluated, 18 expanded
[t=0.0129397s, 46344 KB] New best heuristic value for lmcut: 16
[t=0.0129397s, 46344 KB] g=16, 154 evaluated, 19 expanded
[t=0.0139323s, 46344 KB] New best heuristic value for lmcut: 15
[t=0.0139323s, 46344 KB] g=17, 164 evaluated, 20 expanded
[t=0.0139323s, 46344 KB] New best heuristic value for lmcut: 14
[t=0.0139323s, 46344 KB] g=18, 174 evaluated, 21 expanded
[t=0.0149289s, 46344 KB] New best heuristic value for lmcut: 13
[t=0.0149289s, 46344 KB] g=19, 182 evaluated, 23 expanded
[t=0.0149289s, 46344 KB] New best heuristic value for lmcut: 12
[t=0.0149289s, 46344 KB] g=20, 185 evaluated, 24 expanded
[t=0.0159215s, 46344 KB] New best heuristic value for lmcut: 11
[t=0.0159215s, 46344 KB] g=21, 204 evaluated, 25 expanded
[t=0.0159215s, 46344 KB] New best heuristic value for lmcut: 10
[t=0.0159215s, 46344 KB] g=22, 227 evaluated, 26 expanded
[t=0.0169177s, 46344 KB] New best heuristic value for lmcut: 9
[t=0.0169177s, 46344 KB] g=23, 239 evaluated, 27 expanded
[t=0.0169177s, 46344 KB] New best heuristic value for lmcut: 8
[t=0.0169177s, 46344 KB] g=24, 250 evaluated, 28 expanded
[t=0.0169177s, 46344 KB] New best heuristic value for lmcut: 7
[t=0.0169177s, 46344 KB] g=25, 257 evaluated, 29 expanded
[t=0.0179145s, 46344 KB] New best heuristic value for lmcut: 6
[t=0.0179145s, 46344 KB] g=26, 270 evaluated, 30 expanded
[t=0.0179145s, 46344 KB] New best heuristic value for lmcut: 5
[t=0.0179145s, 46344 KB] g=27, 275 evaluated, 31 expanded
[t=0.0179145s, 46344 KB] New best heuristic value for lmcut: 4
[t=0.0179145s, 46344 KB] g=28, 289 evaluated, 32 expanded
[t=0.0179145s, 46344 KB] New best heuristic value for lmcut: 3
[t=0.0179145s, 46344 KB] g=29, 293 evaluated, 33 expanded
[t=0.0179145s, 46344 KB] New best heuristic value for lmcut: 2
[t=0.0179145s, 46344 KB] g=30, 308 evaluated, 34 expanded
[t=0.0179145s, 46344 KB] New best heuristic value for lmcut: 1
[t=0.0179145s, 46344 KB] g=31, 311 evaluated, 35 expanded
[t=0.018911s, 46344 KB] New best heuristic value for lmcut: 0
[t=0.018911s, 46344 KB] g=32, 330 evaluated, 36 expanded
[t=0.018911s, 46344 KB] Solution found!
[t=0.018911s, 46344 KB] Actual search time: 0.0149275s
up f0 f1 (1)
board f1 p7 (1)
board f1 p8 (1)
up f1 f11 (1)
board f11 p0 (1)
down f11 f0 (1)
depart f0 p0 (1)
up f0 f12 (1)
board f12 p6 (1)
down f12 f4 (1)
depart f4 p6 (1)
up f4 f13 (1)
board f13 p1 (1)
down f13 f3 (1)
depart f3 p1 (1)
up f3 f14 (1)
board f14 p4 (1)
down f14 f6 (1)
board f6 p2 (1)
board f6 p3 (1)
board f6 p5 (1)
down f6 f5 (1)
depart f5 p2 (1)
up f5 f15 (1)
depart f15 p3 (1)
down f15 f7 (1)
depart f7 p4 (1)
up f7 f16 (1)
depart f16 p5 (1)
down f16 f8 (1)
depart f8 p8 (1)
depart f8 p7 (1)
[t=0.018911s, 46344 KB] Plan length: 32 step(s).
[t=0.018911s, 46344 KB] Plan cost: 32
[t=0.018911s, 46344 KB] Expanded 37 state(s).
[t=0.018911s, 46344 KB] Reopened 0 state(s).
[t=0.018911s, 46344 KB] Evaluated 330 state(s).
[t=0.018911s, 46344 KB] Evaluations: 330
[t=0.018911s, 46344 KB] Generated 648 state(s).
[t=0.018911s, 46344 KB] Dead ends: 0 state(s).
[t=0.018911s, 46344 KB] Expanded until last jump: 1 state(s).
[t=0.018911s, 46344 KB] Reopened until last jump: 0 state(s).
[t=0.018911s, 46344 KB] Evaluated until last jump: 18 state(s).
[t=0.018911s, 46344 KB] Generated until last jump: 17 state(s).
[t=0.018911s, 46344 KB] Number of registered states: 330
[t=0.018911s, 46344 KB] Int hash set load factor: 330/512 = 0.644531
[t=0.018911s, 46344 KB] Int hash set resizes: 9
[t=0.018911s, 46344 KB] Search time: 0.0159224s
[t=0.018911s, 46344 KB] Total time: 0.018911s
Solution found.
Peak memory: 46344 KB
search exit code: 0

