JOBNAME = miconic-s24-2.sas_0
JOBID = 708060
Linux razor-10.dei.unipd.it 5.12.10-300.fc34.x86_64 #1 SMP Thu Jun 10 14:21:36 UTC 2021 x86_64 x86_64 x86_64 GNU/Linux
INFO     Running search (release).
INFO     search stdin: /nfsd/rop/instances/PlanningSAS/miconic-s24-2.sas
INFO     search time limit: 3600s
INFO     search memory limit: None
INFO     search command line string: /home/salvagni/Basel/downward/builds/release/bin/downward --search 'astar(LMcut())' --internal-plan-file sas_plan < /nfsd/rop/instances/PlanningSAS/miconic-s24-2.sas
[t=0s, 45824 KB] reading input...
[t=0.00596728s, 46168 KB] done reading input!
[t=0.00796162s, 47164 KB] Initializing landmark cut heuristic...
[t=0.00796162s, 47164 KB] Building successor generator...done!
[t=0.00796162s, 47264 KB] peak memory difference for successor generator creation: 100 KB
[t=0.00796162s, 47264 KB] time for successor generation creation: 0s
[t=0.00796162s, 47264 KB] Variables: 49
[t=0.00796162s, 47264 KB] FactPairs: 144
[t=0.00796162s, 47264 KB] Bytes per state: 8
[t=0.00895785s, 47264 KB] Conducting best first search with reopening closed nodes, (real) bound = 2147483647
[t=0.00995387s, 47264 KB] New best heuristic value for lmcut: 77
[t=0.00995387s, 47264 KB] g=0, 1 evaluated, 0 expanded
[t=0.00995387s, 47264 KB] f = 77, 1 evaluated, 0 expanded
[t=0.00995387s, 47264 KB] Initial heuristic value for lmcut: 77
[t=0.00995387s, 47264 KB] pruning method: none
[t=0.061802s, 47264 KB] f = 78, 48 evaluated, 1 expanded
[t=0.0637951s, 47264 KB] New best heuristic value for lmcut: 76
[t=0.0637951s, 47264 KB] g=2, 49 evaluated, 2 expanded
[t=0.117675s, 47264 KB] New best heuristic value for lmcut: 75
[t=0.117675s, 47264 KB] g=3, 98 evaluated, 5 expanded
[t=0.168546s, 47264 KB] New best heuristic value for lmcut: 74
[t=0.168546s, 47264 KB] g=4, 145 evaluated, 7 expanded
[t=0.221428s, 47264 KB] New best heuristic value for lmcut: 73
[t=0.221428s, 47264 KB] g=5, 194 evaluated, 12 expanded
[t=0.271313s, 47264 KB] New best heuristic value for lmcut: 72
[t=0.271313s, 47264 KB] g=6, 241 evaluated, 16 expanded
[t=0.323194s, 47264 KB] New best heuristic value for lmcut: 71
[t=0.323194s, 47264 KB] g=7, 290 evaluated, 19 expanded
[t=0.371084s, 47264 KB] New best heuristic value for lmcut: 70
[t=0.371084s, 47264 KB] g=8, 337 evaluated, 21 expanded
[t=0.420968s, 47264 KB] New best heuristic value for lmcut: 69
[t=0.420968s, 47264 KB] g=9, 386 evaluated, 27 expanded
[t=0.467865s, 47264 KB] New best heuristic value for lmcut: 68
[t=0.467865s, 47264 KB] g=10, 433 evaluated, 32 expanded
[t=0.564648s, 47264 KB] New best heuristic value for lmcut: 67
[t=0.564648s, 47264 KB] g=11, 531 evaluated, 39 expanded
[t=0.612531s, 47264 KB] New best heuristic value for lmcut: 66
[t=0.612531s, 47264 KB] g=12, 579 evaluated, 40 expanded
[t=0.657428s, 47264 KB] New best heuristic value for lmcut: 65
[t=0.657428s, 47264 KB] g=13, 626 evaluated, 42 expanded
[t=0.795122s, 47264 KB] New best heuristic value for lmcut: 64
[t=0.795122s, 47264 KB] g=14, 771 evaluated, 50 expanded
[t=0.928831s, 47264 KB] New best heuristic value for lmcut: 63
[t=0.928831s, 47264 KB] g=15, 914 evaluated, 58 expanded
[t=0.974728s, 47264 KB] New best heuristic value for lmcut: 62
[t=0.974728s, 47264 KB] g=16, 963 evaluated, 59 expanded
[t=1.19226s, 47264 KB] New best heuristic value for lmcut: 61
[t=1.19226s, 47264 KB] g=17, 1202 evaluated, 72 expanded
[t=1.32098s, 47264 KB] New best heuristic value for lmcut: 60
[t=1.32098s, 47264 KB] g=18, 1347 evaluated, 80 expanded
[t=1.49162s, 47264 KB] New best heuristic value for lmcut: 59
[t=1.49162s, 47264 KB] g=19, 1540 evaluated, 88 expanded
[t=1.53252s, 47264 KB] New best heuristic value for lmcut: 58
[t=1.53252s, 47264 KB] g=20, 1587 evaluated, 90 expanded
[t=1.69615s, 47264 KB] New best heuristic value for lmcut: 57
[t=1.69615s, 47264 KB] g=21, 1780 evaluated, 100 expanded
[t=1.81789s, 47264 KB] New best heuristic value for lmcut: 56
[t=1.81789s, 47264 KB] g=22, 1925 evaluated, 106 expanded
[t=1.8568s, 47264 KB] New best heuristic value for lmcut: 55
[t=1.8568s, 47264 KB] g=23, 1972 evaluated, 108 expanded
[t=1.93462s, 47264 KB] New best heuristic value for lmcut: 54
[t=1.93462s, 47264 KB] g=24, 2069 evaluated, 113 expanded
[t=1.97154s, 47264 KB] New best heuristic value for lmcut: 53
[t=1.97154s, 47264 KB] g=25, 2116 evaluated, 115 expanded
[t=2.08429s, 47264 KB] New best heuristic value for lmcut: 52
[t=2.08429s, 47264 KB] g=26, 2261 evaluated, 121 expanded
[t=2.23097s, 47264 KB] New best heuristic value for lmcut: 51
[t=2.23097s, 47264 KB] g=27, 2452 evaluated, 131 expanded
[t=2.26789s, 47264 KB] New best heuristic value for lmcut: 50
[t=2.26789s, 47264 KB] g=28, 2501 evaluated, 132 expanded
[t=2.26888s, 47264 KB] New best heuristic value for lmcut: 49
[t=2.26888s, 47264 KB] g=29, 2502 evaluated, 133 expanded
[t=2.3028s, 47264 KB] New best heuristic value for lmcut: 48
[t=2.3028s, 47264 KB] g=30, 2549 evaluated, 136 expanded
[t=2.33672s, 47264 KB] New best heuristic value for lmcut: 47
[t=2.33672s, 47264 KB] g=31, 2598 evaluated, 137 expanded
[t=2.47043s, 47264 KB] New best heuristic value for lmcut: 46
[t=2.47043s, 47264 KB] g=32, 2789 evaluated, 146 expanded
[t=2.53628s, 47264 KB] New best heuristic value for lmcut: 45
[t=2.53628s, 47264 KB] g=33, 2886 evaluated, 150 expanded
[t=2.6999s, 47264 KB] New best heuristic value for lmcut: 44
[t=2.6999s, 47264 KB] g=34, 3128 evaluated, 158 expanded
[t=2.92242s, 47264 KB] New best heuristic value for lmcut: 43
[t=2.92341s, 47264 KB] g=35, 3462 evaluated, 168 expanded
[t=2.98527s, 47264 KB] New best heuristic value for lmcut: 42
[t=2.98527s, 47264 KB] g=36, 3559 evaluated, 173 expanded
[t=3.0142s, 47264 KB] New best heuristic value for lmcut: 41
[t=3.0142s, 47264 KB] g=37, 3606 evaluated, 175 expanded
[t=3.10301s, 47264 KB] New best heuristic value for lmcut: 40
[t=3.10301s, 47264 KB] g=38, 3751 evaluated, 180 expanded
[t=3.21975s, 47264 KB] New best heuristic value for lmcut: 39
[t=3.21975s, 47264 KB] g=39, 3945 evaluated, 185 expanded
[t=3.41931s, 47264 KB] New best heuristic value for lmcut: 38
[t=3.42031s, 47264 KB] g=40, 4279 evaluated, 195 expanded
[t=3.50212s, 47264 KB] New best heuristic value for lmcut: 37
[t=3.50212s, 47264 KB] g=41, 4424 evaluated, 200 expanded
[t=3.61088s, 47264 KB] New best heuristic value for lmcut: 36
[t=3.61088s, 47264 KB] g=42, 4618 evaluated, 205 expanded
[t=3.79747s, 47264 KB] New best heuristic value for lmcut: 35
[t=3.79747s, 47264 KB] g=43, 4952 evaluated, 217 expanded
[t=3.8234s, 47264 KB] New best heuristic value for lmcut: 34
[t=3.8234s, 47264 KB] g=44, 5001 evaluated, 218 expanded
[t=3.8244s, 47264 KB] New best heuristic value for lmcut: 33
[t=3.8244s, 47264 KB] g=45, 5002 evaluated, 219 expanded
[t=3.84734s, 47264 KB] New best heuristic value for lmcut: 32
[t=3.84734s, 47264 KB] g=46, 5049 evaluated, 221 expanded
[t=3.87128s, 47264 KB] New best heuristic value for lmcut: 31
[t=3.87128s, 47264 KB] g=47, 5098 evaluated, 222 expanded
[t=3.98902s, 47264 KB] New best heuristic value for lmcut: 30
[t=3.98902s, 47264 KB] g=48, 5342 evaluated, 230 expanded
[t=4.01197s, 47264 KB] New best heuristic value for lmcut: 29
[t=4.01197s, 47264 KB] g=49, 5391 evaluated, 231 expanded
[t=4.01197s, 47264 KB] New best heuristic value for lmcut: 28
[t=4.01197s, 47264 KB] g=50, 5392 evaluated, 232 expanded
[t=4.03292s, 47264 KB] New best heuristic value for lmcut: 27
[t=4.03292s, 47264 KB] g=51, 5439 evaluated, 234 expanded
[t=4.07382s, 47264 KB] New best heuristic value for lmcut: 26
[t=4.07382s, 47264 KB] g=52, 5537 evaluated, 237 expanded
[t=4.09377s, 47264 KB] New best heuristic value for lmcut: 25
[t=4.09377s, 47264 KB] g=53, 5586 evaluated, 238 expanded
[t=4.09377s, 47264 KB] New best heuristic value for lmcut: 24
[t=4.09377s, 47264 KB] g=54, 5587 evaluated, 239 expanded
[t=4.11173s, 47264 KB] New best heuristic value for lmcut: 23
[t=4.11173s, 47264 KB] g=55, 5634 evaluated, 241 expanded
[t=4.14665s, 47264 KB] New best heuristic value for lmcut: 22
[t=4.14665s, 47264 KB] g=56, 5731 evaluated, 245 expanded
[t=4.14765s, 47264 KB] New best heuristic value for lmcut: 21
[t=4.14765s, 47264 KB] g=57, 5732 evaluated, 246 expanded
[t=4.1636s, 47264 KB] New best heuristic value for lmcut: 20
[t=4.1636s, 47264 KB] g=58, 5779 evaluated, 248 expanded
[t=4.17956s, 47264 KB] New best heuristic value for lmcut: 19
[t=4.17956s, 47264 KB] g=59, 5828 evaluated, 249 expanded
[t=4.17956s, 47264 KB] New best heuristic value for lmcut: 18
[t=4.17956s, 47264 KB] g=60, 5829 evaluated, 250 expanded
[t=4.19353s, 47264 KB] New best heuristic value for lmcut: 17
[t=4.19353s, 47264 KB] g=61, 5876 evaluated, 253 expanded
[t=4.19353s, 47264 KB] New best heuristic value for lmcut: 16
[t=4.19353s, 47264 KB] g=62, 5877 evaluated, 254 expanded
[t=4.20649s, 47264 KB] New best heuristic value for lmcut: 15
[t=4.20649s, 47264 KB] g=63, 5924 evaluated, 257 expanded
[t=4.20649s, 47264 KB] New best heuristic value for lmcut: 14
[t=4.20649s, 47264 KB] g=64, 5925 evaluated, 258 expanded
[t=4.21746s, 47264 KB] New best heuristic value for lmcut: 13
[t=4.21746s, 47264 KB] g=65, 5972 evaluated, 259 expanded
[t=4.23941s, 47264 KB] New best heuristic value for lmcut: 12
[t=4.23941s, 47264 KB] g=66, 6069 evaluated, 263 expanded
[t=4.27033s, 47264 KB] New best heuristic value for lmcut: 11
[t=4.27033s, 47264 KB] g=67, 6212 evaluated, 268 expanded
[t=4.28031s, 47264 KB] New best heuristic value for lmcut: 10
[t=4.28031s, 47264 KB] g=68, 6261 evaluated, 269 expanded
[t=4.28629s, 47264 KB] New best heuristic value for lmcut: 9
[t=4.28629s, 47264 KB] g=69, 6298 evaluated, 270 expanded
[t=4.28828s, 47264 KB] New best heuristic value for lmcut: 8
[t=4.28828s, 47264 KB] g=70, 6309 evaluated, 271 expanded
[t=4.29626s, 47264 KB] New best heuristic value for lmcut: 7
[t=4.29626s, 47264 KB] g=71, 6358 evaluated, 272 expanded
[t=4.31719s, 47264 KB] New best heuristic value for lmcut: 6
[t=4.31719s, 47264 KB] g=72, 6501 evaluated, 277 expanded
[t=4.32318s, 47264 KB] New best heuristic value for lmcut: 5
[t=4.32318s, 47264 KB] g=73, 6551 evaluated, 278 expanded
[t=4.32916s, 47264 KB] New best heuristic value for lmcut: 4
[t=4.32916s, 47264 KB] g=74, 6600 evaluated, 279 expanded
[t=4.33215s, 47264 KB] New best heuristic value for lmcut: 3
[t=4.33215s, 47264 KB] g=75, 6638 evaluated, 280 expanded
[t=4.33315s, 47264 KB] New best heuristic value for lmcut: 2
[t=4.33315s, 47264 KB] g=76, 6648 evaluated, 281 expanded
[t=4.33514s, 47264 KB] New best heuristic value for lmcut: 1
[t=4.33514s, 47264 KB] g=77, 6689 evaluated, 282 expanded
[t=4.33614s, 47264 KB] New best heuristic value for lmcut: 0
[t=4.33614s, 47264 KB] g=78, 6696 evaluated, 283 expanded
[t=4.33614s, 47264 KB] Solution found!
[t=4.33614s, 47264 KB] Actual search time: 4.32618s
up f0 f12 (1)
board f12 p9 (1)
down f12 f4 (1)
board f4 p1 (1)
up f4 f13 (1)
board f13 p17 (1)
down f13 f7 (1)
board f7 p22 (1)
up f7 f17 (1)
board f17 p12 (1)
board f17 p18 (1)
down f17 f9 (1)
board f9 p2 (1)
up f9 f18 (1)
board f18 p7 (1)
up f18 f24 (1)
board f24 p23 (1)
depart f24 p9 (1)
up f24 f25 (1)
board f25 p10 (1)
board f25 p8 (1)
down f25 f15 (1)
depart f15 p8 (1)
up f15 f26 (1)
board f26 p5 (1)
down f26 f11 (1)
board f11 p19 (1)
depart f11 p5 (1)
up f11 f16 (1)
depart f16 p19 (1)
up f16 f31 (1)
board f31 p4 (1)
board f31 p6 (1)
down f31 f2 (1)
depart f2 p6 (1)
up f2 f32 (1)
depart f32 p23 (1)
depart f32 p10 (1)
up f32 f38 (1)
board f38 p13 (1)
board f38 p3 (1)
down f38 f14 (1)
depart f14 p3 (1)
depart f14 p22 (1)
up f14 f30 (1)
board f30 p15 (1)
depart f30 p7 (1)
depart f30 p2 (1)
depart f30 p13 (1)
down f30 f3 (1)
depart f3 p18 (1)
depart f3 p15 (1)
depart f3 p12 (1)
up f3 f39 (1)
board f39 p14 (1)
depart f39 p4 (1)
down f39 f19 (1)
board f19 p16 (1)
depart f19 p14 (1)
up f19 f34 (1)
depart f34 p16 (1)
up f34 f40 (1)
board f40 p11 (1)
up f40 f43 (1)
board f43 p0 (1)
down f43 f0 (1)
depart f0 p11 (1)
depart f0 p0 (1)
up f0 f44 (1)
board f44 p21 (1)
down f44 f42 (1)
board f42 p20 (1)
depart f42 p21 (1)
depart f42 p1 (1)
down f42 f5 (1)
depart f5 p20 (1)
up f5 f45 (1)
depart f45 p17 (1)
[t=4.33614s, 47264 KB] Plan length: 78 step(s).
[t=4.33614s, 47264 KB] Plan cost: 78
[t=4.33614s, 47264 KB] Expanded 284 state(s).
[t=4.33614s, 47264 KB] Reopened 0 state(s).
[t=4.33614s, 47264 KB] Evaluated 6696 state(s).
[t=4.33614s, 47264 KB] Evaluations: 6696
[t=4.33614s, 47264 KB] Generated 13564 state(s).
[t=4.33614s, 47264 KB] Dead ends: 0 state(s).
[t=4.33614s, 47264 KB] Expanded until last jump: 1 state(s).
[t=4.33614s, 47264 KB] Reopened until last jump: 0 state(s).
[t=4.33614s, 47264 KB] Evaluated until last jump: 48 state(s).
[t=4.33614s, 47264 KB] Generated until last jump: 47 state(s).
[t=4.33614s, 47264 KB] Number of registered states: 6696
[t=4.33614s, 47264 KB] Int hash set load factor: 6696/8192 = 0.817383
[t=4.33614s, 47264 KB] Int hash set resizes: 13
[t=4.33614s, 47264 KB] Search time: 4.32718s
[t=4.33614s, 47264 KB] Total time: 4.33614s
Solution found.
Peak memory: 47264 KB
search exit code: 0

