JOBNAME = miconic-s14-3.sas_0
JOBID = 708006
Linux razor-16.dei.unipd.it 5.12.10-300.fc34.x86_64 #1 SMP Thu Jun 10 14:21:36 UTC 2021 x86_64 x86_64 x86_64 GNU/Linux
INFO     Running search (release).
INFO     search stdin: /nfsd/rop/instances/PlanningSAS/miconic-s14-3.sas
INFO     search time limit: 3600s
INFO     search memory limit: None
INFO     search command line string: /home/salvagni/Basel/downward/builds/release/bin/downward --search 'astar(LMcut())' --internal-plan-file sas_plan < /nfsd/rop/instances/PlanningSAS/miconic-s14-3.sas
[t=0s, 45824 KB] reading input...
[t=0.00199168s, 45948 KB] done reading input!
[t=0.00398671s, 46492 KB] Initializing landmark cut heuristic...
[t=0.00398671s, 46492 KB] Building successor generator...done!
[t=0.00398671s, 46492 KB] peak memory difference for successor generator creation: 0 KB
[t=0.00398671s, 46492 KB] time for successor generation creation: 0s
[t=0.00398671s, 46492 KB] Variables: 29
[t=0.00398671s, 46492 KB] FactPairs: 84
[t=0.00398671s, 46492 KB] Bytes per state: 8
[t=0.00398671s, 46492 KB] Conducting best first search with reopening closed nodes, (real) bound = 2147483647
[t=0.00398671s, 46492 KB] New best heuristic value for lmcut: 42
[t=0.00398671s, 46492 KB] g=0, 1 evaluated, 0 expanded
[t=0.00398671s, 46492 KB] f = 42, 1 evaluated, 0 expanded
[t=0.00398671s, 46492 KB] Initial heuristic value for lmcut: 42
[t=0.00398671s, 46492 KB] pruning method: none
[t=0.00498286s, 46492 KB] New best heuristic value for lmcut: 41
[t=0.00498286s, 46492 KB] g=1, 2 evaluated, 1 expanded
[t=0.00996279s, 46492 KB] New best heuristic value for lmcut: 40
[t=0.0109611s, 46492 KB] g=2, 31 evaluated, 2 expanded
[t=0.0149364s, 46492 KB] New best heuristic value for lmcut: 39
[t=0.0149364s, 46492 KB] g=3, 57 evaluated, 4 expanded
[t=0.0259074s, 46492 KB] New best heuristic value for lmcut: 38
[t=0.0259074s, 46492 KB] g=4, 115 evaluated, 11 expanded
[t=0.0318931s, 46492 KB] New best heuristic value for lmcut: 37
[t=0.0318931s, 46492 KB] g=5, 145 evaluated, 12 expanded
[t=0.0358788s, 46492 KB] New best heuristic value for lmcut: 36
[t=0.0358788s, 46492 KB] g=6, 170 evaluated, 14 expanded
[t=0.0458466s, 46492 KB] New best heuristic value for lmcut: 35
[t=0.0458466s, 46492 KB] g=7, 227 evaluated, 17 expanded
[t=0.0468452s, 46492 KB] New best heuristic value for lmcut: 34
[t=0.0468452s, 46492 KB] g=8, 230 evaluated, 18 expanded
[t=0.0508315s, 46492 KB] New best heuristic value for lmcut: 33
[t=0.0508315s, 46492 KB] g=9, 255 evaluated, 20 expanded
[t=0.055765s, 46492 KB] New best heuristic value for lmcut: 32
[t=0.055765s, 46492 KB] g=10, 285 evaluated, 23 expanded
[t=0.0607507s, 46492 KB] New best heuristic value for lmcut: 31
[t=0.0607507s, 46492 KB] g=11, 321 evaluated, 24 expanded
[t=0.0637426s, 46492 KB] New best heuristic value for lmcut: 30
[t=0.0637426s, 46492 KB] g=12, 340 evaluated, 26 expanded
[t=0.0807003s, 46492 KB] New best heuristic value for lmcut: 29
[t=0.0807003s, 46492 KB] g=13, 455 evaluated, 36 expanded
[t=0.0886781s, 46492 KB] New best heuristic value for lmcut: 28
[t=0.0886781s, 46492 KB] g=14, 511 evaluated, 37 expanded
[t=0.0886781s, 46492 KB] New best heuristic value for lmcut: 27
[t=0.0886781s, 46492 KB] g=15, 514 evaluated, 38 expanded
[t=0.0926656s, 46492 KB] New best heuristic value for lmcut: 26
[t=0.0926656s, 46492 KB] g=16, 539 evaluated, 40 expanded
[t=0.0996459s, 46492 KB] New best heuristic value for lmcut: 25
[t=0.0996459s, 46492 KB] g=17, 596 evaluated, 44 expanded
[t=0.0996459s, 46492 KB] New best heuristic value for lmcut: 24
[t=0.0996459s, 46492 KB] g=18, 599 evaluated, 45 expanded
[t=0.102636s, 46492 KB] New best heuristic value for lmcut: 23
[t=0.102636s, 46492 KB] g=19, 624 evaluated, 47 expanded
[t=0.109615s, 46492 KB] New best heuristic value for lmcut: 22
[t=0.109615s, 46492 KB] g=20, 681 evaluated, 51 expanded
[t=0.109615s, 46492 KB] New best heuristic value for lmcut: 21
[t=0.109615s, 46492 KB] g=21, 684 evaluated, 52 expanded
[t=0.112605s, 46492 KB] New best heuristic value for lmcut: 20
[t=0.112605s, 46492 KB] g=22, 709 evaluated, 54 expanded
[t=0.12158s, 46492 KB] New best heuristic value for lmcut: 19
[t=0.12158s, 46492 KB] g=23, 794 evaluated, 60 expanded
[t=0.12158s, 46492 KB] New best heuristic value for lmcut: 18
[t=0.12158s, 46492 KB] g=24, 797 evaluated, 61 expanded
[t=0.123573s, 46492 KB] New best heuristic value for lmcut: 17
[t=0.123573s, 46492 KB] g=25, 822 evaluated, 63 expanded
[t=0.131549s, 46492 KB] New best heuristic value for lmcut: 16
[t=0.131549s, 46492 KB] g=26, 909 evaluated, 70 expanded
[t=0.133542s, 46492 KB] New best heuristic value for lmcut: 15
[t=0.133542s, 46492 KB] g=27, 934 evaluated, 72 expanded
[t=0.140523s, 46492 KB] New best heuristic value for lmcut: 14
[t=0.140523s, 46492 KB] g=28, 1019 evaluated, 77 expanded
[t=0.140523s, 46492 KB] New best heuristic value for lmcut: 13
[t=0.141521s, 46492 KB] g=29, 1022 evaluated, 78 expanded
[t=0.142516s, 46492 KB] New best heuristic value for lmcut: 12
[t=0.142516s, 46492 KB] g=30, 1047 evaluated, 80 expanded
[t=0.146503s, 46492 KB] New best heuristic value for lmcut: 11
[t=0.146503s, 46492 KB] g=31, 1104 evaluated, 83 expanded
[t=0.146503s, 46492 KB] New best heuristic value for lmcut: 10
[t=0.146503s, 46492 KB] g=32, 1107 evaluated, 84 expanded
[t=0.148497s, 46492 KB] New best heuristic value for lmcut: 9
[t=0.148497s, 46492 KB] g=33, 1132 evaluated, 86 expanded
[t=0.150491s, 46492 KB] New best heuristic value for lmcut: 8
[t=0.150491s, 46492 KB] g=34, 1163 evaluated, 89 expanded
[t=0.151488s, 46492 KB] New best heuristic value for lmcut: 7
[t=0.151488s, 46492 KB] g=35, 1188 evaluated, 91 expanded
[t=0.153481s, 46492 KB] New best heuristic value for lmcut: 6
[t=0.153481s, 46492 KB] g=36, 1246 evaluated, 94 expanded
[t=0.155475s, 46492 KB] New best heuristic value for lmcut: 5
[t=0.155475s, 46492 KB] g=37, 1275 evaluated, 95 expanded
[t=0.155475s, 46492 KB] New best heuristic value for lmcut: 4
[t=0.155475s, 46492 KB] g=38, 1278 evaluated, 96 expanded
[t=0.156471s, 46492 KB] New best heuristic value for lmcut: 3
[t=0.156471s, 46492 KB] g=39, 1303 evaluated, 98 expanded
[t=0.156471s, 46492 KB] New best heuristic value for lmcut: 2
[t=0.157468s, 46492 KB] g=40, 1332 evaluated, 99 expanded
[t=0.157468s, 46492 KB] New best heuristic value for lmcut: 1
[t=0.157468s, 46492 KB] g=41, 1335 evaluated, 100 expanded
[t=0.157468s, 46492 KB] New best heuristic value for lmcut: 0
[t=0.157468s, 46492 KB] g=42, 1360 evaluated, 101 expanded
[t=0.157468s, 46492 KB] Solution found!
[t=0.157468s, 46492 KB] Actual search time: 0.153481s
board f0 p6 (1)
up f0 f18 (1)
board f18 p13 (1)
board f18 p9 (1)
down f18 f14 (1)
board f14 p1 (1)
depart f14 p13 (1)
down f14 f8 (1)
board f8 p10 (1)
board f8 p11 (1)
up f8 f21 (1)
board f21 p0 (1)
board f21 p3 (1)
depart f21 p10 (1)
down f21 f16 (1)
depart f16 p9 (1)
depart f16 p3 (1)
up f16 f19 (1)
board f19 p5 (1)
depart f19 p0 (1)
up f19 f22 (1)
board f22 p7 (1)
depart f22 p6 (1)
up f22 f23 (1)
board f23 p2 (1)
down f23 f20 (1)
board f20 p8 (1)
depart f20 p2 (1)
down f20 f15 (1)
depart f15 p8 (1)
depart f15 p7 (1)
up f15 f26 (1)
depart f26 p5 (1)
up f26 f27 (1)
board f27 p4 (1)
depart f27 p11 (1)
depart f27 p1 (1)
down f27 f12 (1)
board f12 p12 (1)
depart f12 p4 (1)
down f12 f10 (1)
depart f10 p12 (1)
[t=0.157468s, 46492 KB] Plan length: 42 step(s).
[t=0.157468s, 46492 KB] Plan cost: 42
[t=0.157468s, 46492 KB] Expanded 102 state(s).
[t=0.157468s, 46492 KB] Reopened 0 state(s).
[t=0.157468s, 46492 KB] Evaluated 1360 state(s).
[t=0.157468s, 46492 KB] Evaluations: 1360
[t=0.157468s, 46492 KB] Generated 2833 state(s).
[t=0.157468s, 46492 KB] Dead ends: 0 state(s).
[t=0.157468s, 46492 KB] Expanded until last jump: 0 state(s).
[t=0.157468s, 46492 KB] Reopened until last jump: 0 state(s).
[t=0.157468s, 46492 KB] Evaluated until last jump: 1 state(s).
[t=0.157468s, 46492 KB] Generated until last jump: 0 state(s).
[t=0.157468s, 46492 KB] Number of registered states: 1360
[t=0.157468s, 46492 KB] Int hash set load factor: 1360/2048 = 0.664062
[t=0.157468s, 46492 KB] Int hash set resizes: 11
[t=0.157468s, 46492 KB] Search time: 0.153481s
[t=0.157468s, 46492 KB] Total time: 0.157468s
Solution found.
Peak memory: 46492 KB
search exit code: 0

