JOBNAME = miconic-s17-2.sas_0
JOBID = 708021
Linux razor-16.dei.unipd.it 5.12.10-300.fc34.x86_64 #1 SMP Thu Jun 10 14:21:36 UTC 2021 x86_64 x86_64 x86_64 GNU/Linux
INFO     Running search (release).
INFO     search stdin: /nfsd/rop/instances/PlanningSAS/miconic-s17-2.sas
INFO     search time limit: 3600s
INFO     search memory limit: None
INFO     search command line string: /home/salvagni/Basel/downward/builds/release/bin/downward --search 'astar(LMcut())' --internal-plan-file sas_plan < /nfsd/rop/instances/PlanningSAS/miconic-s17-2.sas
[t=0s, 45824 KB] reading input...
[t=0.00294897s, 45948 KB] done reading input!
[t=0.00494196s, 46644 KB] Initializing landmark cut heuristic...
[t=0.00494196s, 46644 KB] Building successor generator...done!
[t=0.00494196s, 46768 KB] peak memory difference for successor generator creation: 124 KB
[t=0.00494196s, 46768 KB] time for successor generation creation: 0s
[t=0.00494196s, 46768 KB] Variables: 35
[t=0.00494196s, 46768 KB] FactPairs: 102
[t=0.00494196s, 46768 KB] Bytes per state: 8
[t=0.00494196s, 46768 KB] Conducting best first search with reopening closed nodes, (real) bound = 2147483647
[t=0.00593809s, 46768 KB] New best heuristic value for lmcut: 54
[t=0.00593809s, 46768 KB] g=0, 1 evaluated, 0 expanded
[t=0.00593809s, 46768 KB] f = 54, 1 evaluated, 0 expanded
[t=0.00593809s, 46768 KB] Initial heuristic value for lmcut: 54
[t=0.00593809s, 46768 KB] pruning method: none
[t=0.00593809s, 46768 KB] New best heuristic value for lmcut: 53
[t=0.00593809s, 46768 KB] g=1, 2 evaluated, 1 expanded
[t=0.0198913s, 46768 KB] New best heuristic value for lmcut: 52
[t=0.0198913s, 46768 KB] g=2, 36 evaluated, 2 expanded
[t=0.0318525s, 46768 KB] New best heuristic value for lmcut: 51
[t=0.0318525s, 46768 KB] g=3, 69 evaluated, 4 expanded
[t=0.0448091s, 46768 KB] New best heuristic value for lmcut: 50
[t=0.0448091s, 46768 KB] g=4, 105 evaluated, 7 expanded
[t=0.0567724s, 46768 KB] New best heuristic value for lmcut: 49
[t=0.0567724s, 46768 KB] g=5, 137 evaluated, 9 expanded
[t=0.0936899s, 46768 KB] New best heuristic value for lmcut: 48
[t=0.0936899s, 46768 KB] g=6, 240 evaluated, 14 expanded
[t=0.0946886s, 46768 KB] New best heuristic value for lmcut: 47
[t=0.0946886s, 46768 KB] g=7, 242 evaluated, 15 expanded
[t=0.105658s, 46768 KB] New best heuristic value for lmcut: 46
[t=0.105658s, 46768 KB] g=8, 274 evaluated, 17 expanded
[t=0.129599s, 46768 KB] New best heuristic value for lmcut: 45
[t=0.129599s, 46768 KB] g=9, 344 evaluated, 22 expanded
[t=0.139573s, 46768 KB] New best heuristic value for lmcut: 44
[t=0.139573s, 46768 KB] g=10, 376 evaluated, 24 expanded
[t=0.162518s, 46768 KB] New best heuristic value for lmcut: 43
[t=0.162518s, 46768 KB] g=11, 446 evaluated, 30 expanded
[t=0.172492s, 46768 KB] New best heuristic value for lmcut: 42
[t=0.172492s, 46768 KB] g=12, 478 evaluated, 32 expanded
[t=0.215393s, 46768 KB] New best heuristic value for lmcut: 41
[t=0.215393s, 46768 KB] g=13, 615 evaluated, 40 expanded
[t=0.215393s, 46768 KB] New best heuristic value for lmcut: 40
[t=0.215393s, 46768 KB] g=14, 617 evaluated, 41 expanded
[t=0.225367s, 46768 KB] New best heuristic value for lmcut: 39
[t=0.225367s, 46768 KB] g=15, 649 evaluated, 43 expanded
[t=0.25529s, 46768 KB] New best heuristic value for lmcut: 38
[t=0.25529s, 46768 KB] g=16, 753 evaluated, 50 expanded
[t=0.264266s, 46768 KB] New best heuristic value for lmcut: 37
[t=0.264266s, 46768 KB] g=17, 785 evaluated, 52 expanded
[t=0.293201s, 46768 KB] New best heuristic value for lmcut: 36
[t=0.293201s, 46768 KB] g=18, 889 evaluated, 59 expanded
[t=0.30118s, 46768 KB] New best heuristic value for lmcut: 35
[t=0.30118s, 46768 KB] g=19, 921 evaluated, 61 expanded
[t=0.328118s, 46768 KB] New best heuristic value for lmcut: 34
[t=0.328118s, 46768 KB] g=20, 1024 evaluated, 66 expanded
[t=0.380996s, 46768 KB] New best heuristic value for lmcut: 33
[t=0.380996s, 46768 KB] g=21, 1227 evaluated, 78 expanded
[t=0.405939s, 46768 KB] New best heuristic value for lmcut: 32
[t=0.405939s, 46768 KB] g=22, 1331 evaluated, 83 expanded
[t=0.414915s, 46768 KB] New best heuristic value for lmcut: 31
[t=0.414915s, 46768 KB] g=23, 1366 evaluated, 84 expanded
[t=0.414915s, 46768 KB] New best heuristic value for lmcut: 30
[t=0.414915s, 46768 KB] g=24, 1368 evaluated, 85 expanded
[t=0.422892s, 46768 KB] New best heuristic value for lmcut: 29
[t=0.422892s, 46768 KB] g=25, 1400 evaluated, 87 expanded
[t=0.444837s, 46768 KB] New best heuristic value for lmcut: 28
[t=0.445836s, 46768 KB] g=26, 1503 evaluated, 92 expanded
[t=0.445836s, 46768 KB] New best heuristic value for lmcut: 27
[t=0.445836s, 46768 KB] g=27, 1505 evaluated, 93 expanded
[t=0.452816s, 46768 KB] New best heuristic value for lmcut: 26
[t=0.452816s, 46768 KB] g=28, 1537 evaluated, 95 expanded
[t=0.493727s, 46768 KB] New best heuristic value for lmcut: 25
[t=0.493727s, 46768 KB] g=29, 1742 evaluated, 106 expanded
[t=0.493727s, 46768 KB] New best heuristic value for lmcut: 24
[t=0.493727s, 46768 KB] g=30, 1744 evaluated, 107 expanded
[t=0.499706s, 46768 KB] New best heuristic value for lmcut: 23
[t=0.499706s, 46768 KB] g=31, 1776 evaluated, 109 expanded
[t=0.524645s, 46768 KB] New best heuristic value for lmcut: 22
[t=0.524645s, 46768 KB] g=32, 1913 evaluated, 116 expanded
[t=0.547592s, 46768 KB] New best heuristic value for lmcut: 21
[t=0.547592s, 46768 KB] g=33, 2048 evaluated, 124 expanded
[t=0.570539s, 46768 KB] New best heuristic value for lmcut: 20
[t=0.570539s, 46768 KB] g=34, 2185 evaluated, 131 expanded
[t=0.593486s, 46768 KB] New best heuristic value for lmcut: 19
[t=0.593486s, 46768 KB] g=35, 2323 evaluated, 138 expanded
[t=0.597473s, 46768 KB] New best heuristic value for lmcut: 18
[t=0.598472s, 46768 KB] g=36, 2355 evaluated, 140 expanded
[t=0.603455s, 46768 KB] New best heuristic value for lmcut: 17
[t=0.603455s, 46768 KB] g=37, 2390 evaluated, 141 expanded
[t=0.603455s, 46768 KB] New best heuristic value for lmcut: 16
[t=0.603455s, 46768 KB] g=38, 2392 evaluated, 142 expanded
[t=0.607442s, 46768 KB] New best heuristic value for lmcut: 15
[t=0.607442s, 46768 KB] g=39, 2424 evaluated, 144 expanded
[t=0.612427s, 46768 KB] New best heuristic value for lmcut: 14
[t=0.612427s, 46768 KB] g=40, 2459 evaluated, 145 expanded
[t=0.624396s, 46768 KB] New best heuristic value for lmcut: 13
[t=0.624396s, 46768 KB] g=41, 2563 evaluated, 150 expanded
[t=0.628384s, 46768 KB] New best heuristic value for lmcut: 12
[t=0.628384s, 46768 KB] g=42, 2595 evaluated, 152 expanded
[t=0.631373s, 46768 KB] New best heuristic value for lmcut: 11
[t=0.631373s, 46768 KB] g=43, 2630 evaluated, 153 expanded
[t=0.648332s, 46768 KB] New best heuristic value for lmcut: 10
[t=0.648332s, 46768 KB] g=44, 2799 evaluated, 163 expanded
[t=0.655312s, 46768 KB] New best heuristic value for lmcut: 9
[t=0.655312s, 46768 KB] g=45, 2868 evaluated, 166 expanded
[t=0.655312s, 46768 KB] New best heuristic value for lmcut: 8
[t=0.655312s, 46768 KB] g=46, 2870 evaluated, 167 expanded
[t=0.657305s, 46768 KB] New best heuristic value for lmcut: 7
[t=0.657305s, 46768 KB] g=47, 2902 evaluated, 169 expanded
[t=0.66229s, 46768 KB] New best heuristic value for lmcut: 6
[t=0.66229s, 46768 KB] g=48, 2972 evaluated, 172 expanded
[t=0.664285s, 46768 KB] New best heuristic value for lmcut: 5
[t=0.664285s, 46768 KB] g=49, 3007 evaluated, 173 expanded
[t=0.665283s, 46768 KB] New best heuristic value for lmcut: 4
[t=0.665283s, 46768 KB] g=50, 3009 evaluated, 174 expanded
[t=0.66628s, 46768 KB] New best heuristic value for lmcut: 3
[t=0.66628s, 46768 KB] g=51, 3041 evaluated, 176 expanded
[t=0.668273s, 46768 KB] New best heuristic value for lmcut: 2
[t=0.668273s, 46768 KB] g=52, 3076 evaluated, 177 expanded
[t=0.668273s, 46768 KB] New best heuristic value for lmcut: 1
[t=0.668273s, 46768 KB] g=53, 3078 evaluated, 178 expanded
[t=0.669271s, 46768 KB] New best heuristic value for lmcut: 0
[t=0.669271s, 46768 KB] g=54, 3110 evaluated, 179 expanded
[t=0.669271s, 46768 KB] Solution found!
[t=0.669271s, 46768 KB] Actual search time: 0.663333s
board f0 p15 (1)
up f0 f14 (1)
board f14 p11 (1)
down f14 f3 (1)
board f3 p14 (1)
depart f3 p15 (1)
up f3 f15 (1)
board f15 p4 (1)
down f15 f5 (1)
board f5 p12 (1)
up f5 f19 (1)
board f19 p6 (1)
depart f19 p14 (1)
down f19 f4 (1)
depart f4 p6 (1)
up f4 f21 (1)
board f21 p16 (1)
up f21 f25 (1)
board f25 p0 (1)
down f25 f2 (1)
board f2 p1 (1)
depart f2 p16 (1)
depart f2 p0 (1)
up f2 f22 (1)
board f22 p13 (1)
depart f22 p1 (1)
up f22 f28 (1)
board f28 p3 (1)
depart f28 p13 (1)
up f28 f29 (1)
depart f29 p12 (1)
up f29 f31 (1)
board f31 p10 (1)
depart f31 p4 (1)
down f31 f12 (1)
board f12 p7 (1)
depart f12 p10 (1)
down f12 f8 (1)
depart f8 p7 (1)
depart f8 p11 (1)
up f8 f33 (1)
board f33 p2 (1)
down f33 f26 (1)
board f26 p9 (1)
depart f26 p2 (1)
down f26 f6 (1)
board f6 p5 (1)
depart f6 p9 (1)
depart f6 p3 (1)
up f6 f17 (1)
board f17 p8 (1)
depart f17 p5 (1)
down f17 f1 (1)
depart f1 p8 (1)
[t=0.669271s, 46768 KB] Plan length: 54 step(s).
[t=0.669271s, 46768 KB] Plan cost: 54
[t=0.669271s, 46768 KB] Expanded 180 state(s).
[t=0.669271s, 46768 KB] Reopened 0 state(s).
[t=0.669271s, 46768 KB] Evaluated 3110 state(s).
[t=0.669271s, 46768 KB] Evaluations: 3110
[t=0.669271s, 46768 KB] Generated 6095 state(s).
[t=0.669271s, 46768 KB] Dead ends: 0 state(s).
[t=0.669271s, 46768 KB] Expanded until last jump: 0 state(s).
[t=0.669271s, 46768 KB] Reopened until last jump: 0 state(s).
[t=0.669271s, 46768 KB] Evaluated until last jump: 1 state(s).
[t=0.669271s, 46768 KB] Generated until last jump: 0 state(s).
[t=0.669271s, 46768 KB] Number of registered states: 3110
[t=0.669271s, 46768 KB] Int hash set load factor: 3110/4096 = 0.759277
[t=0.669271s, 46768 KB] Int hash set resizes: 12
[t=0.669271s, 46768 KB] Search time: 0.664329s
[t=0.669271s, 46768 KB] Total time: 0.669271s
Solution found.
Peak memory: 46768 KB
search exit code: 0

