JOBNAME = miconic-s22-0.sas_0
JOBID = 708046
Linux razor-21.dei.unipd.it 5.12.10-300.fc34.x86_64 #1 SMP Thu Jun 10 14:21:36 UTC 2021 x86_64 x86_64 x86_64 GNU/Linux
INFO     Running search (release).
INFO     search stdin: /nfsd/rop/instances/PlanningSAS/miconic-s22-0.sas
INFO     search time limit: 3600s
INFO     search memory limit: None
INFO     search command line string: /home/salvagni/Basel/downward/builds/release/bin/downward --search 'astar(LMcut())' --internal-plan-file sas_plan < /nfsd/rop/instances/PlanningSAS/miconic-s22-0.sas
[t=0s, 45824 KB] reading input...
[t=0.00497387s, 46132 KB] done reading input!
[t=0.00696888s, 46868 KB] Initializing landmark cut heuristic...
[t=0.00696888s, 46868 KB] Building successor generator...done!
[t=0.00796243s, 46948 KB] peak memory difference for successor generator creation: 80 KB
[t=0.00796243s, 46948 KB] time for successor generation creation: 0.000993547s
[t=0.00796243s, 46948 KB] Variables: 45
[t=0.00796243s, 46948 KB] FactPairs: 132
[t=0.00796243s, 46948 KB] Bytes per state: 8
[t=0.00796243s, 46948 KB] Conducting best first search with reopening closed nodes, (real) bound = 2147483647
[t=0.0089587s, 46948 KB] New best heuristic value for lmcut: 72
[t=0.0089587s, 46948 KB] g=0, 1 evaluated, 0 expanded
[t=0.0089587s, 46948 KB] f = 72, 1 evaluated, 0 expanded
[t=0.0089587s, 46948 KB] Initial heuristic value for lmcut: 72
[t=0.0089587s, 46948 KB] pruning method: none
[t=0.0478497s, 46948 KB] f = 73, 44 evaluated, 1 expanded
[t=0.0488481s, 46948 KB] New best heuristic value for lmcut: 71
[t=0.0488481s, 46948 KB] g=2, 45 evaluated, 2 expanded
[t=0.127674s, 46948 KB] New best heuristic value for lmcut: 70
[t=0.127674s, 46948 KB] g=3, 134 evaluated, 9 expanded
[t=0.16559s, 46948 KB] New best heuristic value for lmcut: 69
[t=0.16559s, 46948 KB] g=4, 177 evaluated, 11 expanded
[t=0.31826s, 46948 KB] New best heuristic value for lmcut: 68
[t=0.31826s, 46948 KB] g=5, 354 evaluated, 25 expanded
[t=0.35518s, 46948 KB] New best heuristic value for lmcut: 67
[t=0.35518s, 46948 KB] g=6, 397 evaluated, 27 expanded
[t=0.429019s, 46948 KB] New best heuristic value for lmcut: 66
[t=0.429019s, 46948 KB] g=7, 486 evaluated, 30 expanded
[t=0.65056s, 46948 KB] New best heuristic value for lmcut: 65
[t=0.65056s, 46948 KB] g=8, 751 evaluated, 46 expanded
[t=0.685474s, 46948 KB] New best heuristic value for lmcut: 64
[t=0.686472s, 46948 KB] g=9, 794 evaluated, 48 expanded
[t=0.757314s, 46948 KB] New best heuristic value for lmcut: 63
[t=0.757314s, 46948 KB] g=10, 883 evaluated, 51 expanded
[t=0.967884s, 46948 KB] New best heuristic value for lmcut: 62
[t=0.967884s, 46948 KB] g=11, 1146 evaluated, 68 expanded
[t=0.968883s, 46948 KB] New best heuristic value for lmcut: 61
[t=0.968883s, 46948 KB] g=12, 1147 evaluated, 69 expanded
[t=1.00181s, 46948 KB] New best heuristic value for lmcut: 60
[t=1.00181s, 46948 KB] g=13, 1190 evaluated, 70 expanded
[t=1.06867s, 46948 KB] New best heuristic value for lmcut: 59
[t=1.06867s, 46948 KB] g=14, 1279 evaluated, 73 expanded
[t=1.2004s, 46948 KB] New best heuristic value for lmcut: 58
[t=1.2004s, 46948 KB] g=15, 1454 evaluated, 84 expanded
[t=1.23332s, 46948 KB] New best heuristic value for lmcut: 57
[t=1.23332s, 46948 KB] g=16, 1499 evaluated, 85 expanded
[t=1.23432s, 46948 KB] New best heuristic value for lmcut: 56
[t=1.23432s, 46948 KB] g=17, 1501 evaluated, 86 expanded
[t=1.26425s, 46948 KB] New best heuristic value for lmcut: 55
[t=1.26425s, 46948 KB] g=18, 1543 evaluated, 87 expanded
[t=1.29519s, 46948 KB] New best heuristic value for lmcut: 54
[t=1.29519s, 46948 KB] g=19, 1588 evaluated, 88 expanded
[t=1.386s, 46948 KB] New best heuristic value for lmcut: 53
[t=1.386s, 46948 KB] g=20, 1719 evaluated, 94 expanded
[t=1.41593s, 46948 KB] New best heuristic value for lmcut: 52
[t=1.41593s, 46948 KB] g=21, 1764 evaluated, 95 expanded
[t=1.6215s, 46948 KB] New best heuristic value for lmcut: 51
[t=1.6215s, 46948 KB] g=22, 2071 evaluated, 113 expanded
[t=1.65044s, 46948 KB] New best heuristic value for lmcut: 50
[t=1.65044s, 46948 KB] g=23, 2116 evaluated, 114 expanded
[t=1.84902s, 46948 KB] New best heuristic value for lmcut: 49
[t=1.84902s, 46948 KB] g=24, 2423 evaluated, 132 expanded
[t=1.87695s, 46948 KB] New best heuristic value for lmcut: 48
[t=1.87695s, 46948 KB] g=25, 2468 evaluated, 133 expanded
[t=2.07055s, 46948 KB] New best heuristic value for lmcut: 47
[t=2.07155s, 46948 KB] g=26, 2779 evaluated, 151 expanded
[t=2.09948s, 46948 KB] New best heuristic value for lmcut: 46
[t=2.09948s, 46948 KB] g=27, 2825 evaluated, 152 expanded
[t=2.12343s, 46948 KB] New best heuristic value for lmcut: 45
[t=2.12343s, 46948 KB] g=28, 2866 evaluated, 153 expanded
[t=2.14937s, 46948 KB] New best heuristic value for lmcut: 44
[t=2.14937s, 46948 KB] g=29, 2911 evaluated, 154 expanded
[t=2.2272s, 46948 KB] New best heuristic value for lmcut: 43
[t=2.2272s, 46948 KB] g=30, 3046 evaluated, 161 expanded
[t=2.24915s, 46948 KB] New best heuristic value for lmcut: 42
[t=2.24915s, 46948 KB] g=31, 3087 evaluated, 162 expanded
[t=2.27409s, 46948 KB] New best heuristic value for lmcut: 41
[t=2.27409s, 46948 KB] g=32, 3132 evaluated, 163 expanded
[t=2.34394s, 46948 KB] New best heuristic value for lmcut: 40
[t=2.34394s, 46948 KB] g=33, 3263 evaluated, 169 expanded
[t=2.36689s, 46948 KB] New best heuristic value for lmcut: 39
[t=2.36689s, 46948 KB] g=34, 3308 evaluated, 170 expanded
[t=2.52556s, 46948 KB] New best heuristic value for lmcut: 38
[t=2.52556s, 46948 KB] g=35, 3615 evaluated, 186 expanded
[t=2.54751s, 46948 KB] New best heuristic value for lmcut: 37
[t=2.54751s, 46948 KB] g=36, 3660 evaluated, 187 expanded
[t=2.65728s, 46948 KB] New best heuristic value for lmcut: 36
[t=2.65728s, 46948 KB] g=37, 3884 evaluated, 199 expanded
[t=2.67523s, 46948 KB] New best heuristic value for lmcut: 35
[t=2.67523s, 46948 KB] g=38, 3924 evaluated, 200 expanded
[t=2.71614s, 47080 KB] New best heuristic value for lmcut: 34
[t=2.71614s, 47080 KB] g=39, 4013 evaluated, 204 expanded
[t=2.77701s, 47080 KB] New best heuristic value for lmcut: 33
[t=2.778s, 47080 KB] g=40, 4148 evaluated, 211 expanded
[t=2.79496s, 47080 KB] New best heuristic value for lmcut: 32
[t=2.79496s, 47080 KB] g=41, 4189 evaluated, 212 expanded
[t=2.81392s, 47080 KB] New best heuristic value for lmcut: 31
[t=2.81392s, 47080 KB] g=42, 4234 evaluated, 213 expanded
[t=2.88676s, 47080 KB] New best heuristic value for lmcut: 30
[t=2.88676s, 47080 KB] g=43, 4409 evaluated, 222 expanded
[t=2.92168s, 47080 KB] New best heuristic value for lmcut: 29
[t=2.92168s, 47080 KB] g=44, 4498 evaluated, 225 expanded
[t=2.97257s, 47080 KB] New best heuristic value for lmcut: 28
[t=2.97257s, 47080 KB] g=45, 4629 evaluated, 232 expanded
[t=2.98953s, 47080 KB] New best heuristic value for lmcut: 27
[t=2.98953s, 47080 KB] g=46, 4674 evaluated, 233 expanded
[t=3.06936s, 47080 KB] New best heuristic value for lmcut: 26
[t=3.06936s, 47080 KB] g=47, 4893 evaluated, 244 expanded
[t=3.08532s, 47080 KB] New best heuristic value for lmcut: 25
[t=3.08532s, 47080 KB] g=48, 4938 evaluated, 245 expanded
[t=3.16216s, 47080 KB] New best heuristic value for lmcut: 24
[t=3.16216s, 47080 KB] g=49, 5161 evaluated, 256 expanded
[t=3.17512s, 47080 KB] New best heuristic value for lmcut: 23
[t=3.17512s, 47080 KB] g=50, 5202 evaluated, 257 expanded
[t=3.18909s, 47080 KB] New best heuristic value for lmcut: 22
[t=3.18909s, 47080 KB] g=51, 5248 evaluated, 258 expanded
[t=3.20306s, 47080 KB] New best heuristic value for lmcut: 21
[t=3.20306s, 47080 KB] g=52, 5293 evaluated, 259 expanded
[t=3.3218s, 47080 KB] New best heuristic value for lmcut: 20
[t=3.3218s, 47080 KB] g=53, 5688 evaluated, 274 expanded
[t=3.33377s, 47080 KB] New best heuristic value for lmcut: 19
[t=3.33377s, 47080 KB] g=54, 5733 evaluated, 275 expanded
[t=3.41859s, 47080 KB] New best heuristic value for lmcut: 18
[t=3.41859s, 47080 KB] g=55, 6040 evaluated, 285 expanded
[t=3.42956s, 47080 KB] New best heuristic value for lmcut: 17
[t=3.42956s, 47080 KB] g=56, 6085 evaluated, 286 expanded
[t=3.52935s, 47080 KB] New best heuristic value for lmcut: 16
[t=3.52935s, 47080 KB] g=57, 6480 evaluated, 300 expanded
[t=3.53932s, 47080 KB] New best heuristic value for lmcut: 15
[t=3.53932s, 47080 KB] g=58, 6525 evaluated, 301 expanded
[t=3.60917s, 47080 KB] New best heuristic value for lmcut: 14
[t=3.60917s, 47080 KB] g=59, 6831 evaluated, 311 expanded
[t=3.61914s, 47080 KB] New best heuristic value for lmcut: 13
[t=3.61914s, 47080 KB] g=60, 6877 evaluated, 312 expanded
[t=3.62712s, 47080 KB] New best heuristic value for lmcut: 12
[t=3.62712s, 47080 KB] g=61, 6922 evaluated, 313 expanded
[t=3.68598s, 47080 KB] New best heuristic value for lmcut: 11
[t=3.68598s, 47080 KB] g=62, 7230 evaluated, 323 expanded
[t=3.69296s, 47080 KB] New best heuristic value for lmcut: 10
[t=3.69296s, 47080 KB] g=63, 7276 evaluated, 324 expanded
[t=3.69994s, 47080 KB] New best heuristic value for lmcut: 9
[t=3.69994s, 47080 KB] g=64, 7321 evaluated, 325 expanded
[t=3.70193s, 47080 KB] New best heuristic value for lmcut: 8
[t=3.70193s, 47080 KB] g=65, 7330 evaluated, 326 expanded
[t=3.70592s, 47080 KB] New best heuristic value for lmcut: 7
[t=3.70592s, 47080 KB] g=66, 7365 evaluated, 327 expanded
[t=3.7129s, 47080 KB] New best heuristic value for lmcut: 6
[t=3.7129s, 47080 KB] g=67, 7422 evaluated, 330 expanded
[t=3.71589s, 47080 KB] New best heuristic value for lmcut: 5
[t=3.71589s, 47080 KB] g=68, 7453 evaluated, 331 expanded
[t=3.72487s, 47080 KB] New best heuristic value for lmcut: 4
[t=3.72487s, 47080 KB] g=69, 7543 evaluated, 334 expanded
[t=3.72885s, 47080 KB] New best heuristic value for lmcut: 3
[t=3.72885s, 47080 KB] g=70, 7588 evaluated, 335 expanded
[t=3.73185s, 47212 KB] New best heuristic value for lmcut: 2
[t=3.73185s, 47212 KB] g=71, 7630 evaluated, 336 expanded
[t=3.73185s, 47212 KB] New best heuristic value for lmcut: 1
[t=3.73185s, 47212 KB] g=72, 7632 evaluated, 337 expanded
[t=3.73384s, 47212 KB] New best heuristic value for lmcut: 0
[t=3.73384s, 47212 KB] g=73, 7677 evaluated, 338 expanded
[t=3.73384s, 47212 KB] Solution found!
[t=3.73384s, 47212 KB] Actual search time: 3.72488s
up f0 f17 (1)
board f17 p1 (1)
up f17 f20 (1)
board f20 p8 (1)
up f20 f22 (1)
board f22 p13 (1)
board f22 p3 (1)
up f22 f24 (1)
board f24 p9 (1)
down f24 f0 (1)
depart f0 p9 (1)
up f0 f25 (1)
board f25 p4 (1)
down f25 f1 (1)
board f1 p2 (1)
depart f1 p4 (1)
up f1 f15 (1)
depart f15 p2 (1)
up f15 f27 (1)
board f27 p11 (1)
up f27 f28 (1)
depart f28 p3 (1)
up f28 f29 (1)
board f29 p17 (1)
board f29 p18 (1)
board f29 p20 (1)
down f29 f21 (1)
board f21 p15 (1)
depart f21 p20 (1)
down f21 f18 (1)
depart f18 p15 (1)
up f18 f30 (1)
board f30 p5 (1)
down f30 f7 (1)
board f7 p7 (1)
depart f7 p5 (1)
up f7 f26 (1)
board f26 p12 (1)
depart f26 p7 (1)
down f26 f6 (1)
depart f6 p12 (1)
up f6 f31 (1)
depart f31 p17 (1)
up f31 f33 (1)
depart f33 p11 (1)
up f33 f35 (1)
board f35 p19 (1)
depart f35 p1 (1)
up f35 f37 (1)
board f37 p21 (1)
down f37 f23 (1)
depart f23 p21 (1)
up f23 f38 (1)
board f38 p6 (1)
down f38 f3 (1)
board f3 p14 (1)
depart f3 p6 (1)
up f3 f39 (1)
board f39 p0 (1)
down f39 f10 (1)
board f10 p16 (1)
depart f10 p8 (1)
depart f10 p19 (1)
depart f10 p0 (1)
up f10 f14 (1)
depart f14 p16 (1)
up f14 f43 (1)
board f43 p10 (1)
depart f43 p14 (1)
depart f43 p13 (1)
down f43 f8 (1)
depart f8 p18 (1)
depart f8 p10 (1)
[t=3.73384s, 47212 KB] Plan length: 73 step(s).
[t=3.73384s, 47212 KB] Plan cost: 73
[t=3.73384s, 47212 KB] Expanded 339 state(s).
[t=3.73384s, 47212 KB] Reopened 0 state(s).
[t=3.73384s, 47212 KB] Evaluated 7677 state(s).
[t=3.73384s, 47212 KB] Evaluations: 7677
[t=3.73384s, 47212 KB] Generated 14898 state(s).
[t=3.73384s, 47212 KB] Dead ends: 0 state(s).
[t=3.73384s, 47212 KB] Expanded until last jump: 1 state(s).
[t=3.73384s, 47212 KB] Reopened until last jump: 0 state(s).
[t=3.73384s, 47212 KB] Evaluated until last jump: 44 state(s).
[t=3.73384s, 47212 KB] Generated until last jump: 43 state(s).
[t=3.73384s, 47212 KB] Number of registered states: 7677
[t=3.73384s, 47212 KB] Int hash set load factor: 7677/16384 = 0.468567
[t=3.73384s, 47212 KB] Int hash set resizes: 14
[t=3.73384s, 47212 KB] Search time: 3.72588s
[t=3.73384s, 47212 KB] Total time: 3.73384s
Solution found.
Peak memory: 47212 KB
search exit code: 0

