JOBNAME = miconic-s7-1.sas_0
JOBID = 708115
Linux razor-14.dei.unipd.it 5.12.10-300.fc34.x86_64 #1 SMP Thu Jun 10 14:21:36 UTC 2021 x86_64 x86_64 x86_64 GNU/Linux
INFO     Running search (release).
INFO     search stdin: /nfsd/rop/instances/PlanningSAS/miconic-s7-1.sas
INFO     search time limit: 3600s
INFO     search memory limit: None
INFO     search command line string: /home/salvagni/Basel/downward/builds/release/bin/downward --search 'astar(LMcut())' --internal-plan-file sas_plan < /nfsd/rop/instances/PlanningSAS/miconic-s7-1.sas
[t=0s, 45824 KB] reading input...
[t=0s, 45824 KB] done reading input!
[t=0.00198811s, 46212 KB] Initializing landmark cut heuristic...
[t=0.00198811s, 46212 KB] Building successor generator...done!
[t=0.00198811s, 46212 KB] peak memory difference for successor generator creation: 0 KB
[t=0.00198811s, 46212 KB] time for successor generation creation: 0s
[t=0.00198811s, 46212 KB] Variables: 15
[t=0.00198811s, 46212 KB] FactPairs: 42
[t=0.00198811s, 46212 KB] Bytes per state: 4
[t=0.00198811s, 46212 KB] Conducting best first search with reopening closed nodes, (real) bound = 2147483647
[t=0.00198811s, 46212 KB] New best heuristic value for lmcut: 24
[t=0.00198811s, 46212 KB] g=0, 1 evaluated, 0 expanded
[t=0.00198811s, 46212 KB] f = 24, 1 evaluated, 0 expanded
[t=0.00198811s, 46212 KB] Initial heuristic value for lmcut: 24
[t=0.00198811s, 46212 KB] pruning method: none
[t=0.00198811s, 46212 KB] New best heuristic value for lmcut: 23
[t=0.00198811s, 46212 KB] g=1, 2 evaluated, 1 expanded
[t=0.00298406s, 46212 KB] New best heuristic value for lmcut: 22
[t=0.00298406s, 46212 KB] g=2, 15 evaluated, 2 expanded
[t=0.00397998s, 46212 KB] New best heuristic value for lmcut: 21
[t=0.00397998s, 46212 KB] g=3, 31 evaluated, 6 expanded
[t=0.00397998s, 46212 KB] New best heuristic value for lmcut: 20
[t=0.00397998s, 46212 KB] g=4, 43 evaluated, 7 expanded
[t=0.00497613s, 46212 KB] New best heuristic value for lmcut: 19
[t=0.00497613s, 46212 KB] g=5, 72 evaluated, 11 expanded
[t=0.00497613s, 46212 KB] New best heuristic value for lmcut: 18
[t=0.00497613s, 46212 KB] g=6, 74 evaluated, 12 expanded
[t=0.00596675s, 46212 KB] New best heuristic value for lmcut: 17
[t=0.00596675s, 46212 KB] g=7, 86 evaluated, 13 expanded
[t=0.00596675s, 46212 KB] New best heuristic value for lmcut: 16
[t=0.00596675s, 46212 KB] g=8, 102 evaluated, 19 expanded
[t=0.00596675s, 46212 KB] New best heuristic value for lmcut: 15
[t=0.00596675s, 46212 KB] g=9, 114 evaluated, 20 expanded
[t=0.00696249s, 46212 KB] New best heuristic value for lmcut: 14
[t=0.00696249s, 46212 KB] g=10, 130 evaluated, 23 expanded
[t=0.00696249s, 46212 KB] New best heuristic value for lmcut: 13
[t=0.00696249s, 46212 KB] g=11, 142 evaluated, 24 expanded
[t=0.00795907s, 46212 KB] New best heuristic value for lmcut: 12
[t=0.00795907s, 46212 KB] g=12, 171 evaluated, 29 expanded
[t=0.00795907s, 46212 KB] New best heuristic value for lmcut: 11
[t=0.00795907s, 46212 KB] g=13, 173 evaluated, 30 expanded
[t=0.00795907s, 46212 KB] New best heuristic value for lmcut: 10
[t=0.00795907s, 46212 KB] g=14, 185 evaluated, 31 expanded
[t=0.00895559s, 46212 KB] New best heuristic value for lmcut: 9
[t=0.00895559s, 46212 KB] g=15, 201 evaluated, 35 expanded
[t=0.00895559s, 46212 KB] New best heuristic value for lmcut: 8
[t=0.00895559s, 46212 KB] g=16, 213 evaluated, 36 expanded
[t=0.00895559s, 46212 KB] New best heuristic value for lmcut: 7
[t=0.00895559s, 46212 KB] g=17, 229 evaluated, 40 expanded
[t=0.00895559s, 46212 KB] New best heuristic value for lmcut: 6
[t=0.00895559s, 46212 KB] g=18, 241 evaluated, 41 expanded
[t=0.00995224s, 46212 KB] New best heuristic value for lmcut: 5
[t=0.00995224s, 46212 KB] g=19, 256 evaluated, 42 expanded
[t=0.00995224s, 46212 KB] New best heuristic value for lmcut: 4
[t=0.00995224s, 46212 KB] g=20, 265 evaluated, 43 expanded
[t=0.00995224s, 46212 KB] New best heuristic value for lmcut: 3
[t=0.00995224s, 46212 KB] g=21, 270 evaluated, 44 expanded
[t=0.00995224s, 46212 KB] New best heuristic value for lmcut: 2
[t=0.00995224s, 46212 KB] g=22, 290 evaluated, 47 expanded
[t=0.00995224s, 46212 KB] New best heuristic value for lmcut: 1
[t=0.00995224s, 46212 KB] g=23, 298 evaluated, 48 expanded
[t=0.00995224s, 46212 KB] New best heuristic value for lmcut: 0
[t=0.00995224s, 46212 KB] g=24, 313 evaluated, 49 expanded
[t=0.00995224s, 46212 KB] Solution found!
[t=0.010944s, 46212 KB] Actual search time: 0.00895592s
up f0 f13 (1)
board f13 p3 (1)
down f13 f2 (1)
board f2 p2 (1)
depart f2 p3 (1)
up f2 f6 (1)
board f6 p5 (1)
down f6 f4 (1)
depart f4 p5 (1)
up f4 f7 (1)
board f7 p1 (1)
depart f7 p2 (1)
up f7 f10 (1)
depart f10 p1 (1)
down f10 f8 (1)
board f8 p0 (1)
down f8 f1 (1)
board f1 p6 (1)
depart f1 p0 (1)
up f1 f9 (1)
board f9 p4 (1)
down f9 f5 (1)
depart f5 p6 (1)
depart f5 p4 (1)
[t=0.010944s, 46212 KB] Plan length: 24 step(s).
[t=0.010944s, 46212 KB] Plan cost: 24
[t=0.010944s, 46212 KB] Expanded 50 state(s).
[t=0.010944s, 46212 KB] Reopened 0 state(s).
[t=0.010944s, 46212 KB] Evaluated 313 state(s).
[t=0.010944s, 46212 KB] Evaluations: 313
[t=0.010944s, 46212 KB] Generated 680 state(s).
[t=0.010944s, 46212 KB] Dead ends: 0 state(s).
[t=0.010944s, 46212 KB] Expanded until last jump: 0 state(s).
[t=0.010944s, 46212 KB] Reopened until last jump: 0 state(s).
[t=0.010944s, 46212 KB] Evaluated until last jump: 1 state(s).
[t=0.010944s, 46212 KB] Generated until last jump: 0 state(s).
[t=0.010944s, 46212 KB] Number of registered states: 313
[t=0.010944s, 46212 KB] Int hash set load factor: 313/512 = 0.611328
[t=0.010944s, 46212 KB] Int hash set resizes: 9
[t=0.010944s, 46212 KB] Search time: 0.00895592s
[t=0.010944s, 46212 KB] Total time: 0.010944s
Solution found.
Peak memory: 46212 KB
search exit code: 0

