JOBNAME = miconic-s16-3.sas_0
JOBID = 708017
Linux razor-16.dei.unipd.it 5.12.10-300.fc34.x86_64 #1 SMP Thu Jun 10 14:21:36 UTC 2021 x86_64 x86_64 x86_64 GNU/Linux
INFO     Running search (release).
INFO     search stdin: /nfsd/rop/instances/PlanningSAS/miconic-s16-3.sas
INFO     search time limit: 3600s
INFO     search memory limit: None
INFO     search command line string: /home/salvagni/Basel/downward/builds/release/bin/downward --search 'astar(LMcut())' --internal-plan-file sas_plan < /nfsd/rop/instances/PlanningSAS/miconic-s16-3.sas
[t=0s, 45824 KB] reading input...
[t=0.00295239s, 45948 KB] done reading input!
[t=0.00494592s, 46700 KB] Initializing landmark cut heuristic...
[t=0.00494592s, 46700 KB] Building successor generator...done!
[t=0.00494592s, 46700 KB] peak memory difference for successor generator creation: 0 KB
[t=0.00494592s, 46700 KB] time for successor generation creation: 0s
[t=0.00494592s, 46700 KB] Variables: 33
[t=0.00494592s, 46700 KB] FactPairs: 96
[t=0.00494592s, 46700 KB] Bytes per state: 8
[t=0.00494592s, 46700 KB] Conducting best first search with reopening closed nodes, (real) bound = 2147483647
[t=0.00494592s, 46700 KB] New best heuristic value for lmcut: 51
[t=0.00494592s, 46700 KB] g=0, 1 evaluated, 0 expanded
[t=0.00494592s, 46700 KB] f = 51, 1 evaluated, 0 expanded
[t=0.00494592s, 46700 KB] Initial heuristic value for lmcut: 51
[t=0.00494592s, 46700 KB] pruning method: none
[t=0.0059415s, 46700 KB] New best heuristic value for lmcut: 50
[t=0.0059415s, 46700 KB] g=1, 2 evaluated, 1 expanded
[t=0.0158999s, 46700 KB] New best heuristic value for lmcut: 49
[t=0.0158999s, 46700 KB] g=2, 35 evaluated, 2 expanded
[t=0.0438099s, 46700 KB] f = 52, 128 evaluated, 4 expanded
[t=0.0438099s, 46700 KB] New best heuristic value for lmcut: 48
[t=0.0438099s, 46700 KB] g=4, 129 evaluated, 5 expanded
[t=0.0448085s, 46700 KB] New best heuristic value for lmcut: 47
[t=0.0448085s, 46700 KB] g=5, 130 evaluated, 6 expanded
[t=0.0527832s, 46700 KB] New best heuristic value for lmcut: 46
[t=0.0527832s, 46700 KB] g=6, 161 evaluated, 8 expanded
[t=0.0537816s, 46700 KB] New best heuristic value for lmcut: 45
[t=0.0537816s, 46700 KB] g=7, 162 evaluated, 9 expanded
[t=0.0617564s, 46700 KB] New best heuristic value for lmcut: 44
[t=0.0617564s, 46700 KB] g=8, 193 evaluated, 12 expanded
[t=0.0707306s, 46700 KB] New best heuristic value for lmcut: 43
[t=0.0707306s, 46700 KB] g=9, 226 evaluated, 17 expanded
[t=0.0797054s, 46700 KB] New best heuristic value for lmcut: 42
[t=0.0797054s, 46700 KB] g=10, 257 evaluated, 21 expanded
[t=0.0956618s, 46700 KB] New best heuristic value for lmcut: 41
[t=0.0956618s, 46700 KB] g=11, 322 evaluated, 25 expanded
[t=0.119598s, 46700 KB] New best heuristic value for lmcut: 40
[t=0.119598s, 46700 KB] g=12, 417 evaluated, 32 expanded
[t=0.12857s, 46700 KB] New best heuristic value for lmcut: 39
[t=0.12857s, 46700 KB] g=13, 450 evaluated, 33 expanded
[t=0.16748s, 46700 KB] New best heuristic value for lmcut: 38
[t=0.16748s, 46700 KB] g=14, 612 evaluated, 43 expanded
[t=0.25229s, 46700 KB] New best heuristic value for lmcut: 37
[t=0.25229s, 46700 KB] g=15, 962 evaluated, 61 expanded
[t=0.26027s, 46700 KB] New best heuristic value for lmcut: 36
[t=0.26027s, 46700 KB] g=16, 995 evaluated, 62 expanded
[t=0.290199s, 46700 KB] New best heuristic value for lmcut: 35
[t=0.290199s, 46700 KB] g=17, 1125 evaluated, 68 expanded
[t=0.339092s, 46700 KB] New best heuristic value for lmcut: 34
[t=0.339092s, 46700 KB] g=18, 1347 evaluated, 77 expanded
[t=0.34009s, 46700 KB] New best heuristic value for lmcut: 33
[t=0.34009s, 46700 KB] g=19, 1351 evaluated, 78 expanded
[t=0.346071s, 46700 KB] New best heuristic value for lmcut: 32
[t=0.346071s, 46700 KB] g=20, 1379 evaluated, 80 expanded
[t=0.35305s, 46700 KB] New best heuristic value for lmcut: 31
[t=0.35305s, 46700 KB] g=21, 1412 evaluated, 81 expanded
[t=0.378982s, 46700 KB] New best heuristic value for lmcut: 30
[t=0.378982s, 46700 KB] g=22, 1542 evaluated, 87 expanded
[t=0.421885s, 46700 KB] New best heuristic value for lmcut: 29
[t=0.421885s, 46700 KB] g=23, 1764 evaluated, 97 expanded
[t=0.445822s, 46700 KB] New best heuristic value for lmcut: 28
[t=0.445822s, 46700 KB] g=24, 1894 evaluated, 103 expanded
[t=0.511666s, 46700 KB] New best heuristic value for lmcut: 27
[t=0.511666s, 46700 KB] g=25, 2244 evaluated, 121 expanded
[t=0.533612s, 46700 KB] New best heuristic value for lmcut: 26
[t=0.533612s, 46700 KB] g=26, 2374 evaluated, 127 expanded
[t=0.594476s, 46700 KB] New best heuristic value for lmcut: 25
[t=0.594476s, 46700 KB] g=27, 2724 evaluated, 145 expanded
[t=0.615426s, 46700 KB] New best heuristic value for lmcut: 24
[t=0.615426s, 46700 KB] g=28, 2854 evaluated, 151 expanded
[t=0.672288s, 46740 KB] New best heuristic value for lmcut: 23
[t=0.672288s, 46740 KB] g=29, 3204 evaluated, 169 expanded
[t=0.691232s, 46740 KB] New best heuristic value for lmcut: 22
[t=0.691232s, 46740 KB] g=30, 3334 evaluated, 175 expanded
[t=0.725154s, 46740 KB] New best heuristic value for lmcut: 21
[t=0.725154s, 46740 KB] g=31, 3563 evaluated, 184 expanded
[t=0.729142s, 46740 KB] New best heuristic value for lmcut: 20
[t=0.729142s, 46740 KB] g=32, 3590 evaluated, 186 expanded
[t=0.734126s, 46740 KB] New best heuristic value for lmcut: 19
[t=0.734126s, 46740 KB] g=33, 3624 evaluated, 187 expanded
[t=0.738114s, 46740 KB] New best heuristic value for lmcut: 18
[t=0.738114s, 46740 KB] g=34, 3657 evaluated, 188 expanded
[t=0.738114s, 46740 KB] New best heuristic value for lmcut: 17
[t=0.738114s, 46740 KB] g=35, 3662 evaluated, 189 expanded
[t=0.742101s, 46740 KB] New best heuristic value for lmcut: 16
[t=0.742101s, 46740 KB] g=36, 3689 evaluated, 192 expanded
[t=0.745092s, 46740 KB] New best heuristic value for lmcut: 15
[t=0.745092s, 46740 KB] g=37, 3722 evaluated, 193 expanded
[t=0.74609s, 46740 KB] New best heuristic value for lmcut: 14
[t=0.74609s, 46740 KB] g=38, 3727 evaluated, 194 expanded
[t=0.748082s, 46740 KB] New best heuristic value for lmcut: 13
[t=0.748082s, 46740 KB] g=39, 3754 evaluated, 195 expanded
[t=0.74908s, 46740 KB] New best heuristic value for lmcut: 12
[t=0.74908s, 46740 KB] g=40, 3761 evaluated, 196 expanded
[t=0.751072s, 46740 KB] New best heuristic value for lmcut: 11
[t=0.751072s, 46740 KB] g=41, 3786 evaluated, 199 expanded
[t=0.75207s, 46740 KB] New best heuristic value for lmcut: 10
[t=0.75207s, 46740 KB] g=42, 3790 evaluated, 200 expanded
[t=0.757052s, 46740 KB] New best heuristic value for lmcut: 9
[t=0.757052s, 46740 KB] g=43, 3855 evaluated, 201 expanded
[t=0.759046s, 46740 KB] New best heuristic value for lmcut: 8
[t=0.759046s, 46740 KB] g=44, 3888 evaluated, 202 expanded
[t=0.759046s, 46740 KB] New best heuristic value for lmcut: 7
[t=0.759046s, 46740 KB] g=45, 3893 evaluated, 203 expanded
[t=0.76104s, 46740 KB] New best heuristic value for lmcut: 6
[t=0.76104s, 46740 KB] g=46, 3920 evaluated, 204 expanded
[t=0.762038s, 46740 KB] New best heuristic value for lmcut: 5
[t=0.762038s, 46740 KB] g=47, 3931 evaluated, 205 expanded
[t=0.763033s, 46740 KB] New best heuristic value for lmcut: 4
[t=0.763033s, 46740 KB] g=48, 3952 evaluated, 206 expanded
[t=0.76403s, 46740 KB] New best heuristic value for lmcut: 3
[t=0.76403s, 46740 KB] g=49, 3969 evaluated, 207 expanded
[t=0.76403s, 46740 KB] New best heuristic value for lmcut: 2
[t=0.76403s, 46740 KB] g=50, 3984 evaluated, 209 expanded
[t=0.765026s, 46740 KB] New best heuristic value for lmcut: 1
[t=0.765026s, 46740 KB] g=51, 3995 evaluated, 210 expanded
[t=0.765026s, 46740 KB] New best heuristic value for lmcut: 0
[t=0.765026s, 46740 KB] g=52, 4016 evaluated, 211 expanded
[t=0.765026s, 46740 KB] Solution found!
[t=0.765026s, 46740 KB] Actual search time: 0.759085s
board f0 p11 (1)
board f0 p6 (1)
up f0 f1 (1)
board f1 p0 (1)
up f1 f10 (1)
board f10 p7 (1)
up f10 f13 (1)
board f13 p14 (1)
up f13 f15 (1)
depart f15 p0 (1)
up f15 f24 (1)
board f24 p10 (1)
board f24 p12 (1)
down f24 f21 (1)
board f21 p3 (1)
depart f21 p10 (1)
down f21 f0 (1)
depart f0 p3 (1)
up f0 f22 (1)
depart f22 p12 (1)
up f22 f25 (1)
depart f25 p14 (1)
up f25 f27 (1)
depart f27 p7 (1)
up f27 f28 (1)
board f28 p8 (1)
down f28 f23 (1)
board f23 p15 (1)
board f23 p5 (1)
depart f23 p8 (1)
down f23 f14 (1)
board f14 p1 (1)
depart f14 p6 (1)
depart f14 p15 (1)
down f14 f6 (1)
board f6 p9 (1)
depart f6 p5 (1)
down f6 f4 (1)
depart f4 p9 (1)
up f4 f19 (1)
board f19 p2 (1)
board f19 p4 (1)
depart f19 p11 (1)
depart f19 p1 (1)
down f19 f12 (1)
depart f12 p2 (1)
down f12 f8 (1)
depart f8 p4 (1)
up f8 f30 (1)
board f30 p13 (1)
down f30 f18 (1)
depart f18 p13 (1)
[t=0.765026s, 46740 KB] Plan length: 52 step(s).
[t=0.765026s, 46740 KB] Plan cost: 52
[t=0.765026s, 46740 KB] Expanded 212 state(s).
[t=0.765026s, 46740 KB] Reopened 0 state(s).
[t=0.765026s, 46740 KB] Evaluated 4016 state(s).
[t=0.765026s, 46740 KB] Evaluations: 4016
[t=0.765026s, 46740 KB] Generated 6869 state(s).
[t=0.765026s, 46740 KB] Dead ends: 0 state(s).
[t=0.765026s, 46740 KB] Expanded until last jump: 4 state(s).
[t=0.765026s, 46740 KB] Reopened until last jump: 0 state(s).
[t=0.765026s, 46740 KB] Evaluated until last jump: 128 state(s).
[t=0.765026s, 46740 KB] Generated until last jump: 132 state(s).
[t=0.765026s, 46740 KB] Number of registered states: 4016
[t=0.765026s, 46740 KB] Int hash set load factor: 4016/8192 = 0.490234
[t=0.765026s, 46740 KB] Int hash set resizes: 13
[t=0.765026s, 46740 KB] Search time: 0.760081s
[t=0.765026s, 46740 KB] Total time: 0.765026s
Solution found.
Peak memory: 46740 KB
search exit code: 0

