JOBNAME = miconic-s12-3.sas_0
JOBID = 707994
Linux razor-16.dei.unipd.it 5.12.10-300.fc34.x86_64 #1 SMP Thu Jun 10 14:21:36 UTC 2021 x86_64 x86_64 x86_64 GNU/Linux
INFO     Running search (release).
INFO     search stdin: /nfsd/rop/instances/PlanningSAS/miconic-s12-3.sas
INFO     search time limit: 3600s
INFO     search memory limit: None
INFO     search command line string: /home/salvagni/Basel/downward/builds/release/bin/downward --search 'astar(LMcut())' --internal-plan-file sas_plan < /nfsd/rop/instances/PlanningSAS/miconic-s12-3.sas
[t=0s, 45824 KB] reading input...
[t=0.000993165s, 45824 KB] done reading input!
[t=0.00298352s, 46372 KB] Initializing landmark cut heuristic...
[t=0.00298352s, 46372 KB] Building successor generator...done!
[t=0.00298352s, 46372 KB] peak memory difference for successor generator creation: 0 KB
[t=0.00298352s, 46372 KB] time for successor generation creation: 0s
[t=0.00298352s, 46372 KB] Variables: 25
[t=0.00298352s, 46372 KB] FactPairs: 72
[t=0.00298352s, 46372 KB] Bytes per state: 4
[t=0.00298352s, 46372 KB] Conducting best first search with reopening closed nodes, (real) bound = 2147483647
[t=0.00298352s, 46372 KB] New best heuristic value for lmcut: 38
[t=0.00298352s, 46372 KB] g=0, 1 evaluated, 0 expanded
[t=0.00298352s, 46372 KB] f = 38, 1 evaluated, 0 expanded
[t=0.00298352s, 46372 KB] Initial heuristic value for lmcut: 38
[t=0.00298352s, 46372 KB] pruning method: none
[t=0.00298352s, 46372 KB] New best heuristic value for lmcut: 37
[t=0.00397983s, 46372 KB] g=1, 2 evaluated, 1 expanded
[t=0.00995263s, 46372 KB] f = 39, 48 evaluated, 2 expanded
[t=0.00995263s, 46372 KB] New best heuristic value for lmcut: 36
[t=0.00995263s, 46372 KB] g=3, 49 evaluated, 3 expanded
[t=0.00995263s, 46372 KB] New best heuristic value for lmcut: 35
[t=0.00995263s, 46372 KB] g=4, 50 evaluated, 4 expanded
[t=0.0129396s, 46372 KB] New best heuristic value for lmcut: 34
[t=0.0129396s, 46372 KB] g=5, 73 evaluated, 6 expanded
[t=0.0139376s, 46372 KB] New best heuristic value for lmcut: 33
[t=0.0139376s, 46372 KB] g=6, 75 evaluated, 7 expanded
[t=0.0169215s, 46372 KB] New best heuristic value for lmcut: 32
[t=0.0169215s, 46372 KB] g=7, 99 evaluated, 8 expanded
[t=0.0199135s, 46372 KB] New best heuristic value for lmcut: 31
[t=0.0199135s, 46372 KB] g=8, 122 evaluated, 10 expanded
[t=0.0199135s, 46372 KB] New best heuristic value for lmcut: 30
[t=0.0199135s, 46372 KB] g=9, 123 evaluated, 11 expanded
[t=0.0229067s, 46372 KB] New best heuristic value for lmcut: 29
[t=0.0229067s, 46372 KB] g=10, 147 evaluated, 13 expanded
[t=0.0308812s, 46372 KB] New best heuristic value for lmcut: 28
[t=0.0308812s, 46372 KB] g=11, 220 evaluated, 20 expanded
[t=0.0338704s, 46372 KB] New best heuristic value for lmcut: 27
[t=0.0338704s, 46372 KB] g=12, 244 evaluated, 22 expanded
[t=0.0438243s, 46372 KB] New best heuristic value for lmcut: 26
[t=0.0438243s, 46372 KB] g=13, 341 evaluated, 31 expanded
[t=0.0458174s, 46372 KB] New best heuristic value for lmcut: 25
[t=0.0458174s, 46372 KB] g=14, 365 evaluated, 33 expanded
[t=0.0488089s, 46372 KB] New best heuristic value for lmcut: 24
[t=0.0488089s, 46372 KB] g=15, 390 evaluated, 34 expanded
[t=0.0488089s, 46372 KB] New best heuristic value for lmcut: 23
[t=0.0488089s, 46372 KB] g=16, 391 evaluated, 35 expanded
[t=0.050803s, 46372 KB] New best heuristic value for lmcut: 22
[t=0.050803s, 46372 KB] g=17, 415 evaluated, 37 expanded
[t=0.0577854s, 46372 KB] New best heuristic value for lmcut: 21
[t=0.0577854s, 46372 KB] g=18, 489 evaluated, 44 expanded
[t=0.0597782s, 46372 KB] New best heuristic value for lmcut: 20
[t=0.0597782s, 46372 KB] g=19, 513 evaluated, 45 expanded
[t=0.0617725s, 46372 KB] New best heuristic value for lmcut: 19
[t=0.0617725s, 46372 KB] g=20, 537 evaluated, 47 expanded
[t=0.0637656s, 46372 KB] New best heuristic value for lmcut: 18
[t=0.0637656s, 46372 KB] g=21, 562 evaluated, 48 expanded
[t=0.0637656s, 46372 KB] New best heuristic value for lmcut: 17
[t=0.0637656s, 46372 KB] g=22, 563 evaluated, 49 expanded
[t=0.0657601s, 46372 KB] New best heuristic value for lmcut: 16
[t=0.0657601s, 46372 KB] g=23, 587 evaluated, 50 expanded
[t=0.0657601s, 46372 KB] New best heuristic value for lmcut: 15
[t=0.0657601s, 46372 KB] g=24, 597 evaluated, 51 expanded
[t=0.0667571s, 46372 KB] New best heuristic value for lmcut: 14
[t=0.0667571s, 46372 KB] g=25, 612 evaluated, 52 expanded
[t=0.0677534s, 46372 KB] New best heuristic value for lmcut: 13
[t=0.0677534s, 46372 KB] g=26, 626 evaluated, 53 expanded
[t=0.0687502s, 46372 KB] New best heuristic value for lmcut: 12
[t=0.0687502s, 46372 KB] g=27, 636 evaluated, 54 expanded
[t=0.0697471s, 46372 KB] New best heuristic value for lmcut: 11
[t=0.0697471s, 46372 KB] g=28, 661 evaluated, 55 expanded
[t=0.0757268s, 46372 KB] New best heuristic value for lmcut: 10
[t=0.0757268s, 46372 KB] g=29, 780 evaluated, 64 expanded
[t=0.0777218s, 46372 KB] New best heuristic value for lmcut: 9
[t=0.0777218s, 46372 KB] g=30, 829 evaluated, 67 expanded
[t=0.0817071s, 46372 KB] New best heuristic value for lmcut: 8
[t=0.0817071s, 46372 KB] g=31, 908 evaluated, 72 expanded
[t=0.0827056s, 46372 KB] New best heuristic value for lmcut: 7
[t=0.0827056s, 46372 KB] g=32, 925 evaluated, 73 expanded
[t=0.0827056s, 46372 KB] New best heuristic value for lmcut: 6
[t=0.0837014s, 46372 KB] g=33, 951 evaluated, 74 expanded
[t=0.0837014s, 46372 KB] New best heuristic value for lmcut: 5
[t=0.0837014s, 46372 KB] g=34, 976 evaluated, 75 expanded
[t=0.0846983s, 46372 KB] New best heuristic value for lmcut: 4
[t=0.0846983s, 46372 KB] g=35, 992 evaluated, 76 expanded
[t=0.0846983s, 46372 KB] New best heuristic value for lmcut: 3
[t=0.0846983s, 46372 KB] g=36, 1000 evaluated, 77 expanded
[t=0.0856947s, 46372 KB] New best heuristic value for lmcut: 2
[t=0.0856947s, 46372 KB] g=37, 1025 evaluated, 78 expanded
[t=0.0856947s, 46372 KB] New best heuristic value for lmcut: 1
[t=0.0856947s, 46372 KB] g=38, 1048 evaluated, 79 expanded
[t=0.0856947s, 46372 KB] New best heuristic value for lmcut: 0
[t=0.0856947s, 46372 KB] g=39, 1049 evaluated, 80 expanded
[t=0.0856947s, 46372 KB] Solution found!
[t=0.0856947s, 46372 KB] Actual search time: 0.0827112s
board f0 p11 (1)
up f0 f10 (1)
board f10 p7 (1)
down f10 f3 (1)
board f3 p2 (1)
board f3 p4 (1)
up f3 f11 (1)
depart f11 p11 (1)
down f11 f8 (1)
depart f8 p4 (1)
up f8 f14 (1)
board f14 p9 (1)
down f14 f12 (1)
depart f12 p9 (1)
depart f12 p2 (1)
up f12 f16 (1)
board f16 p10 (1)
board f16 p6 (1)
down f16 f5 (1)
board f5 p3 (1)
depart f5 p10 (1)
down f5 f0 (1)
depart f0 p3 (1)
up f0 f17 (1)
board f17 p0 (1)
up f17 f20 (1)
board f20 p8 (1)
down f20 f7 (1)
board f7 p5 (1)
depart f7 p8 (1)
down f7 f6 (1)
board f6 p1 (1)
depart f6 p6 (1)
depart f6 p5 (1)
up f6 f19 (1)
depart f19 p7 (1)
depart f19 p1 (1)
up f19 f23 (1)
depart f23 p0 (1)
[t=0.0856947s, 46372 KB] Plan length: 39 step(s).
[t=0.0856947s, 46372 KB] Plan cost: 39
[t=0.0856947s, 46372 KB] Expanded 81 state(s).
[t=0.0856947s, 46372 KB] Reopened 0 state(s).
[t=0.0856947s, 46372 KB] Evaluated 1049 state(s).
[t=0.0856947s, 46372 KB] Evaluations: 1049
[t=0.0856947s, 46372 KB] Generated 1935 state(s).
[t=0.0856947s, 46372 KB] Dead ends: 0 state(s).
[t=0.0856947s, 46372 KB] Expanded until last jump: 2 state(s).
[t=0.0856947s, 46372 KB] Reopened until last jump: 0 state(s).
[t=0.0856947s, 46372 KB] Evaluated until last jump: 48 state(s).
[t=0.0856947s, 46372 KB] Generated until last jump: 48 state(s).
[t=0.0856947s, 46372 KB] Number of registered states: 1049
[t=0.0856947s, 46372 KB] Int hash set load factor: 1049/2048 = 0.512207
[t=0.0856947s, 46372 KB] Int hash set resizes: 11
[t=0.0856947s, 46372 KB] Search time: 0.0827112s
[t=0.0856947s, 46372 KB] Total time: 0.0856947s
Solution found.
Peak memory: 46372 KB
search exit code: 0

