JOBNAME = miconic-s15-1.sas_0
JOBID = 708010
Linux razor-16.dei.unipd.it 5.12.10-300.fc34.x86_64 #1 SMP Thu Jun 10 14:21:36 UTC 2021 x86_64 x86_64 x86_64 GNU/Linux
INFO     Running search (release).
INFO     search stdin: /nfsd/rop/instances/PlanningSAS/miconic-s15-1.sas
INFO     search time limit: 3600s
INFO     search memory limit: None
INFO     search command line string: /home/salvagni/Basel/downward/builds/release/bin/downward --search 'astar(LMcut())' --internal-plan-file sas_plan < /nfsd/rop/instances/PlanningSAS/miconic-s15-1.sas
[t=0.000996424s, 45824 KB] reading input...
[t=0.00296s, 45948 KB] done reading input!
[t=0.00395826s, 46512 KB] Initializing landmark cut heuristic...
[t=0.00395826s, 46512 KB] Building successor generator...done!
[t=0.00495381s, 46512 KB] peak memory difference for successor generator creation: 0 KB
[t=0.00495381s, 46512 KB] time for successor generation creation: 0s
[t=0.00495381s, 46512 KB] Variables: 31
[t=0.00495381s, 46512 KB] FactPairs: 90
[t=0.00495381s, 46512 KB] Bytes per state: 8
[t=0.00495381s, 46512 KB] Conducting best first search with reopening closed nodes, (real) bound = 2147483647
[t=0.00495381s, 46512 KB] New best heuristic value for lmcut: 49
[t=0.00495381s, 46512 KB] g=0, 1 evaluated, 0 expanded
[t=0.00495381s, 46512 KB] f = 49, 1 evaluated, 0 expanded
[t=0.00495381s, 46512 KB] Initial heuristic value for lmcut: 49
[t=0.00495381s, 46512 KB] pruning method: none
[t=0.0129172s, 46512 KB] f = 50, 30 evaluated, 1 expanded
[t=0.0129172s, 46512 KB] New best heuristic value for lmcut: 48
[t=0.0129172s, 46512 KB] g=2, 31 evaluated, 2 expanded
[t=0.0139159s, 46512 KB] New best heuristic value for lmcut: 47
[t=0.0139159s, 46512 KB] g=3, 33 evaluated, 3 expanded
[t=0.0657795s, 46512 KB] New best heuristic value for lmcut: 46
[t=0.0657795s, 46512 KB] g=4, 241 evaluated, 16 expanded
[t=0.0667784s, 46512 KB] New best heuristic value for lmcut: 45
[t=0.0667784s, 46512 KB] g=5, 243 evaluated, 17 expanded
[t=0.102688s, 46512 KB] New best heuristic value for lmcut: 44
[t=0.102688s, 46512 KB] g=6, 393 evaluated, 25 expanded
[t=0.109665s, 46512 KB] New best heuristic value for lmcut: 43
[t=0.109665s, 46512 KB] g=7, 422 evaluated, 27 expanded
[t=0.110663s, 46512 KB] New best heuristic value for lmcut: 42
[t=0.110663s, 46512 KB] g=8, 425 evaluated, 28 expanded
[t=0.123624s, 46512 KB] New best heuristic value for lmcut: 41
[t=0.123624s, 46512 KB] g=9, 485 evaluated, 29 expanded
[t=0.123624s, 46512 KB] New best heuristic value for lmcut: 40
[t=0.123624s, 46512 KB] g=10, 486 evaluated, 30 expanded
[t=0.130604s, 46512 KB] New best heuristic value for lmcut: 39
[t=0.130604s, 46512 KB] g=11, 515 evaluated, 31 expanded
[t=0.161535s, 46512 KB] New best heuristic value for lmcut: 38
[t=0.161535s, 46512 KB] g=12, 666 evaluated, 42 expanded
[t=0.167513s, 46512 KB] New best heuristic value for lmcut: 37
[t=0.167513s, 46512 KB] g=13, 695 evaluated, 43 expanded
[t=0.173495s, 46512 KB] New best heuristic value for lmcut: 36
[t=0.174493s, 46512 KB] g=14, 726 evaluated, 44 expanded
[t=0.215403s, 46512 KB] New best heuristic value for lmcut: 35
[t=0.215403s, 46512 KB] g=15, 935 evaluated, 57 expanded
[t=0.221387s, 46512 KB] New best heuristic value for lmcut: 34
[t=0.221387s, 46512 KB] g=16, 966 evaluated, 58 expanded
[t=0.260286s, 46512 KB] New best heuristic value for lmcut: 33
[t=0.260286s, 46512 KB] g=17, 1175 evaluated, 71 expanded
[t=0.266268s, 46512 KB] New best heuristic value for lmcut: 32
[t=0.266268s, 46512 KB] g=18, 1206 evaluated, 72 expanded
[t=0.28722s, 46512 KB] New best heuristic value for lmcut: 31
[t=0.28722s, 46512 KB] g=19, 1327 evaluated, 79 expanded
[t=0.292206s, 46512 KB] New best heuristic value for lmcut: 30
[t=0.292206s, 46512 KB] g=20, 1356 evaluated, 80 expanded
[t=0.297191s, 46512 KB] New best heuristic value for lmcut: 29
[t=0.297191s, 46512 KB] g=21, 1387 evaluated, 81 expanded
[t=0.316145s, 46512 KB] New best heuristic value for lmcut: 28
[t=0.316145s, 46512 KB] g=22, 1506 evaluated, 88 expanded
[t=0.321131s, 46512 KB] New best heuristic value for lmcut: 27
[t=0.321131s, 46512 KB] g=23, 1537 evaluated, 89 expanded
[t=0.348066s, 46512 KB] New best heuristic value for lmcut: 26
[t=0.348066s, 46512 KB] g=24, 1716 evaluated, 100 expanded
[t=0.353052s, 46512 KB] New best heuristic value for lmcut: 25
[t=0.353052s, 46512 KB] g=25, 1747 evaluated, 101 expanded
[t=0.377992s, 46512 KB] New best heuristic value for lmcut: 24
[t=0.377992s, 46512 KB] g=26, 1926 evaluated, 112 expanded
[t=0.38198s, 46512 KB] New best heuristic value for lmcut: 23
[t=0.382978s, 46512 KB] g=27, 1957 evaluated, 113 expanded
[t=0.405922s, 46512 KB] New best heuristic value for lmcut: 22
[t=0.405922s, 46512 KB] g=28, 2136 evaluated, 124 expanded
[t=0.40991s, 46512 KB] New best heuristic value for lmcut: 21
[t=0.40991s, 46512 KB] g=29, 2167 evaluated, 125 expanded
[t=0.420874s, 46512 KB] New best heuristic value for lmcut: 20
[t=0.420874s, 46512 KB] g=30, 2258 evaluated, 130 expanded
[t=0.424862s, 46512 KB] New best heuristic value for lmcut: 19
[t=0.424862s, 46512 KB] g=31, 2287 evaluated, 131 expanded
[t=0.427852s, 46512 KB] New best heuristic value for lmcut: 18
[t=0.427852s, 46512 KB] g=32, 2318 evaluated, 132 expanded
[t=0.437826s, 46512 KB] New best heuristic value for lmcut: 17
[t=0.437826s, 46512 KB] g=33, 2407 evaluated, 137 expanded
[t=0.440816s, 46512 KB] New best heuristic value for lmcut: 16
[t=0.440816s, 46512 KB] g=34, 2438 evaluated, 138 expanded
[t=0.45478s, 46512 KB] New best heuristic value for lmcut: 15
[t=0.45478s, 46512 KB] g=35, 2587 evaluated, 148 expanded
[t=0.457771s, 46512 KB] New best heuristic value for lmcut: 14
[t=0.457771s, 46512 KB] g=36, 2618 evaluated, 149 expanded
[t=0.475726s, 46512 KB] New best heuristic value for lmcut: 13
[t=0.475726s, 46512 KB] g=37, 2827 evaluated, 161 expanded
[t=0.478715s, 46512 KB] New best heuristic value for lmcut: 12
[t=0.478715s, 46512 KB] g=38, 2858 evaluated, 162 expanded
[t=0.489685s, 46512 KB] New best heuristic value for lmcut: 11
[t=0.489685s, 46512 KB] g=39, 3010 evaluated, 169 expanded
[t=0.489685s, 46512 KB] New best heuristic value for lmcut: 10
[t=0.489685s, 46512 KB] g=40, 3011 evaluated, 170 expanded
[t=0.491679s, 46512 KB] New best heuristic value for lmcut: 9
[t=0.491679s, 46512 KB] g=41, 3040 evaluated, 171 expanded
[t=0.493673s, 46512 KB] New best heuristic value for lmcut: 8
[t=0.493673s, 46512 KB] g=42, 3072 evaluated, 172 expanded
[t=0.495668s, 46512 KB] New best heuristic value for lmcut: 7
[t=0.495668s, 46512 KB] g=43, 3103 evaluated, 173 expanded
[t=0.495668s, 46512 KB] New best heuristic value for lmcut: 6
[t=0.495668s, 46512 KB] g=44, 3109 evaluated, 174 expanded
[t=0.496664s, 46512 KB] New best heuristic value for lmcut: 5
[t=0.496664s, 46512 KB] g=45, 3133 evaluated, 175 expanded
[t=0.498657s, 46512 KB] New best heuristic value for lmcut: 4
[t=0.498657s, 46512 KB] g=46, 3170 evaluated, 179 expanded
[t=0.499655s, 46512 KB] New best heuristic value for lmcut: 3
[t=0.499655s, 46512 KB] g=47, 3193 evaluated, 180 expanded
[t=0.500651s, 46512 KB] New best heuristic value for lmcut: 2
[t=0.500651s, 46512 KB] g=48, 3224 evaluated, 181 expanded
[t=0.500651s, 46512 KB] New best heuristic value for lmcut: 1
[t=0.501646s, 46512 KB] g=49, 3250 evaluated, 182 expanded
[t=0.501646s, 46512 KB] New best heuristic value for lmcut: 0
[t=0.501646s, 46512 KB] g=50, 3254 evaluated, 183 expanded
[t=0.501646s, 46512 KB] Solution found!
[t=0.501646s, 46512 KB] Actual search time: 0.496692s
up f0 f16 (1)
board f16 p2 (1)
down f16 f13 (1)
board f13 p12 (1)
depart f13 p2 (1)
down f13 f1 (1)
board f1 p4 (1)
board f1 p7 (1)
depart f1 p12 (1)
up f1 f18 (1)
board f18 p8 (1)
down f18 f3 (1)
board f3 p9 (1)
up f3 f20 (1)
board f20 p0 (1)
down f20 f11 (1)
board f11 p10 (1)
depart f11 p0 (1)
down f11 f4 (1)
depart f4 p9 (1)
up f4 f22 (1)
depart f22 p10 (1)
down f22 f5 (1)
board f5 p11 (1)
up f5 f25 (1)
board f25 p3 (1)
down f25 f10 (1)
depart f10 p7 (1)
depart f10 p3 (1)
down f10 f6 (1)
depart f6 p11 (1)
up f6 f27 (1)
board f27 p13 (1)
up f27 f28 (1)
board f28 p5 (1)
down f28 f17 (1)
board f17 p6 (1)
depart f17 p5 (1)
depart f17 p13 (1)
down f17 f0 (1)
depart f0 p8 (1)
depart f0 p6 (1)
depart f0 p4 (1)
up f0 f29 (1)
board f29 p1 (1)
down f29 f14 (1)
board f14 p14 (1)
depart f14 p1 (1)
up f14 f26 (1)
depart f26 p14 (1)
[t=0.501646s, 46512 KB] Plan length: 50 step(s).
[t=0.501646s, 46512 KB] Plan cost: 50
[t=0.501646s, 46512 KB] Expanded 184 state(s).
[t=0.501646s, 46512 KB] Reopened 0 state(s).
[t=0.501646s, 46512 KB] Evaluated 3254 state(s).
[t=0.501646s, 46512 KB] Evaluations: 3254
[t=0.501646s, 46512 KB] Generated 5500 state(s).
[t=0.501646s, 46512 KB] Dead ends: 0 state(s).
[t=0.501646s, 46512 KB] Expanded until last jump: 1 state(s).
[t=0.501646s, 46512 KB] Reopened until last jump: 0 state(s).
[t=0.501646s, 46512 KB] Evaluated until last jump: 30 state(s).
[t=0.501646s, 46512 KB] Generated until last jump: 29 state(s).
[t=0.501646s, 46512 KB] Number of registered states: 3254
[t=0.501646s, 46512 KB] Int hash set load factor: 3254/4096 = 0.794434
[t=0.501646s, 46512 KB] Int hash set resizes: 12
[t=0.501646s, 46512 KB] Search time: 0.496692s
[t=0.501646s, 46512 KB] Total time: 0.501646s
Solution found.
Peak memory: 46512 KB
search exit code: 0

