JOBNAME = miconic-s30-3.sas_0
JOBID = 708092
Linux razor-07.dei.unipd.it 5.12.10-300.fc34.x86_64 #1 SMP Thu Jun 10 14:21:36 UTC 2021 x86_64 x86_64 x86_64 GNU/Linux
INFO     Running search (release).
INFO     search stdin: /nfsd/rop/instances/PlanningSAS/miconic-s30-3.sas
INFO     search time limit: 3600s
INFO     search memory limit: None
INFO     search command line string: /home/salvagni/Basel/downward/builds/release/bin/downward --search 'astar(LMcut())' --internal-plan-file sas_plan < /nfsd/rop/instances/PlanningSAS/miconic-s30-3.sas
[t=0s, 45824 KB] reading input...
[t=0.00894576s, 46420 KB] done reading input!
[t=0.0109371s, 47392 KB] Initializing landmark cut heuristic...
[t=0.0109371s, 47392 KB] Building successor generator...done!
[t=0.0119329s, 47744 KB] peak memory difference for successor generator creation: 352 KB
[t=0.0119329s, 47744 KB] time for successor generation creation: 0s
[t=0.0119329s, 47744 KB] Variables: 61
[t=0.0119329s, 47744 KB] FactPairs: 180
[t=0.0119329s, 47744 KB] Bytes per state: 12
[t=0.0119329s, 47744 KB] Conducting best first search with reopening closed nodes, (real) bound = 2147483647
[t=0.0149227s, 47744 KB] New best heuristic value for lmcut: 100
[t=0.0149227s, 47744 KB] g=0, 1 evaluated, 0 expanded
[t=0.0149227s, 47744 KB] f = 100, 1 evaluated, 0 expanded
[t=0.0149227s, 47744 KB] Initial heuristic value for lmcut: 100
[t=0.0149227s, 47744 KB] pruning method: none
[t=0.153629s, 47744 KB] f = 101, 60 evaluated, 1 expanded
[t=0.155622s, 47744 KB] New best heuristic value for lmcut: 99
[t=0.155622s, 47744 KB] g=2, 61 evaluated, 2 expanded
[t=0.437047s, 47744 KB] New best heuristic value for lmcut: 98
[t=0.437047s, 47744 KB] g=3, 182 evaluated, 9 expanded
[t=0.572771s, 47744 KB] New best heuristic value for lmcut: 97
[t=0.572771s, 47744 KB] g=4, 241 evaluated, 11 expanded
[t=0.848208s, 47744 KB] New best heuristic value for lmcut: 96
[t=0.848208s, 47744 KB] g=5, 362 evaluated, 18 expanded
[t=0.981943s, 47744 KB] New best heuristic value for lmcut: 95
[t=0.981943s, 47744 KB] g=6, 421 evaluated, 20 expanded
[t=1.25241s, 47744 KB] New best heuristic value for lmcut: 94
[t=1.25241s, 47744 KB] g=7, 542 evaluated, 28 expanded
[t=1.38216s, 47744 KB] New best heuristic value for lmcut: 93
[t=1.38216s, 47744 KB] g=8, 601 evaluated, 30 expanded
[t=1.64763s, 47744 KB] New best heuristic value for lmcut: 92
[t=1.64763s, 47744 KB] g=9, 722 evaluated, 38 expanded
[t=1.77536s, 47744 KB] New best heuristic value for lmcut: 91
[t=1.77536s, 47744 KB] g=10, 781 evaluated, 40 expanded
[t=2.03584s, 47744 KB] New best heuristic value for lmcut: 90
[t=2.03584s, 47744 KB] g=11, 903 evaluated, 48 expanded
[t=2.54286s, 47744 KB] New best heuristic value for lmcut: 89
[t=2.54286s, 47744 KB] g=12, 1141 evaluated, 55 expanded
[t=2.79835s, 47744 KB] New best heuristic value for lmcut: 88
[t=2.79835s, 47744 KB] g=13, 1263 evaluated, 63 expanded
[t=3.29937s, 47744 KB] New best heuristic value for lmcut: 87
[t=3.29937s, 47744 KB] g=14, 1503 evaluated, 69 expanded
[t=3.42112s, 47744 KB] New best heuristic value for lmcut: 86
[t=3.42112s, 47744 KB] g=15, 1562 evaluated, 71 expanded
[t=3.66563s, 47744 KB] New best heuristic value for lmcut: 85
[t=3.66563s, 47744 KB] g=16, 1683 evaluated, 78 expanded
[t=3.78438s, 47744 KB] New best heuristic value for lmcut: 84
[t=3.78438s, 47744 KB] g=17, 1742 evaluated, 80 expanded
[t=4.14367s, 47744 KB] New best heuristic value for lmcut: 83
[t=4.14367s, 47744 KB] g=18, 1923 evaluated, 89 expanded
[t=4.25843s, 47744 KB] New best heuristic value for lmcut: 82
[t=4.25843s, 47744 KB] g=19, 1982 evaluated, 91 expanded
[t=4.61073s, 47744 KB] New best heuristic value for lmcut: 81
[t=4.61073s, 47744 KB] g=20, 2164 evaluated, 100 expanded
[t=5.06882s, 47744 KB] New best heuristic value for lmcut: 80
[t=5.06882s, 47744 KB] g=21, 2402 evaluated, 108 expanded
[t=5.29936s, 47744 KB] New best heuristic value for lmcut: 79
[t=5.29936s, 47744 KB] g=22, 2524 evaluated, 115 expanded
[t=5.86923s, 47744 KB] New best heuristic value for lmcut: 78
[t=5.86923s, 47744 KB] g=23, 2826 evaluated, 124 expanded
[t=5.981s, 47744 KB] New best heuristic value for lmcut: 77
[t=5.981s, 47744 KB] g=24, 2886 evaluated, 125 expanded
[t=6.08877s, 47744 KB] New best heuristic value for lmcut: 76
[t=6.08877s, 47744 KB] g=25, 2945 evaluated, 127 expanded
[t=6.30934s, 47744 KB] New best heuristic value for lmcut: 75
[t=6.30934s, 47744 KB] g=26, 3068 evaluated, 134 expanded
[t=6.52391s, 47744 KB] New best heuristic value for lmcut: 74
[t=6.52391s, 47744 KB] g=27, 3188 evaluated, 135 expanded
[t=7.48202s, 47744 KB] New best heuristic value for lmcut: 73
[t=7.48202s, 47744 KB] g=28, 3728 evaluated, 155 expanded
[t=7.69058s, 47744 KB] New best heuristic value for lmcut: 72
[t=7.69158s, 47744 KB] g=29, 3848 evaluated, 156 expanded
[t=8.62572s, 47744 KB] New best heuristic value for lmcut: 71
[t=8.62572s, 47744 KB] g=30, 4388 evaluated, 177 expanded
[t=8.8283s, 47744 KB] New best heuristic value for lmcut: 70
[t=8.8283s, 47744 KB] g=31, 4508 evaluated, 178 expanded
[t=9.73748s, 47744 KB] New best heuristic value for lmcut: 69
[t=9.73748s, 47744 KB] g=32, 5048 evaluated, 199 expanded
[t=9.93594s, 47744 KB] New best heuristic value for lmcut: 68
[t=9.93594s, 47744 KB] g=33, 5168 evaluated, 200 expanded
[t=10.7213s, 47744 KB] New best heuristic value for lmcut: 67
[t=10.7213s, 47744 KB] g=34, 5648 evaluated, 216 expanded
[t=10.9139s, 47744 KB] New best heuristic value for lmcut: 66
[t=10.9139s, 47744 KB] g=35, 5768 evaluated, 217 expanded
[t=11.867s, 47744 KB] New best heuristic value for lmcut: 65
[t=11.867s, 47744 KB] g=36, 6366 evaluated, 236 expanded
[t=12.2442s, 47744 KB] New best heuristic value for lmcut: 64
[t=12.2442s, 47744 KB] g=37, 6608 evaluated, 242 expanded
[t=13.1714s, 47884 KB] New best heuristic value for lmcut: 63
[t=13.1714s, 47884 KB] g=38, 7206 evaluated, 261 expanded
[t=13.5376s, 47884 KB] New best heuristic value for lmcut: 62
[t=13.5376s, 47884 KB] g=39, 7448 evaluated, 267 expanded
[t=14.4358s, 47884 KB] New best heuristic value for lmcut: 61
[t=14.4368s, 47884 KB] g=40, 8046 evaluated, 286 expanded
[t=14.6982s, 47884 KB] New best heuristic value for lmcut: 60
[t=14.6982s, 47884 KB] g=41, 8225 evaluated, 292 expanded
[t=14.8719s, 47884 KB] New best heuristic value for lmcut: 59
[t=14.8719s, 47884 KB] g=42, 8346 evaluated, 296 expanded
[t=15.301s, 47884 KB] New best heuristic value for lmcut: 58
[t=15.301s, 47884 KB] g=43, 8648 evaluated, 303 expanded
[t=16.0595s, 47884 KB] New best heuristic value for lmcut: 57
[t=16.0595s, 47884 KB] g=44, 9186 evaluated, 320 expanded
[t=16.3928s, 47884 KB] New best heuristic value for lmcut: 56
[t=16.3928s, 47884 KB] g=45, 9428 evaluated, 325 expanded
[t=17.2101s, 47884 KB] New best heuristic value for lmcut: 55
[t=17.2101s, 47884 KB] g=46, 10026 evaluated, 345 expanded
[t=17.5324s, 47884 KB] New best heuristic value for lmcut: 54
[t=17.5324s, 47884 KB] g=47, 10268 evaluated, 350 expanded
[t=18.3228s, 47884 KB] New best heuristic value for lmcut: 53
[t=18.3228s, 47884 KB] g=48, 10866 evaluated, 370 expanded
[t=18.6331s, 47884 KB] New best heuristic value for lmcut: 52
[t=18.6341s, 47884 KB] g=49, 11108 evaluated, 375 expanded
[t=19.6281s, 47884 KB] New best heuristic value for lmcut: 51
[t=19.6281s, 47884 KB] g=50, 11886 evaluated, 400 expanded
[t=19.9274s, 47884 KB] New best heuristic value for lmcut: 50
[t=19.9274s, 47884 KB] g=51, 12128 evaluated, 405 expanded
[t=20.5222s, 47884 KB] New best heuristic value for lmcut: 49
[t=20.5222s, 47884 KB] g=52, 12609 evaluated, 420 expanded
[t=20.592s, 47884 KB] New best heuristic value for lmcut: 48
[t=20.592s, 47884 KB] g=53, 12668 evaluated, 422 expanded
[t=20.7317s, 47884 KB] New best heuristic value for lmcut: 47
[t=20.7317s, 47884 KB] g=54, 12789 evaluated, 426 expanded
[t=21.0101s, 48020 KB] New best heuristic value for lmcut: 46
[t=21.0101s, 48020 KB] g=55, 13031 evaluated, 431 expanded
[t=21.6917s, 48020 KB] New best heuristic value for lmcut: 45
[t=21.6917s, 48020 KB] g=56, 13629 evaluated, 452 expanded
[t=21.9581s, 48020 KB] New best heuristic value for lmcut: 44
[t=21.9581s, 48020 KB] g=57, 13871 evaluated, 457 expanded
[t=22.479s, 48020 KB] New best heuristic value for lmcut: 43
[t=22.479s, 48020 KB] g=58, 14349 evaluated, 471 expanded
[t=22.7344s, 48020 KB] New best heuristic value for lmcut: 42
[t=22.7344s, 48020 KB] g=59, 14591 evaluated, 476 expanded
[t=23.3062s, 48280 KB] New best heuristic value for lmcut: 41
[t=23.3062s, 48280 KB] g=60, 15132 evaluated, 492 expanded
[t=23.3651s, 48280 KB] New best heuristic value for lmcut: 40
[t=23.3651s, 48280 KB] g=61, 15191 evaluated, 494 expanded
[t=23.4838s, 48280 KB] New best heuristic value for lmcut: 39
[t=23.4838s, 48280 KB] g=62, 15312 evaluated, 498 expanded
[t=23.7173s, 48280 KB] New best heuristic value for lmcut: 38
[t=23.7173s, 48280 KB] g=63, 15554 evaluated, 503 expanded
[t=24.1184s, 48280 KB] New best heuristic value for lmcut: 37
[t=24.1184s, 48280 KB] g=64, 15972 evaluated, 514 expanded
[t=24.1743s, 48280 KB] New best heuristic value for lmcut: 36
[t=24.1743s, 48280 KB] g=65, 16033 evaluated, 515 expanded
[t=24.1753s, 48280 KB] New best heuristic value for lmcut: 35
[t=24.1753s, 48280 KB] g=66, 16034 evaluated, 516 expanded
[t=24.2262s, 48280 KB] New best heuristic value for lmcut: 34
[t=24.2262s, 48280 KB] g=67, 16093 evaluated, 518 expanded
[t=24.328s, 48280 KB] New best heuristic value for lmcut: 33
[t=24.328s, 48280 KB] g=68, 16214 evaluated, 522 expanded
[t=24.5305s, 48280 KB] New best heuristic value for lmcut: 32
[t=24.5305s, 48280 KB] g=69, 16458 evaluated, 527 expanded
[t=24.5784s, 48280 KB] New best heuristic value for lmcut: 31
[t=24.5784s, 48280 KB] g=70, 16519 evaluated, 528 expanded
[t=24.5794s, 48280 KB] New best heuristic value for lmcut: 30
[t=24.5794s, 48280 KB] g=71, 16520 evaluated, 529 expanded
[t=24.6243s, 48280 KB] New best heuristic value for lmcut: 29
[t=24.6243s, 48280 KB] g=72, 16579 evaluated, 530 expanded
[t=24.6263s, 48280 KB] New best heuristic value for lmcut: 28
[t=24.6263s, 48280 KB] g=73, 16582 evaluated, 531 expanded
[t=24.6662s, 48280 KB] New best heuristic value for lmcut: 27
[t=24.6662s, 48280 KB] g=74, 16639 evaluated, 533 expanded
[t=24.7081s, 48280 KB] New best heuristic value for lmcut: 26
[t=24.7081s, 48280 KB] g=75, 16700 evaluated, 534 expanded
[t=24.8278s, 48280 KB] New best heuristic value for lmcut: 25
[t=24.8278s, 48280 KB] g=76, 16879 evaluated, 543 expanded
[t=24.8667s, 48280 KB] New best heuristic value for lmcut: 24
[t=24.8667s, 48280 KB] g=77, 16940 evaluated, 544 expanded
[t=24.9855s, 48280 KB] New best heuristic value for lmcut: 23
[t=24.9855s, 48280 KB] g=78, 17129 evaluated, 552 expanded
[t=25.0164s, 48280 KB] New best heuristic value for lmcut: 22
[t=25.0164s, 48280 KB] g=79, 17180 evaluated, 554 expanded
[t=25.0503s, 48280 KB] New best heuristic value for lmcut: 21
[t=25.0503s, 48280 KB] g=80, 17241 evaluated, 555 expanded
[t=25.1541s, 48280 KB] New best heuristic value for lmcut: 20
[t=25.1541s, 48280 KB] g=81, 17425 evaluated, 563 expanded
[t=25.183s, 48280 KB] New best heuristic value for lmcut: 19
[t=25.183s, 48280 KB] g=82, 17481 evaluated, 564 expanded
[t=25.189s, 48280 KB] New best heuristic value for lmcut: 18
[t=25.189s, 48280 KB] g=83, 17493 evaluated, 565 expanded
[t=25.212s, 48280 KB] New best heuristic value for lmcut: 17
[t=25.212s, 48280 KB] g=84, 17541 evaluated, 566 expanded
[t=25.2399s, 48280 KB] New best heuristic value for lmcut: 16
[t=25.2399s, 48280 KB] g=85, 17602 evaluated, 567 expanded
[t=25.3187s, 48280 KB] New best heuristic value for lmcut: 15
[t=25.3187s, 48280 KB] g=86, 17781 evaluated, 575 expanded
[t=25.3436s, 48280 KB] New best heuristic value for lmcut: 14
[t=25.3436s, 48280 KB] g=87, 17842 evaluated, 576 expanded
[t=25.4145s, 48280 KB] New best heuristic value for lmcut: 13
[t=25.4145s, 48280 KB] g=88, 18021 evaluated, 583 expanded
[t=25.4364s, 48280 KB] New best heuristic value for lmcut: 12
[t=25.4364s, 48280 KB] g=89, 18082 evaluated, 584 expanded
[t=25.4993s, 48280 KB] New best heuristic value for lmcut: 11
[t=25.4993s, 48280 KB] g=90, 18261 evaluated, 591 expanded
[t=25.5182s, 48280 KB] New best heuristic value for lmcut: 10
[t=25.5182s, 48280 KB] g=91, 18322 evaluated, 592 expanded
[t=25.5721s, 48280 KB] New best heuristic value for lmcut: 9
[t=25.5721s, 48280 KB] g=92, 18501 evaluated, 598 expanded
[t=25.5891s, 48280 KB] New best heuristic value for lmcut: 8
[t=25.5891s, 48280 KB] g=93, 18562 evaluated, 599 expanded
[t=25.6519s, 48280 KB] New best heuristic value for lmcut: 7
[t=25.6519s, 48280 KB] g=94, 18804 evaluated, 605 expanded
Peak memory: 272648 KB
caught signal 24 -- exiting
Time limit has been reached.
search exit code: 23

Driver aborting after search
