JOBNAME = miconic-s18-2.sas_0
JOBID = 708026
Linux razor-24.dei.unipd.it 5.12.10-300.fc34.x86_64 #1 SMP Thu Jun 10 14:21:36 UTC 2021 x86_64 x86_64 x86_64 GNU/Linux
INFO     Running search (release).
INFO     search stdin: /nfsd/rop/instances/PlanningSAS/miconic-s18-2.sas
INFO     search time limit: 3600s
INFO     search memory limit: None
INFO     search command line string: /home/salvagni/Basel/downward/builds/release/bin/downward --search 'astar(LMcut())' --internal-plan-file sas_plan < /nfsd/rop/instances/PlanningSAS/miconic-s18-2.sas
[t=0s, 45824 KB] reading input...
[t=0.00398332s, 45960 KB] done reading input!
[t=0.00498248s, 46668 KB] Initializing landmark cut heuristic...
[t=0.00498248s, 46668 KB] Building successor generator...done!
[t=0.0059788s, 46784 KB] peak memory difference for successor generator creation: 116 KB
[t=0.0059788s, 46784 KB] time for successor generation creation: 0.000996326s
[t=0.0059788s, 46784 KB] Variables: 37
[t=0.0059788s, 46784 KB] FactPairs: 108
[t=0.0059788s, 46784 KB] Bytes per state: 8
[t=0.0059788s, 46784 KB] Conducting best first search with reopening closed nodes, (real) bound = 2147483647
[t=0.0059788s, 46784 KB] New best heuristic value for lmcut: 58
[t=0.0059788s, 46784 KB] g=0, 1 evaluated, 0 expanded
[t=0.0059788s, 46784 KB] f = 58, 1 evaluated, 0 expanded
[t=0.0059788s, 46784 KB] Initial heuristic value for lmcut: 58
[t=0.0059788s, 46784 KB] pruning method: none
[t=0.00697511s, 46784 KB] New best heuristic value for lmcut: 57
[t=0.00697511s, 46784 KB] g=1, 2 evaluated, 1 expanded
[t=0.0219159s, 46784 KB] New best heuristic value for lmcut: 56
[t=0.0219159s, 46784 KB] g=2, 37 evaluated, 2 expanded
[t=0.037862s, 46784 KB] New best heuristic value for lmcut: 55
[t=0.037862s, 46784 KB] g=3, 75 evaluated, 5 expanded
[t=0.0528235s, 46784 KB] New best heuristic value for lmcut: 54
[t=0.0528235s, 46784 KB] g=4, 109 evaluated, 6 expanded
[t=0.0677856s, 46784 KB] New best heuristic value for lmcut: 53
[t=0.0677856s, 46784 KB] g=5, 146 evaluated, 7 expanded
[t=0.110687s, 46784 KB] New best heuristic value for lmcut: 52
[t=0.110687s, 46784 KB] g=6, 253 evaluated, 12 expanded
[t=0.125646s, 46784 KB] New best heuristic value for lmcut: 51
[t=0.125646s, 46784 KB] g=7, 290 evaluated, 13 expanded
[t=0.181515s, 46784 KB] New best heuristic value for lmcut: 50
[t=0.181515s, 46784 KB] g=8, 433 evaluated, 20 expanded
[t=0.196476s, 46784 KB] New best heuristic value for lmcut: 49
[t=0.196476s, 46784 KB] g=9, 470 evaluated, 21 expanded
[t=0.263323s, 46784 KB] New best heuristic value for lmcut: 48
[t=0.263323s, 46784 KB] g=10, 649 evaluated, 31 expanded
[t=0.277288s, 46784 KB] New best heuristic value for lmcut: 47
[t=0.277288s, 46784 KB] g=11, 686 evaluated, 32 expanded
[t=0.342139s, 46784 KB] New best heuristic value for lmcut: 46
[t=0.342139s, 46784 KB] g=12, 865 evaluated, 42 expanded
[t=0.355106s, 46784 KB] New best heuristic value for lmcut: 45
[t=0.355106s, 46784 KB] g=13, 902 evaluated, 43 expanded
[t=0.418958s, 46784 KB] New best heuristic value for lmcut: 44
[t=0.418958s, 46784 KB] g=14, 1084 evaluated, 53 expanded
[t=0.429929s, 46784 KB] New best heuristic value for lmcut: 43
[t=0.429929s, 46784 KB] g=15, 1118 evaluated, 54 expanded
[t=0.441899s, 46784 KB] New best heuristic value for lmcut: 42
[t=0.441899s, 46784 KB] g=16, 1155 evaluated, 55 expanded
[t=0.477817s, 46784 KB] New best heuristic value for lmcut: 41
[t=0.477817s, 46784 KB] g=17, 1265 evaluated, 60 expanded
[t=0.488788s, 46784 KB] New best heuristic value for lmcut: 40
[t=0.488788s, 46784 KB] g=18, 1299 evaluated, 61 expanded
[t=0.499759s, 46784 KB] New best heuristic value for lmcut: 39
[t=0.499759s, 46784 KB] g=19, 1336 evaluated, 62 expanded
[t=0.565608s, 46784 KB] New best heuristic value for lmcut: 38
[t=0.565608s, 46784 KB] g=20, 1551 evaluated, 74 expanded
[t=0.57658s, 46784 KB] New best heuristic value for lmcut: 37
[t=0.57658s, 46784 KB] g=21, 1588 evaluated, 75 expanded
[t=0.638418s, 46784 KB] New best heuristic value for lmcut: 36
[t=0.638418s, 46784 KB] g=22, 1803 evaluated, 88 expanded
[t=0.64939s, 46784 KB] New best heuristic value for lmcut: 35
[t=0.64939s, 46784 KB] g=23, 1840 evaluated, 89 expanded
[t=0.689298s, 46784 KB] New best heuristic value for lmcut: 34
[t=0.689298s, 46784 KB] g=24, 1986 evaluated, 97 expanded
[t=0.698275s, 46784 KB] New best heuristic value for lmcut: 33
[t=0.698275s, 46784 KB] g=25, 2020 evaluated, 98 expanded
[t=0.708248s, 46784 KB] New best heuristic value for lmcut: 32
[t=0.708248s, 46784 KB] g=26, 2057 evaluated, 99 expanded
[t=0.745164s, 46784 KB] New best heuristic value for lmcut: 31
[t=0.745164s, 46784 KB] g=27, 2203 evaluated, 108 expanded
[t=0.753143s, 46784 KB] New best heuristic value for lmcut: 30
[t=0.753143s, 46784 KB] g=28, 2237 evaluated, 109 expanded
[t=0.762117s, 46784 KB] New best heuristic value for lmcut: 29
[t=0.762117s, 46784 KB] g=29, 2274 evaluated, 110 expanded
[t=0.79604s, 46784 KB] New best heuristic value for lmcut: 28
[t=0.79604s, 46784 KB] g=30, 2420 evaluated, 119 expanded
[t=0.804018s, 46784 KB] New best heuristic value for lmcut: 27
[t=0.804018s, 46784 KB] g=31, 2454 evaluated, 120 expanded
[t=0.811996s, 46784 KB] New best heuristic value for lmcut: 26
[t=0.811996s, 46784 KB] g=32, 2491 evaluated, 121 expanded
[t=0.841927s, 46784 KB] New best heuristic value for lmcut: 25
[t=0.841927s, 46784 KB] g=33, 2634 evaluated, 129 expanded
[t=0.848907s, 46784 KB] New best heuristic value for lmcut: 24
[t=0.848907s, 46784 KB] g=34, 2671 evaluated, 130 expanded
[t=0.876843s, 46784 KB] New best heuristic value for lmcut: 23
[t=0.876843s, 46784 KB] g=35, 2814 evaluated, 139 expanded
[t=0.883821s, 46784 KB] New best heuristic value for lmcut: 22
[t=0.884819s, 46784 KB] g=36, 2852 evaluated, 140 expanded
[t=0.890801s, 46784 KB] New best heuristic value for lmcut: 21
[t=0.890801s, 46784 KB] g=37, 2889 evaluated, 141 expanded
[t=0.891799s, 46784 KB] New best heuristic value for lmcut: 20
[t=0.891799s, 46784 KB] g=38, 2893 evaluated, 142 expanded
[t=0.896783s, 46784 KB] New best heuristic value for lmcut: 19
[t=0.896783s, 46784 KB] g=39, 2925 evaluated, 143 expanded
[t=0.908751s, 46784 KB] New best heuristic value for lmcut: 18
[t=0.908751s, 46784 KB] g=40, 2998 evaluated, 148 expanded
[t=0.925708s, 46784 KB] New best heuristic value for lmcut: 17
[t=0.925708s, 46784 KB] g=41, 3111 evaluated, 153 expanded
[t=0.930694s, 46784 KB] New best heuristic value for lmcut: 16
[t=0.930694s, 46784 KB] g=42, 3142 evaluated, 154 expanded
[t=0.940666s, 46784 KB] New best heuristic value for lmcut: 15
[t=0.940666s, 46784 KB] g=43, 3215 evaluated, 159 expanded
[t=0.95962s, 46784 KB] New best heuristic value for lmcut: 14
[t=0.95962s, 46784 KB] g=44, 3361 evaluated, 164 expanded
[t=0.960618s, 46784 KB] New best heuristic value for lmcut: 13
[t=0.960618s, 46784 KB] g=45, 3366 evaluated, 165 expanded
[t=0.963607s, 46784 KB] New best heuristic value for lmcut: 12
[t=0.963607s, 46784 KB] g=46, 3397 evaluated, 166 expanded
[t=0.971585s, 46784 KB] New best heuristic value for lmcut: 11
[t=0.971585s, 46784 KB] g=47, 3470 evaluated, 171 expanded
[t=0.983554s, 46784 KB] New best heuristic value for lmcut: 10
[t=0.983554s, 46784 KB] g=48, 3583 evaluated, 176 expanded
[t=0.986544s, 46784 KB] New best heuristic value for lmcut: 9
[t=0.986544s, 46784 KB] g=49, 3614 evaluated, 177 expanded
[t=0.990531s, 46784 KB] New best heuristic value for lmcut: 8
[t=0.990531s, 46784 KB] g=50, 3651 evaluated, 178 expanded
[t=0.991529s, 46784 KB] New best heuristic value for lmcut: 7
[t=0.991529s, 46784 KB] g=51, 3668 evaluated, 179 expanded
[t=0.992525s, 46784 KB] New best heuristic value for lmcut: 6
[t=0.992525s, 46784 KB] g=52, 3687 evaluated, 180 expanded
[t=0.994519s, 46784 KB] New best heuristic value for lmcut: 5
[t=0.994519s, 46784 KB] g=53, 3710 evaluated, 181 expanded
[t=0.995515s, 46784 KB] New best heuristic value for lmcut: 4
[t=0.995515s, 46784 KB] g=54, 3723 evaluated, 183 expanded
[t=0.997509s, 46784 KB] New best heuristic value for lmcut: 3
[t=0.997509s, 46784 KB] g=55, 3761 evaluated, 184 expanded
[t=0.998506s, 46784 KB] New best heuristic value for lmcut: 2
[t=0.998506s, 46784 KB] g=56, 3798 evaluated, 185 expanded
[t=0.999502s, 46784 KB] New best heuristic value for lmcut: 1
[t=0.999502s, 46784 KB] g=57, 3815 evaluated, 186 expanded
[t=1.0005s, 46784 KB] New best heuristic value for lmcut: 0
[t=1.0005s, 46784 KB] g=58, 3834 evaluated, 187 expanded
[t=1.0005s, 46784 KB] Solution found!
[t=1.0005s, 46784 KB] Actual search time: 0.99452s
up f0 f10 (1)
board f10 p16 (1)
down f10 f2 (1)
board f2 p3 (1)
up f2 f14 (1)
depart f14 p3 (1)
down f14 f6 (1)
board f6 p13 (1)
up f6 f15 (1)
board f15 p12 (1)
down f15 f7 (1)
board f7 p14 (1)
board f7 p4 (1)
down f7 f3 (1)
board f3 p15 (1)
depart f3 p4 (1)
up f3 f19 (1)
depart f19 p15 (1)
down f19 f8 (1)
board f8 p10 (1)
up f8 f16 (1)
board f16 p1 (1)
depart f16 p10 (1)
up f16 f18 (1)
board f18 p7 (1)
depart f18 p1 (1)
up f18 f21 (1)
board f21 p17 (1)
board f21 p2 (1)
down f21 f5 (1)
depart f5 p17 (1)
up f5 f24 (1)
board f24 p9 (1)
down f24 f1 (1)
board f1 p8 (1)
depart f1 p9 (1)
depart f1 p16 (1)
up f1 f27 (1)
depart f27 p8 (1)
depart f27 p13 (1)
up f27 f30 (1)
depart f30 p7 (1)
depart f30 p2 (1)
depart f30 p14 (1)
up f30 f31 (1)
board f31 p0 (1)
board f31 p6 (1)
down f31 f12 (1)
board f12 p11 (1)
depart f12 p0 (1)
up f12 f17 (1)
depart f17 p11 (1)
up f17 f26 (1)
board f26 p5 (1)
depart f26 p6 (1)
depart f26 p12 (1)
down f26 f23 (1)
depart f23 p5 (1)
[t=1.0005s, 46784 KB] Plan length: 58 step(s).
[t=1.0005s, 46784 KB] Plan cost: 58
[t=1.0005s, 46784 KB] Expanded 188 state(s).
[t=1.0005s, 46784 KB] Reopened 0 state(s).
[t=1.0005s, 46784 KB] Evaluated 3834 state(s).
[t=1.0005s, 46784 KB] Evaluations: 3834
[t=1.0005s, 46784 KB] Generated 6767 state(s).
[t=1.0005s, 46784 KB] Dead ends: 0 state(s).
[t=1.0005s, 46784 KB] Expanded until last jump: 0 state(s).
[t=1.0005s, 46784 KB] Reopened until last jump: 0 state(s).
[t=1.0005s, 46784 KB] Evaluated until last jump: 1 state(s).
[t=1.0005s, 46784 KB] Generated until last jump: 0 state(s).
[t=1.0005s, 46784 KB] Number of registered states: 3834
[t=1.0005s, 46784 KB] Int hash set load factor: 3834/8192 = 0.468018
[t=1.0005s, 46784 KB] Int hash set resizes: 13
[t=1.0005s, 46784 KB] Search time: 0.99452s
[t=1.0005s, 46784 KB] Total time: 1.0005s
Solution found.
Peak memory: 46784 KB
search exit code: 0

