JOBNAME = miconic-s21-2.sas_0
JOBID = 708042
Linux razor-21.dei.unipd.it 5.12.10-300.fc34.x86_64 #1 SMP Thu Jun 10 14:21:36 UTC 2021 x86_64 x86_64 x86_64 GNU/Linux
INFO     Running search (release).
INFO     search stdin: /nfsd/rop/instances/PlanningSAS/miconic-s21-2.sas
INFO     search time limit: 3600s
INFO     search memory limit: None
INFO     search command line string: /home/salvagni/Basel/downward/builds/release/bin/downward --search 'astar(LMcut())' --internal-plan-file sas_plan < /nfsd/rop/instances/PlanningSAS/miconic-s21-2.sas
[t=0s, 45824 KB] reading input...
[t=0.00497332s, 46116 KB] done reading input!
[t=0.00696726s, 46836 KB] Initializing landmark cut heuristic...
[t=0.00696726s, 46836 KB] Building successor generator...done!
[t=0.00696726s, 46900 KB] peak memory difference for successor generator creation: 64 KB
[t=0.00696726s, 46900 KB] time for successor generation creation: 0s
[t=0.00696726s, 46900 KB] Variables: 43
[t=0.00696726s, 46900 KB] FactPairs: 126
[t=0.00696726s, 46900 KB] Bytes per state: 8
[t=0.00696726s, 46900 KB] Conducting best first search with reopening closed nodes, (real) bound = 2147483647
[t=0.00796326s, 46900 KB] New best heuristic value for lmcut: 69
[t=0.00796326s, 46900 KB] g=0, 1 evaluated, 0 expanded
[t=0.00796326s, 46900 KB] f = 69, 1 evaluated, 0 expanded
[t=0.00796326s, 46900 KB] Initial heuristic value for lmcut: 69
[t=0.00796326s, 46900 KB] pruning method: none
[t=0.00895848s, 46900 KB] New best heuristic value for lmcut: 68
[t=0.00895848s, 46900 KB] g=1, 2 evaluated, 1 expanded
[t=0.0408633s, 46900 KB] New best heuristic value for lmcut: 67
[t=0.0408633s, 46900 KB] g=2, 44 evaluated, 2 expanded
[t=0.0717871s, 46900 KB] New best heuristic value for lmcut: 66
[t=0.0717871s, 46900 KB] g=3, 85 evaluated, 3 expanded
[t=0.0727852s, 46900 KB] New best heuristic value for lmcut: 65
[t=0.0727852s, 46900 KB] g=4, 87 evaluated, 4 expanded
[t=0.103709s, 46900 KB] New best heuristic value for lmcut: 64
[t=0.103709s, 46900 KB] g=5, 130 evaluated, 5 expanded
[t=0.132638s, 46900 KB] New best heuristic value for lmcut: 63
[t=0.132638s, 46900 KB] g=6, 170 evaluated, 6 expanded
[t=0.134631s, 46900 KB] New best heuristic value for lmcut: 62
[t=0.134631s, 46900 KB] g=7, 173 evaluated, 7 expanded
[t=0.161565s, 46900 KB] New best heuristic value for lmcut: 61
[t=0.161565s, 46900 KB] g=8, 212 evaluated, 8 expanded
[t=0.162563s, 46900 KB] New best heuristic value for lmcut: 60
[t=0.162563s, 46900 KB] g=9, 214 evaluated, 9 expanded
[t=0.194483s, 46900 KB] New best heuristic value for lmcut: 59
[t=0.194483s, 46900 KB] g=10, 261 evaluated, 10 expanded
[t=0.217426s, 46900 KB] New best heuristic value for lmcut: 58
[t=0.218425s, 46900 KB] g=11, 297 evaluated, 11 expanded
[t=0.222411s, 46900 KB] New best heuristic value for lmcut: 57
[t=0.222411s, 46900 KB] g=12, 304 evaluated, 12 expanded
[t=0.244358s, 46900 KB] New best heuristic value for lmcut: 56
[t=0.244358s, 46900 KB] g=13, 339 evaluated, 13 expanded
[t=0.271291s, 46900 KB] New best heuristic value for lmcut: 55
[t=0.271291s, 46900 KB] g=14, 382 evaluated, 14 expanded
[t=0.276276s, 46900 KB] New best heuristic value for lmcut: 54
[t=0.276276s, 46900 KB] g=15, 391 evaluated, 15 expanded
[t=0.296227s, 46900 KB] New best heuristic value for lmcut: 53
[t=0.296227s, 46900 KB] g=16, 424 evaluated, 16 expanded
[t=0.303207s, 46900 KB] New best heuristic value for lmcut: 52
[t=0.303207s, 46900 KB] g=17, 436 evaluated, 17 expanded
[t=0.321163s, 46900 KB] New best heuristic value for lmcut: 51
[t=0.321163s, 46900 KB] g=18, 466 evaluated, 20 expanded
[t=0.32914s, 46900 KB] New best heuristic value for lmcut: 50
[t=0.32914s, 46900 KB] g=19, 481 evaluated, 21 expanded
[t=0.344103s, 46900 KB] New best heuristic value for lmcut: 49
[t=0.344103s, 46900 KB] g=20, 508 evaluated, 25 expanded
[t=0.374032s, 46900 KB] New best heuristic value for lmcut: 48
[t=0.374032s, 46900 KB] g=21, 562 evaluated, 28 expanded
[t=0.389991s, 46900 KB] New best heuristic value for lmcut: 47
[t=0.389991s, 46900 KB] g=22, 592 evaluated, 30 expanded
[t=0.417925s, 46900 KB] New best heuristic value for lmcut: 46
[t=0.417925s, 46900 KB] g=23, 646 evaluated, 35 expanded
[t=0.433885s, 46900 KB] New best heuristic value for lmcut: 45
[t=0.433885s, 46900 KB] g=24, 676 evaluated, 37 expanded
[t=0.497732s, 46900 KB] New best heuristic value for lmcut: 44
[t=0.497732s, 46900 KB] g=25, 803 evaluated, 44 expanded
[t=0.503713s, 46900 KB] New best heuristic value for lmcut: 43
[t=0.503713s, 46900 KB] g=26, 815 evaluated, 45 expanded
[t=0.518674s, 46900 KB] New best heuristic value for lmcut: 42
[t=0.518674s, 46900 KB] g=27, 845 evaluated, 47 expanded
[t=0.558583s, 46900 KB] New best heuristic value for lmcut: 41
[t=0.558583s, 46900 KB] g=28, 930 evaluated, 50 expanded
[t=0.563568s, 46900 KB] New best heuristic value for lmcut: 40
[t=0.563568s, 46900 KB] g=29, 942 evaluated, 51 expanded
[t=0.577532s, 46900 KB] New best heuristic value for lmcut: 39
[t=0.577532s, 46900 KB] g=30, 972 evaluated, 53 expanded
[t=0.615444s, 46900 KB] New best heuristic value for lmcut: 38
[t=0.615444s, 46900 KB] g=31, 1057 evaluated, 58 expanded
[t=0.620429s, 46900 KB] New best heuristic value for lmcut: 37
[t=0.620429s, 46900 KB] g=32, 1069 evaluated, 59 expanded
[t=0.633394s, 46900 KB] New best heuristic value for lmcut: 36
[t=0.633394s, 46900 KB] g=33, 1099 evaluated, 61 expanded
[t=0.65135s, 46900 KB] New best heuristic value for lmcut: 35
[t=0.65135s, 46900 KB] g=34, 1143 evaluated, 66 expanded
[t=0.673296s, 46900 KB] New best heuristic value for lmcut: 34
[t=0.673296s, 46900 KB] g=35, 1196 evaluated, 67 expanded
[t=0.685266s, 46900 KB] New best heuristic value for lmcut: 33
[t=0.685266s, 46900 KB] g=36, 1226 evaluated, 69 expanded
[t=0.705209s, 46900 KB] New best heuristic value for lmcut: 32
[t=0.705209s, 46900 KB] g=37, 1280 evaluated, 74 expanded
[t=0.716181s, 46900 KB] New best heuristic value for lmcut: 31
[t=0.716181s, 46900 KB] g=38, 1310 evaluated, 76 expanded
[t=0.747106s, 46900 KB] New best heuristic value for lmcut: 30
[t=0.747106s, 46900 KB] g=39, 1396 evaluated, 81 expanded
[t=0.762062s, 46900 KB] New best heuristic value for lmcut: 29
[t=0.762062s, 46900 KB] g=40, 1439 evaluated, 82 expanded
[t=0.76605s, 46900 KB] New best heuristic value for lmcut: 28
[t=0.76605s, 46900 KB] g=41, 1451 evaluated, 83 expanded
[t=0.776022s, 46900 KB] New best heuristic value for lmcut: 27
[t=0.776022s, 46900 KB] g=42, 1481 evaluated, 85 expanded
[t=0.791982s, 46900 KB] New best heuristic value for lmcut: 26
[t=0.791982s, 46900 KB] g=43, 1530 evaluated, 89 expanded
[t=0.802953s, 46900 KB] New best heuristic value for lmcut: 25
[t=0.802953s, 46900 KB] g=44, 1565 evaluated, 92 expanded
[t=0.818913s, 46900 KB] New best heuristic value for lmcut: 24
[t=0.818913s, 46900 KB] g=45, 1619 evaluated, 95 expanded
[t=0.826891s, 46900 KB] New best heuristic value for lmcut: 23
[t=0.826891s, 46900 KB] g=46, 1649 evaluated, 97 expanded
[t=0.841852s, 46900 KB] New best heuristic value for lmcut: 22
[t=0.841852s, 46900 KB] g=47, 1703 evaluated, 101 expanded
[t=0.84983s, 46900 KB] New best heuristic value for lmcut: 21
[t=0.84983s, 46900 KB] g=48, 1733 evaluated, 103 expanded
[t=0.871777s, 46900 KB] New best heuristic value for lmcut: 20
[t=0.871777s, 46900 KB] g=49, 1819 evaluated, 107 expanded
[t=0.882746s, 46900 KB] New best heuristic value for lmcut: 19
[t=0.882746s, 46900 KB] g=50, 1862 evaluated, 108 expanded
[t=0.885736s, 46900 KB] New best heuristic value for lmcut: 18
[t=0.885736s, 46900 KB] g=51, 1874 evaluated, 109 expanded
[t=0.891718s, 46900 KB] New best heuristic value for lmcut: 17
[t=0.891718s, 46900 KB] g=52, 1904 evaluated, 111 expanded
[t=0.90169s, 46900 KB] New best heuristic value for lmcut: 16
[t=0.90169s, 46900 KB] g=53, 1947 evaluated, 112 expanded
[t=0.903683s, 46900 KB] New best heuristic value for lmcut: 15
[t=0.903683s, 46900 KB] g=54, 1959 evaluated, 113 expanded
[t=0.909666s, 46900 KB] New best heuristic value for lmcut: 14
[t=0.909666s, 46900 KB] g=55, 1989 evaluated, 116 expanded
[t=0.919639s, 46900 KB] New best heuristic value for lmcut: 13
[t=0.919639s, 46900 KB] g=56, 2043 evaluated, 119 expanded
[t=0.924623s, 46900 KB] New best heuristic value for lmcut: 12
[t=0.924623s, 46900 KB] g=57, 2073 evaluated, 121 expanded
[t=0.931603s, 46900 KB] New best heuristic value for lmcut: 11
[t=0.931603s, 46900 KB] g=58, 2116 evaluated, 122 expanded
[t=0.932601s, 46900 KB] New best heuristic value for lmcut: 10
[t=0.932601s, 46900 KB] g=59, 2128 evaluated, 123 expanded
[t=0.937584s, 46900 KB] New best heuristic value for lmcut: 9
[t=0.937584s, 46900 KB] g=60, 2158 evaluated, 126 expanded
[t=0.938582s, 46900 KB] New best heuristic value for lmcut: 8
[t=0.938582s, 46900 KB] g=61, 2170 evaluated, 127 expanded
[t=0.942569s, 46900 KB] New best heuristic value for lmcut: 7
[t=0.942569s, 46900 KB] g=62, 2200 evaluated, 128 expanded
[t=0.943567s, 46900 KB] New best heuristic value for lmcut: 6
[t=0.943567s, 46900 KB] g=63, 2216 evaluated, 129 expanded
[t=0.946557s, 46900 KB] New best heuristic value for lmcut: 5
[t=0.946557s, 46900 KB] g=64, 2242 evaluated, 131 expanded
[t=0.950545s, 46900 KB] New best heuristic value for lmcut: 4
[t=0.950545s, 46900 KB] g=65, 2285 evaluated, 132 expanded
[t=0.952539s, 46900 KB] New best heuristic value for lmcut: 3
[t=0.952539s, 46900 KB] g=66, 2322 evaluated, 133 expanded
[t=0.952539s, 46900 KB] New best heuristic value for lmcut: 2
[t=0.952539s, 46900 KB] g=67, 2327 evaluated, 134 expanded
[t=0.954532s, 46900 KB] New best heuristic value for lmcut: 1
[t=0.954532s, 46900 KB] g=68, 2365 evaluated, 135 expanded
[t=0.954532s, 46900 KB] New best heuristic value for lmcut: 0
[t=0.954532s, 46900 KB] g=69, 2369 evaluated, 136 expanded
[t=0.954532s, 46900 KB] Solution found!
[t=0.954532s, 46900 KB] Actual search time: 0.946569s
board f0 p13 (1)
up f0 f1 (1)
board f1 p4 (1)
board f1 p8 (1)
up f1 f10 (1)
board f10 p16 (1)
down f10 f2 (1)
board f2 p3 (1)
board f2 p5 (1)
up f2 f13 (1)
board f13 p6 (1)
down f13 f3 (1)
board f3 p17 (1)
depart f3 p13 (1)
up f3 f15 (1)
board f15 p12 (1)
up f15 f18 (1)
board f18 p11 (1)
up f18 f21 (1)
depart f21 p4 (1)
up f21 f23 (1)
depart f23 p5 (1)
up f23 f25 (1)
board f25 p14 (1)
depart f25 p16 (1)
down f25 f24 (1)
board f24 p7 (1)
depart f24 p14 (1)
up f24 f26 (1)
board f26 p10 (1)
depart f26 p12 (1)
up f26 f27 (1)
board f27 p18 (1)
board f27 p2 (1)
up f27 f28 (1)
board f28 p1 (1)
up f28 f30 (1)
board f30 p9 (1)
depart f30 p2 (1)
depart f30 p1 (1)
down f30 f7 (1)
depart f7 p9 (1)
up f7 f32 (1)
depart f32 p3 (1)
up f32 f33 (1)
depart f33 p8 (1)
up f33 f35 (1)
board f35 p20 (1)
depart f35 p18 (1)
depart f35 p11 (1)
down f35 f20 (1)
depart f20 p6 (1)
depart f20 p20 (1)
up f20 f37 (1)
board f37 p0 (1)
down f37 f36 (1)
depart f36 p7 (1)
depart f36 p0 (1)
up f36 f39 (1)
board f39 p15 (1)
down f39 f19 (1)
depart f19 p15 (1)
up f19 f40 (1)
board f40 p19 (1)
depart f40 p10 (1)
down f40 f6 (1)
depart f6 p19 (1)
up f6 f41 (1)
depart f41 p17 (1)
[t=0.954532s, 46900 KB] Plan length: 69 step(s).
[t=0.954532s, 46900 KB] Plan cost: 69
[t=0.954532s, 46900 KB] Expanded 137 state(s).
[t=0.954532s, 46900 KB] Reopened 0 state(s).
[t=0.954532s, 46900 KB] Evaluated 2369 state(s).
[t=0.954532s, 46900 KB] Evaluations: 2369
[t=0.954532s, 46900 KB] Generated 5682 state(s).
[t=0.954532s, 46900 KB] Dead ends: 0 state(s).
[t=0.954532s, 46900 KB] Expanded until last jump: 0 state(s).
[t=0.954532s, 46900 KB] Reopened until last jump: 0 state(s).
[t=0.954532s, 46900 KB] Evaluated until last jump: 1 state(s).
[t=0.954532s, 46900 KB] Generated until last jump: 0 state(s).
[t=0.954532s, 46900 KB] Number of registered states: 2369
[t=0.954532s, 46900 KB] Int hash set load factor: 2369/4096 = 0.578369
[t=0.954532s, 46900 KB] Int hash set resizes: 12
[t=0.954532s, 46900 KB] Search time: 0.947565s
[t=0.954532s, 46900 KB] Total time: 0.954532s
Solution found.
Peak memory: 46900 KB
search exit code: 0

