JOBNAME = miconic-s30-2.sas_0
JOBID = 708091
Linux razor-14.dei.unipd.it 5.12.10-300.fc34.x86_64 #1 SMP Thu Jun 10 14:21:36 UTC 2021 x86_64 x86_64 x86_64 GNU/Linux
INFO     Running search (release).
INFO     search stdin: /nfsd/rop/instances/PlanningSAS/miconic-s30-2.sas
INFO     search time limit: 3600s
INFO     search memory limit: None
INFO     search command line string: /home/salvagni/Basel/downward/builds/release/bin/downward --search 'astar(LMcut())' --internal-plan-file sas_plan < /nfsd/rop/instances/PlanningSAS/miconic-s30-2.sas
[t=0s, 45824 KB] reading input...
[t=0.00897225s, 46420 KB] done reading input!
[t=0.0109665s, 47392 KB] Initializing landmark cut heuristic...
[t=0.0109665s, 47392 KB] Building successor generator...done!
[t=0.0119626s, 47744 KB] peak memory difference for successor generator creation: 352 KB
[t=0.0119626s, 47744 KB] time for successor generation creation: 0s
[t=0.0119626s, 47744 KB] Variables: 61
[t=0.0119626s, 47744 KB] FactPairs: 180
[t=0.0119626s, 47744 KB] Bytes per state: 12
[t=0.0119626s, 47744 KB] Conducting best first search with reopening closed nodes, (real) bound = 2147483647
[t=0.0149451s, 47744 KB] New best heuristic value for lmcut: 96
[t=0.0149451s, 47744 KB] g=0, 1 evaluated, 0 expanded
[t=0.0149451s, 47744 KB] f = 96, 1 evaluated, 0 expanded
[t=0.0149451s, 47744 KB] Initial heuristic value for lmcut: 96
[t=0.0149451s, 47744 KB] pruning method: none
[t=0.14665s, 47744 KB] f = 97, 60 evaluated, 1 expanded
[t=0.148643s, 47744 KB] New best heuristic value for lmcut: 95
[t=0.148643s, 47744 KB] g=2, 61 evaluated, 2 expanded
[t=0.284353s, 47744 KB] New best heuristic value for lmcut: 94
[t=0.284353s, 47744 KB] g=3, 122 evaluated, 6 expanded
[t=0.413085s, 47744 KB] New best heuristic value for lmcut: 93
[t=0.413085s, 47744 KB] g=4, 181 evaluated, 8 expanded
[t=0.677533s, 47744 KB] New best heuristic value for lmcut: 92
[t=0.678532s, 47744 KB] g=5, 303 evaluated, 17 expanded
[t=0.808269s, 47744 KB] New best heuristic value for lmcut: 91
[t=0.808269s, 47744 KB] g=6, 363 evaluated, 18 expanded
[t=0.933019s, 47744 KB] New best heuristic value for lmcut: 90
[t=0.933019s, 47744 KB] g=7, 422 evaluated, 22 expanded
[t=1.06175s, 47744 KB] New best heuristic value for lmcut: 89
[t=1.06175s, 47744 KB] g=8, 483 evaluated, 25 expanded
[t=1.18449s, 47744 KB] New best heuristic value for lmcut: 88
[t=1.18449s, 47744 KB] g=9, 542 evaluated, 29 expanded
[t=1.433s, 47744 KB] New best heuristic value for lmcut: 87
[t=1.433s, 47744 KB] g=10, 663 evaluated, 35 expanded
[t=1.55275s, 47744 KB] New best heuristic value for lmcut: 86
[t=1.55275s, 47744 KB] g=11, 722 evaluated, 37 expanded
[t=1.79626s, 47744 KB] New best heuristic value for lmcut: 85
[t=1.79626s, 47744 KB] g=12, 843 evaluated, 45 expanded
[t=1.9129s, 47744 KB] New best heuristic value for lmcut: 84
[t=1.9129s, 47744 KB] g=13, 902 evaluated, 49 expanded
[t=2.27019s, 47744 KB] New best heuristic value for lmcut: 83
[t=2.27019s, 47744 KB] g=14, 1084 evaluated, 57 expanded
[t=2.74424s, 47744 KB] New best heuristic value for lmcut: 82
[t=2.74424s, 47744 KB] g=15, 1326 evaluated, 62 expanded
[t=2.86s, 47744 KB] New best heuristic value for lmcut: 81
[t=2.86s, 47744 KB] g=16, 1386 evaluated, 63 expanded
[t=2.97275s, 47744 KB] New best heuristic value for lmcut: 80
[t=2.97275s, 47744 KB] g=17, 1445 evaluated, 65 expanded
[t=3.08652s, 47744 KB] New best heuristic value for lmcut: 79
[t=3.08652s, 47744 KB] g=18, 1506 evaluated, 68 expanded
[t=3.19529s, 47744 KB] New best heuristic value for lmcut: 78
[t=3.19628s, 47744 KB] g=19, 1565 evaluated, 70 expanded
[t=3.41683s, 47744 KB] New best heuristic value for lmcut: 77
[t=3.41683s, 47744 KB] g=20, 1686 evaluated, 77 expanded
[t=3.5236s, 47744 KB] New best heuristic value for lmcut: 76
[t=3.5236s, 47744 KB] g=21, 1745 evaluated, 81 expanded
[t=3.84894s, 47744 KB] New best heuristic value for lmcut: 75
[t=3.84894s, 47744 KB] g=22, 1927 evaluated, 88 expanded
[t=4.27096s, 47744 KB] New best heuristic value for lmcut: 74
[t=4.27096s, 47744 KB] g=23, 2165 evaluated, 94 expanded
[t=4.48253s, 47744 KB] New best heuristic value for lmcut: 73
[t=4.48353s, 47744 KB] g=24, 2287 evaluated, 100 expanded
[t=5.11124s, 47744 KB] New best heuristic value for lmcut: 72
[t=5.11124s, 47744 KB] g=25, 2649 evaluated, 111 expanded
[t=5.21402s, 47744 KB] New best heuristic value for lmcut: 71
[t=5.21402s, 47744 KB] g=26, 2709 evaluated, 112 expanded
[t=5.31281s, 47744 KB] New best heuristic value for lmcut: 70
[t=5.31281s, 47744 KB] g=27, 2768 evaluated, 114 expanded
[t=5.5154s, 47744 KB] New best heuristic value for lmcut: 69
[t=5.5154s, 47744 KB] g=28, 2891 evaluated, 120 expanded
[t=5.71098s, 47744 KB] New best heuristic value for lmcut: 68
[t=5.71098s, 47744 KB] g=29, 3011 evaluated, 121 expanded
[t=5.71297s, 47744 KB] New best heuristic value for lmcut: 67
[t=5.71297s, 47744 KB] g=30, 3012 evaluated, 122 expanded
[t=5.80677s, 47744 KB] New best heuristic value for lmcut: 66
[t=5.80677s, 47744 KB] g=31, 3071 evaluated, 123 expanded
[t=6.27569s, 47744 KB] New best heuristic value for lmcut: 65
[t=6.27569s, 47744 KB] g=32, 3372 evaluated, 137 expanded
[t=6.36649s, 47744 KB] New best heuristic value for lmcut: 64
[t=6.36649s, 47744 KB] g=33, 3431 evaluated, 138 expanded
[t=6.82255s, 47744 KB] New best heuristic value for lmcut: 63
[t=6.82255s, 47744 KB] g=34, 3732 evaluated, 152 expanded
[t=6.91137s, 47744 KB] New best heuristic value for lmcut: 62
[t=6.91137s, 47744 KB] g=35, 3791 evaluated, 153 expanded
[t=7.08898s, 47744 KB] New best heuristic value for lmcut: 61
[t=7.08898s, 47744 KB] g=36, 3912 evaluated, 158 expanded
[t=7.1738s, 47744 KB] New best heuristic value for lmcut: 60
[t=7.1748s, 47744 KB] g=37, 3971 evaluated, 159 expanded
[t=7.51807s, 47744 KB] New best heuristic value for lmcut: 59
[t=7.51807s, 47744 KB] g=38, 4212 evaluated, 169 expanded
[t=7.60089s, 47744 KB] New best heuristic value for lmcut: 58
[t=7.60089s, 47744 KB] g=39, 4271 evaluated, 170 expanded
[t=8.01689s, 47744 KB] New best heuristic value for lmcut: 57
[t=8.01689s, 47744 KB] g=40, 4573 evaluated, 183 expanded
[t=8.0997s, 47744 KB] New best heuristic value for lmcut: 56
[t=8.0997s, 47744 KB] g=41, 4633 evaluated, 184 expanded
[t=8.17854s, 47744 KB] New best heuristic value for lmcut: 55
[t=8.17854s, 47744 KB] g=42, 4692 evaluated, 185 expanded
[t=8.5727s, 47744 KB] New best heuristic value for lmcut: 54
[t=8.5727s, 47744 KB] g=43, 4993 evaluated, 198 expanded
[t=8.64853s, 47744 KB] New best heuristic value for lmcut: 53
[t=8.64853s, 47744 KB] g=44, 5052 evaluated, 199 expanded
[t=9.02873s, 47744 KB] New best heuristic value for lmcut: 52
[t=9.02873s, 47744 KB] g=45, 5353 evaluated, 211 expanded
[t=9.10156s, 47744 KB] New best heuristic value for lmcut: 51
[t=9.10156s, 47744 KB] g=46, 5412 evaluated, 212 expanded
[t=9.46878s, 47744 KB] New best heuristic value for lmcut: 50
[t=9.46878s, 47744 KB] g=47, 5713 evaluated, 224 expanded
[t=9.53962s, 47744 KB] New best heuristic value for lmcut: 49
[t=9.53962s, 47744 KB] g=48, 5772 evaluated, 225 expanded
[t=9.89275s, 47744 KB] New best heuristic value for lmcut: 48
[t=9.89275s, 47744 KB] g=49, 6073 evaluated, 237 expanded
[t=9.96059s, 47744 KB] New best heuristic value for lmcut: 47
[t=9.96059s, 47744 KB] g=50, 6132 evaluated, 238 expanded
[t=10.2998s, 47744 KB] New best heuristic value for lmcut: 46
[t=10.2998s, 47744 KB] g=51, 6433 evaluated, 250 expanded
[t=10.3647s, 47744 KB] New best heuristic value for lmcut: 45
[t=10.3647s, 47744 KB] g=52, 6492 evaluated, 251 expanded
[t=10.6919s, 47744 KB] New best heuristic value for lmcut: 44
[t=10.6919s, 47744 KB] g=53, 6794 evaluated, 264 expanded
[t=10.9464s, 47744 KB] New best heuristic value for lmcut: 43
[t=10.9464s, 47744 KB] g=54, 7032 evaluated, 270 expanded
[t=11.2597s, 47744 KB] New best heuristic value for lmcut: 42
[t=11.2597s, 47744 KB] g=55, 7334 evaluated, 283 expanded
[t=11.5042s, 47744 KB] New best heuristic value for lmcut: 41
[t=11.5042s, 47744 KB] g=56, 7572 evaluated, 288 expanded
[t=11.8035s, 47744 KB] New best heuristic value for lmcut: 40
[t=11.8035s, 47744 KB] g=57, 7874 evaluated, 301 expanded
[t=12.0987s, 47744 KB] New best heuristic value for lmcut: 39
[t=12.0987s, 47744 KB] g=58, 8175 evaluated, 306 expanded
[t=12.0997s, 47744 KB] New best heuristic value for lmcut: 38
[t=12.0997s, 47744 KB] g=59, 8176 evaluated, 307 expanded
[t=12.1536s, 47744 KB] New best heuristic value for lmcut: 37
[t=12.1536s, 47744 KB] g=60, 8235 evaluated, 308 expanded
[t=12.2623s, 47744 KB] New best heuristic value for lmcut: 36
[t=12.2633s, 47744 KB] g=61, 8356 evaluated, 311 expanded
[t=12.2633s, 47744 KB] New best heuristic value for lmcut: 35
[t=12.2633s, 47744 KB] g=62, 8357 evaluated, 312 expanded
[t=12.3142s, 47744 KB] New best heuristic value for lmcut: 34
[t=12.3142s, 47744 KB] g=63, 8416 evaluated, 313 expanded
[t=12.4649s, 47744 KB] New best heuristic value for lmcut: 33
[t=12.4649s, 47744 KB] g=64, 8597 evaluated, 319 expanded
[t=12.4659s, 47744 KB] New best heuristic value for lmcut: 32
[t=12.4659s, 47744 KB] g=65, 8598 evaluated, 320 expanded
[t=12.5128s, 47744 KB] New best heuristic value for lmcut: 31
[t=12.5128s, 47744 KB] g=66, 8657 evaluated, 321 expanded
[t=12.6056s, 47744 KB] New best heuristic value for lmcut: 30
[t=12.6056s, 47744 KB] g=67, 8778 evaluated, 325 expanded
[t=12.6056s, 47744 KB] New best heuristic value for lmcut: 29
[t=12.6056s, 47744 KB] g=68, 8779 evaluated, 326 expanded
[t=12.6485s, 47744 KB] New best heuristic value for lmcut: 28
[t=12.6485s, 47744 KB] g=69, 8838 evaluated, 327 expanded
[t=12.7752s, 47876 KB] New best heuristic value for lmcut: 27
[t=12.7752s, 47876 KB] g=70, 9019 evaluated, 333 expanded
[t=12.7762s, 47876 KB] New best heuristic value for lmcut: 26
[t=12.7762s, 47876 KB] g=71, 9020 evaluated, 334 expanded
[t=12.8141s, 47876 KB] New best heuristic value for lmcut: 25
[t=12.8141s, 47876 KB] g=72, 9079 evaluated, 335 expanded
[t=12.8909s, 47876 KB] New best heuristic value for lmcut: 24
[t=12.8909s, 47876 KB] g=73, 9201 evaluated, 341 expanded
[t=13.0785s, 47876 KB] New best heuristic value for lmcut: 23
[t=13.0785s, 47876 KB] g=74, 9502 evaluated, 347 expanded
[t=13.0795s, 47876 KB] New best heuristic value for lmcut: 22
[t=13.0795s, 47876 KB] g=75, 9503 evaluated, 348 expanded
[t=13.1124s, 47876 KB] New best heuristic value for lmcut: 21
[t=13.1124s, 47876 KB] g=76, 9562 evaluated, 349 expanded
[t=13.1783s, 47876 KB] New best heuristic value for lmcut: 20
[t=13.1783s, 47876 KB] g=77, 9683 evaluated, 352 expanded
[t=13.1783s, 47876 KB] New best heuristic value for lmcut: 19
[t=13.1783s, 47876 KB] g=78, 9684 evaluated, 353 expanded
[t=13.2082s, 47876 KB] New best heuristic value for lmcut: 18
[t=13.2082s, 47876 KB] g=79, 9743 evaluated, 354 expanded
[t=13.2381s, 47876 KB] New best heuristic value for lmcut: 17
[t=13.2381s, 47876 KB] g=80, 9806 evaluated, 358 expanded
[t=13.293s, 47876 KB] New best heuristic value for lmcut: 16
[t=13.293s, 47876 KB] g=81, 9926 evaluated, 359 expanded
[t=13.294s, 47876 KB] New best heuristic value for lmcut: 15
[t=13.294s, 47876 KB] g=82, 9927 evaluated, 360 expanded
[t=13.3179s, 47876 KB] New best heuristic value for lmcut: 14
[t=13.3179s, 47876 KB] g=83, 9986 evaluated, 361 expanded
[t=13.3409s, 47876 KB] New best heuristic value for lmcut: 13
[t=13.3409s, 47876 KB] g=84, 10047 evaluated, 362 expanded
[t=13.3488s, 47876 KB] New best heuristic value for lmcut: 12
[t=13.3488s, 47876 KB] g=85, 10070 evaluated, 363 expanded
[t=13.3618s, 47876 KB] New best heuristic value for lmcut: 11
[t=13.3618s, 47876 KB] g=86, 10107 evaluated, 365 expanded
[t=13.3688s, 47876 KB] New best heuristic value for lmcut: 10
[t=13.3688s, 47876 KB] g=87, 10131 evaluated, 366 expanded
[t=13.3798s, 47876 KB] New best heuristic value for lmcut: 9
[t=13.3798s, 47876 KB] g=88, 10167 evaluated, 368 expanded
[t=13.3967s, 47876 KB] New best heuristic value for lmcut: 8
[t=13.3967s, 47876 KB] g=89, 10230 evaluated, 369 expanded
[t=13.4117s, 47876 KB] New best heuristic value for lmcut: 7
[t=13.4117s, 47876 KB] g=90, 10292 evaluated, 370 expanded
[t=13.4256s, 47876 KB] New best heuristic value for lmcut: 6
[t=13.4256s, 47876 KB] g=91, 10353 evaluated, 371 expanded
[t=13.4306s, 47876 KB] New best heuristic value for lmcut: 5
[t=13.4306s, 47876 KB] g=92, 10377 evaluated, 372 expanded
[t=13.4366s, 47876 KB] New best heuristic value for lmcut: 4
[t=13.4366s, 47876 KB] g=93, 10413 evaluated, 373 expanded
[t=13.4446s, 47876 KB] New best heuristic value for lmcut: 3
[t=13.4446s, 47876 KB] g=94, 10464 evaluated, 374 expanded
[t=13.4456s, 47876 KB] New best heuristic value for lmcut: 2
[t=13.4456s, 47876 KB] g=95, 10473 evaluated, 375 expanded
[t=13.4506s, 47876 KB] New best heuristic value for lmcut: 1
[t=13.4506s, 47876 KB] g=96, 10531 evaluated, 376 expanded
[t=13.4506s, 47876 KB] New best heuristic value for lmcut: 0
[t=13.4506s, 47876 KB] g=97, 10533 evaluated, 377 expanded
[t=13.4516s, 47876 KB] Solution found!
[t=13.4516s, 47876 KB] Actual search time: 13.4366s
up f0 f19 (1)
board f19 p4 (1)
down f19 f6 (1)
board f6 p20 (1)
board f6 p7 (1)
down f6 f5 (1)
depart f5 p20 (1)
up f5 f20 (1)
board f20 p21 (1)
down f20 f7 (1)
board f7 p22 (1)
up f7 f25 (1)
board f25 p10 (1)
board f25 p25 (1)
board f25 p8 (1)
down f25 f15 (1)
depart f15 p8 (1)
down f15 f8 (1)
depart f8 p10 (1)
up f8 f26 (1)
depart f26 p22 (1)
up f26 f28 (1)
board f28 p11 (1)
board f28 p28 (1)
board f28 p29 (1)
down f28 f24 (1)
board f24 p23 (1)
board f24 p9 (1)
depart f24 p11 (1)
up f24 f30 (1)
depart f30 p21 (1)
up f30 f31 (1)
board f31 p6 (1)
down f31 f2 (1)
depart f2 p6 (1)
up f2 f32 (1)
depart f32 p23 (1)
up f32 f33 (1)
board f33 p2 (1)
board f33 p24 (1)
up f33 f37 (1)
board f37 p17 (1)
down f37 f9 (1)
depart f9 p17 (1)
up f9 f38 (1)
board f38 p13 (1)
up f38 f39 (1)
depart f39 p4 (1)
up f39 f40 (1)
depart f40 p24 (1)
up f40 f49 (1)
board f49 p26 (1)
down f49 f45 (1)
depart f45 p26 (1)
up f45 f50 (1)
board f50 p3 (1)
board f50 p5 (1)
depart f50 p25 (1)
down f50 f14 (1)
board f14 p27 (1)
depart f14 p3 (1)
up f14 f23 (1)
board f23 p19 (1)
depart f23 p5 (1)
down f23 f4 (1)
board f4 p1 (1)
depart f4 p19 (1)
up f4 f42 (1)
depart f42 p27 (1)
depart f42 p1 (1)
up f42 f53 (1)
board f53 p12 (1)
board f53 p18 (1)
depart f53 p28 (1)
down f53 f27 (1)
board f27 p14 (1)
depart f27 p18 (1)
up f27 f43 (1)
board f43 p0 (1)
board f43 p16 (1)
depart f43 p14 (1)
down f43 f0 (1)
depart f0 p9 (1)
depart f0 p0 (1)
up f0 f51 (1)
depart f51 p12 (1)
up f51 f54 (1)
board f54 p15 (1)
depart f54 p7 (1)
depart f54 p2 (1)
depart f54 p13 (1)
down f54 f3 (1)
depart f3 p15 (1)
up f3 f55 (1)
depart f55 p29 (1)
up f55 f58 (1)
depart f58 p16 (1)
[t=13.4516s, 47876 KB] Plan length: 97 step(s).
[t=13.4516s, 47876 KB] Plan cost: 97
[t=13.4516s, 47876 KB] Expanded 378 state(s).
[t=13.4516s, 47876 KB] Reopened 0 state(s).
[t=13.4516s, 47876 KB] Evaluated 10533 state(s).
[t=13.4516s, 47876 KB] Evaluations: 10533
[t=13.4516s, 47876 KB] Generated 22616 state(s).
[t=13.4516s, 47876 KB] Dead ends: 0 state(s).
[t=13.4516s, 47876 KB] Expanded until last jump: 1 state(s).
[t=13.4516s, 47876 KB] Reopened until last jump: 0 state(s).
[t=13.4516s, 47876 KB] Evaluated until last jump: 60 state(s).
[t=13.4516s, 47876 KB] Generated until last jump: 59 state(s).
[t=13.4516s, 47876 KB] Number of registered states: 10533
[t=13.4516s, 47876 KB] Int hash set load factor: 10533/16384 = 0.642883
[t=13.4516s, 47876 KB] Int hash set resizes: 14
[t=13.4516s, 47876 KB] Search time: 13.4396s
[t=13.4516s, 47876 KB] Total time: 13.4516s
Solution found.
Peak memory: 47876 KB
search exit code: 0

