JOBNAME = miconic-s2-1.sas_0
JOBID = 708045
Linux razor-21.dei.unipd.it 5.12.10-300.fc34.x86_64 #1 SMP Thu Jun 10 14:21:36 UTC 2021 x86_64 x86_64 x86_64 GNU/Linux
INFO     Running search (release).
INFO     search stdin: /nfsd/rop/instances/PlanningSAS/miconic-s2-1.sas
INFO     search time limit: 3600s
INFO     search memory limit: None
INFO     search command line string: /home/salvagni/Basel/downward/builds/release/bin/downward --search 'astar(LMcut())' --internal-plan-file sas_plan < /nfsd/rop/instances/PlanningSAS/miconic-s2-1.sas
[t=0s, 45824 KB] reading input...
[t=0s, 45824 KB] done reading input!
[t=0.0019858s, 46080 KB] Initializing landmark cut heuristic...
[t=0.0019858s, 46080 KB] Building successor generator...done!
[t=0.0019858s, 46080 KB] peak memory difference for successor generator creation: 0 KB
[t=0.0019858s, 46080 KB] time for successor generation creation: 0s
[t=0.0019858s, 46080 KB] Variables: 5
[t=0.0019858s, 46080 KB] FactPairs: 12
[t=0.0019858s, 46080 KB] Bytes per state: 4
[t=0.0019858s, 46080 KB] Conducting best first search with reopening closed nodes, (real) bound = 2147483647
[t=0.0019858s, 46080 KB] New best heuristic value for lmcut: 6
[t=0.0019858s, 46080 KB] g=0, 1 evaluated, 0 expanded
[t=0.0019858s, 46080 KB] f = 6, 1 evaluated, 0 expanded
[t=0.0019858s, 46080 KB] Initial heuristic value for lmcut: 6
[t=0.0019858s, 46080 KB] pruning method: none
[t=0.0019858s, 46080 KB] New best heuristic value for lmcut: 5
[t=0.0019858s, 46080 KB] g=1, 2 evaluated, 1 expanded
[t=0.0019858s, 46080 KB] f = 7, 8 evaluated, 2 expanded
[t=0.0019858s, 46080 KB] New best heuristic value for lmcut: 4
[t=0.0019858s, 46080 KB] g=3, 9 evaluated, 3 expanded
[t=0.0019858s, 46080 KB] New best heuristic value for lmcut: 3
[t=0.0019858s, 46080 KB] g=4, 10 evaluated, 4 expanded
[t=0.0019858s, 46080 KB] New best heuristic value for lmcut: 2
[t=0.0019858s, 46080 KB] g=5, 14 evaluated, 6 expanded
[t=0.0019858s, 46080 KB] New best heuristic value for lmcut: 1
[t=0.0019858s, 46080 KB] g=6, 15 evaluated, 7 expanded
[t=0.0019858s, 46080 KB] New best heuristic value for lmcut: 0
[t=0.0019858s, 46080 KB] g=7, 19 evaluated, 8 expanded
[t=0.00298085s, 46080 KB] Solution found!
[t=0.00298085s, 46080 KB] Actual search time: 0.000995041s
board f0 p0 (1)
up f0 f1 (1)
depart f1 p0 (1)
up f1 f3 (1)
board f3 p1 (1)
down f3 f0 (1)
depart f0 p1 (1)
[t=0.00298085s, 46080 KB] Plan length: 7 step(s).
[t=0.00298085s, 46080 KB] Plan cost: 7
[t=0.00298085s, 46080 KB] Expanded 9 state(s).
[t=0.00298085s, 46080 KB] Reopened 0 state(s).
[t=0.00298085s, 46080 KB] Evaluated 19 state(s).
[t=0.00298085s, 46080 KB] Evaluations: 19
[t=0.00298085s, 46080 KB] Generated 32 state(s).
[t=0.00298085s, 46080 KB] Dead ends: 0 state(s).
[t=0.00298085s, 46080 KB] Expanded until last jump: 2 state(s).
[t=0.00298085s, 46080 KB] Reopened until last jump: 0 state(s).
[t=0.00298085s, 46080 KB] Evaluated until last jump: 8 state(s).
[t=0.00298085s, 46080 KB] Generated until last jump: 8 state(s).
[t=0.00298085s, 46080 KB] Number of registered states: 19
[t=0.00298085s, 46080 KB] Int hash set load factor: 19/32 = 0.59375
[t=0.00298085s, 46080 KB] Int hash set resizes: 5
[t=0.00298085s, 46080 KB] Search time: 0.000995041s
[t=0.00298085s, 46080 KB] Total time: 0.00298085s
Solution found.
Peak memory: 46080 KB
search exit code: 0

