JOBNAME = miconic-s22-3.sas_0
JOBID = 708049
Linux razor-21.dei.unipd.it 5.12.10-300.fc34.x86_64 #1 SMP Thu Jun 10 14:21:36 UTC 2021 x86_64 x86_64 x86_64 GNU/Linux
INFO     Running search (release).
INFO     search stdin: /nfsd/rop/instances/PlanningSAS/miconic-s22-3.sas
INFO     search time limit: 3600s
INFO     search memory limit: None
INFO     search command line string: /home/salvagni/Basel/downward/builds/release/bin/downward --search 'astar(LMcut())' --internal-plan-file sas_plan < /nfsd/rop/instances/PlanningSAS/miconic-s22-3.sas
[t=0s, 45824 KB] reading input...
[t=0.00497132s, 46132 KB] done reading input!
[t=0.00696621s, 46868 KB] Initializing landmark cut heuristic...
[t=0.00696621s, 46868 KB] Building successor generator...done!
[t=0.00696621s, 46948 KB] peak memory difference for successor generator creation: 80 KB
[t=0.00796271s, 46948 KB] time for successor generation creation: 0s
[t=0.00796271s, 46948 KB] Variables: 45
[t=0.00796271s, 46948 KB] FactPairs: 132
[t=0.00796271s, 46948 KB] Bytes per state: 8
[t=0.00796271s, 46948 KB] Conducting best first search with reopening closed nodes, (real) bound = 2147483647
[t=0.00895741s, 46948 KB] New best heuristic value for lmcut: 75
[t=0.00895741s, 46948 KB] g=0, 1 evaluated, 0 expanded
[t=0.00895741s, 46948 KB] f = 75, 1 evaluated, 0 expanded
[t=0.00895741s, 46948 KB] Initial heuristic value for lmcut: 75
[t=0.00895741s, 46948 KB] pruning method: none
[t=0.00995348s, 46948 KB] New best heuristic value for lmcut: 74
[t=0.00995348s, 46948 KB] g=1, 2 evaluated, 1 expanded
[t=0.0907429s, 46948 KB] f = 76, 88 evaluated, 2 expanded
[t=0.0917415s, 46948 KB] New best heuristic value for lmcut: 73
[t=0.0917415s, 46948 KB] g=3, 89 evaluated, 6 expanded
[t=0.0927364s, 46948 KB] New best heuristic value for lmcut: 72
[t=0.0927364s, 46948 KB] g=4, 90 evaluated, 7 expanded
[t=0.131633s, 46948 KB] New best heuristic value for lmcut: 71
[t=0.131633s, 46948 KB] g=5, 133 evaluated, 13 expanded
[t=0.132631s, 46948 KB] New best heuristic value for lmcut: 70
[t=0.132631s, 46948 KB] g=6, 134 evaluated, 14 expanded
[t=0.170541s, 46948 KB] New best heuristic value for lmcut: 69
[t=0.17154s, 46948 KB] g=7, 177 evaluated, 20 expanded
[t=0.17154s, 46948 KB] New best heuristic value for lmcut: 68
[t=0.17154s, 46948 KB] g=8, 178 evaluated, 21 expanded
[t=0.209453s, 46948 KB] New best heuristic value for lmcut: 67
[t=0.209453s, 46948 KB] g=9, 221 evaluated, 26 expanded
[t=0.210451s, 46948 KB] New best heuristic value for lmcut: 66
[t=0.210451s, 46948 KB] g=10, 222 evaluated, 27 expanded
[t=0.246364s, 46948 KB] New best heuristic value for lmcut: 65
[t=0.246364s, 46948 KB] g=11, 265 evaluated, 32 expanded
[t=0.248354s, 46948 KB] New best heuristic value for lmcut: 64
[t=0.248354s, 46948 KB] g=12, 267 evaluated, 33 expanded
[t=0.284252s, 46948 KB] New best heuristic value for lmcut: 63
[t=0.284252s, 46948 KB] g=13, 311 evaluated, 34 expanded
[t=0.319171s, 46948 KB] New best heuristic value for lmcut: 62
[t=0.319171s, 46948 KB] g=14, 354 evaluated, 39 expanded
[t=0.319171s, 46948 KB] New best heuristic value for lmcut: 61
[t=0.320169s, 46948 KB] g=15, 355 evaluated, 40 expanded
[t=0.353091s, 46948 KB] New best heuristic value for lmcut: 60
[t=0.353091s, 46948 KB] g=16, 398 evaluated, 45 expanded
[t=0.354089s, 46948 KB] New best heuristic value for lmcut: 59
[t=0.354089s, 46948 KB] g=17, 399 evaluated, 46 expanded
[t=0.386003s, 46948 KB] New best heuristic value for lmcut: 58
[t=0.386003s, 46948 KB] g=18, 442 evaluated, 50 expanded
[t=0.387001s, 46948 KB] New best heuristic value for lmcut: 57
[t=0.387001s, 46948 KB] g=19, 443 evaluated, 51 expanded
[t=0.418926s, 46948 KB] New best heuristic value for lmcut: 56
[t=0.418926s, 46948 KB] g=20, 486 evaluated, 55 expanded
[t=0.418926s, 46948 KB] New best heuristic value for lmcut: 55
[t=0.418926s, 46948 KB] g=21, 487 evaluated, 56 expanded
[t=0.44985s, 46948 KB] New best heuristic value for lmcut: 54
[t=0.44985s, 46948 KB] g=22, 530 evaluated, 60 expanded
[t=0.450848s, 46948 KB] New best heuristic value for lmcut: 53
[t=0.450848s, 46948 KB] g=23, 532 evaluated, 61 expanded
[t=0.481773s, 46948 KB] New best heuristic value for lmcut: 52
[t=0.481773s, 46948 KB] g=24, 576 evaluated, 62 expanded
[t=0.510694s, 46948 KB] New best heuristic value for lmcut: 51
[t=0.510694s, 46948 KB] g=25, 619 evaluated, 63 expanded
[t=0.511692s, 46948 KB] New best heuristic value for lmcut: 50
[t=0.511692s, 46948 KB] g=26, 621 evaluated, 64 expanded
[t=0.538625s, 46948 KB] New best heuristic value for lmcut: 49
[t=0.538625s, 46948 KB] g=27, 663 evaluated, 66 expanded
[t=0.568556s, 46948 KB] New best heuristic value for lmcut: 48
[t=0.568556s, 46948 KB] g=28, 710 evaluated, 69 expanded
[t=0.594495s, 46948 KB] New best heuristic value for lmcut: 47
[t=0.594495s, 46948 KB] g=29, 751 evaluated, 71 expanded
[t=0.649361s, 46948 KB] New best heuristic value for lmcut: 46
[t=0.649361s, 46948 KB] g=30, 842 evaluated, 78 expanded
[t=0.674303s, 46948 KB] New best heuristic value for lmcut: 45
[t=0.674303s, 46948 KB] g=31, 883 evaluated, 80 expanded
[t=0.726183s, 46948 KB] New best heuristic value for lmcut: 44
[t=0.726183s, 46948 KB] g=32, 972 evaluated, 85 expanded
[t=0.731168s, 46948 KB] New best heuristic value for lmcut: 43
[t=0.731168s, 46948 KB] g=33, 981 evaluated, 86 expanded
[t=0.751118s, 46948 KB] New best heuristic value for lmcut: 42
[t=0.751118s, 46948 KB] g=34, 1016 evaluated, 88 expanded
[t=0.776047s, 46948 KB] New best heuristic value for lmcut: 41
[t=0.777045s, 46948 KB] g=35, 1063 evaluated, 95 expanded
[t=0.797995s, 46948 KB] New best heuristic value for lmcut: 40
[t=0.797995s, 46948 KB] g=36, 1104 evaluated, 96 expanded
[t=0.803978s, 46948 KB] New best heuristic value for lmcut: 39
[t=0.803978s, 46948 KB] g=37, 1115 evaluated, 97 expanded
[t=0.820936s, 46948 KB] New best heuristic value for lmcut: 38
[t=0.820936s, 46948 KB] g=38, 1148 evaluated, 98 expanded
[t=0.844875s, 46948 KB] New best heuristic value for lmcut: 37
[t=0.844875s, 46948 KB] g=39, 1196 evaluated, 105 expanded
[t=0.864827s, 46948 KB] New best heuristic value for lmcut: 36
[t=0.864827s, 46948 KB] g=40, 1236 evaluated, 106 expanded
[t=0.886773s, 46948 KB] New best heuristic value for lmcut: 35
[t=0.886773s, 46948 KB] g=41, 1284 evaluated, 111 expanded
[t=0.905716s, 46948 KB] New best heuristic value for lmcut: 34
[t=0.905716s, 46948 KB] g=42, 1324 evaluated, 112 expanded
[t=0.926666s, 46948 KB] New best heuristic value for lmcut: 33
[t=0.926666s, 46948 KB] g=43, 1371 evaluated, 119 expanded
[t=0.965575s, 46948 KB] New best heuristic value for lmcut: 32
[t=0.965575s, 46948 KB] g=44, 1459 evaluated, 120 expanded
[t=0.967568s, 46948 KB] New best heuristic value for lmcut: 31
[t=0.967568s, 46948 KB] g=45, 1463 evaluated, 121 expanded
[t=0.983528s, 46948 KB] New best heuristic value for lmcut: 30
[t=0.983528s, 46948 KB] g=46, 1503 evaluated, 122 expanded
[t=1.00348s, 46948 KB] New best heuristic value for lmcut: 29
[t=1.00348s, 46948 KB] g=47, 1551 evaluated, 125 expanded
[t=1.01843s, 46948 KB] New best heuristic value for lmcut: 28
[t=1.01843s, 46948 KB] g=48, 1591 evaluated, 126 expanded
[t=1.03639s, 46948 KB] New best heuristic value for lmcut: 27
[t=1.03738s, 46948 KB] g=49, 1639 evaluated, 131 expanded
[t=1.05135s, 46948 KB] New best heuristic value for lmcut: 26
[t=1.05135s, 46948 KB] g=50, 1679 evaluated, 132 expanded
[t=1.06731s, 46948 KB] New best heuristic value for lmcut: 25
[t=1.06731s, 46948 KB] g=51, 1725 evaluated, 137 expanded
[t=1.08426s, 46948 KB] New best heuristic value for lmcut: 24
[t=1.08426s, 46948 KB] g=52, 1772 evaluated, 138 expanded
[t=1.09723s, 46948 KB] New best heuristic value for lmcut: 23
[t=1.09723s, 46948 KB] g=53, 1812 evaluated, 139 expanded
[t=1.11219s, 46948 KB] New best heuristic value for lmcut: 22
[t=1.11219s, 46948 KB] g=54, 1860 evaluated, 142 expanded
[t=1.12416s, 46948 KB] New best heuristic value for lmcut: 21
[t=1.12416s, 46948 KB] g=55, 1900 evaluated, 143 expanded
[t=1.16305s, 46948 KB] New best heuristic value for lmcut: 20
[t=1.16305s, 46948 KB] g=56, 2033 evaluated, 149 expanded
[t=1.16405s, 46948 KB] New best heuristic value for lmcut: 19
[t=1.16505s, 46948 KB] g=57, 2037 evaluated, 150 expanded
[t=1.17502s, 46948 KB] New best heuristic value for lmcut: 18
[t=1.17502s, 46948 KB] g=58, 2077 evaluated, 151 expanded
[t=1.19796s, 46948 KB] New best heuristic value for lmcut: 17
[t=1.19796s, 46948 KB] g=59, 2167 evaluated, 157 expanded
[t=1.20993s, 46948 KB] New best heuristic value for lmcut: 16
[t=1.20993s, 46948 KB] g=60, 2214 evaluated, 158 expanded
[t=1.21891s, 46948 KB] New best heuristic value for lmcut: 15
[t=1.21891s, 46948 KB] g=61, 2254 evaluated, 159 expanded
[t=1.22888s, 46948 KB] New best heuristic value for lmcut: 14
[t=1.22888s, 46948 KB] g=62, 2299 evaluated, 160 expanded
[t=1.23486s, 46948 KB] New best heuristic value for lmcut: 13
[t=1.23486s, 46948 KB] g=63, 2325 evaluated, 161 expanded
[t=1.23785s, 46948 KB] New best heuristic value for lmcut: 12
[t=1.23785s, 46948 KB] g=64, 2343 evaluated, 162 expanded
[t=1.24982s, 46948 KB] New best heuristic value for lmcut: 11
[t=1.24982s, 46948 KB] g=65, 2407 evaluated, 165 expanded
[t=1.25381s, 46948 KB] New best heuristic value for lmcut: 10
[t=1.25381s, 46948 KB] g=66, 2431 evaluated, 166 expanded
[t=1.26378s, 46948 KB] New best heuristic value for lmcut: 9
[t=1.26378s, 46948 KB] g=67, 2495 evaluated, 169 expanded
[t=1.26677s, 46948 KB] New best heuristic value for lmcut: 8
[t=1.26677s, 46948 KB] g=68, 2519 evaluated, 170 expanded
[t=1.27573s, 46948 KB] New best heuristic value for lmcut: 7
[t=1.27573s, 46948 KB] g=69, 2583 evaluated, 173 expanded
[t=1.27872s, 46948 KB] New best heuristic value for lmcut: 6
[t=1.27872s, 46948 KB] g=70, 2607 evaluated, 174 expanded
[t=1.28769s, 46948 KB] New best heuristic value for lmcut: 5
[t=1.28769s, 46948 KB] g=71, 2696 evaluated, 177 expanded
[t=1.28968s, 46948 KB] New best heuristic value for lmcut: 4
[t=1.28968s, 46948 KB] g=72, 2716 evaluated, 178 expanded
[t=1.29168s, 46948 KB] New best heuristic value for lmcut: 3
[t=1.29168s, 46948 KB] g=73, 2740 evaluated, 179 expanded
[t=1.29566s, 46948 KB] New best heuristic value for lmcut: 2
[t=1.29566s, 46948 KB] g=74, 2785 evaluated, 180 expanded
[t=1.29766s, 46948 KB] New best heuristic value for lmcut: 1
[t=1.29766s, 46948 KB] g=75, 2828 evaluated, 181 expanded
[t=1.29766s, 46948 KB] New best heuristic value for lmcut: 0
[t=1.29766s, 46948 KB] g=76, 2829 evaluated, 182 expanded
[t=1.29766s, 46948 KB] Solution found!
[t=1.29766s, 46948 KB] Actual search time: 1.2887s
board f0 p16 (1)
up f0 f13 (1)
board f13 p0 (1)
down f13 f5 (1)
board f5 p18 (1)
up f5 f14 (1)
board f14 p9 (1)
down f14 f4 (1)
depart f4 p9 (1)
up f4 f15 (1)
board f15 p15 (1)
board f15 p4 (1)
down f15 f6 (1)
board f6 p1 (1)
up f6 f17 (1)
board f17 p3 (1)
down f17 f12 (1)
depart f12 p3 (1)
down f12 f7 (1)
board f7 p21 (1)
up f7 f18 (1)
board f18 p17 (1)
board f18 p7 (1)
down f18 f0 (1)
depart f0 p17 (1)
up f0 f19 (1)
depart f19 p0 (1)
up f19 f23 (1)
board f23 p2 (1)
down f23 f8 (1)
board f8 p8 (1)
depart f8 p2 (1)
up f8 f28 (1)
board f28 p6 (1)
down f28 f10 (1)
depart f10 p6 (1)
up f10 f29 (1)
board f29 p14 (1)
down f29 f25 (1)
depart f25 p14 (1)
up f25 f31 (1)
board f31 p20 (1)
board f31 p5 (1)
depart f31 p8 (1)
down f31 f20 (1)
depart f20 p20 (1)
up f20 f30 (1)
depart f30 p5 (1)
up f30 f32 (1)
board f32 p12 (1)
board f32 p19 (1)
down f32 f21 (1)
depart f21 p19 (1)
up f21 f35 (1)
depart f35 p21 (1)
depart f35 p18 (1)
up f35 f36 (1)
board f36 p10 (1)
board f36 p11 (1)
down f36 f11 (1)
depart f11 p7 (1)
depart f11 p11 (1)
up f11 f33 (1)
depart f33 p10 (1)
up f33 f40 (1)
depart f40 p4 (1)
up f40 f41 (1)
depart f41 p16 (1)
up f41 f42 (1)
board f42 p13 (1)
depart f42 p15 (1)
down f42 f26 (1)
depart f26 p13 (1)
depart f26 p12 (1)
up f26 f43 (1)
depart f43 p1 (1)
[t=1.29766s, 46948 KB] Plan length: 76 step(s).
[t=1.29766s, 46948 KB] Plan cost: 76
[t=1.29766s, 46948 KB] Expanded 183 state(s).
[t=1.29766s, 46948 KB] Reopened 0 state(s).
[t=1.29766s, 46948 KB] Evaluated 2829 state(s).
[t=1.29766s, 46948 KB] Evaluations: 2829
[t=1.29766s, 46948 KB] Generated 7945 state(s).
[t=1.29766s, 46948 KB] Dead ends: 0 state(s).
[t=1.29766s, 46948 KB] Expanded until last jump: 2 state(s).
[t=1.29766s, 46948 KB] Reopened until last jump: 0 state(s).
[t=1.29766s, 46948 KB] Evaluated until last jump: 88 state(s).
[t=1.29766s, 46948 KB] Generated until last jump: 88 state(s).
[t=1.29766s, 46948 KB] Number of registered states: 2829
[t=1.29766s, 46948 KB] Int hash set load factor: 2829/4096 = 0.690674
[t=1.29766s, 46948 KB] Int hash set resizes: 12
[t=1.29766s, 46948 KB] Search time: 1.28969s
[t=1.29766s, 46948 KB] Total time: 1.29766s
Solution found.
Peak memory: 46948 KB
search exit code: 0

