JOBNAME = miconic-s14-0.sas_0
JOBID = 708003
Linux razor-16.dei.unipd.it 5.12.10-300.fc34.x86_64 #1 SMP Thu Jun 10 14:21:36 UTC 2021 x86_64 x86_64 x86_64 GNU/Linux
INFO     Running search (release).
INFO     search stdin: /nfsd/rop/instances/PlanningSAS/miconic-s14-0.sas
INFO     search time limit: 3600s
INFO     search memory limit: None
INFO     search command line string: /home/salvagni/Basel/downward/builds/release/bin/downward --search 'astar(LMcut())' --internal-plan-file sas_plan < /nfsd/rop/instances/PlanningSAS/miconic-s14-0.sas
[t=0s, 45824 KB] reading input...
[t=0.00199187s, 45948 KB] done reading input!
[t=0.00397866s, 46492 KB] Initializing landmark cut heuristic...
[t=0.00397866s, 46492 KB] Building successor generator...done!
[t=0.00397866s, 46492 KB] peak memory difference for successor generator creation: 0 KB
[t=0.00397866s, 46492 KB] time for successor generation creation: 0s
[t=0.00397866s, 46492 KB] Variables: 29
[t=0.00397866s, 46492 KB] FactPairs: 84
[t=0.00397866s, 46492 KB] Bytes per state: 8
[t=0.00397866s, 46492 KB] Conducting best first search with reopening closed nodes, (real) bound = 2147483647
[t=0.00397866s, 46492 KB] New best heuristic value for lmcut: 45
[t=0.00397866s, 46492 KB] g=0, 1 evaluated, 0 expanded
[t=0.00497498s, 46492 KB] f = 45, 1 evaluated, 0 expanded
[t=0.00497498s, 46492 KB] Initial heuristic value for lmcut: 45
[t=0.00497498s, 46492 KB] pruning method: none
[t=0.00497498s, 46492 KB] New best heuristic value for lmcut: 44
[t=0.00497498s, 46492 KB] g=1, 2 evaluated, 1 expanded
[t=0.0109576s, 46492 KB] New best heuristic value for lmcut: 43
[t=0.0109576s, 46492 KB] g=2, 30 evaluated, 2 expanded
[t=0.0159434s, 46492 KB] New best heuristic value for lmcut: 42
[t=0.0159434s, 46492 KB] g=3, 57 evaluated, 3 expanded
[t=0.016942s, 46492 KB] New best heuristic value for lmcut: 41
[t=0.016942s, 46492 KB] g=4, 59 evaluated, 4 expanded
[t=0.0229222s, 46492 KB] New best heuristic value for lmcut: 40
[t=0.0229222s, 46492 KB] g=5, 88 evaluated, 5 expanded
[t=0.0279064s, 46492 KB] New best heuristic value for lmcut: 39
[t=0.0279064s, 46492 KB] g=6, 114 evaluated, 6 expanded
[t=0.0279064s, 46492 KB] New best heuristic value for lmcut: 38
[t=0.0279064s, 46492 KB] g=7, 117 evaluated, 7 expanded
[t=0.0328877s, 46492 KB] New best heuristic value for lmcut: 37
[t=0.0328877s, 46492 KB] g=8, 142 evaluated, 8 expanded
[t=0.0428576s, 46492 KB] New best heuristic value for lmcut: 36
[t=0.0428576s, 46492 KB] g=9, 201 evaluated, 13 expanded
[t=0.0478416s, 46492 KB] New best heuristic value for lmcut: 35
[t=0.0478416s, 46492 KB] g=10, 226 evaluated, 14 expanded
[t=0.0578139s, 46492 KB] New best heuristic value for lmcut: 34
[t=0.0578139s, 46492 KB] g=11, 286 evaluated, 19 expanded
[t=0.0618014s, 46492 KB] New best heuristic value for lmcut: 33
[t=0.0618014s, 46492 KB] g=12, 310 evaluated, 20 expanded
[t=0.0707758s, 46492 KB] New best heuristic value for lmcut: 32
[t=0.0707758s, 46492 KB] g=13, 368 evaluated, 25 expanded
[t=0.0757614s, 46492 KB] New best heuristic value for lmcut: 31
[t=0.0757614s, 46492 KB] g=14, 398 evaluated, 26 expanded
[t=0.0787507s, 46492 KB] New best heuristic value for lmcut: 30
[t=0.0787507s, 46492 KB] g=15, 423 evaluated, 27 expanded
[t=0.0837269s, 46492 KB] New best heuristic value for lmcut: 29
[t=0.0837269s, 46492 KB] g=16, 452 evaluated, 28 expanded
[t=0.0847244s, 46492 KB] New best heuristic value for lmcut: 28
[t=0.0847244s, 46492 KB] g=17, 459 evaluated, 29 expanded
[t=0.0877124s, 46492 KB] New best heuristic value for lmcut: 27
[t=0.0877124s, 46492 KB] g=18, 480 evaluated, 31 expanded
[t=0.0877124s, 46492 KB] New best heuristic value for lmcut: 26
[t=0.0877124s, 46492 KB] g=19, 482 evaluated, 32 expanded
[t=0.0926978s, 46492 KB] New best heuristic value for lmcut: 25
[t=0.0926978s, 46492 KB] g=20, 516 evaluated, 33 expanded
[t=0.0946913s, 46492 KB] New best heuristic value for lmcut: 24
[t=0.0946913s, 46492 KB] g=21, 537 evaluated, 35 expanded
[t=0.101669s, 46492 KB] New best heuristic value for lmcut: 23
[t=0.101669s, 46492 KB] g=22, 594 evaluated, 38 expanded
[t=0.102668s, 46492 KB] New best heuristic value for lmcut: 22
[t=0.102668s, 46492 KB] g=23, 601 evaluated, 39 expanded
[t=0.104658s, 46492 KB] New best heuristic value for lmcut: 21
[t=0.104658s, 46492 KB] g=24, 622 evaluated, 41 expanded
[t=0.10765s, 46492 KB] New best heuristic value for lmcut: 20
[t=0.10765s, 46492 KB] g=25, 651 evaluated, 42 expanded
[t=0.108647s, 46492 KB] New best heuristic value for lmcut: 19
[t=0.108647s, 46492 KB] g=26, 659 evaluated, 43 expanded
[t=0.110639s, 46492 KB] New best heuristic value for lmcut: 18
[t=0.110639s, 46492 KB] g=27, 679 evaluated, 45 expanded
[t=0.111638s, 46492 KB] New best heuristic value for lmcut: 17
[t=0.111638s, 46492 KB] g=28, 686 evaluated, 46 expanded
[t=0.113629s, 46492 KB] New best heuristic value for lmcut: 16
[t=0.113629s, 46492 KB] g=29, 707 evaluated, 48 expanded
[t=0.113629s, 46492 KB] New best heuristic value for lmcut: 15
[t=0.113629s, 46492 KB] g=30, 714 evaluated, 49 expanded
[t=0.115624s, 46492 KB] New best heuristic value for lmcut: 14
[t=0.115624s, 46492 KB] g=31, 735 evaluated, 51 expanded
[t=0.118613s, 46492 KB] New best heuristic value for lmcut: 13
[t=0.118613s, 46492 KB] g=32, 766 evaluated, 52 expanded
[t=0.120607s, 46492 KB] New best heuristic value for lmcut: 12
[t=0.120607s, 46492 KB] g=33, 796 evaluated, 53 expanded
[t=0.122598s, 46492 KB] New best heuristic value for lmcut: 11
[t=0.122598s, 46492 KB] g=34, 825 evaluated, 54 expanded
[t=0.122598s, 46492 KB] New best heuristic value for lmcut: 10
[t=0.122598s, 46492 KB] g=35, 832 evaluated, 55 expanded
[t=0.123596s, 46492 KB] New best heuristic value for lmcut: 9
[t=0.124591s, 46492 KB] g=36, 853 evaluated, 58 expanded
[t=0.124591s, 46492 KB] New best heuristic value for lmcut: 8
[t=0.124591s, 46492 KB] g=37, 860 evaluated, 59 expanded
[t=0.125588s, 46492 KB] New best heuristic value for lmcut: 7
[t=0.125588s, 46492 KB] g=38, 881 evaluated, 61 expanded
[t=0.125588s, 46492 KB] New best heuristic value for lmcut: 6
[t=0.125588s, 46492 KB] g=39, 888 evaluated, 62 expanded
[t=0.126584s, 46492 KB] New best heuristic value for lmcut: 5
[t=0.126584s, 46492 KB] g=40, 909 evaluated, 64 expanded
[t=0.127581s, 46492 KB] New best heuristic value for lmcut: 4
[t=0.127581s, 46492 KB] g=41, 916 evaluated, 65 expanded
[t=0.127581s, 46492 KB] New best heuristic value for lmcut: 3
[t=0.127581s, 46492 KB] g=42, 937 evaluated, 67 expanded
[t=0.128577s, 46492 KB] New best heuristic value for lmcut: 2
[t=0.128577s, 46492 KB] g=43, 966 evaluated, 68 expanded
[t=0.128577s, 46492 KB] New best heuristic value for lmcut: 1
[t=0.128577s, 46492 KB] g=44, 973 evaluated, 69 expanded
[t=0.129573s, 46492 KB] New best heuristic value for lmcut: 0
[t=0.129573s, 46492 KB] g=45, 994 evaluated, 70 expanded
[t=0.129573s, 46492 KB] Solution found!
[t=0.129573s, 46492 KB] Actual search time: 0.124598s
board f0 p10 (1)
up f0 f1 (1)
board f1 p2 (1)
board f1 p4 (1)
up f1 f10 (1)
board f10 p3 (1)
down f10 f6 (1)
board f6 p6 (1)
up f6 f11 (1)
depart f11 p6 (1)
down f11 f9 (1)
board f9 p1 (1)
board f9 p11 (1)
down f9 f2 (1)
board f2 p5 (1)
depart f2 p11 (1)
up f2 f15 (1)
board f15 p0 (1)
board f15 p13 (1)
up f15 f16 (1)
board f16 p9 (1)
depart f16 p3 (1)
down f16 f3 (1)
depart f3 p9 (1)
depart f3 p2 (1)
up f3 f17 (1)
depart f17 p4 (1)
up f17 f18 (1)
depart f18 p0 (1)
up f18 f19 (1)
depart f19 p5 (1)
depart f19 p13 (1)
depart f19 p10 (1)
depart f19 p1 (1)
up f19 f24 (1)
board f24 p8 (1)
down f24 f22 (1)
depart f22 p8 (1)
up f22 f26 (1)
board f26 p12 (1)
up f26 f27 (1)
board f27 p7 (1)
depart f27 p12 (1)
down f27 f14 (1)
depart f14 p7 (1)
[t=0.129573s, 46492 KB] Plan length: 45 step(s).
[t=0.129573s, 46492 KB] Plan cost: 45
[t=0.129573s, 46492 KB] Expanded 71 state(s).
[t=0.129573s, 46492 KB] Reopened 0 state(s).
[t=0.129573s, 46492 KB] Evaluated 994 state(s).
[t=0.129573s, 46492 KB] Evaluations: 994
[t=0.129573s, 46492 KB] Generated 1961 state(s).
[t=0.129573s, 46492 KB] Dead ends: 0 state(s).
[t=0.129573s, 46492 KB] Expanded until last jump: 0 state(s).
[t=0.129573s, 46492 KB] Reopened until last jump: 0 state(s).
[t=0.129573s, 46492 KB] Evaluated until last jump: 1 state(s).
[t=0.129573s, 46492 KB] Generated until last jump: 0 state(s).
[t=0.129573s, 46492 KB] Number of registered states: 994
[t=0.129573s, 46492 KB] Int hash set load factor: 994/1024 = 0.970703
[t=0.129573s, 46492 KB] Int hash set resizes: 10
[t=0.129573s, 46492 KB] Search time: 0.125595s
[t=0.129573s, 46492 KB] Total time: 0.129573s
Solution found.
Peak memory: 46492 KB
search exit code: 0

