JOBNAME = miconic-s10-2.sas_0
JOBID = 707981
Linux razor-16.dei.unipd.it 5.12.10-300.fc34.x86_64 #1 SMP Thu Jun 10 14:21:36 UTC 2021 x86_64 x86_64 x86_64 GNU/Linux
INFO     Running search (release).
INFO     search stdin: /nfsd/rop/instances/PlanningSAS/miconic-s10-2.sas
INFO     search time limit: 3600s
INFO     search memory limit: None
INFO     search command line string: /home/salvagni/Basel/downward/builds/release/bin/downward --search 'astar(LMcut())' --internal-plan-file sas_plan < /nfsd/rop/instances/PlanningSAS/miconic-s10-2.sas
[t=0s, 45824 KB] reading input...
[t=0.000996374s, 45824 KB] done reading input!
[t=0.00198505s, 46348 KB] Initializing landmark cut heuristic...
[t=0.00298018s, 46348 KB] Building successor generator...done!
[t=0.00298018s, 46348 KB] peak memory difference for successor generator creation: 0 KB
[t=0.00298018s, 46348 KB] time for successor generation creation: 0s
[t=0.00298018s, 46348 KB] Variables: 21
[t=0.00298018s, 46348 KB] FactPairs: 60
[t=0.00298018s, 46348 KB] Bytes per state: 4
[t=0.00298018s, 46348 KB] Conducting best first search with reopening closed nodes, (real) bound = 2147483647
[t=0.00298018s, 46348 KB] New best heuristic value for lmcut: 31
[t=0.00298018s, 46348 KB] g=0, 1 evaluated, 0 expanded
[t=0.00298018s, 46348 KB] f = 31, 1 evaluated, 0 expanded
[t=0.00298018s, 46348 KB] Initial heuristic value for lmcut: 31
[t=0.00298018s, 46348 KB] pruning method: none
[t=0.00298018s, 46348 KB] New best heuristic value for lmcut: 30
[t=0.00298018s, 46348 KB] g=1, 2 evaluated, 1 expanded
[t=0.0069623s, 46348 KB] f = 32, 40 evaluated, 2 expanded
[t=0.0069623s, 46348 KB] New best heuristic value for lmcut: 29
[t=0.0069623s, 46348 KB] g=3, 41 evaluated, 3 expanded
[t=0.00796084s, 46348 KB] New best heuristic value for lmcut: 28
[t=0.00796084s, 46348 KB] g=4, 62 evaluated, 7 expanded
[t=0.00995317s, 46348 KB] New best heuristic value for lmcut: 27
[t=0.00995317s, 46348 KB] g=5, 81 evaluated, 9 expanded
[t=0.0129509s, 46348 KB] New best heuristic value for lmcut: 26
[t=0.0129509s, 46348 KB] g=6, 123 evaluated, 15 expanded
[t=0.0149307s, 46348 KB] New best heuristic value for lmcut: 25
[t=0.0149307s, 46348 KB] g=7, 143 evaluated, 16 expanded
[t=0.0159291s, 46348 KB] New best heuristic value for lmcut: 24
[t=0.0159291s, 46348 KB] g=8, 162 evaluated, 17 expanded
[t=0.0159291s, 46348 KB] New best heuristic value for lmcut: 23
[t=0.0159291s, 46348 KB] g=9, 164 evaluated, 18 expanded
[t=0.0179216s, 46348 KB] New best heuristic value for lmcut: 22
[t=0.0179216s, 46348 KB] g=10, 182 evaluated, 19 expanded
[t=0.0189197s, 46348 KB] New best heuristic value for lmcut: 21
[t=0.0189197s, 46348 KB] g=11, 205 evaluated, 22 expanded
[t=0.0199165s, 46348 KB] New best heuristic value for lmcut: 20
[t=0.0199165s, 46348 KB] g=12, 222 evaluated, 23 expanded
[t=0.0258935s, 46348 KB] New best heuristic value for lmcut: 19
[t=0.0258935s, 46348 KB] g=13, 323 evaluated, 33 expanded
[t=0.0298796s, 46348 KB] New best heuristic value for lmcut: 18
[t=0.0298796s, 46348 KB] g=14, 382 evaluated, 38 expanded
[t=0.0318733s, 46348 KB] New best heuristic value for lmcut: 17
[t=0.0318733s, 46348 KB] g=15, 423 evaluated, 41 expanded
[t=0.0358621s, 46348 KB] New best heuristic value for lmcut: 16
[t=0.0358621s, 46348 KB] g=16, 506 evaluated, 48 expanded
[t=0.0368512s, 46348 KB] New best heuristic value for lmcut: 15
[t=0.0368512s, 46348 KB] g=17, 523 evaluated, 49 expanded
[t=0.0378478s, 46348 KB] New best heuristic value for lmcut: 14
[t=0.0378478s, 46348 KB] g=18, 544 evaluated, 50 expanded
[t=0.0378478s, 46348 KB] New best heuristic value for lmcut: 13
[t=0.0378478s, 46348 KB] g=19, 547 evaluated, 51 expanded
[t=0.0388363s, 46348 KB] New best heuristic value for lmcut: 12
[t=0.0388363s, 46348 KB] g=20, 564 evaluated, 52 expanded
[t=0.0408289s, 46348 KB] New best heuristic value for lmcut: 11
[t=0.0408289s, 46348 KB] g=21, 605 evaluated, 55 expanded
[t=0.0428222s, 46348 KB] New best heuristic value for lmcut: 10
[t=0.0428222s, 46348 KB] g=22, 664 evaluated, 60 expanded
[t=0.0428222s, 46348 KB] New best heuristic value for lmcut: 9
[t=0.0428222s, 46348 KB] g=23, 685 evaluated, 61 expanded
[t=0.0438199s, 46348 KB] New best heuristic value for lmcut: 8
[t=0.0438199s, 46348 KB] g=24, 691 evaluated, 62 expanded
[t=0.0438199s, 46348 KB] New best heuristic value for lmcut: 7
[t=0.0438199s, 46348 KB] g=25, 705 evaluated, 63 expanded
[t=0.0448166s, 46348 KB] New best heuristic value for lmcut: 6
[t=0.0448166s, 46348 KB] g=26, 731 evaluated, 66 expanded
[t=0.0448166s, 46348 KB] New best heuristic value for lmcut: 5
[t=0.0448166s, 46348 KB] g=27, 745 evaluated, 67 expanded
[t=0.0458134s, 46348 KB] New best heuristic value for lmcut: 4
[t=0.0458134s, 46348 KB] g=28, 787 evaluated, 70 expanded
[t=0.0458134s, 46348 KB] New best heuristic value for lmcut: 3
[t=0.0458134s, 46348 KB] g=29, 808 evaluated, 71 expanded
[t=0.0468081s, 46348 KB] New best heuristic value for lmcut: 2
[t=0.0468081s, 46348 KB] g=30, 818 evaluated, 72 expanded
[t=0.0468081s, 46348 KB] New best heuristic value for lmcut: 1
[t=0.0468081s, 46348 KB] g=31, 828 evaluated, 73 expanded
[t=0.0468081s, 46348 KB] New best heuristic value for lmcut: 0
[t=0.0468081s, 46348 KB] g=32, 849 evaluated, 74 expanded
[t=0.0468081s, 46348 KB] Solution found!
[t=0.0468081s, 46348 KB] Actual search time: 0.0438279s
board f0 p9 (1)
up f0 f13 (1)
board f13 p2 (1)
down f13 f3 (1)
board f3 p0 (1)
board f3 p5 (1)
down f3 f0 (1)
depart f0 p0 (1)
up f0 f11 (1)
depart f11 p5 (1)
up f11 f15 (1)
board f15 p8 (1)
down f15 f4 (1)
board f4 p1 (1)
depart f4 p8 (1)
down f4 f2 (1)
board f2 p6 (1)
depart f2 p1 (1)
up f2 f19 (1)
board f19 p4 (1)
down f19 f10 (1)
board f10 p3 (1)
depart f10 p4 (1)
down f10 f6 (1)
depart f6 p6 (1)
up f6 f14 (1)
board f14 p7 (1)
depart f14 p3 (1)
depart f14 p2 (1)
down f14 f5 (1)
depart f5 p9 (1)
depart f5 p7 (1)
[t=0.0468081s, 46348 KB] Plan length: 32 step(s).
[t=0.0468081s, 46348 KB] Plan cost: 32
[t=0.0468081s, 46348 KB] Expanded 75 state(s).
[t=0.0468081s, 46348 KB] Reopened 0 state(s).
[t=0.0468081s, 46348 KB] Evaluated 849 state(s).
[t=0.0468081s, 46348 KB] Evaluations: 849
[t=0.0468081s, 46348 KB] Generated 1494 state(s).
[t=0.0468081s, 46348 KB] Dead ends: 0 state(s).
[t=0.0468081s, 46348 KB] Expanded until last jump: 2 state(s).
[t=0.0468081s, 46348 KB] Reopened until last jump: 0 state(s).
[t=0.0468081s, 46348 KB] Evaluated until last jump: 40 state(s).
[t=0.0468081s, 46348 KB] Generated until last jump: 40 state(s).
[t=0.0468081s, 46348 KB] Number of registered states: 849
[t=0.0468081s, 46348 KB] Int hash set load factor: 849/1024 = 0.829102
[t=0.0468081s, 46348 KB] Int hash set resizes: 10
[t=0.0468081s, 46348 KB] Search time: 0.0438279s
[t=0.0468081s, 46348 KB] Total time: 0.0468081s
Solution found.
Peak memory: 46348 KB
search exit code: 0

