JOBNAME = miconic-s29-1.sas_0
JOBID = 708085
Linux razor-14.dei.unipd.it 5.12.10-300.fc34.x86_64 #1 SMP Thu Jun 10 14:21:36 UTC 2021 x86_64 x86_64 x86_64 GNU/Linux
INFO     Running search (release).
INFO     search stdin: /nfsd/rop/instances/PlanningSAS/miconic-s29-1.sas
INFO     search time limit: 3600s
INFO     search memory limit: None
INFO     search command line string: /home/salvagni/Basel/downward/builds/release/bin/downward --search 'astar(LMcut())' --internal-plan-file sas_plan < /nfsd/rop/instances/PlanningSAS/miconic-s29-1.sas
[t=0s, 45824 KB] reading input...
[t=0.00788671s, 46396 KB] done reading input!
[t=0.00987716s, 47348 KB] Initializing landmark cut heuristic...
[t=0.00987716s, 47348 KB] Building successor generator...done!
[t=0.0108727s, 47664 KB] peak memory difference for successor generator creation: 316 KB
[t=0.0108727s, 47664 KB] time for successor generation creation: 0.000995489s
[t=0.0108727s, 47664 KB] Variables: 59
[t=0.0108727s, 47664 KB] FactPairs: 174
[t=0.0108727s, 47664 KB] Bytes per state: 8
[t=0.0108727s, 47664 KB] Conducting best first search with reopening closed nodes, (real) bound = 2147483647
[t=0.0128647s, 47664 KB] New best heuristic value for lmcut: 91
[t=0.0128647s, 47664 KB] g=0, 1 evaluated, 0 expanded
[t=0.0128647s, 47664 KB] f = 91, 1 evaluated, 0 expanded
[t=0.0128647s, 47664 KB] Initial heuristic value for lmcut: 91
[t=0.0128647s, 47664 KB] pruning method: none
[t=0.0148521s, 47664 KB] New best heuristic value for lmcut: 90
[t=0.0148521s, 47664 KB] g=1, 2 evaluated, 1 expanded
[t=0.131595s, 47664 KB] New best heuristic value for lmcut: 89
[t=0.131595s, 47664 KB] g=2, 60 evaluated, 2 expanded
[t=0.242231s, 47664 KB] New best heuristic value for lmcut: 88
[t=0.242231s, 47664 KB] g=3, 117 evaluated, 3 expanded
[t=0.246217s, 47664 KB] New best heuristic value for lmcut: 87
[t=0.246217s, 47664 KB] g=4, 119 evaluated, 4 expanded
[t=0.689308s, 47664 KB] New best heuristic value for lmcut: 86
[t=0.689308s, 47664 KB] g=5, 349 evaluated, 9 expanded
[t=0.693296s, 47664 KB] New best heuristic value for lmcut: 85
[t=0.693296s, 47664 KB] g=6, 351 evaluated, 10 expanded
[t=1.13241s, 47664 KB] New best heuristic value for lmcut: 84
[t=1.13241s, 47664 KB] g=7, 584 evaluated, 15 expanded
[t=1.23519s, 47664 KB] New best heuristic value for lmcut: 83
[t=1.23519s, 47664 KB] g=8, 640 evaluated, 16 expanded
[t=1.23918s, 47664 KB] New best heuristic value for lmcut: 82
[t=1.23918s, 47664 KB] g=9, 642 evaluated, 17 expanded
[t=1.65732s, 47664 KB] New best heuristic value for lmcut: 81
[t=1.65732s, 47664 KB] g=10, 872 evaluated, 22 expanded
[t=1.66031s, 47664 KB] New best heuristic value for lmcut: 80
[t=1.66031s, 47664 KB] g=11, 874 evaluated, 23 expanded
[t=2.06747s, 47664 KB] New best heuristic value for lmcut: 79
[t=2.06747s, 47664 KB] g=12, 1104 evaluated, 30 expanded
[t=2.07145s, 47664 KB] New best heuristic value for lmcut: 78
[t=2.07145s, 47664 KB] g=13, 1106 evaluated, 31 expanded
[t=2.46851s, 47664 KB] New best heuristic value for lmcut: 77
[t=2.46851s, 47664 KB] g=14, 1336 evaluated, 36 expanded
[t=2.4715s, 47664 KB] New best heuristic value for lmcut: 76
[t=2.4715s, 47664 KB] g=15, 1338 evaluated, 37 expanded
[t=2.8597s, 47664 KB] New best heuristic value for lmcut: 75
[t=2.8597s, 47664 KB] g=16, 1568 evaluated, 42 expanded
[t=2.86269s, 47664 KB] New best heuristic value for lmcut: 74
[t=2.86269s, 47664 KB] g=17, 1570 evaluated, 43 expanded
[t=4.29264s, 47664 KB] New best heuristic value for lmcut: 73
[t=4.29264s, 47664 KB] g=18, 2438 evaluated, 66 expanded
[t=4.29663s, 47664 KB] New best heuristic value for lmcut: 72
[t=4.29663s, 47664 KB] g=19, 2440 evaluated, 67 expanded
[t=4.85548s, 47664 KB] New best heuristic value for lmcut: 71
[t=4.85548s, 47664 KB] g=20, 2789 evaluated, 74 expanded
[t=6.061s, 47664 KB] New best heuristic value for lmcut: 70
[t=6.061s, 47664 KB] g=21, 3542 evaluated, 95 expanded
[t=6.60875s, 47664 KB] New best heuristic value for lmcut: 69
[t=6.60875s, 47664 KB] g=22, 3893 evaluated, 102 expanded
[t=6.69955s, 47664 KB] New best heuristic value for lmcut: 68
[t=6.69955s, 47664 KB] g=23, 3952 evaluated, 103 expanded
[t=6.70254s, 47664 KB] New best heuristic value for lmcut: 67
[t=6.70254s, 47664 KB] g=24, 3954 evaluated, 104 expanded
[t=6.78537s, 47664 KB] New best heuristic value for lmcut: 66
[t=6.78537s, 47664 KB] g=25, 4010 evaluated, 105 expanded
[t=6.78836s, 47664 KB] New best heuristic value for lmcut: 65
[t=6.78836s, 47664 KB] g=26, 4012 evaluated, 106 expanded
[t=7.20746s, 47664 KB] New best heuristic value for lmcut: 64
[t=7.20746s, 47664 KB] g=27, 4300 evaluated, 113 expanded
[t=7.21045s, 47664 KB] New best heuristic value for lmcut: 63
[t=7.21045s, 47664 KB] g=28, 4302 evaluated, 114 expanded
[t=7.86408s, 47664 KB] New best heuristic value for lmcut: 62
[t=7.86408s, 47664 KB] g=29, 4764 evaluated, 126 expanded
[t=7.86706s, 47664 KB] New best heuristic value for lmcut: 61
[t=7.86706s, 47664 KB] g=30, 4766 evaluated, 127 expanded
[t=8.90378s, 47664 KB] New best heuristic value for lmcut: 60
[t=8.90378s, 47664 KB] g=31, 5521 evaluated, 148 expanded
[t=8.97861s, 47664 KB] New best heuristic value for lmcut: 59
[t=8.97861s, 47664 KB] g=32, 5577 evaluated, 149 expanded
[t=8.9816s, 47664 KB] New best heuristic value for lmcut: 58
[t=8.9816s, 47664 KB] g=33, 5579 evaluated, 150 expanded
[t=9.28596s, 47664 KB] New best heuristic value for lmcut: 57
[t=9.28695s, 47664 KB] g=34, 5812 evaluated, 155 expanded
[t=9.35779s, 47664 KB] New best heuristic value for lmcut: 56
[t=9.35779s, 47664 KB] g=35, 5868 evaluated, 156 expanded
[t=9.35979s, 47664 KB] New best heuristic value for lmcut: 55
[t=9.35979s, 47664 KB] g=36, 5870 evaluated, 157 expanded
[t=9.72101s, 47664 KB] New best heuristic value for lmcut: 54
[t=9.72201s, 47664 KB] g=37, 6161 evaluated, 163 expanded
[t=9.72401s, 47664 KB] New best heuristic value for lmcut: 53
[t=9.72401s, 47664 KB] g=38, 6163 evaluated, 164 expanded
[t=9.79085s, 47664 KB] New best heuristic value for lmcut: 52
[t=9.79085s, 47664 KB] g=39, 6219 evaluated, 165 expanded
[t=9.79284s, 47664 KB] New best heuristic value for lmcut: 51
[t=9.79284s, 47664 KB] g=40, 6221 evaluated, 166 expanded
[t=10.1299s, 47664 KB] New best heuristic value for lmcut: 50
[t=10.1299s, 47664 KB] g=41, 6512 evaluated, 172 expanded
[t=10.8663s, 47664 KB] New best heuristic value for lmcut: 49
[t=10.8663s, 47664 KB] g=42, 7149 evaluated, 191 expanded
[t=11.1906s, 47664 KB] New best heuristic value for lmcut: 48
[t=11.1906s, 47664 KB] g=43, 7440 evaluated, 196 expanded
[t=11.6436s, 47664 KB] New best heuristic value for lmcut: 47
[t=11.6436s, 47664 KB] g=44, 7848 evaluated, 206 expanded
[t=11.7024s, 47664 KB] New best heuristic value for lmcut: 46
[t=11.7024s, 47664 KB] g=45, 7904 evaluated, 207 expanded
[t=11.7044s, 47664 KB] New best heuristic value for lmcut: 45
[t=11.7044s, 47664 KB] g=46, 7906 evaluated, 208 expanded
[t=12.0057s, 47664 KB] New best heuristic value for lmcut: 44
[t=12.0057s, 47664 KB] g=47, 8199 evaluated, 213 expanded
[t=12.0646s, 47664 KB] New best heuristic value for lmcut: 43
[t=12.0646s, 47664 KB] g=48, 8258 evaluated, 214 expanded
[t=12.0666s, 47664 KB] New best heuristic value for lmcut: 42
[t=12.0666s, 47664 KB] g=49, 8260 evaluated, 215 expanded
[t=12.1203s, 47664 KB] New best heuristic value for lmcut: 41
[t=12.1203s, 47664 KB] g=50, 8316 evaluated, 216 expanded
[t=12.1223s, 47664 KB] New best heuristic value for lmcut: 40
[t=12.1223s, 47664 KB] g=51, 8318 evaluated, 217 expanded
[t=12.3389s, 47664 KB] New best heuristic value for lmcut: 39
[t=12.3389s, 47664 KB] g=52, 8551 evaluated, 223 expanded
[t=12.3887s, 47664 KB] New best heuristic value for lmcut: 38
[t=12.3887s, 47664 KB] g=53, 8607 evaluated, 224 expanded
[t=12.3907s, 47664 KB] New best heuristic value for lmcut: 37
[t=12.3907s, 47664 KB] g=54, 8609 evaluated, 225 expanded
[t=12.6432s, 47664 KB] New best heuristic value for lmcut: 36
[t=12.6432s, 47664 KB] g=55, 8900 evaluated, 235 expanded
[t=12.6901s, 47664 KB] New best heuristic value for lmcut: 35
[t=12.6901s, 47664 KB] g=56, 8956 evaluated, 236 expanded
[t=12.6911s, 47664 KB] New best heuristic value for lmcut: 34
[t=12.6911s, 47664 KB] g=57, 8958 evaluated, 237 expanded
[t=12.9216s, 47664 KB] New best heuristic value for lmcut: 33
[t=12.9216s, 47664 KB] g=58, 9246 evaluated, 245 expanded
[t=12.9235s, 47664 KB] New best heuristic value for lmcut: 32
[t=12.9235s, 47664 KB] g=59, 9248 evaluated, 246 expanded
[t=13.1411s, 47664 KB] New best heuristic value for lmcut: 31
[t=13.1411s, 47664 KB] g=60, 9536 evaluated, 255 expanded
[t=13.143s, 47664 KB] New best heuristic value for lmcut: 30
[t=13.143s, 47664 KB] g=61, 9538 evaluated, 256 expanded
[t=13.4733s, 47800 KB] New best heuristic value for lmcut: 29
[t=13.4733s, 47800 KB] g=62, 10000 evaluated, 269 expanded
[t=13.4752s, 47800 KB] New best heuristic value for lmcut: 28
[t=13.4752s, 47800 KB] g=63, 10003 evaluated, 270 expanded
[t=13.5531s, 47800 KB] New best heuristic value for lmcut: 27
[t=13.5531s, 47800 KB] g=64, 10119 evaluated, 271 expanded
[t=13.981s, 47800 KB] New best heuristic value for lmcut: 26
[t=13.981s, 47800 KB] g=65, 10759 evaluated, 288 expanded
[t=14.015s, 47800 KB] New best heuristic value for lmcut: 25
[t=14.015s, 47800 KB] g=66, 10815 evaluated, 289 expanded
[t=14.017s, 47800 KB] New best heuristic value for lmcut: 24
[t=14.017s, 47800 KB] g=67, 10818 evaluated, 290 expanded
[t=14.0847s, 47800 KB] New best heuristic value for lmcut: 23
[t=14.0847s, 47800 KB] g=68, 10934 evaluated, 291 expanded
[t=14.356s, 47800 KB] New best heuristic value for lmcut: 22
[t=14.356s, 47800 KB] g=69, 11400 evaluated, 303 expanded
[t=14.386s, 47800 KB] New best heuristic value for lmcut: 21
[t=14.386s, 47800 KB] g=70, 11456 evaluated, 304 expanded
[t=14.388s, 47800 KB] New best heuristic value for lmcut: 20
[t=14.388s, 47800 KB] g=71, 11459 evaluated, 305 expanded
[t=14.4458s, 47800 KB] New best heuristic value for lmcut: 19
[t=14.4458s, 47800 KB] g=72, 11575 evaluated, 306 expanded
[t=14.6474s, 47800 KB] New best heuristic value for lmcut: 18
[t=14.6474s, 47800 KB] g=73, 11981 evaluated, 319 expanded
[t=14.7002s, 47800 KB] New best heuristic value for lmcut: 17
[t=14.7002s, 47800 KB] g=74, 12097 evaluated, 320 expanded
[t=14.8569s, 47800 KB] New best heuristic value for lmcut: 16
[t=14.8569s, 47800 KB] g=75, 12445 evaluated, 329 expanded
[t=14.9048s, 47800 KB] New best heuristic value for lmcut: 15
[t=14.9048s, 47800 KB] g=76, 12561 evaluated, 330 expanded
[t=15.0714s, 47800 KB] New best heuristic value for lmcut: 14
[t=15.0714s, 47800 KB] g=77, 12967 evaluated, 342 expanded
[t=15.1143s, 47800 KB] New best heuristic value for lmcut: 13
[t=15.1143s, 47800 KB] g=78, 13083 evaluated, 343 expanded
[t=15.2639s, 47800 KB] New best heuristic value for lmcut: 12
[t=15.2639s, 47800 KB] g=79, 13489 evaluated, 355 expanded
[t=15.3018s, 47800 KB] New best heuristic value for lmcut: 11
[t=15.3018s, 47800 KB] g=80, 13605 evaluated, 356 expanded
[t=15.4515s, 47800 KB] New best heuristic value for lmcut: 10
[t=15.4515s, 47800 KB] g=81, 14067 evaluated, 368 expanded
[t=15.4525s, 47800 KB] New best heuristic value for lmcut: 9
[t=15.4525s, 47800 KB] g=82, 14071 evaluated, 369 expanded
[t=15.4834s, 47800 KB] New best heuristic value for lmcut: 8
[t=15.4834s, 47800 KB] g=83, 14188 evaluated, 370 expanded
[t=15.4974s, 47800 KB] New best heuristic value for lmcut: 7
[t=15.4974s, 47800 KB] g=84, 14247 evaluated, 371 expanded
[t=15.5034s, 47800 KB] New best heuristic value for lmcut: 6
[t=15.5034s, 47800 KB] g=85, 14280 evaluated, 372 expanded
[t=15.5083s, 47800 KB] New best heuristic value for lmcut: 5
[t=15.5083s, 47800 KB] g=86, 14305 evaluated, 373 expanded
[t=15.5183s, 47936 KB] New best heuristic value for lmcut: 4
[t=15.5183s, 47936 KB] g=87, 14364 evaluated, 374 expanded
[t=15.5233s, 47936 KB] New best heuristic value for lmcut: 3
[t=15.5233s, 47936 KB] g=88, 14401 evaluated, 375 expanded
[t=15.5263s, 47936 KB] New best heuristic value for lmcut: 2
[t=15.5263s, 47936 KB] g=89, 14422 evaluated, 376 expanded
[t=15.5313s, 47936 KB] New best heuristic value for lmcut: 1
[t=15.5313s, 47936 KB] g=90, 14477 evaluated, 377 expanded
[t=15.5313s, 47936 KB] New best heuristic value for lmcut: 0
[t=15.5313s, 47936 KB] g=91, 14480 evaluated, 378 expanded
[t=15.5313s, 47936 KB] Solution found!
[t=15.5313s, 47936 KB] Actual search time: 15.5184s
board f0 p10 (1)
up f0 f14 (1)
board f14 p17 (1)
down f14 f2 (1)
board f2 p2 (1)
board f2 p8 (1)
up f2 f16 (1)
board f16 p24 (1)
down f16 f6 (1)
board f6 p27 (1)
down f6 f3 (1)
depart f3 p27 (1)
up f3 f18 (1)
depart f18 p8 (1)
up f18 f29 (1)
board f29 p3 (1)
up f29 f30 (1)
board f30 p15 (1)
down f30 f24 (1)
board f24 p11 (1)
board f24 p22 (1)
depart f24 p3 (1)
depart f24 p15 (1)
down f24 f5 (1)
depart f5 p11 (1)
up f5 f35 (1)
board f35 p14 (1)
up f35 f37 (1)
board f37 p16 (1)
board f37 p21 (1)
down f37 f19 (1)
board f19 p25 (1)
depart f19 p16 (1)
down f19 f8 (1)
board f8 p18 (1)
board f8 p28 (1)
depart f8 p25 (1)
up f8 f44 (1)
board f44 p5 (1)
down f44 f36 (1)
board f36 p23 (1)
depart f36 p5 (1)
depart f36 p18 (1)
down f36 f26 (1)
board f26 p7 (1)
depart f26 p24 (1)
depart f26 p23 (1)
depart f26 p21 (1)
down f26 f9 (1)
board f9 p26 (1)
depart f9 p7 (1)
up f9 f43 (1)
board f43 p20 (1)
depart f43 p26 (1)
down f43 f42 (1)
depart f42 p20 (1)
up f42 f46 (1)
board f46 p0 (1)
up f46 f48 (1)
board f48 p9 (1)
up f48 f49 (1)
board f49 p6 (1)
depart f49 p10 (1)
depart f49 p0 (1)
down f49 f47 (1)
board f47 p1 (1)
depart f47 p6 (1)
depart f47 p2 (1)
up f47 f52 (1)
board f52 p12 (1)
down f52 f31 (1)
depart f31 p12 (1)
up f31 f54 (1)
depart f54 p14 (1)
up f54 f55 (1)
depart f55 p22 (1)
up f55 f56 (1)
board f56 p19 (1)
depart f56 p1 (1)
down f56 f1 (1)
board f1 p13 (1)
board f1 p4 (1)
depart f1 p9 (1)
depart f1 p19 (1)
up f1 f39 (1)
depart f39 p17 (1)
depart f39 p13 (1)
down f39 f7 (1)
depart f7 p4 (1)
up f7 f57 (1)
depart f57 p28 (1)
[t=15.5313s, 47936 KB] Plan length: 91 step(s).
[t=15.5313s, 47936 KB] Plan cost: 91
[t=15.5313s, 47936 KB] Expanded 379 state(s).
[t=15.5313s, 47936 KB] Reopened 0 state(s).
[t=15.5313s, 47936 KB] Evaluated 14480 state(s).
[t=15.5313s, 47936 KB] Evaluations: 14480
[t=15.5313s, 47936 KB] Generated 22173 state(s).
[t=15.5313s, 47936 KB] Dead ends: 0 state(s).
[t=15.5313s, 47936 KB] Expanded until last jump: 0 state(s).
[t=15.5313s, 47936 KB] Reopened until last jump: 0 state(s).
[t=15.5313s, 47936 KB] Evaluated until last jump: 1 state(s).
[t=15.5313s, 47936 KB] Generated until last jump: 0 state(s).
[t=15.5313s, 47936 KB] Number of registered states: 14480
[t=15.5313s, 47936 KB] Int hash set load factor: 14480/16384 = 0.883789
[t=15.5313s, 47936 KB] Int hash set resizes: 14
[t=15.5313s, 47936 KB] Search time: 15.5204s
[t=15.5313s, 47936 KB] Total time: 15.5313s
Solution found.
Peak memory: 47936 KB
search exit code: 0

