JOBNAME = miconic-s10-0.sas_0
JOBID = 707979
Linux razor-16.dei.unipd.it 5.12.10-300.fc34.x86_64 #1 SMP Thu Jun 10 14:21:36 UTC 2021 x86_64 x86_64 x86_64 GNU/Linux
INFO     Running search (release).
INFO     search stdin: /nfsd/rop/instances/PlanningSAS/miconic-s10-0.sas
INFO     search time limit: 3600s
INFO     search memory limit: None
INFO     search command line string: /home/salvagni/Basel/downward/builds/release/bin/downward --search 'astar(LMcut())' --internal-plan-file sas_plan < /nfsd/rop/instances/PlanningSAS/miconic-s10-0.sas
[t=0s, 45824 KB] reading input...
[t=0.000993185s, 45824 KB] done reading input!
[t=0.00198479s, 46348 KB] Initializing landmark cut heuristic...
[t=0.00198479s, 46348 KB] Building successor generator...done!
[t=0.00198479s, 46348 KB] peak memory difference for successor generator creation: 0 KB
[t=0.00198479s, 46348 KB] time for successor generation creation: 0s
[t=0.00198479s, 46348 KB] Variables: 21
[t=0.00198479s, 46348 KB] FactPairs: 60
[t=0.00198479s, 46348 KB] Bytes per state: 4
[t=0.00298119s, 46348 KB] Conducting best first search with reopening closed nodes, (real) bound = 2147483647
[t=0.00298119s, 46348 KB] New best heuristic value for lmcut: 33
[t=0.00298119s, 46348 KB] g=0, 1 evaluated, 0 expanded
[t=0.00298119s, 46348 KB] f = 33, 1 evaluated, 0 expanded
[t=0.00298119s, 46348 KB] Initial heuristic value for lmcut: 33
[t=0.00298119s, 46348 KB] pruning method: none
[t=0.00298119s, 46348 KB] New best heuristic value for lmcut: 32
[t=0.00298119s, 46348 KB] g=1, 2 evaluated, 1 expanded
[t=0.00497028s, 46348 KB] New best heuristic value for lmcut: 31
[t=0.00497028s, 46348 KB] g=2, 22 evaluated, 2 expanded
[t=0.00596856s, 46348 KB] New best heuristic value for lmcut: 30
[t=0.00696308s, 46348 KB] g=3, 41 evaluated, 4 expanded
[t=0.00696308s, 46348 KB] New best heuristic value for lmcut: 29
[t=0.00696308s, 46348 KB] g=4, 43 evaluated, 5 expanded
[t=0.00796s, 46348 KB] New best heuristic value for lmcut: 28
[t=0.00796s, 46348 KB] g=5, 61 evaluated, 7 expanded
[t=0.00796s, 46348 KB] New best heuristic value for lmcut: 27
[t=0.00796s, 46348 KB] g=6, 63 evaluated, 8 expanded
[t=0.00995403s, 46348 KB] New best heuristic value for lmcut: 26
[t=0.00995403s, 46348 KB] g=7, 81 evaluated, 10 expanded
[t=0.0119426s, 46348 KB] New best heuristic value for lmcut: 25
[t=0.0119426s, 46348 KB] g=8, 103 evaluated, 13 expanded
[t=0.0129401s, 46348 KB] New best heuristic value for lmcut: 24
[t=0.0129401s, 46348 KB] g=9, 121 evaluated, 15 expanded
[t=0.0139371s, 46348 KB] New best heuristic value for lmcut: 23
[t=0.0139371s, 46348 KB] g=10, 143 evaluated, 18 expanded
[t=0.0159234s, 46348 KB] New best heuristic value for lmcut: 22
[t=0.0159234s, 46348 KB] g=11, 164 evaluated, 19 expanded
[t=0.0169206s, 46348 KB] New best heuristic value for lmcut: 21
[t=0.0169206s, 46348 KB] g=12, 182 evaluated, 21 expanded
[t=0.0199083s, 46348 KB] New best heuristic value for lmcut: 20
[t=0.0199083s, 46348 KB] g=13, 224 evaluated, 27 expanded
[t=0.0209064s, 46348 KB] New best heuristic value for lmcut: 19
[t=0.0209064s, 46348 KB] g=14, 242 evaluated, 29 expanded
[t=0.0229s, 46348 KB] New best heuristic value for lmcut: 18
[t=0.0229s, 46348 KB] g=15, 283 evaluated, 32 expanded
[t=0.0229s, 46348 KB] New best heuristic value for lmcut: 17
[t=0.0229s, 46348 KB] g=16, 285 evaluated, 33 expanded
[t=0.0238923s, 46348 KB] New best heuristic value for lmcut: 16
[t=0.0238923s, 46348 KB] g=17, 303 evaluated, 35 expanded
[t=0.0258845s, 46348 KB] New best heuristic value for lmcut: 15
[t=0.0258845s, 46348 KB] g=18, 346 evaluated, 38 expanded
[t=0.0268826s, 46348 KB] New best heuristic value for lmcut: 14
[t=0.0268826s, 46348 KB] g=19, 368 evaluated, 39 expanded
[t=0.0278777s, 46348 KB] New best heuristic value for lmcut: 13
[t=0.0278777s, 46348 KB] g=20, 389 evaluated, 40 expanded
[t=0.0278777s, 46348 KB] New best heuristic value for lmcut: 12
[t=0.0278777s, 46348 KB] g=21, 391 evaluated, 41 expanded
[t=0.0288737s, 46348 KB] New best heuristic value for lmcut: 11
[t=0.0288737s, 46348 KB] g=22, 409 evaluated, 43 expanded
[t=0.0298707s, 46348 KB] New best heuristic value for lmcut: 10
[t=0.0298707s, 46348 KB] g=23, 430 evaluated, 44 expanded
[t=0.0298707s, 46348 KB] New best heuristic value for lmcut: 9
[t=0.0298707s, 46348 KB] g=24, 432 evaluated, 45 expanded
[t=0.0308674s, 46348 KB] New best heuristic value for lmcut: 8
[t=0.0308674s, 46348 KB] g=25, 450 evaluated, 47 expanded
[t=0.0308674s, 46348 KB] New best heuristic value for lmcut: 7
[t=0.0308674s, 46348 KB] g=26, 452 evaluated, 48 expanded
[t=0.0308674s, 46348 KB] New best heuristic value for lmcut: 6
[t=0.0308674s, 46348 KB] g=27, 470 evaluated, 50 expanded
[t=0.0318621s, 46348 KB] New best heuristic value for lmcut: 5
[t=0.0318621s, 46348 KB] g=28, 472 evaluated, 51 expanded
[t=0.0318621s, 46348 KB] New best heuristic value for lmcut: 4
[t=0.0318621s, 46348 KB] g=29, 490 evaluated, 53 expanded
[t=0.0318621s, 46348 KB] New best heuristic value for lmcut: 3
[t=0.0318621s, 46348 KB] g=30, 492 evaluated, 54 expanded
[t=0.0318621s, 46348 KB] New best heuristic value for lmcut: 2
[t=0.0318621s, 46348 KB] g=31, 510 evaluated, 55 expanded
[t=0.0328582s, 46348 KB] New best heuristic value for lmcut: 1
[t=0.0328582s, 46348 KB] g=32, 521 evaluated, 56 expanded
[t=0.0328582s, 46348 KB] New best heuristic value for lmcut: 0
[t=0.0328582s, 46348 KB] g=33, 530 evaluated, 57 expanded
[t=0.0328582s, 46348 KB] Solution found!
[t=0.0328582s, 46348 KB] Actual search time: 0.0298771s
board f0 p8 (1)
up f0 f10 (1)
board f10 p6 (1)
down f10 f2 (1)
board f2 p5 (1)
up f2 f13 (1)
board f13 p2 (1)
down f13 f3 (1)
board f3 p0 (1)
board f3 p7 (1)
up f3 f17 (1)
board f17 p1 (1)
down f17 f15 (1)
depart f15 p2 (1)
depart f15 p1 (1)
down f15 f6 (1)
board f6 p3 (1)
depart f6 p8 (1)
depart f6 p7 (1)
depart f6 p0 (1)
up f6 f12 (1)
board f12 p9 (1)
depart f12 p3 (1)
down f12 f7 (1)
depart f7 p5 (1)
up f7 f16 (1)
depart f16 p9 (1)
down f16 f9 (1)
board f9 p4 (1)
down f9 f1 (1)
depart f1 p4 (1)
up f1 f19 (1)
depart f19 p6 (1)
[t=0.0328582s, 46348 KB] Plan length: 33 step(s).
[t=0.0328582s, 46348 KB] Plan cost: 33
[t=0.0328582s, 46348 KB] Expanded 58 state(s).
[t=0.0328582s, 46348 KB] Reopened 0 state(s).
[t=0.0328582s, 46348 KB] Evaluated 530 state(s).
[t=0.0328582s, 46348 KB] Evaluations: 530
[t=0.0328582s, 46348 KB] Generated 1138 state(s).
[t=0.0328582s, 46348 KB] Dead ends: 0 state(s).
[t=0.0328582s, 46348 KB] Expanded until last jump: 0 state(s).
[t=0.0328582s, 46348 KB] Reopened until last jump: 0 state(s).
[t=0.0328582s, 46348 KB] Evaluated until last jump: 1 state(s).
[t=0.0328582s, 46348 KB] Generated until last jump: 0 state(s).
[t=0.0328582s, 46348 KB] Number of registered states: 530
[t=0.0328582s, 46348 KB] Int hash set load factor: 530/1024 = 0.517578
[t=0.0328582s, 46348 KB] Int hash set resizes: 10
[t=0.0328582s, 46348 KB] Search time: 0.0298771s
[t=0.0328582s, 46348 KB] Total time: 0.0328582s
Solution found.
Peak memory: 46348 KB
search exit code: 0

