JOBNAME = miconic-s20-3.sas_0
JOBID = 708037
Linux razor-21.dei.unipd.it 5.12.10-300.fc34.x86_64 #1 SMP Thu Jun 10 14:21:36 UTC 2021 x86_64 x86_64 x86_64 GNU/Linux
INFO     Running search (release).
INFO     search stdin: /nfsd/rop/instances/PlanningSAS/miconic-s20-3.sas
INFO     search time limit: 3600s
INFO     search memory limit: None
INFO     search command line string: /home/salvagni/Basel/downward/builds/release/bin/downward --search 'astar(LMcut())' --internal-plan-file sas_plan < /nfsd/rop/instances/PlanningSAS/miconic-s20-3.sas
[t=0s, 45824 KB] reading input...
[t=0.00398245s, 46100 KB] done reading input!
[t=0.00597193s, 46808 KB] Initializing landmark cut heuristic...
[t=0.00597193s, 46808 KB] Building successor generator...done!
[t=0.00597193s, 46852 KB] peak memory difference for successor generator creation: 44 KB
[t=0.00597193s, 46852 KB] time for successor generation creation: 0s
[t=0.00597193s, 46852 KB] Variables: 41
[t=0.00597193s, 46852 KB] FactPairs: 120
[t=0.00597193s, 46852 KB] Bytes per state: 8
[t=0.00597193s, 46852 KB] Conducting best first search with reopening closed nodes, (real) bound = 2147483647
[t=0.00696752s, 46852 KB] New best heuristic value for lmcut: 63
[t=0.00696752s, 46852 KB] g=0, 1 evaluated, 0 expanded
[t=0.00696752s, 46852 KB] f = 63, 1 evaluated, 0 expanded
[t=0.00696752s, 46852 KB] Initial heuristic value for lmcut: 63
[t=0.00696752s, 46852 KB] pruning method: none
[t=0.00796284s, 46852 KB] New best heuristic value for lmcut: 62
[t=0.00796284s, 46852 KB] g=1, 2 evaluated, 1 expanded
[t=0.0308868s, 46852 KB] New best heuristic value for lmcut: 61
[t=0.0308868s, 46852 KB] g=2, 41 evaluated, 2 expanded
[t=0.03288s, 46852 KB] New best heuristic value for lmcut: 60
[t=0.03288s, 46852 KB] g=3, 44 evaluated, 3 expanded
[t=0.0548243s, 46852 KB] New best heuristic value for lmcut: 59
[t=0.0548243s, 46852 KB] g=4, 81 evaluated, 4 expanded
[t=0.0568172s, 46852 KB] New best heuristic value for lmcut: 58
[t=0.0568172s, 46852 KB] g=5, 85 evaluated, 5 expanded
[t=0.0767684s, 46852 KB] New best heuristic value for lmcut: 57
[t=0.0767684s, 46852 KB] g=6, 121 evaluated, 6 expanded
[t=0.0787617s, 46852 KB] New best heuristic value for lmcut: 56
[t=0.0787617s, 46852 KB] g=7, 123 evaluated, 7 expanded
[t=0.165549s, 46852 KB] New best heuristic value for lmcut: 55
[t=0.165549s, 46852 KB] g=8, 281 evaluated, 12 expanded
[t=0.166547s, 46852 KB] New best heuristic value for lmcut: 54
[t=0.166547s, 46852 KB] g=9, 283 evaluated, 13 expanded
[t=0.314211s, 46852 KB] New best heuristic value for lmcut: 53
[t=0.314211s, 46852 KB] g=10, 561 evaluated, 30 expanded
[t=0.357113s, 46852 KB] New best heuristic value for lmcut: 52
[t=0.357113s, 46852 KB] g=11, 643 evaluated, 35 expanded
[t=0.459879s, 46852 KB] New best heuristic value for lmcut: 51
[t=0.460877s, 46852 KB] g=12, 845 evaluated, 44 expanded
[t=0.478833s, 46852 KB] New best heuristic value for lmcut: 50
[t=0.478833s, 46852 KB] g=13, 882 evaluated, 45 expanded
[t=0.479831s, 46852 KB] New best heuristic value for lmcut: 49
[t=0.479831s, 46852 KB] g=14, 884 evaluated, 46 expanded
[t=0.692363s, 46852 KB] New best heuristic value for lmcut: 48
[t=0.692363s, 46852 KB] g=15, 1322 evaluated, 69 expanded
[t=0.695353s, 46852 KB] New best heuristic value for lmcut: 47
[t=0.695353s, 46852 KB] g=16, 1328 evaluated, 70 expanded
[t=0.711311s, 46852 KB] New best heuristic value for lmcut: 46
[t=0.711311s, 46852 KB] g=17, 1362 evaluated, 72 expanded
[t=0.712309s, 46852 KB] New best heuristic value for lmcut: 45
[t=0.712309s, 46852 KB] g=18, 1364 evaluated, 73 expanded
[t=0.78215s, 46852 KB] New best heuristic value for lmcut: 44
[t=0.78215s, 46852 KB] g=19, 1522 evaluated, 78 expanded
[t=0.783149s, 46852 KB] New best heuristic value for lmcut: 43
[t=0.783149s, 46852 KB] g=20, 1524 evaluated, 79 expanded
[t=0.975731s, 46852 KB] New best heuristic value for lmcut: 42
[t=0.975731s, 46852 KB] g=21, 1969 evaluated, 100 expanded
[t=0.989696s, 46852 KB] New best heuristic value for lmcut: 41
[t=0.989696s, 46852 KB] g=22, 2003 evaluated, 102 expanded
[t=1.02262s, 46852 KB] New best heuristic value for lmcut: 40
[t=1.02262s, 46852 KB] g=23, 2085 evaluated, 105 expanded
[t=1.03957s, 46852 KB] New best heuristic value for lmcut: 39
[t=1.03957s, 46852 KB] g=24, 2126 evaluated, 106 expanded
[t=1.04157s, 46852 KB] New best heuristic value for lmcut: 38
[t=1.04157s, 46852 KB] g=25, 2132 evaluated, 107 expanded
[t=1.05453s, 46852 KB] New best heuristic value for lmcut: 37
[t=1.05453s, 46852 KB] g=26, 2166 evaluated, 109 expanded
[t=1.07049s, 46852 KB] New best heuristic value for lmcut: 36
[t=1.07049s, 46852 KB] g=27, 2208 evaluated, 112 expanded
[t=1.13036s, 46852 KB] New best heuristic value for lmcut: 35
[t=1.13036s, 46852 KB] g=28, 2372 evaluated, 117 expanded
[t=1.15928s, 46852 KB] New best heuristic value for lmcut: 34
[t=1.15928s, 46852 KB] g=29, 2452 evaluated, 118 expanded
[t=1.16028s, 46852 KB] New best heuristic value for lmcut: 33
[t=1.16028s, 46852 KB] g=30, 2455 evaluated, 119 expanded
[t=1.17225s, 46852 KB] New best heuristic value for lmcut: 32
[t=1.17225s, 46852 KB] g=31, 2492 evaluated, 120 expanded
[t=1.17325s, 46852 KB] New best heuristic value for lmcut: 31
[t=1.17325s, 46852 KB] g=32, 2494 evaluated, 121 expanded
[t=1.28799s, 46852 KB] New best heuristic value for lmcut: 30
[t=1.28799s, 46852 KB] g=33, 2852 evaluated, 134 expanded
[t=1.30095s, 46852 KB] New best heuristic value for lmcut: 29
[t=1.30095s, 46852 KB] g=34, 2893 evaluated, 135 expanded
[t=1.45761s, 46852 KB] New best heuristic value for lmcut: 28
[t=1.45761s, 46852 KB] g=35, 3412 evaluated, 158 expanded
[t=1.46958s, 46852 KB] New best heuristic value for lmcut: 27
[t=1.46958s, 46852 KB] g=36, 3453 evaluated, 159 expanded
[t=1.60827s, 46852 KB] New best heuristic value for lmcut: 26
[t=1.60827s, 46852 KB] g=37, 3939 evaluated, 180 expanded
[t=1.61724s, 46852 KB] New best heuristic value for lmcut: 25
[t=1.61724s, 46852 KB] g=38, 3973 evaluated, 181 expanded
[t=1.62721s, 46852 KB] New best heuristic value for lmcut: 24
[t=1.62721s, 46852 KB] g=39, 4014 evaluated, 182 expanded
[t=1.66014s, 46852 KB] New best heuristic value for lmcut: 23
[t=1.66014s, 46852 KB] g=40, 4140 evaluated, 187 expanded
[t=1.66811s, 46852 KB] New best heuristic value for lmcut: 22
[t=1.66811s, 46852 KB] g=41, 4174 evaluated, 188 expanded
[t=1.67709s, 46852 KB] New best heuristic value for lmcut: 21
[t=1.67709s, 46852 KB] g=42, 4215 evaluated, 189 expanded
[t=1.76988s, 46852 KB] New best heuristic value for lmcut: 20
[t=1.76988s, 46852 KB] g=43, 4621 evaluated, 206 expanded
[t=1.77686s, 46852 KB] New best heuristic value for lmcut: 19
[t=1.77686s, 46852 KB] g=44, 4655 evaluated, 207 expanded
[t=1.78583s, 46852 KB] New best heuristic value for lmcut: 18
[t=1.78583s, 46852 KB] g=45, 4696 evaluated, 208 expanded
[t=1.84969s, 46852 KB] New best heuristic value for lmcut: 17
[t=1.84969s, 46852 KB] g=46, 5018 evaluated, 221 expanded
[t=1.85069s, 46852 KB] New best heuristic value for lmcut: 16
[t=1.85069s, 46852 KB] g=47, 5024 evaluated, 222 expanded
[t=1.85667s, 46852 KB] New best heuristic value for lmcut: 15
[t=1.85667s, 46852 KB] g=48, 5058 evaluated, 223 expanded
[t=1.86365s, 46852 KB] New best heuristic value for lmcut: 14
[t=1.86365s, 46852 KB] g=49, 5099 evaluated, 224 expanded
[t=1.90854s, 46988 KB] New best heuristic value for lmcut: 13
[t=1.90854s, 46988 KB] g=50, 5378 evaluated, 235 expanded
[t=1.91552s, 46988 KB] New best heuristic value for lmcut: 12
[t=1.91552s, 46988 KB] g=51, 5419 evaluated, 236 expanded
[t=1.95542s, 46988 KB] New best heuristic value for lmcut: 11
[t=1.95542s, 46988 KB] g=52, 5698 evaluated, 248 expanded
[t=1.96041s, 46988 KB] New best heuristic value for lmcut: 10
[t=1.96041s, 46988 KB] g=53, 5739 evaluated, 249 expanded
[t=1.98135s, 46988 KB] New best heuristic value for lmcut: 9
[t=1.98135s, 46988 KB] g=54, 5901 evaluated, 254 expanded
[t=1.98135s, 46988 KB] New best heuristic value for lmcut: 8
[t=1.98135s, 46988 KB] g=55, 5907 evaluated, 255 expanded
[t=1.98534s, 46988 KB] New best heuristic value for lmcut: 7
[t=1.98534s, 46988 KB] g=56, 5941 evaluated, 256 expanded
[t=1.98933s, 46988 KB] New best heuristic value for lmcut: 6
[t=1.98933s, 46988 KB] g=57, 5982 evaluated, 257 expanded
[t=2.0003s, 46988 KB] New best heuristic value for lmcut: 5
[t=2.0003s, 46988 KB] g=58, 6108 evaluated, 262 expanded
[t=2.00329s, 46988 KB] New best heuristic value for lmcut: 4
[t=2.00329s, 46988 KB] g=59, 6142 evaluated, 263 expanded
[t=2.00628s, 46988 KB] New best heuristic value for lmcut: 3
[t=2.00628s, 46988 KB] g=60, 6184 evaluated, 264 expanded
[t=2.00827s, 46988 KB] New best heuristic value for lmcut: 2
[t=2.00827s, 46988 KB] g=61, 6225 evaluated, 265 expanded
[t=2.00927s, 46988 KB] New best heuristic value for lmcut: 1
[t=2.00927s, 46988 KB] g=62, 6252 evaluated, 266 expanded
[t=2.01027s, 46988 KB] New best heuristic value for lmcut: 0
[t=2.01027s, 46988 KB] g=63, 6265 evaluated, 267 expanded
[t=2.01027s, 46988 KB] Solution found!
[t=2.01027s, 46988 KB] Actual search time: 2.0033s
up f0 f1 (1)
board f1 p18 (1)
up f1 f11 (1)
board f11 p4 (1)
down f11 f5 (1)
board f5 p3 (1)
up f5 f24 (1)
board f24 p6 (1)
down f24 f6 (1)
board f6 p1 (1)
depart f6 p6 (1)
up f6 f31 (1)
board f31 p5 (1)
down f31 f14 (1)
depart f14 p5 (1)
down f14 f7 (1)
depart f7 p18 (1)
up f7 f32 (1)
board f32 p11 (1)
depart f32 p4 (1)
down f32 f19 (1)
board f19 p2 (1)
depart f19 p11 (1)
depart f19 p1 (1)
down f19 f8 (1)
board f8 p10 (1)
board f8 p12 (1)
board f8 p16 (1)
depart f8 p3 (1)
up f8 f22 (1)
depart f22 p12 (1)
up f22 f37 (1)
board f37 p14 (1)
down f37 f33 (1)
board f33 p0 (1)
depart f33 p14 (1)
down f33 f15 (1)
board f15 p15 (1)
depart f15 p0 (1)
up f15 f30 (1)
board f30 p9 (1)
depart f30 p15 (1)
down f30 f28 (1)
board f28 p8 (1)
depart f28 p9 (1)
depart f28 p2 (1)
down f28 f23 (1)
depart f23 p8 (1)
up f23 f38 (1)
board f38 p13 (1)
down f38 f2 (1)
board f2 p17 (1)
board f2 p7 (1)
depart f2 p13 (1)
up f2 f20 (1)
board f20 p19 (1)
depart f20 p17 (1)
down f20 f13 (1)
depart f13 p19 (1)
depart f13 p16 (1)
depart f13 p10 (1)
up f13 f27 (1)
depart f27 p7 (1)
[t=2.01027s, 46988 KB] Plan length: 63 step(s).
[t=2.01027s, 46988 KB] Plan cost: 63
[t=2.01027s, 46988 KB] Expanded 268 state(s).
[t=2.01027s, 46988 KB] Reopened 0 state(s).
[t=2.01027s, 46988 KB] Evaluated 6265 state(s).
[t=2.01027s, 46988 KB] Evaluations: 6265
[t=2.01027s, 46988 KB] Generated 10756 state(s).
[t=2.01027s, 46988 KB] Dead ends: 0 state(s).
[t=2.01027s, 46988 KB] Expanded until last jump: 0 state(s).
[t=2.01027s, 46988 KB] Reopened until last jump: 0 state(s).
[t=2.01027s, 46988 KB] Evaluated until last jump: 1 state(s).
[t=2.01027s, 46988 KB] Generated until last jump: 0 state(s).
[t=2.01027s, 46988 KB] Number of registered states: 6265
[t=2.01027s, 46988 KB] Int hash set load factor: 6265/8192 = 0.764771
[t=2.01027s, 46988 KB] Int hash set resizes: 13
[t=2.01027s, 46988 KB] Search time: 2.0043s
[t=2.01027s, 46988 KB] Total time: 2.01027s
Solution found.
Peak memory: 46988 KB
search exit code: 0

