JOBNAME = miconic-s7-2.sas_0
JOBID = 708116
Linux razor-14.dei.unipd.it 5.12.10-300.fc34.x86_64 #1 SMP Thu Jun 10 14:21:36 UTC 2021 x86_64 x86_64 x86_64 GNU/Linux
INFO     Running search (release).
INFO     search stdin: /nfsd/rop/instances/PlanningSAS/miconic-s7-2.sas
INFO     search time limit: 3600s
INFO     search memory limit: None
INFO     search command line string: /home/salvagni/Basel/downward/builds/release/bin/downward --search 'astar(LMcut())' --internal-plan-file sas_plan < /nfsd/rop/instances/PlanningSAS/miconic-s7-2.sas
[t=0s, 45824 KB] reading input...
[t=0s, 45824 KB] done reading input!
[t=0.00198739s, 46212 KB] Initializing landmark cut heuristic...
[t=0.00198739s, 46212 KB] Building successor generator...done!
[t=0.00198739s, 46212 KB] peak memory difference for successor generator creation: 0 KB
[t=0.00198739s, 46212 KB] time for successor generation creation: 0s
[t=0.00198739s, 46212 KB] Variables: 15
[t=0.00198739s, 46212 KB] FactPairs: 42
[t=0.00198739s, 46212 KB] Bytes per state: 4
[t=0.00198739s, 46212 KB] Conducting best first search with reopening closed nodes, (real) bound = 2147483647
[t=0.00198739s, 46212 KB] New best heuristic value for lmcut: 22
[t=0.00198739s, 46212 KB] g=0, 1 evaluated, 0 expanded
[t=0.00198739s, 46212 KB] f = 22, 1 evaluated, 0 expanded
[t=0.00198739s, 46212 KB] Initial heuristic value for lmcut: 22
[t=0.00198739s, 46212 KB] pruning method: none
[t=0.00198739s, 46212 KB] New best heuristic value for lmcut: 21
[t=0.00198739s, 46212 KB] g=1, 2 evaluated, 1 expanded
[t=0.00298348s, 46212 KB] New best heuristic value for lmcut: 20
[t=0.00298348s, 46212 KB] g=2, 16 evaluated, 2 expanded
[t=0.00298348s, 46212 KB] New best heuristic value for lmcut: 19
[t=0.00298348s, 46212 KB] g=3, 29 evaluated, 3 expanded
[t=0.00298348s, 46212 KB] New best heuristic value for lmcut: 18
[t=0.00298348s, 46212 KB] g=4, 34 evaluated, 4 expanded
[t=0.00397903s, 46212 KB] New best heuristic value for lmcut: 17
[t=0.00397903s, 46212 KB] g=5, 43 evaluated, 5 expanded
[t=0.00397903s, 46212 KB] New best heuristic value for lmcut: 16
[t=0.00397903s, 46212 KB] g=6, 45 evaluated, 6 expanded
[t=0.00397903s, 46212 KB] New best heuristic value for lmcut: 15
[t=0.00397903s, 46212 KB] g=7, 64 evaluated, 7 expanded
[t=0.00497011s, 46212 KB] New best heuristic value for lmcut: 14
[t=0.00497011s, 46212 KB] g=8, 72 evaluated, 8 expanded
[t=0.00497011s, 46212 KB] New best heuristic value for lmcut: 13
[t=0.00497011s, 46212 KB] g=9, 76 evaluated, 9 expanded
[t=0.00596623s, 46212 KB] New best heuristic value for lmcut: 12
[t=0.00596623s, 46212 KB] g=10, 105 evaluated, 10 expanded
[t=0.00596623s, 46212 KB] New best heuristic value for lmcut: 11
[t=0.00596623s, 46212 KB] g=11, 120 evaluated, 11 expanded
[t=0.00596623s, 46212 KB] New best heuristic value for lmcut: 10
[t=0.00596623s, 46212 KB] g=12, 128 evaluated, 12 expanded
[t=0.00596623s, 46212 KB] New best heuristic value for lmcut: 9
[t=0.00596623s, 46212 KB] g=13, 134 evaluated, 13 expanded
[t=0.00596623s, 46212 KB] New best heuristic value for lmcut: 8
[t=0.00696248s, 46212 KB] g=14, 144 evaluated, 14 expanded
[t=0.00696248s, 46212 KB] New best heuristic value for lmcut: 7
[t=0.00696248s, 46212 KB] g=15, 148 evaluated, 15 expanded
[t=0.00696248s, 46212 KB] New best heuristic value for lmcut: 6
[t=0.00696248s, 46212 KB] g=16, 159 evaluated, 16 expanded
[t=0.00696248s, 46212 KB] New best heuristic value for lmcut: 5
[t=0.00696248s, 46212 KB] g=17, 162 evaluated, 17 expanded
[t=0.00696248s, 46212 KB] New best heuristic value for lmcut: 4
[t=0.00696248s, 46212 KB] g=18, 174 evaluated, 18 expanded
[t=0.00696248s, 46212 KB] New best heuristic value for lmcut: 3
[t=0.00696248s, 46212 KB] g=19, 176 evaluated, 20 expanded
[t=0.00696248s, 46212 KB] New best heuristic value for lmcut: 2
[t=0.00696248s, 46212 KB] g=20, 191 evaluated, 21 expanded
[t=0.00696248s, 46212 KB] New best heuristic value for lmcut: 1
[t=0.00696248s, 46212 KB] g=21, 200 evaluated, 22 expanded
[t=0.00796033s, 46212 KB] New best heuristic value for lmcut: 0
[t=0.00796033s, 46212 KB] g=22, 205 evaluated, 23 expanded
[t=0.00796033s, 46212 KB] Solution found!
[t=0.00796033s, 46212 KB] Actual search time: 0.00597294s
board f0 p1 (1)
up f0 f1 (1)
board f1 p4 (1)
up f1 f13 (1)
board f13 p2 (1)
board f13 p6 (1)
down f13 f2 (1)
board f2 p3 (1)
board f2 p5 (1)
depart f2 p2 (1)
depart f2 p1 (1)
up f2 f4 (1)
depart f4 p3 (1)
up f4 f6 (1)
depart f6 p6 (1)
up f6 f7 (1)
depart f7 p4 (1)
up f7 f9 (1)
board f9 p0 (1)
depart f9 p5 (1)
down f9 f8 (1)
depart f8 p0 (1)
[t=0.00796033s, 46212 KB] Plan length: 22 step(s).
[t=0.00796033s, 46212 KB] Plan cost: 22
[t=0.00796033s, 46212 KB] Expanded 24 state(s).
[t=0.00796033s, 46212 KB] Reopened 0 state(s).
[t=0.00796033s, 46212 KB] Evaluated 205 state(s).
[t=0.00796033s, 46212 KB] Evaluations: 205
[t=0.00796033s, 46212 KB] Generated 335 state(s).
[t=0.00796033s, 46212 KB] Dead ends: 0 state(s).
[t=0.00796033s, 46212 KB] Expanded until last jump: 0 state(s).
[t=0.00796033s, 46212 KB] Reopened until last jump: 0 state(s).
[t=0.00796033s, 46212 KB] Evaluated until last jump: 1 state(s).
[t=0.00796033s, 46212 KB] Generated until last jump: 0 state(s).
[t=0.00796033s, 46212 KB] Number of registered states: 205
[t=0.00796033s, 46212 KB] Int hash set load factor: 205/256 = 0.800781
[t=0.00796033s, 46212 KB] Int hash set resizes: 8
[t=0.00796033s, 46212 KB] Search time: 0.00597294s
[t=0.00796033s, 46212 KB] Total time: 0.00796033s
Solution found.
Peak memory: 46212 KB
search exit code: 0

