JOBNAME = miconic-s5-4.sas_0
JOBID = 708108
Linux razor-14.dei.unipd.it 5.12.10-300.fc34.x86_64 #1 SMP Thu Jun 10 14:21:36 UTC 2021 x86_64 x86_64 x86_64 GNU/Linux
INFO     Running search (release).
INFO     search stdin: /nfsd/rop/instances/PlanningSAS/miconic-s5-4.sas
INFO     search time limit: 3600s
INFO     search memory limit: None
INFO     search command line string: /home/salvagni/Basel/downward/builds/release/bin/downward --search 'astar(LMcut())' --internal-plan-file sas_plan < /nfsd/rop/instances/PlanningSAS/miconic-s5-4.sas
[t=0s, 45824 KB] reading input...
[t=0s, 45824 KB] done reading input!
[t=0.000995603s, 46220 KB] Initializing landmark cut heuristic...
[t=0.00198592s, 46220 KB] Building successor generator...done!
[t=0.00198592s, 46220 KB] peak memory difference for successor generator creation: 0 KB
[t=0.00198592s, 46220 KB] time for successor generation creation: 0s
[t=0.00198592s, 46220 KB] Variables: 11
[t=0.00198592s, 46220 KB] FactPairs: 30
[t=0.00198592s, 46220 KB] Bytes per state: 4
[t=0.00198592s, 46220 KB] Conducting best first search with reopening closed nodes, (real) bound = 2147483647
[t=0.00198592s, 46220 KB] New best heuristic value for lmcut: 17
[t=0.00198592s, 46220 KB] g=0, 1 evaluated, 0 expanded
[t=0.00198592s, 46220 KB] f = 17, 1 evaluated, 0 expanded
[t=0.00198592s, 46220 KB] Initial heuristic value for lmcut: 17
[t=0.00198592s, 46220 KB] pruning method: none
[t=0.00198592s, 46220 KB] f = 18, 10 evaluated, 1 expanded
[t=0.00198592s, 46220 KB] New best heuristic value for lmcut: 16
[t=0.00198592s, 46220 KB] g=2, 11 evaluated, 3 expanded
[t=0.00198592s, 46220 KB] New best heuristic value for lmcut: 15
[t=0.00198592s, 46220 KB] g=3, 13 evaluated, 4 expanded
[t=0.00298105s, 46220 KB] New best heuristic value for lmcut: 14
[t=0.00298105s, 46220 KB] g=4, 23 evaluated, 5 expanded
[t=0.00298105s, 46220 KB] New best heuristic value for lmcut: 13
[t=0.00298105s, 46220 KB] g=5, 32 evaluated, 6 expanded
[t=0.00298105s, 46220 KB] New best heuristic value for lmcut: 12
[t=0.00298105s, 46220 KB] g=6, 33 evaluated, 7 expanded
[t=0.00298105s, 46220 KB] New best heuristic value for lmcut: 11
[t=0.00298105s, 46220 KB] g=7, 42 evaluated, 10 expanded
[t=0.00298105s, 46220 KB] New best heuristic value for lmcut: 10
[t=0.00298105s, 46220 KB] g=8, 54 evaluated, 13 expanded
[t=0.00298105s, 46220 KB] New best heuristic value for lmcut: 9
[t=0.00298105s, 46220 KB] g=9, 62 evaluated, 16 expanded
[t=0.00298105s, 46220 KB] New best heuristic value for lmcut: 8
[t=0.00397643s, 46220 KB] g=10, 73 evaluated, 17 expanded
[t=0.00397643s, 46220 KB] New best heuristic value for lmcut: 7
[t=0.00397643s, 46220 KB] g=11, 75 evaluated, 18 expanded
[t=0.00397643s, 46220 KB] New best heuristic value for lmcut: 6
[t=0.00397643s, 46220 KB] g=12, 83 evaluated, 19 expanded
[t=0.00397643s, 46220 KB] New best heuristic value for lmcut: 5
[t=0.00397643s, 46220 KB] g=13, 87 evaluated, 20 expanded
[t=0.00397643s, 46220 KB] New best heuristic value for lmcut: 4
[t=0.00397643s, 46220 KB] g=14, 93 evaluated, 22 expanded
[t=0.00397643s, 46220 KB] New best heuristic value for lmcut: 3
[t=0.00397643s, 46220 KB] g=15, 98 evaluated, 23 expanded
[t=0.00397643s, 46220 KB] New best heuristic value for lmcut: 2
[t=0.00397643s, 46220 KB] g=16, 103 evaluated, 25 expanded
[t=0.00397643s, 46220 KB] New best heuristic value for lmcut: 1
[t=0.00397643s, 46220 KB] g=17, 108 evaluated, 26 expanded
[t=0.00397643s, 46220 KB] New best heuristic value for lmcut: 0
[t=0.00397643s, 46220 KB] g=18, 113 evaluated, 27 expanded
[t=0.00397643s, 46220 KB] Solution found!
[t=0.00397643s, 46220 KB] Actual search time: 0.00199052s
up f0 f2 (1)
board f2 p1 (1)
board f2 p2 (1)
down f2 f0 (1)
depart f0 p1 (1)
up f0 f7 (1)
board f7 p3 (1)
down f7 f5 (1)
board f5 p0 (1)
depart f5 p3 (1)
down f5 f1 (1)
depart f1 p0 (1)
up f1 f8 (1)
depart f8 p2 (1)
up f8 f9 (1)
board f9 p4 (1)
down f9 f4 (1)
depart f4 p4 (1)
[t=0.00397643s, 46220 KB] Plan length: 18 step(s).
[t=0.00397643s, 46220 KB] Plan cost: 18
[t=0.00397643s, 46220 KB] Expanded 28 state(s).
[t=0.00397643s, 46220 KB] Reopened 0 state(s).
[t=0.00397643s, 46220 KB] Evaluated 113 state(s).
[t=0.00397643s, 46220 KB] Evaluations: 113
[t=0.00397643s, 46220 KB] Generated 264 state(s).
[t=0.00397643s, 46220 KB] Dead ends: 0 state(s).
[t=0.00397643s, 46220 KB] Expanded until last jump: 1 state(s).
[t=0.00397643s, 46220 KB] Reopened until last jump: 0 state(s).
[t=0.00397643s, 46220 KB] Evaluated until last jump: 10 state(s).
[t=0.00397643s, 46220 KB] Generated until last jump: 9 state(s).
[t=0.00397643s, 46220 KB] Number of registered states: 113
[t=0.00397643s, 46220 KB] Int hash set load factor: 113/128 = 0.882812
[t=0.00397643s, 46220 KB] Int hash set resizes: 7
[t=0.00397643s, 46220 KB] Search time: 0.00199052s
[t=0.00397643s, 46220 KB] Total time: 0.00397643s
Solution found.
Peak memory: 46220 KB
search exit code: 0

