JOBNAME = miconic-s8-2.sas_0
JOBID = 708121
Linux razor-14.dei.unipd.it 5.12.10-300.fc34.x86_64 #1 SMP Thu Jun 10 14:21:36 UTC 2021 x86_64 x86_64 x86_64 GNU/Linux
INFO     Running search (release).
INFO     search stdin: /nfsd/rop/instances/PlanningSAS/miconic-s8-2.sas
INFO     search time limit: 3600s
INFO     search memory limit: None
INFO     search command line string: /home/salvagni/Basel/downward/builds/release/bin/downward --search 'astar(LMcut())' --internal-plan-file sas_plan < /nfsd/rop/instances/PlanningSAS/miconic-s8-2.sas
[t=0s, 45824 KB] reading input...
[t=0.000996793s, 45824 KB] done reading input!
[t=0.00298865s, 46212 KB] Initializing landmark cut heuristic...
[t=0.00298865s, 46212 KB] Building successor generator...done!
[t=0.00298865s, 46212 KB] peak memory difference for successor generator creation: 0 KB
[t=0.00298865s, 46212 KB] time for successor generation creation: 0s
[t=0.00298865s, 46212 KB] Variables: 17
[t=0.00298865s, 46212 KB] FactPairs: 48
[t=0.00298865s, 46212 KB] Bytes per state: 4
[t=0.00298865s, 46212 KB] Conducting best first search with reopening closed nodes, (real) bound = 2147483647
[t=0.00298865s, 46212 KB] New best heuristic value for lmcut: 25
[t=0.00298865s, 46212 KB] g=0, 1 evaluated, 0 expanded
[t=0.00298865s, 46212 KB] f = 25, 1 evaluated, 0 expanded
[t=0.00298865s, 46212 KB] Initial heuristic value for lmcut: 25
[t=0.00298865s, 46212 KB] pruning method: none
[t=0.00398421s, 46212 KB] f = 26, 16 evaluated, 1 expanded
[t=0.00398421s, 46212 KB] New best heuristic value for lmcut: 24
[t=0.00398421s, 46212 KB] g=2, 17 evaluated, 2 expanded
[t=0.00597219s, 46212 KB] New best heuristic value for lmcut: 23
[t=0.00597219s, 46212 KB] g=3, 51 evaluated, 8 expanded
[t=0.00697067s, 46212 KB] New best heuristic value for lmcut: 22
[t=0.00697067s, 46212 KB] g=4, 67 evaluated, 9 expanded
[t=0.00697067s, 46212 KB] New best heuristic value for lmcut: 21
[t=0.00697067s, 46212 KB] g=5, 82 evaluated, 11 expanded
[t=0.0089628s, 46212 KB] New best heuristic value for lmcut: 20
[t=0.0089628s, 46212 KB] g=6, 131 evaluated, 17 expanded
[t=0.0089628s, 46212 KB] New best heuristic value for lmcut: 19
[t=0.00996096s, 46212 KB] g=7, 132 evaluated, 18 expanded
[t=0.00996096s, 46212 KB] New best heuristic value for lmcut: 18
[t=0.00996096s, 46212 KB] g=8, 147 evaluated, 20 expanded
[t=0.0119535s, 46212 KB] New best heuristic value for lmcut: 17
[t=0.0119535s, 46212 KB] g=9, 196 evaluated, 27 expanded
[t=0.012946s, 46212 KB] New best heuristic value for lmcut: 16
[t=0.012946s, 46212 KB] g=10, 211 evaluated, 29 expanded
[t=0.012946s, 46212 KB] New best heuristic value for lmcut: 15
[t=0.012946s, 46212 KB] g=11, 228 evaluated, 30 expanded
[t=0.012946s, 46212 KB] New best heuristic value for lmcut: 14
[t=0.012946s, 46212 KB] g=12, 229 evaluated, 31 expanded
[t=0.0139418s, 46212 KB] New best heuristic value for lmcut: 13
[t=0.0139418s, 46212 KB] g=13, 244 evaluated, 33 expanded
[t=0.0139418s, 46212 KB] New best heuristic value for lmcut: 12
[t=0.0139418s, 46212 KB] g=14, 245 evaluated, 34 expanded
[t=0.0139418s, 46212 KB] New best heuristic value for lmcut: 11
[t=0.0139418s, 46212 KB] g=15, 260 evaluated, 36 expanded
[t=0.0149383s, 46212 KB] New best heuristic value for lmcut: 10
[t=0.0149383s, 46212 KB] g=16, 277 evaluated, 37 expanded
[t=0.0149383s, 46212 KB] New best heuristic value for lmcut: 9
[t=0.0149383s, 46212 KB] g=17, 278 evaluated, 38 expanded
[t=0.0149383s, 46212 KB] New best heuristic value for lmcut: 8
[t=0.0149383s, 46212 KB] g=18, 293 evaluated, 39 expanded
[t=0.0149383s, 46212 KB] New best heuristic value for lmcut: 7
[t=0.0159289s, 46212 KB] g=19, 299 evaluated, 40 expanded
[t=0.0159289s, 46212 KB] New best heuristic value for lmcut: 6
[t=0.0159289s, 46212 KB] g=20, 309 evaluated, 41 expanded
[t=0.0159289s, 46212 KB] New best heuristic value for lmcut: 5
[t=0.0159289s, 46212 KB] g=21, 326 evaluated, 42 expanded
[t=0.0169209s, 46212 KB] New best heuristic value for lmcut: 4
[t=0.0169209s, 46212 KB] g=22, 373 evaluated, 47 expanded
[t=0.0169209s, 46212 KB] New best heuristic value for lmcut: 3
[t=0.0169209s, 46212 KB] g=23, 390 evaluated, 48 expanded
[t=0.0179168s, 46212 KB] New best heuristic value for lmcut: 2
[t=0.0179168s, 46212 KB] g=24, 437 evaluated, 53 expanded
[t=0.0179168s, 46212 KB] New best heuristic value for lmcut: 1
[t=0.0179168s, 46212 KB] g=25, 455 evaluated, 54 expanded
[t=0.0179168s, 46212 KB] New best heuristic value for lmcut: 0
[t=0.0179168s, 46212 KB] g=26, 472 evaluated, 55 expanded
[t=0.0179168s, 46212 KB] Solution found!
[t=0.0179168s, 46212 KB] Actual search time: 0.0149282s
up f0 f15 (1)
board f15 p4 (1)
board f15 p6 (1)
down f15 f2 (1)
board f2 p7 (1)
depart f2 p6 (1)
up f2 f4 (1)
board f4 p1 (1)
up f4 f10 (1)
board f10 p5 (1)
depart f10 p1 (1)
down f10 f6 (1)
board f6 p3 (1)
up f6 f11 (1)
board f11 p0 (1)
depart f11 p5 (1)
down f11 f0 (1)
depart f0 p0 (1)
up f0 f7 (1)
depart f7 p4 (1)
up f7 f9 (1)
board f9 p2 (1)
up f9 f14 (1)
depart f14 p7 (1)
depart f14 p3 (1)
depart f14 p2 (1)
[t=0.0179168s, 46212 KB] Plan length: 26 step(s).
[t=0.0179168s, 46212 KB] Plan cost: 26
[t=0.0179168s, 46212 KB] Expanded 56 state(s).
[t=0.0179168s, 46212 KB] Reopened 0 state(s).
[t=0.0179168s, 46212 KB] Evaluated 472 state(s).
[t=0.0179168s, 46212 KB] Evaluations: 472
[t=0.0179168s, 46212 KB] Generated 881 state(s).
[t=0.0179168s, 46212 KB] Dead ends: 0 state(s).
[t=0.0179168s, 46212 KB] Expanded until last jump: 1 state(s).
[t=0.0179168s, 46212 KB] Reopened until last jump: 0 state(s).
[t=0.0179168s, 46212 KB] Evaluated until last jump: 16 state(s).
[t=0.0179168s, 46212 KB] Generated until last jump: 15 state(s).
[t=0.0179168s, 46212 KB] Number of registered states: 472
[t=0.0179168s, 46212 KB] Int hash set load factor: 472/512 = 0.921875
[t=0.0179168s, 46212 KB] Int hash set resizes: 9
[t=0.0179168s, 46212 KB] Search time: 0.0149282s
[t=0.0179168s, 46212 KB] Total time: 0.0179168s
Solution found.
Peak memory: 46212 KB
search exit code: 0

