JOBNAME = miconic-s10-4.sas_0
JOBID = 707983
Linux razor-16.dei.unipd.it 5.12.10-300.fc34.x86_64 #1 SMP Thu Jun 10 14:21:36 UTC 2021 x86_64 x86_64 x86_64 GNU/Linux
INFO     Running search (release).
INFO     search stdin: /nfsd/rop/instances/PlanningSAS/miconic-s10-4.sas
INFO     search time limit: 3600s
INFO     search memory limit: None
INFO     search command line string: /home/salvagni/Basel/downward/builds/release/bin/downward --search 'astar(LMcut())' --internal-plan-file sas_plan < /nfsd/rop/instances/PlanningSAS/miconic-s10-4.sas
[t=0s, 45824 KB] reading input...
[t=0.000996262s, 45824 KB] done reading input!
[t=0.00198814s, 46348 KB] Initializing landmark cut heuristic...
[t=0.00198814s, 46348 KB] Building successor generator...done!
[t=0.00298396s, 46348 KB] peak memory difference for successor generator creation: 0 KB
[t=0.00298396s, 46348 KB] time for successor generation creation: 0.000995823s
[t=0.00298396s, 46348 KB] Variables: 21
[t=0.00298396s, 46348 KB] FactPairs: 60
[t=0.00298396s, 46348 KB] Bytes per state: 4
[t=0.00298396s, 46348 KB] Conducting best first search with reopening closed nodes, (real) bound = 2147483647
[t=0.00298396s, 46348 KB] New best heuristic value for lmcut: 32
[t=0.00298396s, 46348 KB] g=0, 1 evaluated, 0 expanded
[t=0.00298396s, 46348 KB] f = 32, 1 evaluated, 0 expanded
[t=0.00298396s, 46348 KB] Initial heuristic value for lmcut: 32
[t=0.00298396s, 46348 KB] pruning method: none
[t=0.00298396s, 46348 KB] New best heuristic value for lmcut: 31
[t=0.00298396s, 46348 KB] g=1, 2 evaluated, 1 expanded
[t=0.0069638s, 46348 KB] f = 33, 40 evaluated, 2 expanded
[t=0.0069638s, 46348 KB] New best heuristic value for lmcut: 30
[t=0.0069638s, 46348 KB] g=3, 41 evaluated, 3 expanded
[t=0.0069638s, 46348 KB] New best heuristic value for lmcut: 29
[t=0.0069638s, 46348 KB] g=4, 42 evaluated, 4 expanded
[t=0.00796253s, 46348 KB] New best heuristic value for lmcut: 28
[t=0.00796253s, 46348 KB] g=5, 61 evaluated, 6 expanded
[t=0.00895928s, 46348 KB] New best heuristic value for lmcut: 27
[t=0.00895928s, 46348 KB] g=6, 64 evaluated, 7 expanded
[t=0.00995377s, 46348 KB] New best heuristic value for lmcut: 26
[t=0.00995377s, 46348 KB] g=7, 85 evaluated, 8 expanded
[t=0.0119469s, 46348 KB] New best heuristic value for lmcut: 25
[t=0.0119469s, 46348 KB] g=8, 105 evaluated, 9 expanded
[t=0.0129387s, 46348 KB] New best heuristic value for lmcut: 24
[t=0.0139322s, 46348 KB] g=9, 124 evaluated, 10 expanded
[t=0.0139322s, 46348 KB] New best heuristic value for lmcut: 23
[t=0.0139322s, 46348 KB] g=10, 127 evaluated, 11 expanded
[t=0.014929s, 46348 KB] New best heuristic value for lmcut: 22
[t=0.014929s, 46348 KB] g=11, 144 evaluated, 13 expanded
[t=0.0169217s, 46348 KB] New best heuristic value for lmcut: 21
[t=0.0169217s, 46348 KB] g=12, 168 evaluated, 16 expanded
[t=0.0179174s, 46348 KB] New best heuristic value for lmcut: 20
[t=0.0179174s, 46348 KB] g=13, 184 evaluated, 17 expanded
[t=0.0179174s, 46348 KB] New best heuristic value for lmcut: 19
[t=0.0179174s, 46348 KB] g=14, 189 evaluated, 18 expanded
[t=0.018914s, 46348 KB] New best heuristic value for lmcut: 18
[t=0.018914s, 46348 KB] g=15, 204 evaluated, 19 expanded
[t=0.018914s, 46348 KB] New best heuristic value for lmcut: 17
[t=0.018914s, 46348 KB] g=16, 211 evaluated, 20 expanded
[t=0.0199106s, 46348 KB] New best heuristic value for lmcut: 16
[t=0.0199106s, 46348 KB] g=17, 224 evaluated, 21 expanded
[t=0.0218987s, 46348 KB] New best heuristic value for lmcut: 15
[t=0.0218987s, 46348 KB] g=18, 265 evaluated, 24 expanded
[t=0.0218987s, 46348 KB] New best heuristic value for lmcut: 14
[t=0.0218987s, 46348 KB] g=19, 271 evaluated, 25 expanded
[t=0.0228958s, 46348 KB] New best heuristic value for lmcut: 13
[t=0.0228958s, 46348 KB] g=20, 285 evaluated, 26 expanded
[t=0.0238924s, 46348 KB] New best heuristic value for lmcut: 12
[t=0.0238924s, 46348 KB] g=21, 306 evaluated, 27 expanded
[t=0.0238924s, 46348 KB] New best heuristic value for lmcut: 11
[t=0.0238924s, 46348 KB] g=22, 314 evaluated, 28 expanded
[t=0.0248891s, 46348 KB] New best heuristic value for lmcut: 10
[t=0.0248891s, 46348 KB] g=23, 326 evaluated, 31 expanded
[t=0.0248891s, 46348 KB] New best heuristic value for lmcut: 9
[t=0.0248891s, 46348 KB] g=24, 331 evaluated, 32 expanded
[t=0.0258842s, 46348 KB] New best heuristic value for lmcut: 8
[t=0.0258842s, 46348 KB] g=25, 346 evaluated, 34 expanded
[t=0.0258842s, 46348 KB] New best heuristic value for lmcut: 7
[t=0.0258842s, 46348 KB] g=26, 351 evaluated, 35 expanded
[t=0.0258842s, 46348 KB] New best heuristic value for lmcut: 6
[t=0.0258842s, 46348 KB] g=27, 366 evaluated, 37 expanded
[t=0.0258842s, 46348 KB] New best heuristic value for lmcut: 5
[t=0.0268803s, 46348 KB] g=28, 380 evaluated, 38 expanded
[t=0.0268803s, 46348 KB] New best heuristic value for lmcut: 4
[t=0.0268803s, 46348 KB] g=29, 386 evaluated, 40 expanded
[t=0.0268803s, 46348 KB] New best heuristic value for lmcut: 3
[t=0.0268803s, 46348 KB] g=30, 408 evaluated, 41 expanded
[t=0.0278771s, 46348 KB] New best heuristic value for lmcut: 2
[t=0.0278771s, 46348 KB] g=31, 429 evaluated, 42 expanded
[t=0.0278771s, 46348 KB] New best heuristic value for lmcut: 1
[t=0.0278771s, 46348 KB] g=32, 434 evaluated, 43 expanded
[t=0.0278771s, 46348 KB] New best heuristic value for lmcut: 0
[t=0.0278771s, 46348 KB] g=33, 449 evaluated, 44 expanded
[t=0.0278771s, 46348 KB] Solution found!
[t=0.0278771s, 46348 KB] Actual search time: 0.0248932s
board f0 p8 (1)
up f0 f10 (1)
board f10 p5 (1)
down f10 f2 (1)
board f2 p1 (1)
board f2 p2 (1)
board f2 p6 (1)
down f2 f0 (1)
depart f0 p1 (1)
up f0 f15 (1)
board f15 p0 (1)
down f15 f11 (1)
depart f11 p0 (1)
down f11 f3 (1)
board f3 p9 (1)
up f3 f18 (1)
board f18 p7 (1)
depart f18 p2 (1)
down f18 f13 (1)
depart f13 p8 (1)
depart f13 p7 (1)
down f13 f7 (1)
board f7 p3 (1)
down f7 f5 (1)
depart f5 p3 (1)
up f5 f19 (1)
depart f19 p6 (1)
down f19 f9 (1)
board f9 p4 (1)
depart f9 p9 (1)
depart f9 p5 (1)
down f9 f4 (1)
depart f4 p4 (1)
[t=0.0278771s, 46348 KB] Plan length: 33 step(s).
[t=0.0278771s, 46348 KB] Plan cost: 33
[t=0.0278771s, 46348 KB] Expanded 45 state(s).
[t=0.0278771s, 46348 KB] Reopened 0 state(s).
[t=0.0278771s, 46348 KB] Evaluated 449 state(s).
[t=0.0278771s, 46348 KB] Evaluations: 449
[t=0.0278771s, 46348 KB] Generated 885 state(s).
[t=0.0278771s, 46348 KB] Dead ends: 0 state(s).
[t=0.0278771s, 46348 KB] Expanded until last jump: 2 state(s).
[t=0.0278771s, 46348 KB] Reopened until last jump: 0 state(s).
[t=0.0278771s, 46348 KB] Evaluated until last jump: 40 state(s).
[t=0.0278771s, 46348 KB] Generated until last jump: 40 state(s).
[t=0.0278771s, 46348 KB] Number of registered states: 449
[t=0.0278771s, 46348 KB] Int hash set load factor: 449/512 = 0.876953
[t=0.0278771s, 46348 KB] Int hash set resizes: 9
[t=0.0278771s, 46348 KB] Search time: 0.0248932s
[t=0.0278771s, 46348 KB] Total time: 0.0278771s
Solution found.
Peak memory: 46348 KB
search exit code: 0

