JOBNAME = miconic-s28-4.sas_0
JOBID = 708083
Linux razor-14.dei.unipd.it 5.12.10-300.fc34.x86_64 #1 SMP Thu Jun 10 14:21:36 UTC 2021 x86_64 x86_64 x86_64 GNU/Linux
INFO     Running search (release).
INFO     search stdin: /nfsd/rop/instances/PlanningSAS/miconic-s28-4.sas
INFO     search time limit: 3600s
INFO     search memory limit: None
INFO     search command line string: /home/salvagni/Basel/downward/builds/release/bin/downward --search 'astar(LMcut())' --internal-plan-file sas_plan < /nfsd/rop/instances/PlanningSAS/miconic-s28-4.sas
[t=0s, 45824 KB] reading input...
[t=0.00797399s, 46376 KB] done reading input!
[t=0.0099611s, 47312 KB] Initializing landmark cut heuristic...
[t=0.0099611s, 47312 KB] Building successor generator...done!
[t=0.010957s, 47592 KB] peak memory difference for successor generator creation: 280 KB
[t=0.010957s, 47592 KB] time for successor generation creation: 0.000995889s
[t=0.010957s, 47592 KB] Variables: 57
[t=0.010957s, 47592 KB] FactPairs: 168
[t=0.010957s, 47592 KB] Bytes per state: 8
[t=0.010957s, 47592 KB] Conducting best first search with reopening closed nodes, (real) bound = 2147483647
[t=0.012949s, 47592 KB] New best heuristic value for lmcut: 92
[t=0.012949s, 47592 KB] g=0, 1 evaluated, 0 expanded
[t=0.012949s, 47592 KB] f = 92, 1 evaluated, 0 expanded
[t=0.012949s, 47592 KB] Initial heuristic value for lmcut: 92
[t=0.012949s, 47592 KB] pruning method: none
[t=0.0169342s, 47592 KB] New best heuristic value for lmcut: 91
[t=0.0169342s, 47592 KB] g=1, 3 evaluated, 1 expanded
[t=0.116711s, 47592 KB] New best heuristic value for lmcut: 90
[t=0.116711s, 47592 KB] g=2, 57 evaluated, 5 expanded
[t=0.326253s, 47592 KB] New best heuristic value for lmcut: 89
[t=0.326253s, 47592 KB] g=3, 172 evaluated, 11 expanded
[t=0.422051s, 47592 KB] New best heuristic value for lmcut: 88
[t=0.422051s, 47592 KB] g=4, 225 evaluated, 13 expanded
[t=0.427038s, 47592 KB] New best heuristic value for lmcut: 87
[t=0.428036s, 47592 KB] g=5, 228 evaluated, 14 expanded
[t=0.52084s, 47592 KB] New best heuristic value for lmcut: 86
[t=0.52084s, 47592 KB] g=6, 281 evaluated, 16 expanded
[t=0.631614s, 47592 KB] New best heuristic value for lmcut: 85
[t=0.631614s, 47592 KB] g=7, 344 evaluated, 19 expanded
[t=0.716417s, 47592 KB] New best heuristic value for lmcut: 84
[t=0.716417s, 47592 KB] g=8, 393 evaluated, 20 expanded
[t=1.00681s, 47592 KB] New best heuristic value for lmcut: 83
[t=1.00681s, 47592 KB] g=9, 563 evaluated, 31 expanded
[t=1.10559s, 47592 KB] New best heuristic value for lmcut: 82
[t=1.10559s, 47592 KB] g=10, 621 evaluated, 32 expanded
[t=1.19427s, 47592 KB] New best heuristic value for lmcut: 81
[t=1.19427s, 47592 KB] g=11, 674 evaluated, 33 expanded
[t=1.20624s, 47592 KB] New best heuristic value for lmcut: 80
[t=1.20624s, 47592 KB] g=12, 681 evaluated, 34 expanded
[t=1.28607s, 47592 KB] New best heuristic value for lmcut: 79
[t=1.28607s, 47592 KB] g=13, 730 evaluated, 35 expanded
[t=1.37987s, 47592 KB] New best heuristic value for lmcut: 78
[t=1.37987s, 47592 KB] g=14, 788 evaluated, 38 expanded
[t=1.47866s, 47592 KB] New best heuristic value for lmcut: 77
[t=1.47866s, 47592 KB] g=15, 850 evaluated, 39 expanded
[t=1.55648s, 47592 KB] New best heuristic value for lmcut: 76
[t=1.55648s, 47592 KB] g=16, 899 evaluated, 40 expanded
[t=1.82791s, 47592 KB] New best heuristic value for lmcut: 75
[t=1.82791s, 47592 KB] g=17, 1074 evaluated, 50 expanded
[t=1.90375s, 47592 KB] New best heuristic value for lmcut: 74
[t=1.90375s, 47592 KB] g=18, 1123 evaluated, 52 expanded
[t=2.1682s, 47592 KB] New best heuristic value for lmcut: 73
[t=2.1682s, 47592 KB] g=19, 1298 evaluated, 61 expanded
[t=2.24103s, 47592 KB] New best heuristic value for lmcut: 72
[t=2.24103s, 47592 KB] g=20, 1347 evaluated, 62 expanded
[t=2.49949s, 47592 KB] New best heuristic value for lmcut: 71
[t=2.49949s, 47592 KB] g=21, 1522 evaluated, 72 expanded
[t=2.57033s, 47592 KB] New best heuristic value for lmcut: 70
[t=2.57033s, 47592 KB] g=22, 1571 evaluated, 73 expanded
[t=2.58629s, 47592 KB] New best heuristic value for lmcut: 69
[t=2.58629s, 47592 KB] g=23, 1582 evaluated, 74 expanded
[t=2.64916s, 47592 KB] New best heuristic value for lmcut: 68
[t=2.64916s, 47592 KB] g=24, 1627 evaluated, 75 expanded
[t=2.89463s, 47592 KB] New best heuristic value for lmcut: 67
[t=2.89463s, 47592 KB] g=25, 1803 evaluated, 84 expanded
[t=2.96048s, 47592 KB] New best heuristic value for lmcut: 66
[t=2.96048s, 47592 KB] g=26, 1851 evaluated, 85 expanded
[t=3.11415s, 47592 KB] New best heuristic value for lmcut: 65
[t=3.11415s, 47592 KB] g=27, 1964 evaluated, 89 expanded
[t=3.12412s, 47592 KB] New best heuristic value for lmcut: 64
[t=3.12412s, 47592 KB] g=28, 1972 evaluated, 90 expanded
[t=3.18786s, 47592 KB] New best heuristic value for lmcut: 63
[t=3.18786s, 47592 KB] g=29, 2020 evaluated, 91 expanded
[t=3.40939s, 47592 KB] New best heuristic value for lmcut: 62
[t=3.40939s, 47592 KB] g=30, 2191 evaluated, 102 expanded
[t=3.48322s, 47592 KB] New best heuristic value for lmcut: 61
[t=3.48322s, 47592 KB] g=31, 2248 evaluated, 103 expanded
[t=3.56305s, 47592 KB] New best heuristic value for lmcut: 60
[t=3.56305s, 47592 KB] g=32, 2311 evaluated, 104 expanded
[t=3.62191s, 47592 KB] New best heuristic value for lmcut: 59
[t=3.62291s, 47592 KB] g=33, 2359 evaluated, 105 expanded
[t=3.69176s, 47592 KB] New best heuristic value for lmcut: 58
[t=3.69176s, 47592 KB] g=34, 2416 evaluated, 106 expanded
[t=3.70572s, 47592 KB] New best heuristic value for lmcut: 57
[t=3.70672s, 47592 KB] g=35, 2428 evaluated, 107 expanded
[t=3.75761s, 47592 KB] New best heuristic value for lmcut: 56
[t=3.75761s, 47592 KB] g=36, 2472 evaluated, 108 expanded
[t=3.83742s, 47592 KB] New best heuristic value for lmcut: 55
[t=3.83842s, 47592 KB] g=37, 2541 evaluated, 111 expanded
[t=3.88731s, 47592 KB] New best heuristic value for lmcut: 54
[t=3.88731s, 47592 KB] g=38, 2584 evaluated, 112 expanded
[t=4.01304s, 47592 KB] New best heuristic value for lmcut: 53
[t=4.01304s, 47592 KB] g=39, 2697 evaluated, 118 expanded
[t=4.03099s, 47592 KB] New best heuristic value for lmcut: 52
[t=4.03099s, 47592 KB] g=40, 2713 evaluated, 119 expanded
[t=4.0739s, 47592 KB] New best heuristic value for lmcut: 51
[t=4.0739s, 47592 KB] g=41, 2753 evaluated, 120 expanded
[t=4.32832s, 47592 KB] New best heuristic value for lmcut: 50
[t=4.32932s, 47592 KB] g=42, 2993 evaluated, 132 expanded
[t=4.37022s, 47592 KB] New best heuristic value for lmcut: 49
[t=4.37022s, 47592 KB] g=43, 3033 evaluated, 133 expanded
[t=4.65759s, 47592 KB] New best heuristic value for lmcut: 48
[t=4.65759s, 47592 KB] g=44, 3314 evaluated, 145 expanded
[t=4.67355s, 47592 KB] New best heuristic value for lmcut: 47
[t=4.67355s, 47592 KB] g=45, 3330 evaluated, 146 expanded
[t=4.71245s, 47592 KB] New best heuristic value for lmcut: 46
[t=4.71245s, 47592 KB] g=46, 3370 evaluated, 147 expanded
[t=4.94393s, 47592 KB] New best heuristic value for lmcut: 45
[t=4.94393s, 47592 KB] g=47, 3610 evaluated, 159 expanded
[t=4.98184s, 47592 KB] New best heuristic value for lmcut: 44
[t=4.98184s, 47592 KB] g=48, 3650 evaluated, 160 expanded
[t=5.24214s, 47592 KB] New best heuristic value for lmcut: 43
[t=5.24214s, 47592 KB] g=49, 3931 evaluated, 172 expanded
[t=5.39479s, 47592 KB] New best heuristic value for lmcut: 42
[t=5.39479s, 47592 KB] g=50, 4098 evaluated, 177 expanded
[t=5.59335s, 47592 KB] New best heuristic value for lmcut: 41
[t=5.59335s, 47592 KB] g=51, 4323 evaluated, 187 expanded
[t=5.78891s, 47592 KB] New best heuristic value for lmcut: 40
[t=5.78891s, 47592 KB] g=52, 4546 evaluated, 194 expanded
[t=5.97948s, 47592 KB] New best heuristic value for lmcut: 39
[t=5.97948s, 47592 KB] g=53, 4771 evaluated, 204 expanded
[t=6.18003s, 47592 KB] New best heuristic value for lmcut: 38
[t=6.18003s, 47592 KB] g=54, 5011 evaluated, 211 expanded
[t=6.21195s, 47592 KB] New best heuristic value for lmcut: 37
[t=6.21195s, 47592 KB] g=55, 5051 evaluated, 212 expanded
[t=6.26881s, 47592 KB] New best heuristic value for lmcut: 36
[t=6.26881s, 47592 KB] g=56, 5123 evaluated, 216 expanded
[t=6.29973s, 47592 KB] New best heuristic value for lmcut: 35
[t=6.29973s, 47592 KB] g=57, 5163 evaluated, 217 expanded
[t=6.46732s, 47592 KB] New best heuristic value for lmcut: 34
[t=6.46732s, 47592 KB] g=58, 5388 evaluated, 226 expanded
[t=6.71474s, 47592 KB] New best heuristic value for lmcut: 33
[t=6.71474s, 47592 KB] g=59, 5723 evaluated, 235 expanded
[t=6.83347s, 47592 KB] New best heuristic value for lmcut: 32
[t=6.83347s, 47592 KB] g=60, 5892 evaluated, 242 expanded
[t=7.10685s, 47592 KB] New best heuristic value for lmcut: 31
[t=7.10685s, 47592 KB] g=61, 6283 evaluated, 253 expanded
[t=7.21948s, 47592 KB] New best heuristic value for lmcut: 30
[t=7.21948s, 47592 KB] g=62, 6452 evaluated, 260 expanded
[t=7.48787s, 47592 KB] New best heuristic value for lmcut: 29
[t=7.48787s, 47592 KB] g=63, 6860 evaluated, 271 expanded
[t=7.5128s, 47592 KB] New best heuristic value for lmcut: 28
[t=7.5128s, 47592 KB] g=64, 6900 evaluated, 272 expanded
[t=7.5567s, 47592 KB] New best heuristic value for lmcut: 27
[t=7.5567s, 47592 KB] g=65, 6972 evaluated, 275 expanded
[t=7.57964s, 47592 KB] New best heuristic value for lmcut: 26
[t=7.57964s, 47592 KB] g=66, 7012 evaluated, 276 expanded
[t=7.70735s, 47592 KB] New best heuristic value for lmcut: 25
[t=7.70735s, 47592 KB] g=67, 7237 evaluated, 284 expanded
[t=7.83306s, 47592 KB] New best heuristic value for lmcut: 24
[t=7.83306s, 47592 KB] g=68, 7463 evaluated, 289 expanded
[t=7.84104s, 47592 KB] New best heuristic value for lmcut: 23
[t=7.84204s, 47592 KB] g=69, 7479 evaluated, 290 expanded
[t=7.86199s, 47592 KB] New best heuristic value for lmcut: 22
[t=7.86199s, 47592 KB] g=70, 7519 evaluated, 291 expanded
[t=7.94479s, 47728 KB] New best heuristic value for lmcut: 21
[t=7.94479s, 47728 KB] g=71, 7688 evaluated, 297 expanded
[t=8.03458s, 47728 KB] New best heuristic value for lmcut: 20
[t=8.03458s, 47728 KB] g=72, 7875 evaluated, 302 expanded
[t=8.05154s, 47728 KB] New best heuristic value for lmcut: 19
[t=8.05154s, 47728 KB] g=73, 7912 evaluated, 303 expanded
[t=8.10641s, 47728 KB] New best heuristic value for lmcut: 18
[t=8.10641s, 47728 KB] g=74, 8040 evaluated, 308 expanded
[t=8.12337s, 47728 KB] New best heuristic value for lmcut: 17
[t=8.12337s, 47728 KB] g=75, 8080 evaluated, 309 expanded
[t=8.1892s, 47728 KB] New best heuristic value for lmcut: 16
[t=8.1892s, 47728 KB] g=76, 8249 evaluated, 314 expanded
[t=8.274s, 47728 KB] New best heuristic value for lmcut: 15
[t=8.274s, 47728 KB] g=77, 8472 evaluated, 321 expanded
[t=8.29395s, 47728 KB] New best heuristic value for lmcut: 14
[t=8.29395s, 47728 KB] g=78, 8529 evaluated, 322 expanded
[t=8.30493s, 47728 KB] New best heuristic value for lmcut: 13
[t=8.30493s, 47728 KB] g=79, 8563 evaluated, 323 expanded
[t=8.31191s, 47728 KB] New best heuristic value for lmcut: 12
[t=8.31191s, 47728 KB] g=80, 8585 evaluated, 324 expanded
[t=8.34483s, 47728 KB] New best heuristic value for lmcut: 11
[t=8.34483s, 47728 KB] g=81, 8698 evaluated, 327 expanded
[t=8.42564s, 47728 KB] New best heuristic value for lmcut: 10
[t=8.42564s, 47728 KB] g=82, 8980 evaluated, 334 expanded
[t=8.43262s, 47728 KB] New best heuristic value for lmcut: 9
[t=8.43262s, 47728 KB] g=83, 9009 evaluated, 335 expanded
[t=8.4386s, 47728 KB] New best heuristic value for lmcut: 8
[t=8.4386s, 47728 KB] g=84, 9036 evaluated, 336 expanded
[t=8.45057s, 47728 KB] New best heuristic value for lmcut: 7
[t=8.45057s, 47728 KB] g=85, 9093 evaluated, 337 expanded
[t=8.45755s, 47728 KB] New best heuristic value for lmcut: 6
[t=8.45755s, 47728 KB] g=86, 9130 evaluated, 338 expanded
[t=8.46054s, 47728 KB] New best heuristic value for lmcut: 5
[t=8.46054s, 47728 KB] g=87, 9149 evaluated, 339 expanded
[t=8.4705s, 47728 KB] New best heuristic value for lmcut: 4
[t=8.4705s, 47728 KB] g=88, 9207 evaluated, 340 expanded
[t=8.47848s, 47728 KB] New best heuristic value for lmcut: 3
[t=8.47848s, 47728 KB] g=89, 9264 evaluated, 341 expanded
[t=8.48347s, 47728 KB] New best heuristic value for lmcut: 2
[t=8.48347s, 47728 KB] g=90, 9316 evaluated, 342 expanded
[t=8.48347s, 47728 KB] New best heuristic value for lmcut: 1
[t=8.48347s, 47728 KB] g=91, 9320 evaluated, 343 expanded
[t=8.48845s, 47728 KB] New best heuristic value for lmcut: 0
[t=8.48845s, 47728 KB] g=92, 9377 evaluated, 344 expanded
[t=8.48845s, 47728 KB] Solution found!
[t=8.48845s, 47728 KB] Actual search time: 8.4755s
up f0 f20 (1)
board f20 p23 (1)
down f20 f11 (1)
depart f11 p23 (1)
down f11 f7 (1)
board f7 p26 (1)
up f7 f26 (1)
board f26 p1 (1)
board f26 p25 (1)
down f26 f10 (1)
depart f10 p1 (1)
down f10 f8 (1)
board f8 p19 (1)
board f8 p27 (1)
up f8 f27 (1)
depart f27 p25 (1)
down f27 f9 (1)
board f9 p10 (1)
up f9 f28 (1)
board f28 p2 (1)
down f28 f14 (1)
depart f14 p2 (1)
up f14 f29 (1)
board f29 p4 (1)
down f29 f17 (1)
board f17 p11 (1)
depart f17 p4 (1)
up f17 f33 (1)
board f33 p16 (1)
board f33 p20 (1)
board f33 p9 (1)
down f33 f15 (1)
board f15 p18 (1)
depart f15 p9 (1)
up f15 f16 (1)
depart f16 p16 (1)
up f16 f32 (1)
board f32 p5 (1)
depart f32 p18 (1)
up f32 f40 (1)
depart f40 p20 (1)
up f40 f41 (1)
board f41 p17 (1)
depart f41 p27 (1)
up f41 f42 (1)
depart f42 p10 (1)
up f42 f44 (1)
depart f44 p19 (1)
up f44 f45 (1)
depart f45 p17 (1)
up f45 f46 (1)
board f46 p15 (1)
board f46 p22 (1)
down f46 f31 (1)
depart f31 p15 (1)
up f31 f47 (1)
board f47 p0 (1)
up f47 f48 (1)
board f48 p13 (1)
up f48 f50 (1)
board f50 p12 (1)
board f50 p21 (1)
down f50 f30 (1)
depart f30 p21 (1)
up f30 f43 (1)
board f43 p7 (1)
depart f43 p26 (1)
depart f43 p12 (1)
down f43 f6 (1)
board f6 p3 (1)
depart f6 p7 (1)
up f6 f35 (1)
depart f35 p3 (1)
up f35 f53 (1)
board f53 p6 (1)
down f53 f22 (1)
depart f22 p6 (1)
depart f22 p5 (1)
up f22 f55 (1)
board f55 p14 (1)
depart f55 p13 (1)
depart f55 p0 (1)
down f55 f34 (1)
board f34 p24 (1)
depart f34 p14 (1)
up f34 f37 (1)
board f37 p8 (1)
depart f37 p24 (1)
depart f37 p22 (1)
up f37 f52 (1)
depart f52 p8 (1)
depart f52 p11 (1)
[t=8.48845s, 47728 KB] Plan length: 92 step(s).
[t=8.48845s, 47728 KB] Plan cost: 92
[t=8.48845s, 47728 KB] Expanded 345 state(s).
[t=8.48845s, 47728 KB] Reopened 0 state(s).
[t=8.48845s, 47728 KB] Evaluated 9377 state(s).
[t=8.48845s, 47728 KB] Evaluations: 9377
[t=8.48845s, 47728 KB] Generated 19252 state(s).
[t=8.48845s, 47728 KB] Dead ends: 0 state(s).
[t=8.48845s, 47728 KB] Expanded until last jump: 0 state(s).
[t=8.48845s, 47728 KB] Reopened until last jump: 0 state(s).
[t=8.48845s, 47728 KB] Evaluated until last jump: 1 state(s).
[t=8.48845s, 47728 KB] Generated until last jump: 0 state(s).
[t=8.48845s, 47728 KB] Number of registered states: 9377
[t=8.48845s, 47728 KB] Int hash set load factor: 9377/16384 = 0.572327
[t=8.48845s, 47728 KB] Int hash set resizes: 14
[t=8.48845s, 47728 KB] Search time: 8.47749s
[t=8.48845s, 47728 KB] Total time: 8.48845s
Solution found.
Peak memory: 47728 KB
search exit code: 0

