JOBNAME = miconic-s12-4.sas_0
JOBID = 707995
Linux razor-16.dei.unipd.it 5.12.10-300.fc34.x86_64 #1 SMP Thu Jun 10 14:21:36 UTC 2021 x86_64 x86_64 x86_64 GNU/Linux
INFO     Running search (release).
INFO     search stdin: /nfsd/rop/instances/PlanningSAS/miconic-s12-4.sas
INFO     search time limit: 3600s
INFO     search memory limit: None
INFO     search command line string: /home/salvagni/Basel/downward/builds/release/bin/downward --search 'astar(LMcut())' --internal-plan-file sas_plan < /nfsd/rop/instances/PlanningSAS/miconic-s12-4.sas
[t=0s, 45824 KB] reading input...
[t=0.00198942s, 45824 KB] done reading input!
[t=0.00298778s, 46372 KB] Initializing landmark cut heuristic...
[t=0.00298778s, 46372 KB] Building successor generator...done!
[t=0.00298778s, 46372 KB] peak memory difference for successor generator creation: 0 KB
[t=0.00298778s, 46372 KB] time for successor generation creation: 0s
[t=0.00298778s, 46372 KB] Variables: 25
[t=0.00398342s, 46372 KB] FactPairs: 72
[t=0.00398342s, 46372 KB] Bytes per state: 4
[t=0.00398342s, 46372 KB] Conducting best first search with reopening closed nodes, (real) bound = 2147483647
[t=0.00398342s, 46372 KB] New best heuristic value for lmcut: 41
[t=0.00398342s, 46372 KB] g=0, 1 evaluated, 0 expanded
[t=0.00398342s, 46372 KB] f = 41, 1 evaluated, 0 expanded
[t=0.00398342s, 46372 KB] Initial heuristic value for lmcut: 41
[t=0.00398342s, 46372 KB] pruning method: none
[t=0.00398342s, 46372 KB] New best heuristic value for lmcut: 40
[t=0.00398342s, 46372 KB] g=1, 2 evaluated, 1 expanded
[t=0.00796858s, 46372 KB] New best heuristic value for lmcut: 39
[t=0.00796858s, 46372 KB] g=2, 25 evaluated, 3 expanded
[t=0.00796858s, 46372 KB] New best heuristic value for lmcut: 38
[t=0.00796858s, 46372 KB] g=3, 27 evaluated, 4 expanded
[t=0.0109472s, 46372 KB] New best heuristic value for lmcut: 37
[t=0.0109472s, 46372 KB] g=4, 49 evaluated, 6 expanded
[t=0.0109472s, 46372 KB] New best heuristic value for lmcut: 36
[t=0.0109472s, 46372 KB] g=5, 51 evaluated, 7 expanded
[t=0.0139385s, 46372 KB] New best heuristic value for lmcut: 35
[t=0.0149366s, 46372 KB] g=6, 73 evaluated, 9 expanded
[t=0.0149366s, 46372 KB] New best heuristic value for lmcut: 34
[t=0.0149366s, 46372 KB] g=7, 75 evaluated, 10 expanded
[t=0.0179191s, 46372 KB] New best heuristic value for lmcut: 33
[t=0.0179191s, 46372 KB] g=8, 97 evaluated, 13 expanded
[t=0.0179191s, 46372 KB] New best heuristic value for lmcut: 32
[t=0.0179191s, 46372 KB] g=9, 99 evaluated, 14 expanded
[t=0.0209093s, 46372 KB] New best heuristic value for lmcut: 31
[t=0.0209093s, 46372 KB] g=10, 121 evaluated, 18 expanded
[t=0.0209093s, 46372 KB] New best heuristic value for lmcut: 30
[t=0.0209093s, 46372 KB] g=11, 123 evaluated, 19 expanded
[t=0.0239003s, 46372 KB] New best heuristic value for lmcut: 29
[t=0.0239003s, 46372 KB] g=12, 148 evaluated, 20 expanded
[t=0.0268877s, 46372 KB] New best heuristic value for lmcut: 28
[t=0.0268877s, 46372 KB] g=13, 170 evaluated, 22 expanded
[t=0.0268877s, 46372 KB] New best heuristic value for lmcut: 27
[t=0.0268877s, 46372 KB] g=14, 172 evaluated, 23 expanded
[t=0.0288822s, 46372 KB] New best heuristic value for lmcut: 26
[t=0.0288822s, 46372 KB] g=15, 194 evaluated, 25 expanded
[t=0.0288822s, 46372 KB] New best heuristic value for lmcut: 25
[t=0.0288822s, 46372 KB] g=16, 196 evaluated, 26 expanded
[t=0.0318717s, 46372 KB] New best heuristic value for lmcut: 24
[t=0.0318717s, 46372 KB] g=17, 218 evaluated, 28 expanded
[t=0.0318717s, 46372 KB] New best heuristic value for lmcut: 23
[t=0.0318717s, 46372 KB] g=18, 220 evaluated, 29 expanded
[t=0.033865s, 46372 KB] New best heuristic value for lmcut: 22
[t=0.033865s, 46372 KB] g=19, 242 evaluated, 31 expanded
[t=0.033865s, 46372 KB] New best heuristic value for lmcut: 21
[t=0.033865s, 46372 KB] g=20, 244 evaluated, 32 expanded
[t=0.0368476s, 46372 KB] New best heuristic value for lmcut: 20
[t=0.0368476s, 46372 KB] g=21, 269 evaluated, 33 expanded
[t=0.0378434s, 46372 KB] New best heuristic value for lmcut: 19
[t=0.0378434s, 46372 KB] g=22, 291 evaluated, 35 expanded
[t=0.0398286s, 46372 KB] New best heuristic value for lmcut: 18
[t=0.0398286s, 46372 KB] g=23, 317 evaluated, 36 expanded
[t=0.0418208s, 46372 KB] New best heuristic value for lmcut: 17
[t=0.0418208s, 46372 KB] g=24, 342 evaluated, 37 expanded
[t=0.0418208s, 46372 KB] New best heuristic value for lmcut: 16
[t=0.0428181s, 46372 KB] g=25, 344 evaluated, 38 expanded
[t=0.0438148s, 46372 KB] New best heuristic value for lmcut: 15
[t=0.0438148s, 46372 KB] g=26, 366 evaluated, 39 expanded
[t=0.0458061s, 46372 KB] New best heuristic value for lmcut: 14
[t=0.0458061s, 46372 KB] g=27, 392 evaluated, 42 expanded
[t=0.0468039s, 46372 KB] New best heuristic value for lmcut: 13
[t=0.0468039s, 46372 KB] g=28, 414 evaluated, 43 expanded
[t=0.048797s, 46372 KB] New best heuristic value for lmcut: 12
[t=0.048797s, 46372 KB] g=29, 439 evaluated, 44 expanded
[t=0.0517873s, 46372 KB] New best heuristic value for lmcut: 11
[t=0.0527855s, 46372 KB] g=30, 510 evaluated, 49 expanded
[t=0.0537817s, 46372 KB] New best heuristic value for lmcut: 10
[t=0.0537817s, 46372 KB] g=31, 536 evaluated, 50 expanded
[t=0.0547781s, 46372 KB] New best heuristic value for lmcut: 9
[t=0.0547781s, 46372 KB] g=32, 561 evaluated, 51 expanded
[t=0.0557749s, 46372 KB] New best heuristic value for lmcut: 8
[t=0.0557749s, 46372 KB] g=33, 575 evaluated, 52 expanded
[t=0.0557749s, 46372 KB] New best heuristic value for lmcut: 7
[t=0.0557749s, 46372 KB] g=34, 585 evaluated, 53 expanded
[t=0.0567717s, 46372 KB] New best heuristic value for lmcut: 6
[t=0.0567717s, 46372 KB] g=35, 610 evaluated, 54 expanded
[t=0.0577668s, 46372 KB] New best heuristic value for lmcut: 5
[t=0.0577668s, 46372 KB] g=36, 630 evaluated, 55 expanded
[t=0.0577668s, 46372 KB] New best heuristic value for lmcut: 4
[t=0.0577668s, 46372 KB] g=37, 634 evaluated, 57 expanded
[t=0.0577668s, 46372 KB] New best heuristic value for lmcut: 3
[t=0.0577668s, 46372 KB] g=38, 643 evaluated, 58 expanded
[t=0.0587629s, 46372 KB] New best heuristic value for lmcut: 2
[t=0.0587629s, 46372 KB] g=39, 658 evaluated, 59 expanded
[t=0.0587629s, 46372 KB] New best heuristic value for lmcut: 1
[t=0.0587629s, 46372 KB] g=40, 679 evaluated, 60 expanded
[t=0.0587629s, 46372 KB] New best heuristic value for lmcut: 0
[t=0.0587629s, 46372 KB] g=41, 682 evaluated, 61 expanded
[t=0.0587629s, 46372 KB] Solution found!
[t=0.0587629s, 46372 KB] Actual search time: 0.0547794s
up f0 f11 (1)
board f11 p3 (1)
down f11 f2 (1)
board f2 p1 (1)
up f2 f12 (1)
depart f12 p1 (1)
down f12 f4 (1)
board f4 p11 (1)
up f4 f14 (1)
board f14 p5 (1)
board f14 p6 (1)
down f14 f13 (1)
depart f13 p5 (1)
down f13 f3 (1)
depart f3 p6 (1)
up f3 f15 (1)
board f15 p0 (1)
down f15 f6 (1)
board f6 p2 (1)
board f6 p7 (1)
up f6 f18 (1)
board f18 p10 (1)
depart f18 p11 (1)
depart f18 p0 (1)
down f18 f7 (1)
board f7 p9 (1)
up f7 f20 (1)
board f20 p8 (1)
down f20 f1 (1)
depart f1 p9 (1)
depart f1 p8 (1)
depart f1 p10 (1)
up f1 f21 (1)
depart f21 p7 (1)
depart f21 p3 (1)
down f21 f9 (1)
board f9 p4 (1)
down f9 f8 (1)
depart f8 p4 (1)
up f8 f22 (1)
depart f22 p2 (1)
[t=0.0587629s, 46372 KB] Plan length: 41 step(s).
[t=0.0587629s, 46372 KB] Plan cost: 41
[t=0.0587629s, 46372 KB] Expanded 62 state(s).
[t=0.0587629s, 46372 KB] Reopened 0 state(s).
[t=0.0587629s, 46372 KB] Evaluated 682 state(s).
[t=0.0587629s, 46372 KB] Evaluations: 682
[t=0.0587629s, 46372 KB] Generated 1457 state(s).
[t=0.0587629s, 46372 KB] Dead ends: 0 state(s).
[t=0.0587629s, 46372 KB] Expanded until last jump: 0 state(s).
[t=0.0587629s, 46372 KB] Reopened until last jump: 0 state(s).
[t=0.0587629s, 46372 KB] Evaluated until last jump: 1 state(s).
[t=0.0587629s, 46372 KB] Generated until last jump: 0 state(s).
[t=0.0587629s, 46372 KB] Number of registered states: 682
[t=0.0587629s, 46372 KB] Int hash set load factor: 682/1024 = 0.666016
[t=0.0587629s, 46372 KB] Int hash set resizes: 10
[t=0.0587629s, 46372 KB] Search time: 0.0547794s
[t=0.0587629s, 46372 KB] Total time: 0.0587629s
Solution found.
Peak memory: 46372 KB
search exit code: 0

