JOBNAME = miconic-s17-1.sas_0
JOBID = 708020
Linux razor-16.dei.unipd.it 5.12.10-300.fc34.x86_64 #1 SMP Thu Jun 10 14:21:36 UTC 2021 x86_64 x86_64 x86_64 GNU/Linux
INFO     Running search (release).
INFO     search stdin: /nfsd/rop/instances/PlanningSAS/miconic-s17-1.sas
INFO     search time limit: 3600s
INFO     search memory limit: None
INFO     search command line string: /home/salvagni/Basel/downward/builds/release/bin/downward --search 'astar(LMcut())' --internal-plan-file sas_plan < /nfsd/rop/instances/PlanningSAS/miconic-s17-1.sas
[t=0s, 45824 KB] reading input...
[t=0.0029801s, 45948 KB] done reading input!
[t=0.00497546s, 46644 KB] Initializing landmark cut heuristic...
[t=0.00497546s, 46644 KB] Building successor generator...done!
[t=0.00497546s, 46768 KB] peak memory difference for successor generator creation: 124 KB
[t=0.00497546s, 46768 KB] time for successor generation creation: 0s
[t=0.00497546s, 46768 KB] Variables: 35
[t=0.00497546s, 46768 KB] FactPairs: 102
[t=0.00497546s, 46768 KB] Bytes per state: 8
[t=0.00497546s, 46768 KB] Conducting best first search with reopening closed nodes, (real) bound = 2147483647
[t=0.00597139s, 46768 KB] New best heuristic value for lmcut: 54
[t=0.00597139s, 46768 KB] g=0, 1 evaluated, 0 expanded
[t=0.00597139s, 46768 KB] f = 54, 1 evaluated, 0 expanded
[t=0.00597139s, 46768 KB] Initial heuristic value for lmcut: 54
[t=0.00597139s, 46768 KB] pruning method: none
[t=0.00597139s, 46768 KB] New best heuristic value for lmcut: 53
[t=0.00597139s, 46768 KB] g=1, 2 evaluated, 1 expanded
[t=0.0199181s, 46768 KB] New best heuristic value for lmcut: 52
[t=0.0199181s, 46768 KB] g=2, 37 evaluated, 2 expanded
[t=0.0308813s, 46768 KB] New best heuristic value for lmcut: 51
[t=0.0308813s, 46768 KB] g=3, 69 evaluated, 3 expanded
[t=0.0318795s, 46768 KB] New best heuristic value for lmcut: 50
[t=0.0318795s, 46768 KB] g=4, 71 evaluated, 4 expanded
[t=0.0448417s, 46768 KB] New best heuristic value for lmcut: 49
[t=0.0448417s, 46768 KB] g=5, 108 evaluated, 5 expanded
[t=0.0558125s, 46768 KB] New best heuristic value for lmcut: 48
[t=0.0558125s, 46768 KB] g=6, 138 evaluated, 6 expanded
[t=0.0667842s, 46768 KB] New best heuristic value for lmcut: 47
[t=0.0667842s, 46768 KB] g=7, 173 evaluated, 7 expanded
[t=0.102703s, 46768 KB] New best heuristic value for lmcut: 46
[t=0.102703s, 46768 KB] g=8, 279 evaluated, 12 expanded
[t=0.112678s, 46768 KB] New best heuristic value for lmcut: 45
[t=0.112678s, 46768 KB] g=9, 309 evaluated, 13 expanded
[t=0.123647s, 46768 KB] New best heuristic value for lmcut: 44
[t=0.123647s, 46768 KB] g=10, 344 evaluated, 14 expanded
[t=0.165556s, 46768 KB] New best heuristic value for lmcut: 43
[t=0.165556s, 46768 KB] g=11, 479 evaluated, 21 expanded
[t=0.186507s, 46768 KB] New best heuristic value for lmcut: 42
[t=0.187505s, 46768 KB] g=12, 548 evaluated, 24 expanded
[t=0.258344s, 46768 KB] New best heuristic value for lmcut: 41
[t=0.258344s, 46768 KB] g=13, 785 evaluated, 36 expanded
[t=0.278295s, 46768 KB] New best heuristic value for lmcut: 40
[t=0.278295s, 46768 KB] g=14, 854 evaluated, 39 expanded
[t=0.347149s, 46768 KB] New best heuristic value for lmcut: 39
[t=0.347149s, 46768 KB] g=15, 1091 evaluated, 51 expanded
[t=0.366105s, 46768 KB] New best heuristic value for lmcut: 38
[t=0.366105s, 46768 KB] g=16, 1160 evaluated, 54 expanded
[t=0.413002s, 46768 KB] New best heuristic value for lmcut: 37
[t=0.413002s, 46768 KB] g=17, 1332 evaluated, 62 expanded
[t=0.414001s, 46768 KB] New best heuristic value for lmcut: 36
[t=0.414001s, 46768 KB] g=18, 1336 evaluated, 63 expanded
[t=0.421977s, 46768 KB] New best heuristic value for lmcut: 35
[t=0.421977s, 46768 KB] g=19, 1366 evaluated, 64 expanded
[t=0.430953s, 46768 KB] New best heuristic value for lmcut: 34
[t=0.430953s, 46768 KB] g=20, 1401 evaluated, 65 expanded
[t=0.472862s, 46768 KB] New best heuristic value for lmcut: 33
[t=0.472862s, 46768 KB] g=21, 1570 evaluated, 75 expanded
[t=0.489821s, 46768 KB] New best heuristic value for lmcut: 32
[t=0.489821s, 46768 KB] g=22, 1639 evaluated, 78 expanded
[t=0.521694s, 46768 KB] New best heuristic value for lmcut: 31
[t=0.521694s, 46768 KB] g=23, 1774 evaluated, 86 expanded
[t=0.529672s, 46768 KB] New best heuristic value for lmcut: 30
[t=0.529672s, 46768 KB] g=24, 1809 evaluated, 87 expanded
[t=0.531666s, 46768 KB] New best heuristic value for lmcut: 29
[t=0.531666s, 46768 KB] g=25, 1817 evaluated, 88 expanded
[t=0.536652s, 46768 KB] New best heuristic value for lmcut: 28
[t=0.536652s, 46768 KB] g=26, 1843 evaluated, 89 expanded
[t=0.543632s, 46768 KB] New best heuristic value for lmcut: 27
[t=0.543632s, 46768 KB] g=27, 1878 evaluated, 90 expanded
[t=0.571568s, 46768 KB] New best heuristic value for lmcut: 26
[t=0.571568s, 46768 KB] g=28, 2013 evaluated, 98 expanded
[t=0.578548s, 46768 KB] New best heuristic value for lmcut: 25
[t=0.578548s, 46768 KB] g=29, 2048 evaluated, 99 expanded
[t=0.60349s, 46768 KB] New best heuristic value for lmcut: 24
[t=0.60349s, 46768 KB] g=30, 2183 evaluated, 107 expanded
[t=0.610471s, 46768 KB] New best heuristic value for lmcut: 23
[t=0.610471s, 46768 KB] g=31, 2218 evaluated, 108 expanded
[t=0.640397s, 46768 KB] New best heuristic value for lmcut: 22
[t=0.640397s, 46768 KB] g=32, 2390 evaluated, 116 expanded
[t=0.643387s, 46768 KB] New best heuristic value for lmcut: 21
[t=0.643387s, 46768 KB] g=33, 2409 evaluated, 117 expanded
[t=0.646379s, 46768 KB] New best heuristic value for lmcut: 20
[t=0.646379s, 46768 KB] g=34, 2424 evaluated, 118 expanded
[t=0.651363s, 46768 KB] New best heuristic value for lmcut: 19
[t=0.651363s, 46768 KB] g=35, 2459 evaluated, 119 expanded
[t=0.666326s, 46768 KB] New best heuristic value for lmcut: 18
[t=0.666326s, 46768 KB] g=36, 2560 evaluated, 124 expanded
[t=0.671312s, 46768 KB] New best heuristic value for lmcut: 17
[t=0.671312s, 46768 KB] g=37, 2595 evaluated, 125 expanded
[t=0.685276s, 46768 KB] New best heuristic value for lmcut: 16
[t=0.685276s, 46768 KB] g=38, 2696 evaluated, 130 expanded
[t=0.689264s, 46768 KB] New best heuristic value for lmcut: 15
[t=0.689264s, 46768 KB] g=39, 2731 evaluated, 131 expanded
[t=0.706215s, 46768 KB] New best heuristic value for lmcut: 14
[t=0.706215s, 46768 KB] g=40, 2866 evaluated, 138 expanded
[t=0.710203s, 46768 KB] New best heuristic value for lmcut: 13
[t=0.710203s, 46768 KB] g=41, 2901 evaluated, 139 expanded
[t=0.725164s, 46768 KB] New best heuristic value for lmcut: 12
[t=0.725164s, 46768 KB] g=42, 3036 evaluated, 146 expanded
[t=0.728155s, 46768 KB] New best heuristic value for lmcut: 11
[t=0.728155s, 46768 KB] g=43, 3071 evaluated, 147 expanded
[t=0.738127s, 46768 KB] New best heuristic value for lmcut: 10
[t=0.738127s, 46768 KB] g=44, 3177 evaluated, 152 expanded
[t=0.741117s, 46768 KB] New best heuristic value for lmcut: 9
[t=0.741117s, 46768 KB] g=45, 3207 evaluated, 153 expanded
[t=0.744109s, 46768 KB] New best heuristic value for lmcut: 8
[t=0.744109s, 46768 KB] g=46, 3243 evaluated, 154 expanded
[t=0.747098s, 46768 KB] New best heuristic value for lmcut: 7
[t=0.747098s, 46768 KB] g=47, 3278 evaluated, 155 expanded
[t=0.772034s, 46768 KB] New best heuristic value for lmcut: 6
[t=0.772034s, 46768 KB] g=48, 3618 evaluated, 168 expanded
[t=0.774027s, 46768 KB] New best heuristic value for lmcut: 5
[t=0.774027s, 46768 KB] g=49, 3654 evaluated, 169 expanded
[t=0.776021s, 46768 KB] New best heuristic value for lmcut: 4
[t=0.776021s, 46768 KB] g=50, 3689 evaluated, 170 expanded
[t=0.777019s, 46768 KB] New best heuristic value for lmcut: 3
[t=0.777019s, 46768 KB] g=51, 3714 evaluated, 171 expanded
[t=0.777019s, 46768 KB] New best heuristic value for lmcut: 2
[t=0.777019s, 46768 KB] g=52, 3723 evaluated, 172 expanded
[t=0.779012s, 46768 KB] New best heuristic value for lmcut: 1
[t=0.779012s, 46768 KB] g=53, 3759 evaluated, 173 expanded
[t=0.780009s, 46768 KB] New best heuristic value for lmcut: 0
[t=0.780009s, 46768 KB] g=54, 3794 evaluated, 174 expanded
[t=0.780009s, 46768 KB] Solution found!
[t=0.780009s, 46768 KB] Actual search time: 0.774038s
board f0 p2 (1)
up f0 f10 (1)
board f10 p12 (1)
board f10 p9 (1)
down f10 f4 (1)
board f4 p5 (1)
board f4 p8 (1)
up f4 f15 (1)
depart f15 p12 (1)
up f15 f16 (1)
board f16 p7 (1)
up f16 f17 (1)
board f17 p3 (1)
down f17 f8 (1)
board f8 p10 (1)
board f8 p11 (1)
depart f8 p3 (1)
up f8 f18 (1)
board f18 p15 (1)
up f18 f19 (1)
board f19 p1 (1)
down f19 f14 (1)
depart f14 p8 (1)
depart f14 p1 (1)
up f14 f22 (1)
depart f22 p15 (1)
up f22 f23 (1)
depart f23 p11 (1)
up f23 f25 (1)
board f25 p14 (1)
board f25 p4 (1)
depart f25 p7 (1)
down f25 f5 (1)
depart f5 p4 (1)
up f5 f26 (1)
depart f26 p14 (1)
up f26 f28 (1)
depart f28 p5 (1)
up f28 f30 (1)
board f30 p0 (1)
down f30 f7 (1)
board f7 p16 (1)
depart f7 p0 (1)
up f7 f33 (1)
board f33 p13 (1)
down f33 f3 (1)
board f3 p6 (1)
depart f3 p2 (1)
depart f3 p16 (1)
depart f3 p13 (1)
up f3 f31 (1)
depart f31 p9 (1)
depart f31 p6 (1)
depart f31 p10 (1)
[t=0.780009s, 46768 KB] Plan length: 54 step(s).
[t=0.780009s, 46768 KB] Plan cost: 54
[t=0.780009s, 46768 KB] Expanded 175 state(s).
[t=0.780009s, 46768 KB] Reopened 0 state(s).
[t=0.780009s, 46768 KB] Evaluated 3794 state(s).
[t=0.780009s, 46768 KB] Evaluations: 3794
[t=0.780009s, 46768 KB] Generated 5976 state(s).
[t=0.780009s, 46768 KB] Dead ends: 0 state(s).
[t=0.780009s, 46768 KB] Expanded until last jump: 0 state(s).
[t=0.780009s, 46768 KB] Reopened until last jump: 0 state(s).
[t=0.780009s, 46768 KB] Evaluated until last jump: 1 state(s).
[t=0.780009s, 46768 KB] Generated until last jump: 0 state(s).
[t=0.780009s, 46768 KB] Number of registered states: 3794
[t=0.780009s, 46768 KB] Int hash set load factor: 3794/4096 = 0.92627
[t=0.780009s, 46768 KB] Int hash set resizes: 12
[t=0.780009s, 46768 KB] Search time: 0.775034s
[t=0.780009s, 46768 KB] Total time: 0.780009s
Solution found.
Peak memory: 46768 KB
search exit code: 0

