JOBNAME = miconic-s11-1.sas_0
JOBID = 707986
Linux razor-16.dei.unipd.it 5.12.10-300.fc34.x86_64 #1 SMP Thu Jun 10 14:21:36 UTC 2021 x86_64 x86_64 x86_64 GNU/Linux
INFO     Running search (release).
INFO     search stdin: /nfsd/rop/instances/PlanningSAS/miconic-s11-1.sas
INFO     search time limit: 3600s
INFO     search memory limit: None
INFO     search command line string: /home/salvagni/Basel/downward/builds/release/bin/downward --search 'astar(LMcut())' --internal-plan-file sas_plan < /nfsd/rop/instances/PlanningSAS/miconic-s11-1.sas
[t=0s, 45824 KB] reading input...
[t=0.000995859s, 45824 KB] done reading input!
[t=0.00298811s, 46356 KB] Initializing landmark cut heuristic...
[t=0.00298811s, 46356 KB] Building successor generator...done!
[t=0.00298811s, 46356 KB] peak memory difference for successor generator creation: 0 KB
[t=0.00298811s, 46356 KB] time for successor generation creation: 0s
[t=0.00298811s, 46356 KB] Variables: 23
[t=0.00298811s, 46356 KB] FactPairs: 66
[t=0.00298811s, 46356 KB] Bytes per state: 4
[t=0.00298811s, 46356 KB] Conducting best first search with reopening closed nodes, (real) bound = 2147483647
[t=0.00298811s, 46356 KB] New best heuristic value for lmcut: 34
[t=0.00298811s, 46356 KB] g=0, 1 evaluated, 0 expanded
[t=0.00298811s, 46356 KB] f = 34, 1 evaluated, 0 expanded
[t=0.00298811s, 46356 KB] Initial heuristic value for lmcut: 34
[t=0.00298811s, 46356 KB] pruning method: none
[t=0.00398174s, 46356 KB] New best heuristic value for lmcut: 33
[t=0.00398174s, 46356 KB] g=1, 2 evaluated, 1 expanded
[t=0.0059741s, 46356 KB] New best heuristic value for lmcut: 32
[t=0.0059741s, 46356 KB] g=2, 24 evaluated, 2 expanded
[t=0.00796379s, 46356 KB] New best heuristic value for lmcut: 31
[t=0.00796379s, 46356 KB] g=3, 45 evaluated, 3 expanded
[t=0.00896225s, 46356 KB] New best heuristic value for lmcut: 30
[t=0.00896225s, 46356 KB] g=4, 48 evaluated, 4 expanded
[t=0.00995909s, 46356 KB] New best heuristic value for lmcut: 29
[t=0.0109557s, 46356 KB] g=5, 67 evaluated, 5 expanded
[t=0.0109557s, 46356 KB] New best heuristic value for lmcut: 28
[t=0.0109557s, 46356 KB] g=6, 71 evaluated, 6 expanded
[t=0.0129501s, 46356 KB] New best heuristic value for lmcut: 27
[t=0.0129501s, 46356 KB] g=7, 89 evaluated, 8 expanded
[t=0.0129501s, 46356 KB] New best heuristic value for lmcut: 26
[t=0.0129501s, 46356 KB] g=8, 91 evaluated, 9 expanded
[t=0.0149409s, 46356 KB] New best heuristic value for lmcut: 25
[t=0.0149409s, 46356 KB] g=9, 115 evaluated, 10 expanded
[t=0.0169365s, 46356 KB] New best heuristic value for lmcut: 24
[t=0.0169365s, 46356 KB] g=10, 134 evaluated, 12 expanded
[t=0.0189257s, 46356 KB] New best heuristic value for lmcut: 23
[t=0.0189257s, 46356 KB] g=11, 158 evaluated, 15 expanded
[t=0.0209208s, 46356 KB] New best heuristic value for lmcut: 22
[t=0.0209208s, 46356 KB] g=12, 185 evaluated, 16 expanded
[t=0.0219192s, 46356 KB] New best heuristic value for lmcut: 21
[t=0.0219192s, 46356 KB] g=13, 201 evaluated, 17 expanded
[t=0.0269008s, 46356 KB] New best heuristic value for lmcut: 20
[t=0.0269008s, 46356 KB] g=14, 268 evaluated, 23 expanded
[t=0.0269008s, 46356 KB] New best heuristic value for lmcut: 19
[t=0.0269008s, 46356 KB] g=15, 274 evaluated, 24 expanded
[t=0.0279029s, 46356 KB] New best heuristic value for lmcut: 18
[t=0.0279029s, 46356 KB] g=16, 290 evaluated, 25 expanded
[t=0.0328787s, 46356 KB] New best heuristic value for lmcut: 17
[t=0.0328787s, 46356 KB] g=17, 357 evaluated, 31 expanded
[t=0.0328787s, 46356 KB] New best heuristic value for lmcut: 16
[t=0.0328787s, 46356 KB] g=18, 363 evaluated, 32 expanded
[t=0.0338767s, 46356 KB] New best heuristic value for lmcut: 15
[t=0.0338767s, 46356 KB] g=19, 379 evaluated, 33 expanded
[t=0.0348736s, 46356 KB] New best heuristic value for lmcut: 14
[t=0.0348736s, 46356 KB] g=20, 402 evaluated, 34 expanded
[t=0.0358702s, 46356 KB] New best heuristic value for lmcut: 13
[t=0.0358702s, 46356 KB] g=21, 408 evaluated, 35 expanded
[t=0.0358702s, 46356 KB] New best heuristic value for lmcut: 12
[t=0.0358702s, 46356 KB] g=22, 424 evaluated, 36 expanded
[t=0.0388418s, 46356 KB] New best heuristic value for lmcut: 11
[t=0.0388418s, 46356 KB] g=23, 471 evaluated, 40 expanded
[t=0.0398397s, 46356 KB] New best heuristic value for lmcut: 10
[t=0.0398397s, 46356 KB] g=24, 495 evaluated, 41 expanded
[t=0.0408365s, 46356 KB] New best heuristic value for lmcut: 9
[t=0.0408365s, 46356 KB] g=25, 518 evaluated, 42 expanded
[t=0.0408365s, 46356 KB] New best heuristic value for lmcut: 8
[t=0.0408365s, 46356 KB] g=26, 528 evaluated, 43 expanded
[t=0.0418319s, 46356 KB] New best heuristic value for lmcut: 7
[t=0.0418319s, 46356 KB] g=27, 540 evaluated, 44 expanded
[t=0.0418319s, 46356 KB] New best heuristic value for lmcut: 6
[t=0.0418319s, 46356 KB] g=28, 565 evaluated, 47 expanded
[t=0.0428282s, 46356 KB] New best heuristic value for lmcut: 5
[t=0.0428282s, 46356 KB] g=29, 584 evaluated, 48 expanded
[t=0.0438249s, 46356 KB] New best heuristic value for lmcut: 4
[t=0.0438249s, 46356 KB] g=30, 617 evaluated, 51 expanded
[t=0.0438249s, 46356 KB] New best heuristic value for lmcut: 3
[t=0.0438249s, 46356 KB] g=31, 628 evaluated, 52 expanded
[t=0.0448218s, 46356 KB] New best heuristic value for lmcut: 2
[t=0.0448218s, 46356 KB] g=32, 663 evaluated, 55 expanded
[t=0.0448218s, 46356 KB] New best heuristic value for lmcut: 1
[t=0.0448218s, 46356 KB] g=33, 672 evaluated, 56 expanded
[t=0.0448218s, 46356 KB] New best heuristic value for lmcut: 0
[t=0.0448218s, 46356 KB] g=34, 695 evaluated, 57 expanded
[t=0.0448218s, 46356 KB] Solution found!
[t=0.0448218s, 46356 KB] Actual search time: 0.0418337s
board f0 p0 (1)
up f0 f1 (1)
depart f1 p0 (1)
up f1 f11 (1)
board f11 p1 (1)
down f11 f4 (1)
board f4 p2 (1)
board f4 p7 (1)
up f4 f14 (1)
board f14 p8 (1)
board f14 p9 (1)
up f14 f15 (1)
board f15 p6 (1)
depart f15 p7 (1)
up f15 f16 (1)
board f16 p10 (1)
depart f16 p1 (1)
down f16 f13 (1)
board f13 p3 (1)
depart f13 p10 (1)
up f13 f17 (1)
board f17 p4 (1)
depart f17 p9 (1)
depart f17 p6 (1)
depart f17 p2 (1)
down f17 f7 (1)
depart f7 p4 (1)
up f7 f18 (1)
depart f18 p3 (1)
up f18 f20 (1)
board f20 p5 (1)
down f20 f2 (1)
depart f2 p8 (1)
depart f2 p5 (1)
[t=0.0448218s, 46356 KB] Plan length: 34 step(s).
[t=0.0448218s, 46356 KB] Plan cost: 34
[t=0.0448218s, 46356 KB] Expanded 58 state(s).
[t=0.0448218s, 46356 KB] Reopened 0 state(s).
[t=0.0448218s, 46356 KB] Evaluated 695 state(s).
[t=0.0448218s, 46356 KB] Evaluations: 695
[t=0.0448218s, 46356 KB] Generated 1262 state(s).
[t=0.0448218s, 46356 KB] Dead ends: 0 state(s).
[t=0.0448218s, 46356 KB] Expanded until last jump: 0 state(s).
[t=0.0448218s, 46356 KB] Reopened until last jump: 0 state(s).
[t=0.0448218s, 46356 KB] Evaluated until last jump: 1 state(s).
[t=0.0448218s, 46356 KB] Generated until last jump: 0 state(s).
[t=0.0448218s, 46356 KB] Number of registered states: 695
[t=0.0448218s, 46356 KB] Int hash set load factor: 695/1024 = 0.678711
[t=0.0448218s, 46356 KB] Int hash set resizes: 10
[t=0.0448218s, 46356 KB] Search time: 0.0418337s
[t=0.0448218s, 46356 KB] Total time: 0.0448218s
Solution found.
Peak memory: 46356 KB
search exit code: 0

