JOBNAME = miconic-s4-4.sas_0
JOBID = 708103
Linux razor-14.dei.unipd.it 5.12.10-300.fc34.x86_64 #1 SMP Thu Jun 10 14:21:36 UTC 2021 x86_64 x86_64 x86_64 GNU/Linux
INFO     Running search (release).
INFO     search stdin: /nfsd/rop/instances/PlanningSAS/miconic-s4-4.sas
INFO     search time limit: 3600s
INFO     search memory limit: None
INFO     search command line string: /home/salvagni/Basel/downward/builds/release/bin/downward --search 'astar(LMcut())' --internal-plan-file sas_plan < /nfsd/rop/instances/PlanningSAS/miconic-s4-4.sas
[t=0s, 45824 KB] reading input...
[t=0s, 45824 KB] done reading input!
[t=0.00198791s, 46212 KB] Initializing landmark cut heuristic...
[t=0.00198791s, 46212 KB] Building successor generator...done!
[t=0.00198791s, 46212 KB] peak memory difference for successor generator creation: 0 KB
[t=0.00198791s, 46212 KB] time for successor generation creation: 0s
[t=0.00198791s, 46212 KB] Variables: 9
[t=0.00198791s, 46212 KB] FactPairs: 24
[t=0.00198791s, 46212 KB] Bytes per state: 4
[t=0.00198791s, 46212 KB] Conducting best first search with reopening closed nodes, (real) bound = 2147483647
[t=0.00198791s, 46212 KB] New best heuristic value for lmcut: 15
[t=0.00198791s, 46212 KB] g=0, 1 evaluated, 0 expanded
[t=0.00198791s, 46212 KB] f = 15, 1 evaluated, 0 expanded
[t=0.00198791s, 46212 KB] Initial heuristic value for lmcut: 15
[t=0.00198791s, 46212 KB] pruning method: none
[t=0.00198791s, 46212 KB] New best heuristic value for lmcut: 14
[t=0.00198791s, 46212 KB] g=1, 2 evaluated, 1 expanded
[t=0.00198791s, 46212 KB] New best heuristic value for lmcut: 13
[t=0.00198791s, 46212 KB] g=2, 9 evaluated, 3 expanded
[t=0.00198791s, 46212 KB] New best heuristic value for lmcut: 12
[t=0.00198791s, 46212 KB] g=3, 19 evaluated, 8 expanded
[t=0.00298349s, 46212 KB] New best heuristic value for lmcut: 11
[t=0.00298349s, 46212 KB] g=4, 25 evaluated, 9 expanded
[t=0.00298349s, 46212 KB] New best heuristic value for lmcut: 10
[t=0.00298349s, 46212 KB] g=5, 27 evaluated, 10 expanded
[t=0.00298349s, 46212 KB] New best heuristic value for lmcut: 9
[t=0.00298349s, 46212 KB] g=6, 33 evaluated, 11 expanded
[t=0.00298349s, 46212 KB] New best heuristic value for lmcut: 8
[t=0.00298349s, 46212 KB] g=7, 44 evaluated, 16 expanded
[t=0.00298349s, 46212 KB] New best heuristic value for lmcut: 7
[t=0.00298349s, 46212 KB] g=8, 49 evaluated, 17 expanded
[t=0.00298349s, 46212 KB] New best heuristic value for lmcut: 6
[t=0.00298349s, 46212 KB] g=9, 60 evaluated, 20 expanded
[t=0.00298349s, 46212 KB] New best heuristic value for lmcut: 5
[t=0.00298349s, 46212 KB] g=10, 65 evaluated, 21 expanded
[t=0.00298349s, 46212 KB] New best heuristic value for lmcut: 4
[t=0.00298349s, 46212 KB] g=11, 76 evaluated, 25 expanded
[t=0.00298349s, 46212 KB] New best heuristic value for lmcut: 3
[t=0.00298349s, 46212 KB] g=12, 81 evaluated, 26 expanded
[t=0.00298349s, 46212 KB] New best heuristic value for lmcut: 2
[t=0.00298349s, 46212 KB] g=13, 90 evaluated, 27 expanded
[t=0.00397944s, 46212 KB] New best heuristic value for lmcut: 1
[t=0.00397944s, 46212 KB] g=14, 94 evaluated, 28 expanded
[t=0.00397944s, 46212 KB] New best heuristic value for lmcut: 0
[t=0.00397944s, 46212 KB] g=15, 98 evaluated, 29 expanded
[t=0.00397944s, 46212 KB] Solution found!
[t=0.00397944s, 46212 KB] Actual search time: 0.00199152s
up f0 f5 (1)
board f5 p3 (1)
down f5 f1 (1)
depart f1 p3 (1)
up f1 f6 (1)
board f6 p2 (1)
down f6 f3 (1)
depart f3 p2 (1)
up f3 f7 (1)
board f7 p0 (1)
down f7 f2 (1)
board f2 p1 (1)
depart f2 p0 (1)
up f2 f4 (1)
depart f4 p1 (1)
[t=0.00397944s, 46212 KB] Plan length: 15 step(s).
[t=0.00397944s, 46212 KB] Plan cost: 15
[t=0.00397944s, 46212 KB] Expanded 30 state(s).
[t=0.00397944s, 46212 KB] Reopened 0 state(s).
[t=0.00397944s, 46212 KB] Evaluated 98 state(s).
[t=0.00397944s, 46212 KB] Evaluations: 98
[t=0.00397944s, 46212 KB] Generated 225 state(s).
[t=0.00397944s, 46212 KB] Dead ends: 0 state(s).
[t=0.00397944s, 46212 KB] Expanded until last jump: 0 state(s).
[t=0.00397944s, 46212 KB] Reopened until last jump: 0 state(s).
[t=0.00397944s, 46212 KB] Evaluated until last jump: 1 state(s).
[t=0.00397944s, 46212 KB] Generated until last jump: 0 state(s).
[t=0.00397944s, 46212 KB] Number of registered states: 98
[t=0.00397944s, 46212 KB] Int hash set load factor: 98/128 = 0.765625
[t=0.00397944s, 46212 KB] Int hash set resizes: 7
[t=0.00397944s, 46212 KB] Search time: 0.00199152s
[t=0.00397944s, 46212 KB] Total time: 0.00397944s
Solution found.
Peak memory: 46212 KB
search exit code: 0

