JOBNAME = miconic-s12-2.sas_0
JOBID = 707993
Linux razor-16.dei.unipd.it 5.12.10-300.fc34.x86_64 #1 SMP Thu Jun 10 14:21:36 UTC 2021 x86_64 x86_64 x86_64 GNU/Linux
INFO     Running search (release).
INFO     search stdin: /nfsd/rop/instances/PlanningSAS/miconic-s12-2.sas
INFO     search time limit: 3600s
INFO     search memory limit: None
INFO     search command line string: /home/salvagni/Basel/downward/builds/release/bin/downward --search 'astar(LMcut())' --internal-plan-file sas_plan < /nfsd/rop/instances/PlanningSAS/miconic-s12-2.sas
[t=0s, 45824 KB] reading input...
[t=0.000994987s, 45824 KB] done reading input!
[t=0.00298404s, 46372 KB] Initializing landmark cut heuristic...
[t=0.00298404s, 46372 KB] Building successor generator...done!
[t=0.00298404s, 46372 KB] peak memory difference for successor generator creation: 0 KB
[t=0.00298404s, 46372 KB] time for successor generation creation: 0s
[t=0.00298404s, 46372 KB] Variables: 25
[t=0.00298404s, 46372 KB] FactPairs: 72
[t=0.00298404s, 46372 KB] Bytes per state: 4
[t=0.00298404s, 46372 KB] Conducting best first search with reopening closed nodes, (real) bound = 2147483647
[t=0.00298404s, 46372 KB] New best heuristic value for lmcut: 39
[t=0.00298404s, 46372 KB] g=0, 1 evaluated, 0 expanded
[t=0.00298404s, 46372 KB] f = 39, 1 evaluated, 0 expanded
[t=0.00298404s, 46372 KB] Initial heuristic value for lmcut: 39
[t=0.00298404s, 46372 KB] pruning method: none
[t=0.00397371s, 46372 KB] New best heuristic value for lmcut: 38
[t=0.00397371s, 46372 KB] g=1, 2 evaluated, 1 expanded
[t=0.00695553s, 46372 KB] New best heuristic value for lmcut: 37
[t=0.00695553s, 46372 KB] g=2, 27 evaluated, 2 expanded
[t=0.0169175s, 46372 KB] f = 40, 96 evaluated, 4 expanded
[t=0.0169175s, 46372 KB] New best heuristic value for lmcut: 36
[t=0.0169175s, 46372 KB] g=4, 97 evaluated, 5 expanded
[t=0.0199094s, 46372 KB] New best heuristic value for lmcut: 35
[t=0.0199094s, 46372 KB] g=5, 122 evaluated, 8 expanded
[t=0.0229016s, 46372 KB] New best heuristic value for lmcut: 34
[t=0.0238951s, 46372 KB] g=6, 145 evaluated, 10 expanded
[t=0.0298769s, 46372 KB] New best heuristic value for lmcut: 33
[t=0.0298769s, 46372 KB] g=7, 194 evaluated, 15 expanded
[t=0.0328683s, 46372 KB] New best heuristic value for lmcut: 32
[t=0.0328683s, 46372 KB] g=8, 217 evaluated, 17 expanded
[t=0.0388535s, 46372 KB] New best heuristic value for lmcut: 31
[t=0.0388535s, 46372 KB] g=9, 266 evaluated, 23 expanded
[t=0.0408483s, 46372 KB] New best heuristic value for lmcut: 30
[t=0.0408483s, 46372 KB] g=10, 289 evaluated, 25 expanded
[t=0.0518157s, 46372 KB] New best heuristic value for lmcut: 29
[t=0.0518157s, 46372 KB] g=11, 386 evaluated, 33 expanded
[t=0.0518157s, 46372 KB] New best heuristic value for lmcut: 28
[t=0.0518157s, 46372 KB] g=12, 387 evaluated, 34 expanded
[t=0.0548061s, 46372 KB] New best heuristic value for lmcut: 27
[t=0.0548061s, 46372 KB] g=13, 410 evaluated, 36 expanded
[t=0.0627829s, 46372 KB] New best heuristic value for lmcut: 26
[t=0.0627829s, 46372 KB] g=14, 484 evaluated, 44 expanded
[t=0.0647751s, 46372 KB] New best heuristic value for lmcut: 25
[t=0.0647751s, 46372 KB] g=15, 508 evaluated, 45 expanded
[t=0.0677664s, 46372 KB] New best heuristic value for lmcut: 24
[t=0.0677664s, 46372 KB] g=16, 531 evaluated, 47 expanded
[t=0.0697598s, 46372 KB] New best heuristic value for lmcut: 23
[t=0.0697598s, 46372 KB] g=17, 556 evaluated, 50 expanded
[t=0.0717543s, 46372 KB] New best heuristic value for lmcut: 22
[t=0.0717543s, 46372 KB] g=18, 579 evaluated, 52 expanded
[t=0.0757423s, 46372 KB] New best heuristic value for lmcut: 21
[t=0.0757423s, 46372 KB] g=19, 628 evaluated, 55 expanded
[t=0.0757423s, 46372 KB] New best heuristic value for lmcut: 20
[t=0.0757423s, 46372 KB] g=20, 629 evaluated, 56 expanded
[t=0.0777365s, 46372 KB] New best heuristic value for lmcut: 19
[t=0.0777365s, 46372 KB] g=21, 652 evaluated, 58 expanded
[t=0.0797306s, 46372 KB] New best heuristic value for lmcut: 18
[t=0.0797306s, 46372 KB] g=22, 677 evaluated, 62 expanded
[t=0.081724s, 46372 KB] New best heuristic value for lmcut: 17
[t=0.081724s, 46372 KB] g=23, 701 evaluated, 64 expanded
[t=0.0847157s, 46372 KB] New best heuristic value for lmcut: 16
[t=0.0847157s, 46372 KB] g=24, 750 evaluated, 70 expanded
[t=0.0867092s, 46372 KB] New best heuristic value for lmcut: 15
[t=0.0867092s, 46372 KB] g=25, 774 evaluated, 72 expanded
[t=0.0896994s, 46372 KB] New best heuristic value for lmcut: 14
[t=0.0896994s, 46372 KB] g=26, 823 evaluated, 77 expanded
[t=0.0916931s, 46372 KB] New best heuristic value for lmcut: 13
[t=0.0916931s, 46372 KB] g=27, 847 evaluated, 79 expanded
[t=0.0936866s, 46372 KB] New best heuristic value for lmcut: 12
[t=0.0936866s, 46372 KB] g=28, 896 evaluated, 84 expanded
[t=0.0956804s, 46372 KB] New best heuristic value for lmcut: 11
[t=0.0956804s, 46372 KB] g=29, 920 evaluated, 86 expanded
[t=0.097674s, 46372 KB] New best heuristic value for lmcut: 10
[t=0.097674s, 46372 KB] g=30, 969 evaluated, 89 expanded
[t=0.097674s, 46372 KB] New best heuristic value for lmcut: 9
[t=0.097674s, 46372 KB] g=31, 970 evaluated, 90 expanded
[t=0.0986717s, 46372 KB] New best heuristic value for lmcut: 8
[t=0.0986717s, 46372 KB] g=32, 994 evaluated, 92 expanded
[t=0.0996683s, 46372 KB] New best heuristic value for lmcut: 7
[t=0.0996683s, 46372 KB] g=33, 1019 evaluated, 93 expanded
[t=0.0996683s, 46372 KB] New best heuristic value for lmcut: 6
[t=0.0996683s, 46372 KB] g=34, 1020 evaluated, 94 expanded
[t=0.100665s, 46372 KB] New best heuristic value for lmcut: 5
[t=0.100665s, 46372 KB] g=35, 1045 evaluated, 96 expanded
[t=0.101661s, 46372 KB] New best heuristic value for lmcut: 4
[t=0.101661s, 46372 KB] g=36, 1070 evaluated, 97 expanded
[t=0.101661s, 46372 KB] New best heuristic value for lmcut: 3
[t=0.101661s, 46372 KB] g=37, 1071 evaluated, 98 expanded
[t=0.102657s, 46372 KB] New best heuristic value for lmcut: 2
[t=0.102657s, 46372 KB] g=38, 1096 evaluated, 100 expanded
[t=0.102657s, 46372 KB] New best heuristic value for lmcut: 1
[t=0.102657s, 46372 KB] g=39, 1097 evaluated, 101 expanded
[t=0.102657s, 46372 KB] New best heuristic value for lmcut: 0
[t=0.102657s, 46372 KB] g=40, 1122 evaluated, 102 expanded
[t=0.102657s, 46372 KB] Solution found!
[t=0.102657s, 46372 KB] Actual search time: 0.0996728s
board f0 p11 (1)
board f0 p9 (1)
up f0 f11 (1)
board f11 p5 (1)
down f11 f4 (1)
board f4 p1 (1)
up f4 f14 (1)
board f14 p3 (1)
down f14 f7 (1)
depart f7 p5 (1)
depart f7 p3 (1)
up f7 f15 (1)
board f15 p4 (1)
board f15 p8 (1)
down f15 f12 (1)
depart f12 p8 (1)
down f12 f2 (1)
board f2 p6 (1)
depart f2 p4 (1)
up f2 f17 (1)
depart f17 p11 (1)
down f17 f8 (1)
board f8 p10 (1)
up f8 f16 (1)
depart f16 p10 (1)
down f16 f9 (1)
board f9 p2 (1)
down f9 f6 (1)
board f6 p7 (1)
depart f6 p2 (1)
down f6 f1 (1)
depart f1 p9 (1)
depart f1 p7 (1)
up f1 f18 (1)
depart f18 p6 (1)
depart f18 p1 (1)
up f18 f19 (1)
board f19 p0 (1)
down f19 f0 (1)
depart f0 p0 (1)
[t=0.102657s, 46372 KB] Plan length: 40 step(s).
[t=0.102657s, 46372 KB] Plan cost: 40
[t=0.102657s, 46372 KB] Expanded 103 state(s).
[t=0.102657s, 46372 KB] Reopened 0 state(s).
[t=0.102657s, 46372 KB] Evaluated 1122 state(s).
[t=0.102657s, 46372 KB] Evaluations: 1122
[t=0.102657s, 46372 KB] Generated 2455 state(s).
[t=0.102657s, 46372 KB] Dead ends: 0 state(s).
[t=0.102657s, 46372 KB] Expanded until last jump: 4 state(s).
[t=0.102657s, 46372 KB] Reopened until last jump: 0 state(s).
[t=0.102657s, 46372 KB] Evaluated until last jump: 96 state(s).
[t=0.102657s, 46372 KB] Generated until last jump: 100 state(s).
[t=0.102657s, 46372 KB] Number of registered states: 1122
[t=0.102657s, 46372 KB] Int hash set load factor: 1122/2048 = 0.547852
[t=0.102657s, 46372 KB] Int hash set resizes: 11
[t=0.102657s, 46372 KB] Search time: 0.0996728s
[t=0.102657s, 46372 KB] Total time: 0.102657s
Solution found.
Peak memory: 46372 KB
search exit code: 0

