JOBNAME = miconic-s3-0.sas_0
JOBID = 708094
Linux razor-14.dei.unipd.it 5.12.10-300.fc34.x86_64 #1 SMP Thu Jun 10 14:21:36 UTC 2021 x86_64 x86_64 x86_64 GNU/Linux
INFO     Running search (release).
INFO     search stdin: /nfsd/rop/instances/PlanningSAS/miconic-s3-0.sas
INFO     search time limit: 3600s
INFO     search memory limit: None
INFO     search command line string: /home/salvagni/Basel/downward/builds/release/bin/downward --search 'astar(LMcut())' --internal-plan-file sas_plan < /nfsd/rop/instances/PlanningSAS/miconic-s3-0.sas
[t=0s, 45824 KB] reading input...
[t=0s, 45824 KB] done reading input!
[t=0.000991828s, 46080 KB] Initializing landmark cut heuristic...
[t=0.000991828s, 46080 KB] Building successor generator...done!
[t=0.000991828s, 46080 KB] peak memory difference for successor generator creation: 0 KB
[t=0.000991828s, 46080 KB] time for successor generation creation: 0s
[t=0.000991828s, 46080 KB] Variables: 7
[t=0.000991828s, 46080 KB] FactPairs: 18
[t=0.000991828s, 46080 KB] Bytes per state: 4
[t=0.000991828s, 46080 KB] Conducting best first search with reopening closed nodes, (real) bound = 2147483647
[t=0.00198674s, 46080 KB] New best heuristic value for lmcut: 10
[t=0.00198674s, 46080 KB] g=0, 1 evaluated, 0 expanded
[t=0.00198674s, 46080 KB] f = 10, 1 evaluated, 0 expanded
[t=0.00198674s, 46080 KB] Initial heuristic value for lmcut: 10
[t=0.00198674s, 46080 KB] pruning method: none
[t=0.00198674s, 46080 KB] New best heuristic value for lmcut: 9
[t=0.00198674s, 46080 KB] g=1, 2 evaluated, 1 expanded
[t=0.00198674s, 46080 KB] New best heuristic value for lmcut: 8
[t=0.00198674s, 46080 KB] g=2, 7 evaluated, 2 expanded
[t=0.00198674s, 46080 KB] New best heuristic value for lmcut: 7
[t=0.00198674s, 46080 KB] g=3, 15 evaluated, 5 expanded
[t=0.00198674s, 46080 KB] New best heuristic value for lmcut: 6
[t=0.00198674s, 46080 KB] g=4, 19 evaluated, 6 expanded
[t=0.00198674s, 46080 KB] New best heuristic value for lmcut: 5
[t=0.00198674s, 46080 KB] g=5, 26 evaluated, 7 expanded
[t=0.00198674s, 46080 KB] New best heuristic value for lmcut: 4
[t=0.00198674s, 46080 KB] g=6, 43 evaluated, 13 expanded
[t=0.00198674s, 46080 KB] New best heuristic value for lmcut: 3
[t=0.00198674s, 46080 KB] g=7, 51 evaluated, 14 expanded
[t=0.00198674s, 46080 KB] New best heuristic value for lmcut: 2
[t=0.00198674s, 46080 KB] g=8, 58 evaluated, 15 expanded
[t=0.00198674s, 46080 KB] New best heuristic value for lmcut: 1
[t=0.00298202s, 46080 KB] g=9, 62 evaluated, 16 expanded
[t=0.00298202s, 46080 KB] New best heuristic value for lmcut: 0
[t=0.00298202s, 46080 KB] g=10, 64 evaluated, 17 expanded
[t=0.00298202s, 46080 KB] Solution found!
[t=0.00298202s, 46080 KB] Actual search time: 0.000995274s
up f0 f3 (1)
board f3 p1 (1)
up f3 f5 (1)
board f5 p2 (1)
down f5 f1 (1)
board f1 p0 (1)
depart f1 p2 (1)
depart f1 p1 (1)
up f1 f4 (1)
depart f4 p0 (1)
[t=0.00298202s, 46080 KB] Plan length: 10 step(s).
[t=0.00298202s, 46080 KB] Plan cost: 10
[t=0.00298202s, 46080 KB] Expanded 18 state(s).
[t=0.00298202s, 46080 KB] Reopened 0 state(s).
[t=0.00298202s, 46080 KB] Evaluated 64 state(s).
[t=0.00298202s, 46080 KB] Evaluations: 64
[t=0.00298202s, 46080 KB] Generated 107 state(s).
[t=0.00298202s, 46080 KB] Dead ends: 0 state(s).
[t=0.00298202s, 46080 KB] Expanded until last jump: 0 state(s).
[t=0.00298202s, 46080 KB] Reopened until last jump: 0 state(s).
[t=0.00298202s, 46080 KB] Evaluated until last jump: 1 state(s).
[t=0.00298202s, 46080 KB] Generated until last jump: 0 state(s).
[t=0.00298202s, 46080 KB] Number of registered states: 64
[t=0.00298202s, 46080 KB] Int hash set load factor: 64/64 = 1
[t=0.00298202s, 46080 KB] Int hash set resizes: 6
[t=0.00298202s, 46080 KB] Search time: 0.00199019s
[t=0.00298202s, 46080 KB] Total time: 0.00298202s
Solution found.
Peak memory: 46080 KB
search exit code: 0

