JOBNAME = miconic-s16-0.sas_0
JOBID = 708014
Linux razor-16.dei.unipd.it 5.12.10-300.fc34.x86_64 #1 SMP Thu Jun 10 14:21:36 UTC 2021 x86_64 x86_64 x86_64 GNU/Linux
INFO     Running search (release).
INFO     search stdin: /nfsd/rop/instances/PlanningSAS/miconic-s16-0.sas
INFO     search time limit: 3600s
INFO     search memory limit: None
INFO     search command line string: /home/salvagni/Basel/downward/builds/release/bin/downward --search 'astar(LMcut())' --internal-plan-file sas_plan < /nfsd/rop/instances/PlanningSAS/miconic-s16-0.sas
[t=0s, 45824 KB] reading input...
[t=0.00298208s, 45948 KB] done reading input!
[t=0.00398093s, 46700 KB] Initializing landmark cut heuristic...
[t=0.00497669s, 46700 KB] Building successor generator...done!
[t=0.00497669s, 46700 KB] peak memory difference for successor generator creation: 0 KB
[t=0.00497669s, 46700 KB] time for successor generation creation: 0s
[t=0.00497669s, 46700 KB] Variables: 33
[t=0.00497669s, 46700 KB] FactPairs: 96
[t=0.00497669s, 46700 KB] Bytes per state: 8
[t=0.00497669s, 46700 KB] Conducting best first search with reopening closed nodes, (real) bound = 2147483647
[t=0.00497669s, 46700 KB] New best heuristic value for lmcut: 53
[t=0.00497669s, 46700 KB] g=0, 1 evaluated, 0 expanded
[t=0.00497669s, 46700 KB] f = 53, 1 evaluated, 0 expanded
[t=0.00497669s, 46700 KB] Initial heuristic value for lmcut: 53
[t=0.00497669s, 46700 KB] pruning method: none
[t=0.0059731s, 46700 KB] New best heuristic value for lmcut: 52
[t=0.0059731s, 46700 KB] g=1, 3 evaluated, 1 expanded
[t=0.0159397s, 46700 KB] New best heuristic value for lmcut: 51
[t=0.0159397s, 46700 KB] g=2, 33 evaluated, 2 expanded
[t=0.0169383s, 46700 KB] New best heuristic value for lmcut: 50
[t=0.0169383s, 46700 KB] g=3, 36 evaluated, 3 expanded
[t=0.0249091s, 46700 KB] New best heuristic value for lmcut: 49
[t=0.0249091s, 46700 KB] g=4, 65 evaluated, 5 expanded
[t=0.0348797s, 46700 KB] New best heuristic value for lmcut: 48
[t=0.0348797s, 46700 KB] g=5, 99 evaluated, 9 expanded
[t=0.0458456s, 46700 KB] New best heuristic value for lmcut: 47
[t=0.0458456s, 46700 KB] g=6, 133 evaluated, 10 expanded
[t=0.0538235s, 46700 KB] New best heuristic value for lmcut: 46
[t=0.0538235s, 46700 KB] g=7, 162 evaluated, 12 expanded
[t=0.0727783s, 46700 KB] New best heuristic value for lmcut: 45
[t=0.0727783s, 46700 KB] g=8, 230 evaluated, 18 expanded
[t=0.0807566s, 46700 KB] New best heuristic value for lmcut: 44
[t=0.0807566s, 46700 KB] g=9, 258 evaluated, 21 expanded
[t=0.0977157s, 46700 KB] New best heuristic value for lmcut: 43
[t=0.0977157s, 46700 KB] g=10, 325 evaluated, 27 expanded
[t=0.106639s, 46700 KB] New best heuristic value for lmcut: 42
[t=0.106639s, 46700 KB] g=11, 358 evaluated, 28 expanded
[t=0.115615s, 46700 KB] New best heuristic value for lmcut: 41
[t=0.115615s, 46700 KB] g=12, 392 evaluated, 29 expanded
[t=0.122591s, 46700 KB] New best heuristic value for lmcut: 40
[t=0.122591s, 46700 KB] g=13, 421 evaluated, 31 expanded
[t=0.146525s, 46700 KB] New best heuristic value for lmcut: 39
[t=0.146525s, 46700 KB] g=14, 518 evaluated, 38 expanded
[t=0.147523s, 46700 KB] New best heuristic value for lmcut: 38
[t=0.147523s, 46700 KB] g=15, 522 evaluated, 39 expanded
[t=0.154502s, 46700 KB] New best heuristic value for lmcut: 37
[t=0.154502s, 46700 KB] g=16, 550 evaluated, 42 expanded
[t=0.169465s, 46700 KB] New best heuristic value for lmcut: 36
[t=0.169465s, 46700 KB] g=17, 618 evaluated, 48 expanded
[t=0.176445s, 46700 KB] New best heuristic value for lmcut: 35
[t=0.176445s, 46700 KB] g=18, 646 evaluated, 51 expanded
[t=0.183426s, 46700 KB] New best heuristic value for lmcut: 34
[t=0.183426s, 46700 KB] g=19, 679 evaluated, 52 expanded
[t=0.183426s, 46700 KB] New best heuristic value for lmcut: 33
[t=0.183426s, 46700 KB] g=20, 682 evaluated, 53 expanded
[t=0.189409s, 46700 KB] New best heuristic value for lmcut: 32
[t=0.190406s, 46700 KB] g=21, 711 evaluated, 56 expanded
[t=0.190406s, 46700 KB] New best heuristic value for lmcut: 31
[t=0.190406s, 46700 KB] g=22, 715 evaluated, 57 expanded
[t=0.19639s, 46700 KB] New best heuristic value for lmcut: 30
[t=0.19639s, 46700 KB] g=23, 743 evaluated, 60 expanded
[t=0.202372s, 46700 KB] New best heuristic value for lmcut: 29
[t=0.202372s, 46700 KB] g=24, 776 evaluated, 61 expanded
[t=0.20337s, 46700 KB] New best heuristic value for lmcut: 28
[t=0.20337s, 46700 KB] g=25, 779 evaluated, 62 expanded
[t=0.208354s, 46700 KB] New best heuristic value for lmcut: 27
[t=0.208354s, 46700 KB] g=26, 808 evaluated, 65 expanded
[t=0.209351s, 46700 KB] New best heuristic value for lmcut: 26
[t=0.209351s, 46700 KB] g=27, 812 evaluated, 66 expanded
[t=0.213338s, 46700 KB] New best heuristic value for lmcut: 25
[t=0.213338s, 46700 KB] g=28, 840 evaluated, 70 expanded
[t=0.219322s, 46700 KB] New best heuristic value for lmcut: 24
[t=0.219322s, 46700 KB] g=29, 873 evaluated, 71 expanded
[t=0.219322s, 46700 KB] New best heuristic value for lmcut: 23
[t=0.219322s, 46700 KB] g=30, 877 evaluated, 72 expanded
[t=0.224309s, 46700 KB] New best heuristic value for lmcut: 22
[t=0.224309s, 46700 KB] g=31, 905 evaluated, 76 expanded
[t=0.224309s, 46700 KB] New best heuristic value for lmcut: 21
[t=0.224309s, 46700 KB] g=32, 909 evaluated, 77 expanded
[t=0.228298s, 46700 KB] New best heuristic value for lmcut: 20
[t=0.228298s, 46700 KB] g=33, 937 evaluated, 81 expanded
[t=0.229295s, 46700 KB] New best heuristic value for lmcut: 19
[t=0.229295s, 46700 KB] g=34, 941 evaluated, 82 expanded
[t=0.232286s, 46700 KB] New best heuristic value for lmcut: 18
[t=0.232286s, 46700 KB] g=35, 969 evaluated, 86 expanded
[t=0.233283s, 46700 KB] New best heuristic value for lmcut: 17
[t=0.233283s, 46700 KB] g=36, 973 evaluated, 87 expanded
[t=0.236274s, 46700 KB] New best heuristic value for lmcut: 16
[t=0.236274s, 46700 KB] g=37, 1001 evaluated, 91 expanded
[t=0.240263s, 46700 KB] New best heuristic value for lmcut: 15
[t=0.240263s, 46700 KB] g=38, 1035 evaluated, 92 expanded
[t=0.243253s, 46700 KB] New best heuristic value for lmcut: 14
[t=0.243253s, 46700 KB] g=39, 1068 evaluated, 93 expanded
[t=0.244252s, 46700 KB] New best heuristic value for lmcut: 13
[t=0.244252s, 46700 KB] g=40, 1072 evaluated, 94 expanded
[t=0.246244s, 46700 KB] New best heuristic value for lmcut: 12
[t=0.246244s, 46700 KB] g=41, 1100 evaluated, 95 expanded
[t=0.247242s, 46700 KB] New best heuristic value for lmcut: 11
[t=0.247242s, 46700 KB] g=42, 1104 evaluated, 96 expanded
[t=0.249232s, 46700 KB] New best heuristic value for lmcut: 10
[t=0.249232s, 46700 KB] g=43, 1132 evaluated, 99 expanded
[t=0.251226s, 46700 KB] New best heuristic value for lmcut: 9
[t=0.251226s, 46700 KB] g=44, 1165 evaluated, 100 expanded
[t=0.252224s, 46700 KB] New best heuristic value for lmcut: 8
[t=0.252224s, 46700 KB] g=45, 1178 evaluated, 101 expanded
[t=0.254216s, 46700 KB] New best heuristic value for lmcut: 7
[t=0.254216s, 46700 KB] g=46, 1197 evaluated, 103 expanded
[t=0.254216s, 46700 KB] New best heuristic value for lmcut: 6
[t=0.254216s, 46700 KB] g=47, 1200 evaluated, 104 expanded
[t=0.255214s, 46700 KB] New best heuristic value for lmcut: 5
[t=0.255214s, 46700 KB] g=48, 1229 evaluated, 106 expanded
[t=0.256211s, 46700 KB] New best heuristic value for lmcut: 4
[t=0.256211s, 46700 KB] g=49, 1242 evaluated, 107 expanded
[t=0.257206s, 46700 KB] New best heuristic value for lmcut: 3
[t=0.257206s, 46700 KB] g=50, 1261 evaluated, 108 expanded
[t=0.258203s, 46700 KB] New best heuristic value for lmcut: 2
[t=0.258203s, 46700 KB] g=51, 1286 evaluated, 109 expanded
[t=0.258203s, 46700 KB] New best heuristic value for lmcut: 1
[t=0.258203s, 46700 KB] g=52, 1293 evaluated, 110 expanded
[t=0.2592s, 46700 KB] New best heuristic value for lmcut: 0
[t=0.2592s, 46700 KB] g=53, 1326 evaluated, 111 expanded
[t=0.2592s, 46700 KB] Solution found!
[t=0.2592s, 46700 KB] Actual search time: 0.254223s
up f0 f10 (1)
board f10 p3 (1)
down f10 f7 (1)
board f7 p0 (1)
board f7 p11 (1)
up f7 f12 (1)
depart f12 p3 (1)
down f12 f9 (1)
board f9 p1 (1)
board f9 p15 (1)
board f9 p4 (1)
up f9 f13 (1)
depart f13 p4 (1)
depart f13 p11 (1)
up f13 f14 (1)
board f14 p13 (1)
down f14 f3 (1)
board f3 p7 (1)
depart f3 p13 (1)
up f3 f17 (1)
board f17 p2 (1)
down f17 f6 (1)
depart f6 p7 (1)
depart f6 p0 (1)
up f6 f18 (1)
board f18 p6 (1)
up f18 f19 (1)
board f19 p14 (1)
depart f19 p1 (1)
up f19 f20 (1)
board f20 p9 (1)
up f20 f22 (1)
board f22 p12 (1)
up f22 f24 (1)
depart f24 p9 (1)
up f24 f26 (1)
board f26 p5 (1)
depart f26 p15 (1)
depart f26 p12 (1)
down f26 f11 (1)
depart f11 p5 (1)
up f11 f27 (1)
board f27 p10 (1)
depart f27 p6 (1)
down f27 f8 (1)
depart f8 p10 (1)
up f8 f28 (1)
board f28 p8 (1)
down f28 f2 (1)
depart f2 p8 (1)
up f2 f31 (1)
depart f31 p2 (1)
depart f31 p14 (1)
[t=0.2592s, 46700 KB] Plan length: 53 step(s).
[t=0.2592s, 46700 KB] Plan cost: 53
[t=0.2592s, 46700 KB] Expanded 112 state(s).
[t=0.2592s, 46700 KB] Reopened 0 state(s).
[t=0.2592s, 46700 KB] Evaluated 1326 state(s).
[t=0.2592s, 46700 KB] Evaluations: 1326
[t=0.2592s, 46700 KB] Generated 3525 state(s).
[t=0.2592s, 46700 KB] Dead ends: 0 state(s).
[t=0.2592s, 46700 KB] Expanded until last jump: 0 state(s).
[t=0.2592s, 46700 KB] Reopened until last jump: 0 state(s).
[t=0.2592s, 46700 KB] Evaluated until last jump: 1 state(s).
[t=0.2592s, 46700 KB] Generated until last jump: 0 state(s).
[t=0.2592s, 46700 KB] Number of registered states: 1326
[t=0.2592s, 46700 KB] Int hash set load factor: 1326/2048 = 0.647461
[t=0.2592s, 46700 KB] Int hash set resizes: 11
[t=0.2592s, 46700 KB] Search time: 0.254223s
[t=0.2592s, 46700 KB] Total time: 0.2592s
Solution found.
Peak memory: 46700 KB
search exit code: 0

