JOBNAME = miconic-s8-0.sas_0
JOBID = 708119
Linux razor-14.dei.unipd.it 5.12.10-300.fc34.x86_64 #1 SMP Thu Jun 10 14:21:36 UTC 2021 x86_64 x86_64 x86_64 GNU/Linux
INFO     Running search (release).
INFO     search stdin: /nfsd/rop/instances/PlanningSAS/miconic-s8-0.sas
INFO     search time limit: 3600s
INFO     search memory limit: None
INFO     search command line string: /home/salvagni/Basel/downward/builds/release/bin/downward --search 'astar(LMcut())' --internal-plan-file sas_plan < /nfsd/rop/instances/PlanningSAS/miconic-s8-0.sas
[t=0s, 45824 KB] reading input...
[t=0.000996165s, 45824 KB] done reading input!
[t=0.00199177s, 46212 KB] Initializing landmark cut heuristic...
[t=0.00199177s, 46212 KB] Building successor generator...done!
[t=0.00199177s, 46212 KB] peak memory difference for successor generator creation: 0 KB
[t=0.00199177s, 46212 KB] time for successor generation creation: 0s
[t=0.00199177s, 46212 KB] Variables: 17
[t=0.00199177s, 46212 KB] FactPairs: 48
[t=0.00199177s, 46212 KB] Bytes per state: 4
[t=0.00199177s, 46212 KB] Conducting best first search with reopening closed nodes, (real) bound = 2147483647
[t=0.00298391s, 46212 KB] New best heuristic value for lmcut: 27
[t=0.00298391s, 46212 KB] g=0, 1 evaluated, 0 expanded
[t=0.00298391s, 46212 KB] f = 27, 1 evaluated, 0 expanded
[t=0.00298391s, 46212 KB] Initial heuristic value for lmcut: 27
[t=0.00298391s, 46212 KB] pruning method: none
[t=0.00298391s, 46212 KB] New best heuristic value for lmcut: 26
[t=0.00298391s, 46212 KB] g=1, 2 evaluated, 1 expanded
[t=0.00397718s, 46212 KB] New best heuristic value for lmcut: 25
[t=0.00397718s, 46212 KB] g=2, 17 evaluated, 2 expanded
[t=0.00397718s, 46212 KB] New best heuristic value for lmcut: 24
[t=0.00397718s, 46212 KB] g=3, 19 evaluated, 3 expanded
[t=0.00397718s, 46212 KB] New best heuristic value for lmcut: 23
[t=0.00397718s, 46212 KB] g=4, 33 evaluated, 4 expanded
[t=0.00497243s, 46212 KB] New best heuristic value for lmcut: 22
[t=0.00497243s, 46212 KB] g=5, 35 evaluated, 5 expanded
[t=0.00497243s, 46212 KB] New best heuristic value for lmcut: 21
[t=0.00497243s, 46212 KB] g=6, 53 evaluated, 6 expanded
[t=0.0059694s, 46212 KB] New best heuristic value for lmcut: 20
[t=0.0059694s, 46212 KB] g=7, 66 evaluated, 7 expanded
[t=0.0059694s, 46212 KB] New best heuristic value for lmcut: 19
[t=0.0059694s, 46212 KB] g=8, 70 evaluated, 8 expanded
[t=0.00695903s, 46212 KB] New best heuristic value for lmcut: 18
[t=0.00695903s, 46212 KB] g=9, 82 evaluated, 9 expanded
[t=0.00695903s, 46212 KB] New best heuristic value for lmcut: 17
[t=0.00795495s, 46212 KB] g=10, 99 evaluated, 10 expanded
[t=0.00795495s, 46212 KB] New best heuristic value for lmcut: 16
[t=0.00795495s, 46212 KB] g=11, 104 evaluated, 11 expanded
[t=0.00795495s, 46212 KB] New best heuristic value for lmcut: 15
[t=0.00795495s, 46212 KB] g=12, 115 evaluated, 12 expanded
[t=0.00895172s, 46212 KB] New best heuristic value for lmcut: 14
[t=0.00895172s, 46212 KB] g=13, 135 evaluated, 16 expanded
[t=0.00895172s, 46212 KB] New best heuristic value for lmcut: 13
[t=0.00895172s, 46212 KB] g=14, 147 evaluated, 17 expanded
[t=0.00994856s, 46212 KB] New best heuristic value for lmcut: 12
[t=0.00994856s, 46212 KB] g=15, 185 evaluated, 22 expanded
[t=0.0109415s, 46212 KB] New best heuristic value for lmcut: 11
[t=0.0109415s, 46212 KB] g=16, 195 evaluated, 23 expanded
[t=0.0119377s, 46212 KB] New best heuristic value for lmcut: 10
[t=0.0119377s, 46212 KB] g=17, 229 evaluated, 28 expanded
[t=0.0119377s, 46212 KB] New best heuristic value for lmcut: 9
[t=0.0119377s, 46212 KB] g=18, 248 evaluated, 29 expanded
[t=0.0119377s, 46212 KB] New best heuristic value for lmcut: 8
[t=0.0119377s, 46212 KB] g=19, 260 evaluated, 30 expanded
[t=0.0129345s, 46212 KB] New best heuristic value for lmcut: 7
[t=0.0129345s, 46212 KB] g=20, 277 evaluated, 31 expanded
[t=0.0129345s, 46212 KB] New best heuristic value for lmcut: 6
[t=0.0129345s, 46212 KB] g=21, 284 evaluated, 32 expanded
[t=0.0129345s, 46212 KB] New best heuristic value for lmcut: 5
[t=0.0129345s, 46212 KB] g=22, 293 evaluated, 33 expanded
[t=0.0129345s, 46212 KB] New best heuristic value for lmcut: 4
[t=0.0129345s, 46212 KB] g=23, 303 evaluated, 34 expanded
[t=0.0139271s, 46212 KB] New best heuristic value for lmcut: 3
[t=0.0139271s, 46212 KB] g=24, 309 evaluated, 35 expanded
[t=0.0139271s, 46212 KB] New best heuristic value for lmcut: 2
[t=0.0139271s, 46212 KB] g=25, 326 evaluated, 36 expanded
[t=0.0139271s, 46212 KB] New best heuristic value for lmcut: 1
[t=0.0139271s, 46212 KB] g=26, 338 evaluated, 37 expanded
[t=0.0139271s, 46212 KB] New best heuristic value for lmcut: 0
[t=0.0139271s, 46212 KB] g=27, 342 evaluated, 38 expanded
[t=0.0139271s, 46212 KB] Solution found!
[t=0.0139271s, 46212 KB] Actual search time: 0.0109432s
up f0 f1 (1)
board f1 p2 (1)
up f1 f10 (1)
board f10 p3 (1)
board f10 p5 (1)
down f10 f2 (1)
board f2 p6 (1)
up f2 f11 (1)
depart f11 p6 (1)
depart f11 p5 (1)
down f11 f7 (1)
board f7 p0 (1)
up f7 f12 (1)
depart f12 p3 (1)
down f12 f9 (1)
board f9 p1 (1)
board f9 p4 (1)
down f9 f3 (1)
board f3 p7 (1)
depart f3 p1 (1)
up f3 f13 (1)
depart f13 p4 (1)
down f13 f6 (1)
depart f6 p7 (1)
depart f6 p0 (1)
up f6 f15 (1)
depart f15 p2 (1)
[t=0.0139271s, 46212 KB] Plan length: 27 step(s).
[t=0.0139271s, 46212 KB] Plan cost: 27
[t=0.0139271s, 46212 KB] Expanded 39 state(s).
[t=0.0139271s, 46212 KB] Reopened 0 state(s).
[t=0.0139271s, 46212 KB] Evaluated 342 state(s).
[t=0.0139271s, 46212 KB] Evaluations: 342
[t=0.0139271s, 46212 KB] Generated 610 state(s).
[t=0.0139271s, 46212 KB] Dead ends: 0 state(s).
[t=0.0139271s, 46212 KB] Expanded until last jump: 0 state(s).
[t=0.0139271s, 46212 KB] Reopened until last jump: 0 state(s).
[t=0.0139271s, 46212 KB] Evaluated until last jump: 1 state(s).
[t=0.0139271s, 46212 KB] Generated until last jump: 0 state(s).
[t=0.0139271s, 46212 KB] Number of registered states: 342
[t=0.0139271s, 46212 KB] Int hash set load factor: 342/512 = 0.667969
[t=0.0139271s, 46212 KB] Int hash set resizes: 9
[t=0.0139271s, 46212 KB] Search time: 0.0119354s
[t=0.0139271s, 46212 KB] Total time: 0.0139271s
Solution found.
Peak memory: 46212 KB
search exit code: 0

