JOBNAME = miconic-s20-4.sas_0
JOBID = 708038
Linux razor-21.dei.unipd.it 5.12.10-300.fc34.x86_64 #1 SMP Thu Jun 10 14:21:36 UTC 2021 x86_64 x86_64 x86_64 GNU/Linux
INFO     Running search (release).
INFO     search stdin: /nfsd/rop/instances/PlanningSAS/miconic-s20-4.sas
INFO     search time limit: 3600s
INFO     search memory limit: None
INFO     search command line string: /home/salvagni/Basel/downward/builds/release/bin/downward --search 'astar(LMcut())' --internal-plan-file sas_plan < /nfsd/rop/instances/PlanningSAS/miconic-s20-4.sas
[t=0s, 45824 KB] reading input...
[t=0.00398373s, 46100 KB] done reading input!
[t=0.00597548s, 46808 KB] Initializing landmark cut heuristic...
[t=0.00597548s, 46808 KB] Building successor generator...done!
[t=0.00697096s, 46852 KB] peak memory difference for successor generator creation: 44 KB
[t=0.00697096s, 46852 KB] time for successor generation creation: 0.000995474s
[t=0.00697096s, 46852 KB] Variables: 41
[t=0.00697096s, 46852 KB] FactPairs: 120
[t=0.00697096s, 46852 KB] Bytes per state: 8
[t=0.00697096s, 46852 KB] Conducting best first search with reopening closed nodes, (real) bound = 2147483647
[t=0.00697096s, 46852 KB] New best heuristic value for lmcut: 64
[t=0.00796662s, 46852 KB] g=0, 1 evaluated, 0 expanded
[t=0.00796662s, 46852 KB] f = 64, 1 evaluated, 0 expanded
[t=0.00796662s, 46852 KB] Initial heuristic value for lmcut: 64
[t=0.00796662s, 46852 KB] pruning method: none
[t=0.00796662s, 46852 KB] New best heuristic value for lmcut: 63
[t=0.00796662s, 46852 KB] g=1, 2 evaluated, 1 expanded
[t=0.0568143s, 46852 KB] f = 65, 80 evaluated, 2 expanded
[t=0.0578128s, 46852 KB] New best heuristic value for lmcut: 62
[t=0.0578128s, 46852 KB] g=3, 81 evaluated, 3 expanded
[t=0.0578128s, 46852 KB] New best heuristic value for lmcut: 61
[t=0.0578128s, 46852 KB] g=4, 82 evaluated, 4 expanded
[t=0.0817521s, 46852 KB] New best heuristic value for lmcut: 60
[t=0.0817521s, 46852 KB] g=5, 121 evaluated, 6 expanded
[t=0.0817521s, 46852 KB] New best heuristic value for lmcut: 59
[t=0.08275s, 46852 KB] g=6, 122 evaluated, 7 expanded
[t=0.105687s, 46852 KB] New best heuristic value for lmcut: 58
[t=0.105687s, 46852 KB] g=7, 162 evaluated, 9 expanded
[t=0.129625s, 46852 KB] New best heuristic value for lmcut: 57
[t=0.129625s, 46852 KB] g=8, 204 evaluated, 13 expanded
[t=0.242362s, 46852 KB] New best heuristic value for lmcut: 56
[t=0.242362s, 46852 KB] g=9, 403 evaluated, 23 expanded
[t=0.266299s, 46852 KB] New best heuristic value for lmcut: 55
[t=0.266299s, 46852 KB] g=10, 445 evaluated, 27 expanded
[t=0.376049s, 46852 KB] New best heuristic value for lmcut: 54
[t=0.376049s, 46852 KB] g=11, 645 evaluated, 34 expanded
[t=0.397997s, 46852 KB] New best heuristic value for lmcut: 53
[t=0.397997s, 46852 KB] g=12, 685 evaluated, 37 expanded
[t=0.419937s, 46852 KB] New best heuristic value for lmcut: 52
[t=0.419937s, 46852 KB] g=13, 727 evaluated, 41 expanded
[t=0.543655s, 46852 KB] New best heuristic value for lmcut: 51
[t=0.543655s, 46852 KB] g=14, 966 evaluated, 54 expanded
[t=0.58556s, 46852 KB] New best heuristic value for lmcut: 50
[t=0.58556s, 46852 KB] g=15, 1049 evaluated, 60 expanded
[t=0.625461s, 46852 KB] New best heuristic value for lmcut: 49
[t=0.625461s, 46852 KB] g=16, 1129 evaluated, 61 expanded
[t=0.62646s, 46852 KB] New best heuristic value for lmcut: 48
[t=0.62646s, 46852 KB] g=17, 1130 evaluated, 62 expanded
[t=0.64541s, 46852 KB] New best heuristic value for lmcut: 47
[t=0.64541s, 46852 KB] g=18, 1170 evaluated, 64 expanded
[t=0.683314s, 46852 KB] New best heuristic value for lmcut: 46
[t=0.683314s, 46852 KB] g=19, 1252 evaluated, 72 expanded
[t=0.702268s, 46852 KB] New best heuristic value for lmcut: 45
[t=0.702268s, 46852 KB] g=20, 1292 evaluated, 73 expanded
[t=0.720225s, 46852 KB] New best heuristic value for lmcut: 44
[t=0.720225s, 46852 KB] g=21, 1332 evaluated, 76 expanded
[t=0.720225s, 46852 KB] New best heuristic value for lmcut: 43
[t=0.721223s, 46852 KB] g=22, 1333 evaluated, 77 expanded
[t=0.738169s, 46852 KB] New best heuristic value for lmcut: 42
[t=0.738169s, 46852 KB] g=23, 1373 evaluated, 80 expanded
[t=0.772088s, 46852 KB] New best heuristic value for lmcut: 41
[t=0.772088s, 46852 KB] g=24, 1454 evaluated, 84 expanded
[t=0.838927s, 46852 KB] New best heuristic value for lmcut: 40
[t=0.838927s, 46852 KB] g=25, 1614 evaluated, 93 expanded
[t=0.887816s, 46852 KB] New best heuristic value for lmcut: 39
[t=0.887816s, 46852 KB] g=26, 1736 evaluated, 99 expanded
[t=0.903772s, 46852 KB] New best heuristic value for lmcut: 38
[t=0.903772s, 46852 KB] g=27, 1777 evaluated, 100 expanded
[t=1.02948s, 46852 KB] New best heuristic value for lmcut: 37
[t=1.02948s, 46852 KB] g=28, 2096 evaluated, 111 expanded
[t=1.03247s, 46852 KB] New best heuristic value for lmcut: 36
[t=1.03247s, 46852 KB] g=29, 2102 evaluated, 112 expanded
[t=1.04444s, 46852 KB] New best heuristic value for lmcut: 35
[t=1.04444s, 46852 KB] g=30, 2137 evaluated, 114 expanded
[t=1.08933s, 46852 KB] New best heuristic value for lmcut: 34
[t=1.08933s, 46852 KB] g=31, 2263 evaluated, 121 expanded
[t=1.1013s, 46852 KB] New best heuristic value for lmcut: 33
[t=1.1013s, 46852 KB] g=32, 2297 evaluated, 123 expanded
[t=1.11526s, 46852 KB] New best heuristic value for lmcut: 32
[t=1.11526s, 46852 KB] g=33, 2338 evaluated, 124 expanded
[t=1.11726s, 46852 KB] New best heuristic value for lmcut: 31
[t=1.11726s, 46852 KB] g=34, 2344 evaluated, 125 expanded
[t=1.12723s, 46852 KB] New best heuristic value for lmcut: 30
[t=1.12723s, 46852 KB] g=35, 2378 evaluated, 127 expanded
[t=1.14019s, 46852 KB] New best heuristic value for lmcut: 29
[t=1.14019s, 46852 KB] g=36, 2419 evaluated, 128 expanded
[t=1.14219s, 46852 KB] New best heuristic value for lmcut: 28
[t=1.14219s, 46852 KB] g=37, 2425 evaluated, 129 expanded
[t=1.15216s, 46852 KB] New best heuristic value for lmcut: 27
[t=1.15216s, 46852 KB] g=38, 2459 evaluated, 131 expanded
[t=1.15415s, 46852 KB] New best heuristic value for lmcut: 26
[t=1.15415s, 46852 KB] g=39, 2468 evaluated, 132 expanded
[t=1.16313s, 46852 KB] New best heuristic value for lmcut: 25
[t=1.16313s, 46852 KB] g=40, 2499 evaluated, 134 expanded
[t=1.18407s, 46852 KB] New best heuristic value for lmcut: 24
[t=1.18407s, 46852 KB] g=41, 2580 evaluated, 138 expanded
[t=1.18606s, 46852 KB] New best heuristic value for lmcut: 23
[t=1.18606s, 46852 KB] g=42, 2586 evaluated, 139 expanded
[t=1.19404s, 46852 KB] New best heuristic value for lmcut: 22
[t=1.19404s, 46852 KB] g=43, 2620 evaluated, 141 expanded
[t=1.20501s, 46852 KB] New best heuristic value for lmcut: 21
[t=1.20501s, 46852 KB] g=44, 2666 evaluated, 144 expanded
[t=1.21199s, 46852 KB] New best heuristic value for lmcut: 20
[t=1.21199s, 46852 KB] g=45, 2700 evaluated, 146 expanded
[t=1.22994s, 46852 KB] New best heuristic value for lmcut: 19
[t=1.22994s, 46852 KB] g=46, 2782 evaluated, 149 expanded
[t=1.23892s, 46852 KB] New best heuristic value for lmcut: 18
[t=1.23892s, 46852 KB] g=47, 2823 evaluated, 150 expanded
[t=1.30377s, 46852 KB] New best heuristic value for lmcut: 17
[t=1.30377s, 46852 KB] g=48, 3142 evaluated, 162 expanded
[t=1.31174s, 46852 KB] New best heuristic value for lmcut: 16
[t=1.31174s, 46852 KB] g=49, 3183 evaluated, 163 expanded
[t=1.37061s, 46852 KB] New best heuristic value for lmcut: 15
[t=1.37061s, 46852 KB] g=50, 3503 evaluated, 175 expanded
[t=1.37759s, 46852 KB] New best heuristic value for lmcut: 14
[t=1.37759s, 46852 KB] g=51, 3545 evaluated, 176 expanded
[t=1.38457s, 46852 KB] New best heuristic value for lmcut: 13
[t=1.38457s, 46852 KB] g=52, 3586 evaluated, 177 expanded
[t=1.38656s, 46852 KB] New best heuristic value for lmcut: 12
[t=1.38656s, 46852 KB] g=53, 3599 evaluated, 178 expanded
[t=1.39055s, 46852 KB] New best heuristic value for lmcut: 11
[t=1.39055s, 46852 KB] g=54, 3626 evaluated, 180 expanded
[t=1.39554s, 46852 KB] New best heuristic value for lmcut: 10
[t=1.39554s, 46852 KB] g=55, 3667 evaluated, 181 expanded
[t=1.39653s, 46852 KB] New best heuristic value for lmcut: 9
[t=1.39653s, 46852 KB] g=56, 3673 evaluated, 182 expanded
[t=1.40052s, 46852 KB] New best heuristic value for lmcut: 8
[t=1.40052s, 46852 KB] g=57, 3707 evaluated, 184 expanded
[t=1.40451s, 46852 KB] New best heuristic value for lmcut: 7
[t=1.40451s, 46852 KB] g=58, 3748 evaluated, 185 expanded
[t=1.4055s, 46852 KB] New best heuristic value for lmcut: 6
[t=1.4055s, 46852 KB] g=59, 3754 evaluated, 186 expanded
[t=1.40849s, 46852 KB] New best heuristic value for lmcut: 5
[t=1.40849s, 46852 KB] g=60, 3788 evaluated, 188 expanded
[t=1.41149s, 46852 KB] New best heuristic value for lmcut: 4
[t=1.41149s, 46852 KB] g=61, 3829 evaluated, 189 expanded
[t=1.41149s, 46852 KB] New best heuristic value for lmcut: 3
[t=1.41149s, 46852 KB] g=62, 3835 evaluated, 190 expanded
[t=1.41348s, 46852 KB] New best heuristic value for lmcut: 2
[t=1.41348s, 46852 KB] g=63, 3869 evaluated, 191 expanded
[t=1.41547s, 46852 KB] New best heuristic value for lmcut: 1
[t=1.41547s, 46852 KB] g=64, 3908 evaluated, 192 expanded
[t=1.41547s, 46852 KB] New best heuristic value for lmcut: 0
[t=1.41547s, 46852 KB] g=65, 3909 evaluated, 193 expanded
[t=1.41547s, 46852 KB] Solution found!
[t=1.41547s, 46852 KB] Actual search time: 1.40751s
board f0 p18 (1)
up f0 f1 (1)
board f1 p19 (1)
up f1 f12 (1)
depart f12 p18 (1)
up f12 f15 (1)
board f15 p0 (1)
up f15 f18 (1)
board f18 p10 (1)
board f18 p14 (1)
up f18 f21 (1)
board f21 p17 (1)
down f21 f7 (1)
board f7 p13 (1)
board f7 p15 (1)
depart f7 p17 (1)
up f7 f22 (1)
board f22 p2 (1)
board f22 p6 (1)
down f22 f19 (1)
depart f19 p6 (1)
up f19 f23 (1)
board f23 p9 (1)
up f23 f27 (1)
board f27 p12 (1)
board f27 p3 (1)
down f27 f0 (1)
depart f0 p12 (1)
up f0 f28 (1)
board f28 p11 (1)
down f28 f2 (1)
board f2 p1 (1)
depart f2 p11 (1)
up f2 f20 (1)
board f20 p8 (1)
depart f20 p1 (1)
down f20 f5 (1)
depart f5 p3 (1)
up f5 f30 (1)
board f30 p5 (1)
depart f30 p14 (1)
down f30 f29 (1)
depart f29 p5 (1)
up f29 f31 (1)
depart f31 p0 (1)
up f31 f32 (1)
board f32 p16 (1)
down f32 f9 (1)
board f9 p4 (1)
depart f9 p9 (1)
depart f9 p16 (1)
depart f9 p15 (1)
up f9 f24 (1)
depart f24 p4 (1)
depart f24 p19 (1)
up f24 f33 (1)
depart f33 p8 (1)
depart f33 p10 (1)
up f33 f38 (1)
board f38 p7 (1)
depart f38 p2 (1)
down f38 f13 (1)
depart f13 p7 (1)
up f13 f39 (1)
depart f39 p13 (1)
[t=1.41547s, 46852 KB] Plan length: 65 step(s).
[t=1.41547s, 46852 KB] Plan cost: 65
[t=1.41547s, 46852 KB] Expanded 194 state(s).
[t=1.41547s, 46852 KB] Reopened 0 state(s).
[t=1.41547s, 46852 KB] Evaluated 3909 state(s).
[t=1.41547s, 46852 KB] Evaluations: 3909
[t=1.41547s, 46852 KB] Generated 7748 state(s).
[t=1.41547s, 46852 KB] Dead ends: 0 state(s).
[t=1.41547s, 46852 KB] Expanded until last jump: 2 state(s).
[t=1.41547s, 46852 KB] Reopened until last jump: 0 state(s).
[t=1.41547s, 46852 KB] Evaluated until last jump: 80 state(s).
[t=1.41547s, 46852 KB] Generated until last jump: 80 state(s).
[t=1.41547s, 46852 KB] Number of registered states: 3909
[t=1.41547s, 46852 KB] Int hash set load factor: 3909/8192 = 0.477173
[t=1.41547s, 46852 KB] Int hash set resizes: 13
[t=1.41547s, 46852 KB] Search time: 1.4085s
[t=1.41547s, 46852 KB] Total time: 1.41547s
Solution found.
Peak memory: 46852 KB
search exit code: 0

