JOBNAME = miconic-s15-0.sas_0
JOBID = 708009
Linux razor-16.dei.unipd.it 5.12.10-300.fc34.x86_64 #1 SMP Thu Jun 10 14:21:36 UTC 2021 x86_64 x86_64 x86_64 GNU/Linux
INFO     Running search (release).
INFO     search stdin: /nfsd/rop/instances/PlanningSAS/miconic-s15-0.sas
INFO     search time limit: 3600s
INFO     search memory limit: None
INFO     search command line string: /home/salvagni/Basel/downward/builds/release/bin/downward --search 'astar(LMcut())' --internal-plan-file sas_plan < /nfsd/rop/instances/PlanningSAS/miconic-s15-0.sas
[t=0s, 45824 KB] reading input...
[t=0.00198534s, 45948 KB] done reading input!
[t=0.00398008s, 46512 KB] Initializing landmark cut heuristic...
[t=0.00398008s, 46512 KB] Building successor generator...done!
[t=0.00398008s, 46512 KB] peak memory difference for successor generator creation: 0 KB
[t=0.00398008s, 46512 KB] time for successor generation creation: 0s
[t=0.00398008s, 46512 KB] Variables: 31
[t=0.00398008s, 46512 KB] FactPairs: 90
[t=0.00398008s, 46512 KB] Bytes per state: 8
[t=0.00398008s, 46512 KB] Conducting best first search with reopening closed nodes, (real) bound = 2147483647
[t=0.00497597s, 46512 KB] New best heuristic value for lmcut: 46
[t=0.00497597s, 46512 KB] g=0, 1 evaluated, 0 expanded
[t=0.00497597s, 46512 KB] f = 46, 1 evaluated, 0 expanded
[t=0.00497597s, 46512 KB] Initial heuristic value for lmcut: 46
[t=0.00497597s, 46512 KB] pruning method: none
[t=0.00497597s, 46512 KB] New best heuristic value for lmcut: 45
[t=0.00497597s, 46512 KB] g=1, 2 evaluated, 1 expanded
[t=0.0129449s, 46512 KB] New best heuristic value for lmcut: 44
[t=0.0129449s, 46512 KB] g=2, 32 evaluated, 2 expanded
[t=0.0189208s, 46512 KB] New best heuristic value for lmcut: 43
[t=0.0189208s, 46512 KB] g=3, 61 evaluated, 4 expanded
[t=0.019919s, 46512 KB] New best heuristic value for lmcut: 42
[t=0.019919s, 46512 KB] g=4, 63 evaluated, 5 expanded
[t=0.0258939s, 46512 KB] New best heuristic value for lmcut: 41
[t=0.0258939s, 46512 KB] g=5, 91 evaluated, 7 expanded
[t=0.0268924s, 46512 KB] New best heuristic value for lmcut: 40
[t=0.0268924s, 46512 KB] g=6, 94 evaluated, 8 expanded
[t=0.0338695s, 46512 KB] New best heuristic value for lmcut: 39
[t=0.0338695s, 46512 KB] g=7, 125 evaluated, 9 expanded
[t=0.0408435s, 46512 KB] New best heuristic value for lmcut: 38
[t=0.0408435s, 46512 KB] g=8, 156 evaluated, 10 expanded
[t=0.046816s, 46512 KB] New best heuristic value for lmcut: 37
[t=0.046816s, 46512 KB] g=9, 184 evaluated, 13 expanded
[t=0.0527983s, 46512 KB] New best heuristic value for lmcut: 36
[t=0.0527983s, 46512 KB] g=10, 215 evaluated, 14 expanded
[t=0.0527983s, 46512 KB] New best heuristic value for lmcut: 35
[t=0.0527983s, 46512 KB] g=11, 217 evaluated, 15 expanded
[t=0.0587815s, 46512 KB] New best heuristic value for lmcut: 34
[t=0.0587815s, 46512 KB] g=12, 245 evaluated, 18 expanded
[t=0.0587815s, 46512 KB] New best heuristic value for lmcut: 33
[t=0.0587815s, 46512 KB] g=13, 247 evaluated, 19 expanded
[t=0.0637656s, 46512 KB] New best heuristic value for lmcut: 32
[t=0.0637656s, 46512 KB] g=14, 275 evaluated, 22 expanded
[t=0.0697481s, 46512 KB] New best heuristic value for lmcut: 31
[t=0.0697481s, 46512 KB] g=15, 306 evaluated, 23 expanded
[t=0.0857097s, 46512 KB] New best heuristic value for lmcut: 30
[t=0.0857097s, 46512 KB] g=16, 398 evaluated, 29 expanded
[t=0.0896945s, 46512 KB] New best heuristic value for lmcut: 29
[t=0.0896945s, 46512 KB] g=17, 426 evaluated, 32 expanded
[t=0.0946792s, 46512 KB] New best heuristic value for lmcut: 28
[t=0.0946792s, 46512 KB] g=18, 457 evaluated, 33 expanded
[t=0.109641s, 46512 KB] New best heuristic value for lmcut: 27
[t=0.109641s, 46512 KB] g=19, 546 evaluated, 40 expanded
[t=0.113629s, 46512 KB] New best heuristic value for lmcut: 26
[t=0.113629s, 46512 KB] g=20, 577 evaluated, 41 expanded
[t=0.127591s, 46512 KB] New best heuristic value for lmcut: 25
[t=0.127591s, 46512 KB] g=21, 669 evaluated, 46 expanded
[t=0.131579s, 46512 KB] New best heuristic value for lmcut: 24
[t=0.131579s, 46512 KB] g=22, 697 evaluated, 49 expanded
[t=0.135567s, 46512 KB] New best heuristic value for lmcut: 23
[t=0.135567s, 46512 KB] g=23, 728 evaluated, 50 expanded
[t=0.147535s, 46512 KB] New best heuristic value for lmcut: 22
[t=0.147535s, 46512 KB] g=24, 817 evaluated, 57 expanded
[t=0.151524s, 46512 KB] New best heuristic value for lmcut: 21
[t=0.151524s, 46512 KB] g=25, 849 evaluated, 58 expanded
[t=0.155511s, 46512 KB] New best heuristic value for lmcut: 20
[t=0.155511s, 46512 KB] g=26, 880 evaluated, 59 expanded
[t=0.180452s, 46512 KB] New best heuristic value for lmcut: 19
[t=0.180452s, 46512 KB] g=27, 1089 evaluated, 70 expanded
[t=0.183443s, 46512 KB] New best heuristic value for lmcut: 18
[t=0.184441s, 46512 KB] g=28, 1120 evaluated, 71 expanded
[t=0.207384s, 46512 KB] New best heuristic value for lmcut: 17
[t=0.207384s, 46512 KB] g=29, 1328 evaluated, 82 expanded
[t=0.210374s, 46512 KB] New best heuristic value for lmcut: 16
[t=0.210374s, 46512 KB] g=30, 1361 evaluated, 83 expanded
[t=0.213367s, 46512 KB] New best heuristic value for lmcut: 15
[t=0.213367s, 46512 KB] g=31, 1393 evaluated, 84 expanded
[t=0.216356s, 46512 KB] New best heuristic value for lmcut: 14
[t=0.216356s, 46512 KB] g=32, 1424 evaluated, 85 expanded
[t=0.216356s, 46512 KB] New best heuristic value for lmcut: 13
[t=0.216356s, 46512 KB] g=33, 1426 evaluated, 86 expanded
[t=0.218351s, 46512 KB] New best heuristic value for lmcut: 12
[t=0.218351s, 46512 KB] g=34, 1454 evaluated, 88 expanded
[t=0.219348s, 46512 KB] New best heuristic value for lmcut: 11
[t=0.219348s, 46512 KB] g=35, 1456 evaluated, 89 expanded
[t=0.221341s, 46512 KB] New best heuristic value for lmcut: 10
[t=0.221341s, 46512 KB] g=36, 1484 evaluated, 91 expanded
[t=0.225329s, 46512 KB] New best heuristic value for lmcut: 9
[t=0.225329s, 46512 KB] g=37, 1545 evaluated, 94 expanded
[t=0.231312s, 46512 KB] New best heuristic value for lmcut: 8
[t=0.231312s, 46512 KB] g=38, 1637 evaluated, 99 expanded
[t=0.232309s, 46512 KB] New best heuristic value for lmcut: 7
[t=0.232309s, 46512 KB] g=39, 1665 evaluated, 101 expanded
[t=0.234303s, 46512 KB] New best heuristic value for lmcut: 6
[t=0.234303s, 46512 KB] g=40, 1697 evaluated, 102 expanded
[t=0.235298s, 46512 KB] New best heuristic value for lmcut: 5
[t=0.235298s, 46512 KB] g=41, 1728 evaluated, 103 expanded
[t=0.235298s, 46512 KB] New best heuristic value for lmcut: 4
[t=0.235298s, 46512 KB] g=42, 1730 evaluated, 104 expanded
[t=0.237291s, 46512 KB] New best heuristic value for lmcut: 3
[t=0.237291s, 46512 KB] g=43, 1758 evaluated, 106 expanded
[t=0.238289s, 46512 KB] New best heuristic value for lmcut: 2
[t=0.238289s, 46512 KB] g=44, 1789 evaluated, 107 expanded
[t=0.238289s, 46512 KB] New best heuristic value for lmcut: 1
[t=0.238289s, 46512 KB] g=45, 1791 evaluated, 108 expanded
[t=0.238289s, 46512 KB] New best heuristic value for lmcut: 0
[t=0.238289s, 46512 KB] g=46, 1819 evaluated, 109 expanded
[t=0.238289s, 46512 KB] Solution found!
[t=0.238289s, 46512 KB] Actual search time: 0.233313s
board f0 p8 (1)
up f0 f11 (1)
board f11 p10 (1)
down f11 f2 (1)
board f2 p12 (1)
board f2 p13 (1)
board f2 p5 (1)
up f2 f13 (1)
board f13 p0 (1)
depart f13 p13 (1)
down f13 f6 (1)
depart f6 p8 (1)
up f6 f20 (1)
board f20 p6 (1)
depart f20 p12 (1)
down f20 f19 (1)
depart f19 p6 (1)
down f19 f7 (1)
board f7 p14 (1)
depart f7 p5 (1)
up f7 f22 (1)
board f22 p9 (1)
down f22 f8 (1)
depart f8 p10 (1)
up f8 f23 (1)
board f23 p2 (1)
board f23 p7 (1)
down f23 f16 (1)
board f16 p3 (1)
depart f16 p9 (1)
depart f16 p7 (1)
depart f16 p0 (1)
down f16 f12 (1)
depart f12 p3 (1)
up f12 f27 (1)
board f27 p1 (1)
board f27 p11 (1)
down f27 f25 (1)
depart f25 p2 (1)
depart f25 p14 (1)
depart f25 p1 (1)
down f25 f9 (1)
board f9 p4 (1)
depart f9 p11 (1)
down f9 f1 (1)
depart f1 p4 (1)
[t=0.238289s, 46512 KB] Plan length: 46 step(s).
[t=0.238289s, 46512 KB] Plan cost: 46
[t=0.238289s, 46512 KB] Expanded 110 state(s).
[t=0.238289s, 46512 KB] Reopened 0 state(s).
[t=0.238289s, 46512 KB] Evaluated 1819 state(s).
[t=0.238289s, 46512 KB] Evaluations: 1819
[t=0.238289s, 46512 KB] Generated 3298 state(s).
[t=0.238289s, 46512 KB] Dead ends: 0 state(s).
[t=0.238289s, 46512 KB] Expanded until last jump: 0 state(s).
[t=0.238289s, 46512 KB] Reopened until last jump: 0 state(s).
[t=0.238289s, 46512 KB] Evaluated until last jump: 1 state(s).
[t=0.238289s, 46512 KB] Generated until last jump: 0 state(s).
[t=0.238289s, 46512 KB] Number of registered states: 1819
[t=0.238289s, 46512 KB] Int hash set load factor: 1819/2048 = 0.888184
[t=0.238289s, 46512 KB] Int hash set resizes: 11
[t=0.238289s, 46512 KB] Search time: 0.234309s
[t=0.238289s, 46512 KB] Total time: 0.238289s
Solution found.
Peak memory: 46512 KB
search exit code: 0

