JOBNAME = miconic-s22-2.sas_0
JOBID = 708048
Linux razor-21.dei.unipd.it 5.12.10-300.fc34.x86_64 #1 SMP Thu Jun 10 14:21:36 UTC 2021 x86_64 x86_64 x86_64 GNU/Linux
INFO     Running search (release).
INFO     search stdin: /nfsd/rop/instances/PlanningSAS/miconic-s22-2.sas
INFO     search time limit: 3600s
INFO     search memory limit: None
INFO     search command line string: /home/salvagni/Basel/downward/builds/release/bin/downward --search 'astar(LMcut())' --internal-plan-file sas_plan < /nfsd/rop/instances/PlanningSAS/miconic-s22-2.sas
[t=0s, 45824 KB] reading input...
[t=0.00498568s, 46132 KB] done reading input!
[t=0.00697805s, 46868 KB] Initializing landmark cut heuristic...
[t=0.00697805s, 46868 KB] Building successor generator...done!
[t=0.00697805s, 46948 KB] peak memory difference for successor generator creation: 80 KB
[t=0.00697805s, 46948 KB] time for successor generation creation: 0s
[t=0.00797404s, 46948 KB] Variables: 45
[t=0.00797404s, 46948 KB] FactPairs: 132
[t=0.00797404s, 46948 KB] Bytes per state: 8
[t=0.00797404s, 46948 KB] Conducting best first search with reopening closed nodes, (real) bound = 2147483647
[t=0.00897076s, 46948 KB] New best heuristic value for lmcut: 71
[t=0.00897076s, 46948 KB] g=0, 1 evaluated, 0 expanded
[t=0.00897076s, 46948 KB] f = 71, 1 evaluated, 0 expanded
[t=0.00897076s, 46948 KB] Initial heuristic value for lmcut: 71
[t=0.00897076s, 46948 KB] pruning method: none
[t=0.00996716s, 46948 KB] New best heuristic value for lmcut: 70
[t=0.00996716s, 46948 KB] g=1, 2 evaluated, 1 expanded
[t=0.0468384s, 46948 KB] New best heuristic value for lmcut: 69
[t=0.0468384s, 46948 KB] g=2, 45 evaluated, 2 expanded
[t=0.0488309s, 46948 KB] New best heuristic value for lmcut: 68
[t=0.0488309s, 46948 KB] g=3, 47 evaluated, 3 expanded
[t=0.0837502s, 46948 KB] New best heuristic value for lmcut: 67
[t=0.0837502s, 46948 KB] g=4, 89 evaluated, 5 expanded
[t=0.122652s, 46948 KB] New best heuristic value for lmcut: 66
[t=0.122652s, 46948 KB] g=5, 136 evaluated, 10 expanded
[t=0.156561s, 46948 KB] New best heuristic value for lmcut: 65
[t=0.156561s, 46948 KB] g=6, 177 evaluated, 12 expanded
[t=0.229398s, 46948 KB] New best heuristic value for lmcut: 64
[t=0.229398s, 46948 KB] g=7, 267 evaluated, 19 expanded
[t=0.368078s, 46948 KB] New best heuristic value for lmcut: 63
[t=0.368078s, 46948 KB] g=8, 441 evaluated, 24 expanded
[t=0.40398s, 46948 KB] New best heuristic value for lmcut: 62
[t=0.40398s, 46948 KB] g=9, 487 evaluated, 27 expanded
[t=0.783139s, 46948 KB] New best heuristic value for lmcut: 61
[t=0.783139s, 46948 KB] g=10, 973 evaluated, 48 expanded
[t=0.814071s, 46948 KB] New best heuristic value for lmcut: 60
[t=0.814071s, 46948 KB] g=11, 1014 evaluated, 50 expanded
[t=0.879925s, 46948 KB] New best heuristic value for lmcut: 59
[t=0.879925s, 46948 KB] g=12, 1103 evaluated, 55 expanded
[t=0.882915s, 46948 KB] New best heuristic value for lmcut: 58
[t=0.882915s, 46948 KB] g=13, 1106 evaluated, 56 expanded
[t=0.911835s, 46948 KB] New best heuristic value for lmcut: 57
[t=0.911835s, 46948 KB] g=14, 1147 evaluated, 58 expanded
[t=0.975696s, 46948 KB] New best heuristic value for lmcut: 56
[t=0.975696s, 46948 KB] g=15, 1237 evaluated, 65 expanded
[t=1.13035s, 46948 KB] New best heuristic value for lmcut: 55
[t=1.13035s, 46948 KB] g=16, 1455 evaluated, 72 expanded
[t=1.16227s, 46948 KB] New best heuristic value for lmcut: 54
[t=1.16227s, 46948 KB] g=17, 1501 evaluated, 75 expanded
[t=1.40074s, 46948 KB] New best heuristic value for lmcut: 53
[t=1.40074s, 46948 KB] g=18, 1851 evaluated, 92 expanded
[t=1.51848s, 46948 KB] New best heuristic value for lmcut: 52
[t=1.51848s, 46948 KB] g=19, 2029 evaluated, 103 expanded
[t=1.69308s, 46948 KB] New best heuristic value for lmcut: 51
[t=1.69308s, 46948 KB] g=20, 2294 evaluated, 110 expanded
[t=1.97646s, 46948 KB] New best heuristic value for lmcut: 50
[t=1.97646s, 46948 KB] g=21, 2732 evaluated, 128 expanded
[t=1.97845s, 46948 KB] New best heuristic value for lmcut: 49
[t=1.97845s, 46948 KB] g=22, 2735 evaluated, 129 expanded
[t=2.00339s, 46948 KB] New best heuristic value for lmcut: 48
[t=2.00339s, 46948 KB] g=23, 2776 evaluated, 131 expanded
[t=2.0842s, 46948 KB] New best heuristic value for lmcut: 47
[t=2.0842s, 46948 KB] g=24, 2910 evaluated, 140 expanded
[t=2.24285s, 46948 KB] New best heuristic value for lmcut: 46
[t=2.24285s, 46948 KB] g=25, 3175 evaluated, 147 expanded
[t=2.47632s, 46948 KB] New best heuristic value for lmcut: 45
[t=2.47632s, 46948 KB] g=26, 3571 evaluated, 165 expanded
[t=2.52721s, 46948 KB] New best heuristic value for lmcut: 44
[t=2.52721s, 46948 KB] g=27, 3659 evaluated, 166 expanded
[t=2.80459s, 47080 KB] New best heuristic value for lmcut: 43
[t=2.80459s, 47080 KB] g=28, 4143 evaluated, 186 expanded
[t=2.82653s, 47080 KB] New best heuristic value for lmcut: 42
[t=2.82653s, 47080 KB] g=29, 4184 evaluated, 188 expanded
[t=2.87443s, 47080 KB] New best heuristic value for lmcut: 41
[t=2.87443s, 47080 KB] g=30, 4274 evaluated, 194 expanded
[t=3.03807s, 47080 KB] New best heuristic value for lmcut: 40
[t=3.03807s, 47080 KB] g=31, 4583 evaluated, 203 expanded
[t=3.24261s, 47080 KB] New best heuristic value for lmcut: 39
[t=3.24261s, 47080 KB] g=32, 4979 evaluated, 221 expanded
[t=3.28751s, 47080 KB] New best heuristic value for lmcut: 38
[t=3.28751s, 47080 KB] g=33, 5067 evaluated, 222 expanded
[t=3.53097s, 47080 KB] New best heuristic value for lmcut: 37
[t=3.53097s, 47080 KB] g=34, 5554 evaluated, 239 expanded
[t=3.55092s, 47080 KB] New best heuristic value for lmcut: 36
[t=3.55092s, 47080 KB] g=35, 5595 evaluated, 241 expanded
[t=3.59182s, 47080 KB] New best heuristic value for lmcut: 35
[t=3.59182s, 47080 KB] g=36, 5684 evaluated, 245 expanded
[t=3.59282s, 47080 KB] New best heuristic value for lmcut: 34
[t=3.59282s, 47080 KB] g=37, 5687 evaluated, 246 expanded
[t=3.61077s, 47080 KB] New best heuristic value for lmcut: 33
[t=3.61077s, 47080 KB] g=38, 5728 evaluated, 247 expanded
[t=3.66764s, 47080 KB] New best heuristic value for lmcut: 32
[t=3.66764s, 47080 KB] g=39, 5862 evaluated, 255 expanded
[t=3.77939s, 47080 KB] New best heuristic value for lmcut: 31
[t=3.77939s, 47080 KB] g=40, 6127 evaluated, 262 expanded
[t=3.92506s, 47080 KB] New best heuristic value for lmcut: 30
[t=3.92506s, 47080 KB] g=41, 6477 evaluated, 275 expanded
[t=3.97793s, 47080 KB] New best heuristic value for lmcut: 29
[t=3.97793s, 47080 KB] g=42, 6612 evaluated, 283 expanded
[t=4.01185s, 47080 KB] New best heuristic value for lmcut: 28
[t=4.01185s, 47080 KB] g=43, 6700 evaluated, 284 expanded
[t=4.13058s, 47080 KB] New best heuristic value for lmcut: 27
[t=4.13058s, 47080 KB] g=44, 7011 evaluated, 293 expanded
[t=4.14454s, 47080 KB] New best heuristic value for lmcut: 26
[t=4.14454s, 47080 KB] g=45, 7052 evaluated, 294 expanded
[t=4.19143s, 47080 KB] New best heuristic value for lmcut: 25
[t=4.19143s, 47080 KB] g=46, 7187 evaluated, 302 expanded
[t=4.22036s, 47080 KB] New best heuristic value for lmcut: 24
[t=4.22036s, 47080 KB] g=47, 7275 evaluated, 303 expanded
[t=4.32312s, 47212 KB] New best heuristic value for lmcut: 23
[t=4.32312s, 47212 KB] g=48, 7581 evaluated, 314 expanded
[t=4.36502s, 47212 KB] New best heuristic value for lmcut: 22
[t=4.36502s, 47212 KB] g=49, 7717 evaluated, 322 expanded
[t=4.39096s, 47212 KB] New best heuristic value for lmcut: 21
[t=4.39196s, 47212 KB] g=50, 7806 evaluated, 323 expanded
[t=4.40392s, 47212 KB] New best heuristic value for lmcut: 20
[t=4.40392s, 47212 KB] g=51, 7851 evaluated, 324 expanded
[t=4.40492s, 47212 KB] New best heuristic value for lmcut: 19
[t=4.40492s, 47212 KB] g=52, 7854 evaluated, 325 expanded
[t=4.41589s, 47212 KB] New best heuristic value for lmcut: 18
[t=4.41589s, 47212 KB] g=53, 7895 evaluated, 326 expanded
[t=4.44881s, 47212 KB] New best heuristic value for lmcut: 17
[t=4.44881s, 47212 KB] g=54, 8028 evaluated, 332 expanded
[t=4.44981s, 47212 KB] New best heuristic value for lmcut: 16
[t=4.44981s, 47212 KB] g=55, 8031 evaluated, 333 expanded
[t=4.45879s, 47212 KB] New best heuristic value for lmcut: 15
[t=4.45879s, 47212 KB] g=56, 8072 evaluated, 334 expanded
[t=4.47774s, 47212 KB] New best heuristic value for lmcut: 14
[t=4.47774s, 47212 KB] g=57, 8161 evaluated, 337 expanded
[t=4.47874s, 47212 KB] New best heuristic value for lmcut: 13
[t=4.47874s, 47212 KB] g=58, 8164 evaluated, 338 expanded
[t=4.4867s, 47212 KB] New best heuristic value for lmcut: 12
[t=4.4867s, 47212 KB] g=59, 8205 evaluated, 339 expanded
[t=4.50167s, 47212 KB] New best heuristic value for lmcut: 11
[t=4.50266s, 47212 KB] g=60, 8294 evaluated, 342 expanded
[t=4.50366s, 47212 KB] New best heuristic value for lmcut: 10
[t=4.50366s, 47212 KB] g=61, 8302 evaluated, 343 expanded
[t=4.50865s, 47212 KB] New best heuristic value for lmcut: 9
[t=4.50865s, 47212 KB] g=62, 8338 evaluated, 344 expanded
[t=4.51563s, 47212 KB] New best heuristic value for lmcut: 8
[t=4.51563s, 47212 KB] g=63, 8383 evaluated, 345 expanded
[t=4.51662s, 47212 KB] New best heuristic value for lmcut: 7
[t=4.51662s, 47212 KB] g=64, 8395 evaluated, 346 expanded
[t=4.52061s, 47212 KB] New best heuristic value for lmcut: 6
[t=4.52061s, 47212 KB] g=65, 8427 evaluated, 348 expanded
[t=4.52161s, 47212 KB] New best heuristic value for lmcut: 5
[t=4.52161s, 47212 KB] g=66, 8432 evaluated, 349 expanded
[t=4.5256s, 47212 KB] New best heuristic value for lmcut: 4
[t=4.5256s, 47212 KB] g=67, 8471 evaluated, 351 expanded
[t=4.5256s, 47212 KB] New best heuristic value for lmcut: 3
[t=4.5256s, 47212 KB] g=68, 8476 evaluated, 352 expanded
[t=4.52859s, 47212 KB] New best heuristic value for lmcut: 2
[t=4.52859s, 47212 KB] g=69, 8515 evaluated, 354 expanded
[t=4.52859s, 47212 KB] New best heuristic value for lmcut: 1
[t=4.52859s, 47212 KB] g=70, 8520 evaluated, 355 expanded
[t=4.53058s, 47212 KB] New best heuristic value for lmcut: 0
[t=4.53058s, 47212 KB] g=71, 8559 evaluated, 356 expanded
[t=4.53058s, 47212 KB] Solution found!
[t=4.53058s, 47212 KB] Actual search time: 4.52161s
up f0 f1 (1)
board f1 p20 (1)
up f1 f16 (1)
board f16 p9 (1)
down f16 f4 (1)
board f4 p10 (1)
up f4 f24 (1)
board f24 p1 (1)
board f24 p11 (1)
down f24 f17 (1)
depart f17 p9 (1)
depart f17 p11 (1)
down f17 f9 (1)
board f9 p8 (1)
up f9 f22 (1)
depart f22 p1 (1)
up f22 f26 (1)
board f26 p16 (1)
down f26 f21 (1)
board f21 p2 (1)
depart f21 p16 (1)
up f21 f30 (1)
depart f30 p2 (1)
up f30 f33 (1)
board f33 p17 (1)
down f33 f13 (1)
depart f13 p17 (1)
up f13 f34 (1)
board f34 p3 (1)
up f34 f36 (1)
board f36 p19 (1)
depart f36 p20 (1)
depart f36 p10 (1)
down f36 f18 (1)
board f18 p7 (1)
depart f18 p19 (1)
up f18 f42 (1)
board f42 p13 (1)
depart f42 p3 (1)
down f42 f3 (1)
board f3 p12 (1)
board f3 p4 (1)
depart f3 p13 (1)
up f3 f38 (1)
board f38 p5 (1)
depart f38 p12 (1)
down f38 f23 (1)
board f23 p14 (1)
board f23 p15 (1)
depart f23 p8 (1)
depart f23 p5 (1)
down f23 f2 (1)
board f2 p21 (1)
depart f2 p14 (1)
up f2 f11 (1)
board f11 p18 (1)
depart f11 p21 (1)
down f11 f7 (1)
board f7 p6 (1)
depart f7 p4 (1)
up f7 f10 (1)
depart f10 p7 (1)
depart f10 p6 (1)
up f10 f31 (1)
depart f31 p18 (1)
up f31 f35 (1)
depart f35 p15 (1)
up f35 f43 (1)
board f43 p0 (1)
down f43 f12 (1)
depart f12 p0 (1)
[t=4.53058s, 47212 KB] Plan length: 71 step(s).
[t=4.53058s, 47212 KB] Plan cost: 71
[t=4.53058s, 47212 KB] Expanded 357 state(s).
[t=4.53058s, 47212 KB] Reopened 0 state(s).
[t=4.53058s, 47212 KB] Evaluated 8559 state(s).
[t=4.53058s, 47212 KB] Evaluations: 8559
[t=4.53058s, 47212 KB] Generated 15776 state(s).
[t=4.53058s, 47212 KB] Dead ends: 0 state(s).
[t=4.53058s, 47212 KB] Expanded until last jump: 0 state(s).
[t=4.53058s, 47212 KB] Reopened until last jump: 0 state(s).
[t=4.53058s, 47212 KB] Evaluated until last jump: 1 state(s).
[t=4.53058s, 47212 KB] Generated until last jump: 0 state(s).
[t=4.53058s, 47212 KB] Number of registered states: 8559
[t=4.53058s, 47212 KB] Int hash set load factor: 8559/16384 = 0.5224
[t=4.53058s, 47212 KB] Int hash set resizes: 14
[t=4.53058s, 47212 KB] Search time: 4.5226s
[t=4.53058s, 47212 KB] Total time: 4.53058s
Solution found.
Peak memory: 47212 KB
search exit code: 0

