JOBNAME = miconic-s22-1.sas_0
JOBID = 708047
Linux razor-21.dei.unipd.it 5.12.10-300.fc34.x86_64 #1 SMP Thu Jun 10 14:21:36 UTC 2021 x86_64 x86_64 x86_64 GNU/Linux
INFO     Running search (release).
INFO     search stdin: /nfsd/rop/instances/PlanningSAS/miconic-s22-1.sas
INFO     search time limit: 3600s
INFO     search memory limit: None
INFO     search command line string: /home/salvagni/Basel/downward/builds/release/bin/downward --search 'astar(LMcut())' --internal-plan-file sas_plan < /nfsd/rop/instances/PlanningSAS/miconic-s22-1.sas
[t=0s, 45824 KB] reading input...
[t=0.00491399s, 46132 KB] done reading input!
[t=0.00690938s, 46868 KB] Initializing landmark cut heuristic...
[t=0.00690938s, 46868 KB] Building successor generator...done!
[t=0.00690938s, 46948 KB] peak memory difference for successor generator creation: 80 KB
[t=0.00690938s, 46948 KB] time for successor generation creation: 0s
[t=0.00690938s, 46948 KB] Variables: 45
[t=0.00690938s, 46948 KB] FactPairs: 132
[t=0.00690938s, 46948 KB] Bytes per state: 8
[t=0.00690938s, 46948 KB] Conducting best first search with reopening closed nodes, (real) bound = 2147483647
[t=0.00789996s, 46948 KB] New best heuristic value for lmcut: 70
[t=0.00789996s, 46948 KB] g=0, 1 evaluated, 0 expanded
[t=0.00789996s, 46948 KB] f = 70, 1 evaluated, 0 expanded
[t=0.00789996s, 46948 KB] Initial heuristic value for lmcut: 70
[t=0.00789996s, 46948 KB] pruning method: none
[t=0.00889533s, 46948 KB] New best heuristic value for lmcut: 69
[t=0.00889533s, 46948 KB] g=1, 2 evaluated, 1 expanded
[t=0.0477859s, 46948 KB] New best heuristic value for lmcut: 68
[t=0.0477859s, 46948 KB] g=2, 46 evaluated, 2 expanded
[t=0.0837024s, 46948 KB] New best heuristic value for lmcut: 67
[t=0.0837024s, 46948 KB] g=3, 89 evaluated, 3 expanded
[t=0.194452s, 46948 KB] New best heuristic value for lmcut: 66
[t=0.194452s, 46948 KB] g=4, 223 evaluated, 10 expanded
[t=0.337132s, 46948 KB] New best heuristic value for lmcut: 65
[t=0.337132s, 46948 KB] g=5, 397 evaluated, 16 expanded
[t=0.444893s, 46948 KB] New best heuristic value for lmcut: 64
[t=0.444893s, 46948 KB] g=6, 531 evaluated, 23 expanded
[t=0.582525s, 46948 KB] New best heuristic value for lmcut: 63
[t=0.582525s, 46948 KB] g=7, 705 evaluated, 30 expanded
[t=0.687292s, 46948 KB] New best heuristic value for lmcut: 62
[t=0.687292s, 46948 KB] g=8, 839 evaluated, 38 expanded
[t=0.854917s, 46948 KB] New best heuristic value for lmcut: 61
[t=0.854917s, 46948 KB] g=9, 1057 evaluated, 47 expanded
[t=0.955687s, 46948 KB] New best heuristic value for lmcut: 60
[t=0.955687s, 46948 KB] g=10, 1191 evaluated, 54 expanded
[t=1.18518s, 46948 KB] New best heuristic value for lmcut: 59
[t=1.18518s, 46948 KB] g=11, 1497 evaluated, 67 expanded
[t=1.31488s, 46948 KB] New best heuristic value for lmcut: 58
[t=1.31488s, 46948 KB] g=12, 1675 evaluated, 77 expanded
[t=1.53938s, 46948 KB] New best heuristic value for lmcut: 57
[t=1.53938s, 46948 KB] g=13, 1984 evaluated, 90 expanded
[t=1.5693s, 46948 KB] New best heuristic value for lmcut: 56
[t=1.5693s, 46948 KB] g=14, 2026 evaluated, 91 expanded
[t=1.6621s, 46948 KB] New best heuristic value for lmcut: 55
[t=1.6621s, 46948 KB] g=15, 2160 evaluated, 98 expanded
[t=1.90357s, 46948 KB] New best heuristic value for lmcut: 54
[t=1.90357s, 46948 KB] g=16, 2510 evaluated, 114 expanded
[t=1.99337s, 46948 KB] New best heuristic value for lmcut: 53
[t=1.99337s, 46948 KB] g=17, 2644 evaluated, 121 expanded
[t=2.14005s, 46948 KB] New best heuristic value for lmcut: 52
[t=2.14005s, 46948 KB] g=18, 2865 evaluated, 130 expanded
[t=2.16798s, 46948 KB] New best heuristic value for lmcut: 51
[t=2.16798s, 46948 KB] g=19, 2907 evaluated, 131 expanded
[t=2.25279s, 46948 KB] New best heuristic value for lmcut: 50
[t=2.25279s, 46948 KB] g=20, 3041 evaluated, 138 expanded
[t=2.42042s, 46948 KB] New best heuristic value for lmcut: 49
[t=2.42042s, 46948 KB] g=21, 3306 evaluated, 149 expanded
[t=2.44531s, 46948 KB] New best heuristic value for lmcut: 48
[t=2.44531s, 46948 KB] g=22, 3348 evaluated, 150 expanded
[t=2.47225s, 46948 KB] New best heuristic value for lmcut: 47
[t=2.47325s, 46948 KB] g=23, 3393 evaluated, 151 expanded
[t=2.47424s, 46948 KB] New best heuristic value for lmcut: 46
[t=2.47424s, 46948 KB] g=24, 3396 evaluated, 152 expanded
[t=2.49818s, 46948 KB] New best heuristic value for lmcut: 45
[t=2.49818s, 46948 KB] g=25, 3437 evaluated, 153 expanded
[t=2.54906s, 46948 KB] New best heuristic value for lmcut: 44
[t=2.54906s, 46948 KB] g=26, 3527 evaluated, 158 expanded
[t=2.69773s, 46948 KB] New best heuristic value for lmcut: 43
[t=2.69773s, 46948 KB] g=27, 3792 evaluated, 168 expanded
[t=2.69972s, 46948 KB] New best heuristic value for lmcut: 42
[t=2.69972s, 46948 KB] g=28, 3796 evaluated, 169 expanded
[t=2.72067s, 46948 KB] New best heuristic value for lmcut: 41
[t=2.72067s, 46948 KB] g=29, 3836 evaluated, 170 expanded
[t=2.74461s, 46948 KB] New best heuristic value for lmcut: 40
[t=2.74461s, 46948 KB] g=30, 3881 evaluated, 171 expanded
[t=2.7466s, 46948 KB] New best heuristic value for lmcut: 39
[t=2.7466s, 46948 KB] g=31, 3885 evaluated, 172 expanded
[t=2.76655s, 46948 KB] New best heuristic value for lmcut: 38
[t=2.76655s, 46948 KB] g=32, 3925 evaluated, 174 expanded
[t=2.81045s, 47080 KB] New best heuristic value for lmcut: 37
[t=2.81045s, 47080 KB] g=33, 4016 evaluated, 179 expanded
[t=2.85235s, 47080 KB] New best heuristic value for lmcut: 36
[t=2.85235s, 47080 KB] g=34, 4104 evaluated, 180 expanded
[t=2.85534s, 47080 KB] New best heuristic value for lmcut: 35
[t=2.85534s, 47080 KB] g=35, 4110 evaluated, 181 expanded
[t=2.8723s, 47080 KB] New best heuristic value for lmcut: 34
[t=2.8723s, 47080 KB] g=36, 4148 evaluated, 182 expanded
[t=2.9112s, 47080 KB] New best heuristic value for lmcut: 33
[t=2.9112s, 47080 KB] g=37, 4237 evaluated, 186 expanded
[t=2.97106s, 47080 KB] New best heuristic value for lmcut: 32
[t=2.97106s, 47080 KB] g=38, 4375 evaluated, 191 expanded
[t=2.98702s, 47080 KB] New best heuristic value for lmcut: 31
[t=2.98702s, 47080 KB] g=39, 4413 evaluated, 192 expanded
[t=3.02194s, 47080 KB] New best heuristic value for lmcut: 30
[t=3.02194s, 47080 KB] g=40, 4502 evaluated, 196 expanded
[t=3.07376s, 47080 KB] New best heuristic value for lmcut: 29
[t=3.07376s, 47080 KB] g=41, 4633 evaluated, 204 expanded
[t=3.09272s, 47080 KB] New best heuristic value for lmcut: 28
[t=3.09272s, 47080 KB] g=42, 4683 evaluated, 208 expanded
[t=3.10668s, 47080 KB] New best heuristic value for lmcut: 27
[t=3.10668s, 47080 KB] g=43, 4721 evaluated, 209 expanded
[t=3.13761s, 47080 KB] New best heuristic value for lmcut: 26
[t=3.13761s, 47080 KB] g=44, 4810 evaluated, 215 expanded
[t=3.1835s, 47080 KB] New best heuristic value for lmcut: 25
[t=3.1835s, 47080 KB] g=45, 4941 evaluated, 220 expanded
[t=3.19846s, 47080 KB] New best heuristic value for lmcut: 24
[t=3.19846s, 47080 KB] g=46, 4986 evaluated, 221 expanded
[t=3.20145s, 47080 KB] New best heuristic value for lmcut: 23
[t=3.20145s, 47080 KB] g=47, 4995 evaluated, 222 expanded
[t=3.21142s, 47080 KB] New best heuristic value for lmcut: 22
[t=3.21142s, 47080 KB] g=48, 5030 evaluated, 223 expanded
[t=3.22439s, 47080 KB] New best heuristic value for lmcut: 21
[t=3.22539s, 47080 KB] g=49, 5075 evaluated, 224 expanded
[t=3.2623s, 47080 KB] New best heuristic value for lmcut: 20
[t=3.2623s, 47080 KB] g=50, 5206 evaluated, 229 expanded
[t=3.27427s, 47080 KB] New best heuristic value for lmcut: 19
[t=3.27427s, 47080 KB] g=51, 5251 evaluated, 230 expanded
[t=3.38003s, 47080 KB] New best heuristic value for lmcut: 18
[t=3.38003s, 47080 KB] g=52, 5646 evaluated, 245 expanded
[t=3.38501s, 47080 KB] New best heuristic value for lmcut: 17
[t=3.38501s, 47080 KB] g=53, 5667 evaluated, 246 expanded
[t=3.39s, 47080 KB] New best heuristic value for lmcut: 16
[t=3.39s, 47080 KB] g=54, 5690 evaluated, 247 expanded
[t=3.39997s, 47080 KB] New best heuristic value for lmcut: 15
[t=3.39997s, 47080 KB] g=55, 5735 evaluated, 248 expanded
[t=3.48576s, 47080 KB] New best heuristic value for lmcut: 14
[t=3.48676s, 47080 KB] g=56, 6130 evaluated, 263 expanded
[t=3.49574s, 47080 KB] New best heuristic value for lmcut: 13
[t=3.49574s, 47080 KB] g=57, 6176 evaluated, 264 expanded
[t=3.50371s, 47080 KB] New best heuristic value for lmcut: 12
[t=3.50371s, 47080 KB] g=58, 6221 evaluated, 265 expanded
[t=3.5087s, 47080 KB] New best heuristic value for lmcut: 11
[t=3.5087s, 47080 KB] g=59, 6250 evaluated, 266 expanded
[t=3.51169s, 47080 KB] New best heuristic value for lmcut: 10
[t=3.51169s, 47080 KB] g=60, 6265 evaluated, 268 expanded
[t=3.51767s, 47080 KB] New best heuristic value for lmcut: 9
[t=3.51867s, 47080 KB] g=61, 6310 evaluated, 269 expanded
[t=3.54492s, 47080 KB] New best heuristic value for lmcut: 8
[t=3.54492s, 47080 KB] g=62, 6488 evaluated, 274 expanded
[t=3.54871s, 47080 KB] New best heuristic value for lmcut: 7
[t=3.54871s, 47080 KB] g=63, 6517 evaluated, 275 expanded
[t=3.55059s, 47080 KB] New best heuristic value for lmcut: 6
[t=3.55059s, 47080 KB] g=64, 6532 evaluated, 277 expanded
[t=3.55529s, 47080 KB] New best heuristic value for lmcut: 5
[t=3.55529s, 47080 KB] g=65, 6577 evaluated, 278 expanded
[t=3.5682s, 47080 KB] New best heuristic value for lmcut: 4
[t=3.5682s, 47080 KB] g=66, 6708 evaluated, 284 expanded
[t=3.57219s, 47080 KB] New best heuristic value for lmcut: 3
[t=3.57219s, 47080 KB] g=67, 6754 evaluated, 285 expanded
[t=3.57518s, 47080 KB] New best heuristic value for lmcut: 2
[t=3.57518s, 47080 KB] g=68, 6799 evaluated, 286 expanded
[t=3.57717s, 47080 KB] New best heuristic value for lmcut: 1
[t=3.57717s, 47080 KB] g=69, 6829 evaluated, 287 expanded
[t=3.57717s, 47080 KB] New best heuristic value for lmcut: 0
[t=3.57717s, 47080 KB] g=70, 6843 evaluated, 288 expanded
[t=3.57817s, 47080 KB] Solution found!
[t=3.57817s, 47080 KB] Actual search time: 3.57027s
board f0 p0 (1)
up f0 f17 (1)
board f17 p4 (1)
down f17 f4 (1)
board f4 p2 (1)
up f4 f21 (1)
board f21 p20 (1)
down f21 f7 (1)
depart f7 p4 (1)
up f7 f26 (1)
board f26 p15 (1)
board f26 p7 (1)
up f26 f31 (1)
board f31 p14 (1)
down f31 f20 (1)
board f20 p5 (1)
depart f20 p14 (1)
up f20 f24 (1)
board f24 p17 (1)
depart f24 p5 (1)
down f24 f1 (1)
depart f1 p17 (1)
depart f1 p0 (1)
up f1 f32 (1)
board f32 p11 (1)
board f32 p18 (1)
depart f32 p15 (1)
down f32 f11 (1)
board f11 p1 (1)
depart f11 p11 (1)
up f11 f14 (1)
board f14 p12 (1)
board f14 p9 (1)
depart f14 p18 (1)
up f14 f16 (1)
depart f16 p20 (1)
depart f16 p1 (1)
up f16 f36 (1)
board f36 p8 (1)
down f36 f2 (1)
depart f2 p8 (1)
up f2 f38 (1)
board f38 p10 (1)
down f38 f13 (1)
board f13 p3 (1)
depart f13 p10 (1)
up f13 f18 (1)
depart f18 p3 (1)
up f18 f40 (1)
board f40 p19 (1)
down f40 f25 (1)
depart f25 p19 (1)
up f25 f41 (1)
board f41 p16 (1)
down f41 f37 (1)
board f37 p6 (1)
depart f37 p7 (1)
depart f37 p16 (1)
up f37 f39 (1)
depart f39 p9 (1)
depart f39 p6 (1)
depart f39 p2 (1)
up f39 f43 (1)
board f43 p13 (1)
down f43 f5 (1)
board f5 p21 (1)
depart f5 p13 (1)
depart f5 p12 (1)
up f5 f34 (1)
depart f34 p21 (1)
[t=3.57817s, 47080 KB] Plan length: 70 step(s).
[t=3.57817s, 47080 KB] Plan cost: 70
[t=3.57817s, 47080 KB] Expanded 289 state(s).
[t=3.57817s, 47080 KB] Reopened 0 state(s).
[t=3.57817s, 47080 KB] Evaluated 6843 state(s).
[t=3.57817s, 47080 KB] Evaluations: 6843
[t=3.57817s, 47080 KB] Generated 12709 state(s).
[t=3.57817s, 47080 KB] Dead ends: 0 state(s).
[t=3.57817s, 47080 KB] Expanded until last jump: 0 state(s).
[t=3.57817s, 47080 KB] Reopened until last jump: 0 state(s).
[t=3.57817s, 47080 KB] Evaluated until last jump: 1 state(s).
[t=3.57817s, 47080 KB] Generated until last jump: 0 state(s).
[t=3.57817s, 47080 KB] Number of registered states: 6843
[t=3.57817s, 47080 KB] Int hash set load factor: 6843/8192 = 0.835327
[t=3.57817s, 47080 KB] Int hash set resizes: 13
[t=3.57817s, 47080 KB] Search time: 3.57126s
[t=3.57817s, 47080 KB] Total time: 3.57817s
Solution found.
Peak memory: 47080 KB
search exit code: 0

