JOBNAME = miconic-s9-1.sas_0
JOBID = 708125
Linux razor-14.dei.unipd.it 5.12.10-300.fc34.x86_64 #1 SMP Thu Jun 10 14:21:36 UTC 2021 x86_64 x86_64 x86_64 GNU/Linux
INFO     Running search (release).
INFO     search stdin: /nfsd/rop/instances/PlanningSAS/miconic-s9-1.sas
INFO     search time limit: 3600s
INFO     search memory limit: None
INFO     search command line string: /home/salvagni/Basel/downward/builds/release/bin/downward --search 'astar(LMcut())' --internal-plan-file sas_plan < /nfsd/rop/instances/PlanningSAS/miconic-s9-1.sas
[t=0s, 45824 KB] reading input...
[t=0.000996994s, 45824 KB] done reading input!
[t=0.00298892s, 46212 KB] Initializing landmark cut heuristic...
[t=0.00298892s, 46212 KB] Building successor generator...done!
[t=0.00298892s, 46344 KB] peak memory difference for successor generator creation: 132 KB
[t=0.00298892s, 46344 KB] time for successor generation creation: 0s
[t=0.00298892s, 46344 KB] Variables: 19
[t=0.00298892s, 46344 KB] FactPairs: 54
[t=0.00298892s, 46344 KB] Bytes per state: 4
[t=0.00298892s, 46344 KB] Conducting best first search with reopening closed nodes, (real) bound = 2147483647
[t=0.00298892s, 46344 KB] New best heuristic value for lmcut: 29
[t=0.00298892s, 46344 KB] g=0, 1 evaluated, 0 expanded
[t=0.00298892s, 46344 KB] f = 29, 1 evaluated, 0 expanded
[t=0.00298892s, 46344 KB] Initial heuristic value for lmcut: 29
[t=0.00298892s, 46344 KB] pruning method: none
[t=0.00298892s, 46344 KB] New best heuristic value for lmcut: 28
[t=0.00298892s, 46344 KB] g=1, 2 evaluated, 1 expanded
[t=0.00597546s, 46344 KB] f = 30, 36 evaluated, 2 expanded
[t=0.00597546s, 46344 KB] New best heuristic value for lmcut: 27
[t=0.00597546s, 46344 KB] g=3, 37 evaluated, 3 expanded
[t=0.0069654s, 46344 KB] New best heuristic value for lmcut: 26
[t=0.0069654s, 46344 KB] g=4, 56 evaluated, 8 expanded
[t=0.00796174s, 46344 KB] New best heuristic value for lmcut: 25
[t=0.00796174s, 46344 KB] g=5, 73 evaluated, 10 expanded
[t=0.0109502s, 46344 KB] New best heuristic value for lmcut: 24
[t=0.0109502s, 46344 KB] g=6, 110 evaluated, 17 expanded
[t=0.0119486s, 46344 KB] New best heuristic value for lmcut: 23
[t=0.0119486s, 46344 KB] g=7, 128 evaluated, 19 expanded
[t=0.0139333s, 46344 KB] New best heuristic value for lmcut: 22
[t=0.0139333s, 46344 KB] g=8, 165 evaluated, 26 expanded
[t=0.0149308s, 46344 KB] New best heuristic value for lmcut: 21
[t=0.0149308s, 46344 KB] g=9, 183 evaluated, 28 expanded
[t=0.0159276s, 46344 KB] New best heuristic value for lmcut: 20
[t=0.0159276s, 46344 KB] g=10, 202 evaluated, 29 expanded
[t=0.0159276s, 46344 KB] New best heuristic value for lmcut: 19
[t=0.0159276s, 46344 KB] g=11, 203 evaluated, 30 expanded
[t=0.0169244s, 46344 KB] New best heuristic value for lmcut: 18
[t=0.0169244s, 46344 KB] g=12, 221 evaluated, 32 expanded
[t=0.01792s, 46344 KB] New best heuristic value for lmcut: 17
[t=0.01792s, 46344 KB] g=13, 241 evaluated, 36 expanded
[t=0.0189164s, 46344 KB] New best heuristic value for lmcut: 16
[t=0.0189164s, 46344 KB] g=14, 259 evaluated, 37 expanded
[t=0.0199131s, 46344 KB] New best heuristic value for lmcut: 15
[t=0.0199131s, 46344 KB] g=15, 277 evaluated, 38 expanded
[t=0.0199131s, 46344 KB] New best heuristic value for lmcut: 14
[t=0.0199131s, 46344 KB] g=16, 280 evaluated, 39 expanded
[t=0.0199131s, 46344 KB] New best heuristic value for lmcut: 13
[t=0.0199131s, 46344 KB] g=17, 296 evaluated, 40 expanded
[t=0.0219013s, 46344 KB] New best heuristic value for lmcut: 12
[t=0.0219013s, 46344 KB] g=18, 333 evaluated, 44 expanded
[t=0.0219013s, 46344 KB] New best heuristic value for lmcut: 11
[t=0.0219013s, 46344 KB] g=19, 336 evaluated, 45 expanded
[t=0.0219013s, 46344 KB] New best heuristic value for lmcut: 10
[t=0.0219013s, 46344 KB] g=20, 351 evaluated, 46 expanded
[t=0.0228985s, 46344 KB] New best heuristic value for lmcut: 9
[t=0.0228985s, 46344 KB] g=21, 375 evaluated, 50 expanded
[t=0.0228985s, 46344 KB] New best heuristic value for lmcut: 8
[t=0.0228985s, 46344 KB] g=22, 387 evaluated, 51 expanded
[t=0.0238952s, 46344 KB] New best heuristic value for lmcut: 7
[t=0.0238952s, 46344 KB] g=23, 412 evaluated, 55 expanded
[t=0.0238952s, 46344 KB] New best heuristic value for lmcut: 6
[t=0.0238952s, 46344 KB] g=24, 423 evaluated, 56 expanded
[t=0.0248921s, 46344 KB] New best heuristic value for lmcut: 5
[t=0.0248921s, 46344 KB] g=25, 444 evaluated, 59 expanded
[t=0.0248921s, 46344 KB] New best heuristic value for lmcut: 4
[t=0.0248921s, 46344 KB] g=26, 459 evaluated, 60 expanded
[t=0.0258867s, 46344 KB] New best heuristic value for lmcut: 3
[t=0.0258867s, 46344 KB] g=27, 496 evaluated, 63 expanded
[t=0.0258867s, 46344 KB] New best heuristic value for lmcut: 2
[t=0.0258867s, 46344 KB] g=28, 504 evaluated, 64 expanded
[t=0.0258867s, 46344 KB] New best heuristic value for lmcut: 1
[t=0.0258867s, 46344 KB] g=29, 514 evaluated, 65 expanded
[t=0.0258867s, 46344 KB] New best heuristic value for lmcut: 0
[t=0.0258867s, 46344 KB] g=30, 533 evaluated, 66 expanded
[t=0.0258867s, 46344 KB] Solution found!
[t=0.0258867s, 46344 KB] Actual search time: 0.0228978s
board f0 p5 (1)
up f0 f13 (1)
board f13 p4 (1)
down f13 f4 (1)
depart f4 p5 (1)
up f4 f16 (1)
board f16 p2 (1)
down f16 f1 (1)
board f1 p3 (1)
depart f1 p2 (1)
up f1 f17 (1)
board f17 p1 (1)
board f17 p6 (1)
down f17 f0 (1)
depart f0 p6 (1)
up f0 f2 (1)
board f2 p0 (1)
depart f2 p1 (1)
up f2 f5 (1)
depart f5 p0 (1)
up f5 f6 (1)
board f6 p8 (1)
up f6 f12 (1)
depart f12 p8 (1)
down f12 f7 (1)
board f7 p7 (1)
depart f7 p4 (1)
up f7 f10 (1)
depart f10 p7 (1)
depart f10 p3 (1)
[t=0.0258867s, 46344 KB] Plan length: 30 step(s).
[t=0.0258867s, 46344 KB] Plan cost: 30
[t=0.0258867s, 46344 KB] Expanded 67 state(s).
[t=0.0258867s, 46344 KB] Reopened 0 state(s).
[t=0.0258867s, 46344 KB] Evaluated 533 state(s).
[t=0.0258867s, 46344 KB] Evaluations: 533
[t=0.0258867s, 46344 KB] Generated 1180 state(s).
[t=0.0258867s, 46344 KB] Dead ends: 0 state(s).
[t=0.0258867s, 46344 KB] Expanded until last jump: 2 state(s).
[t=0.0258867s, 46344 KB] Reopened until last jump: 0 state(s).
[t=0.0258867s, 46344 KB] Evaluated until last jump: 36 state(s).
[t=0.0258867s, 46344 KB] Generated until last jump: 36 state(s).
[t=0.0258867s, 46344 KB] Number of registered states: 533
[t=0.0258867s, 46344 KB] Int hash set load factor: 533/1024 = 0.520508
[t=0.0258867s, 46344 KB] Int hash set resizes: 10
[t=0.0258867s, 46344 KB] Search time: 0.0228978s
[t=0.0258867s, 46344 KB] Total time: 0.0258867s
Solution found.
Peak memory: 46344 KB
search exit code: 0

