JOBNAME = miconic-s18-0.sas_0
JOBID = 708024
Linux razor-24.dei.unipd.it 5.12.10-300.fc34.x86_64 #1 SMP Thu Jun 10 14:21:36 UTC 2021 x86_64 x86_64 x86_64 GNU/Linux
INFO     Running search (release).
INFO     search stdin: /nfsd/rop/instances/PlanningSAS/miconic-s18-0.sas
INFO     search time limit: 3600s
INFO     search memory limit: None
INFO     search command line string: /home/salvagni/Basel/downward/builds/release/bin/downward --search 'astar(LMcut())' --internal-plan-file sas_plan < /nfsd/rop/instances/PlanningSAS/miconic-s18-0.sas
[t=0s, 45824 KB] reading input...
[t=0.00294472s, 45960 KB] done reading input!
[t=0.00493769s, 46668 KB] Initializing landmark cut heuristic...
[t=0.00493769s, 46668 KB] Building successor generator...done!
[t=0.00493769s, 46784 KB] peak memory difference for successor generator creation: 116 KB
[t=0.00493769s, 46784 KB] time for successor generation creation: 0s
[t=0.00493769s, 46784 KB] Variables: 37
[t=0.00493769s, 46784 KB] FactPairs: 108
[t=0.00493769s, 46784 KB] Bytes per state: 8
[t=0.00493769s, 46784 KB] Conducting best first search with reopening closed nodes, (real) bound = 2147483647
[t=0.0059337s, 46784 KB] New best heuristic value for lmcut: 59
[t=0.0059337s, 46784 KB] g=0, 1 evaluated, 0 expanded
[t=0.0059337s, 46784 KB] f = 59, 1 evaluated, 0 expanded
[t=0.0059337s, 46784 KB] Initial heuristic value for lmcut: 59
[t=0.0059337s, 46784 KB] pruning method: none
[t=0.0059337s, 46784 KB] New best heuristic value for lmcut: 58
[t=0.0059337s, 46784 KB] g=1, 2 evaluated, 1 expanded
[t=0.0218664s, 46784 KB] New best heuristic value for lmcut: 57
[t=0.0218664s, 46784 KB] g=2, 37 evaluated, 2 expanded
[t=0.0378245s, 46784 KB] New best heuristic value for lmcut: 56
[t=0.0378245s, 46784 KB] g=3, 75 evaluated, 5 expanded
[t=0.0527846s, 46784 KB] New best heuristic value for lmcut: 55
[t=0.0527846s, 46784 KB] g=4, 109 evaluated, 6 expanded
[t=0.0687427s, 46784 KB] New best heuristic value for lmcut: 54
[t=0.0687427s, 46784 KB] g=5, 147 evaluated, 10 expanded
[t=0.12759s, 46784 KB] New best heuristic value for lmcut: 53
[t=0.12759s, 46784 KB] g=6, 289 evaluated, 17 expanded
[t=0.14355s, 46784 KB] New best heuristic value for lmcut: 52
[t=0.14355s, 46784 KB] g=7, 327 evaluated, 21 expanded
[t=0.215379s, 46784 KB] New best heuristic value for lmcut: 51
[t=0.215379s, 46784 KB] g=8, 505 evaluated, 29 expanded
[t=0.23034s, 46784 KB] New best heuristic value for lmcut: 50
[t=0.23034s, 46784 KB] g=9, 543 evaluated, 33 expanded
[t=0.300176s, 46784 KB] New best heuristic value for lmcut: 49
[t=0.300176s, 46784 KB] g=10, 724 evaluated, 41 expanded
[t=0.313141s, 46784 KB] New best heuristic value for lmcut: 48
[t=0.313141s, 46784 KB] g=11, 758 evaluated, 42 expanded
[t=0.327105s, 46784 KB] New best heuristic value for lmcut: 47
[t=0.327105s, 46784 KB] g=12, 796 evaluated, 46 expanded
[t=0.41889s, 46784 KB] New best heuristic value for lmcut: 46
[t=0.41889s, 46784 KB] g=13, 1046 evaluated, 56 expanded
[t=0.432855s, 46784 KB] New best heuristic value for lmcut: 45
[t=0.432855s, 46784 KB] g=14, 1084 evaluated, 60 expanded
[t=0.547594s, 46784 KB] New best heuristic value for lmcut: 44
[t=0.547594s, 46784 KB] g=15, 1409 evaluated, 74 expanded
[t=0.559562s, 46784 KB] New best heuristic value for lmcut: 43
[t=0.559562s, 46784 KB] g=16, 1443 evaluated, 75 expanded
[t=0.596477s, 46784 KB] New best heuristic value for lmcut: 42
[t=0.596477s, 46784 KB] g=17, 1554 evaluated, 83 expanded
[t=0.620414s, 46784 KB] New best heuristic value for lmcut: 41
[t=0.620414s, 46784 KB] g=18, 1626 evaluated, 84 expanded
[t=0.620414s, 46784 KB] New best heuristic value for lmcut: 40
[t=0.620414s, 46784 KB] g=19, 1628 evaluated, 85 expanded
[t=0.631383s, 46784 KB] New best heuristic value for lmcut: 39
[t=0.631383s, 46784 KB] g=20, 1662 evaluated, 86 expanded
[t=0.643352s, 46784 KB] New best heuristic value for lmcut: 38
[t=0.643352s, 46784 KB] g=21, 1700 evaluated, 89 expanded
[t=0.653325s, 46784 KB] New best heuristic value for lmcut: 37
[t=0.653325s, 46784 KB] g=22, 1734 evaluated, 90 expanded
[t=0.685246s, 46784 KB] New best heuristic value for lmcut: 36
[t=0.685246s, 46784 KB] g=23, 1844 evaluated, 98 expanded
[t=0.694219s, 46784 KB] New best heuristic value for lmcut: 35
[t=0.694219s, 46784 KB] g=24, 1878 evaluated, 99 expanded
[t=0.725142s, 46784 KB] New best heuristic value for lmcut: 34
[t=0.725142s, 46784 KB] g=25, 1988 evaluated, 106 expanded
[t=0.734116s, 46784 KB] New best heuristic value for lmcut: 33
[t=0.734116s, 46784 KB] g=26, 2022 evaluated, 107 expanded
[t=0.77202s, 46784 KB] New best heuristic value for lmcut: 32
[t=0.77202s, 46784 KB] g=27, 2168 evaluated, 114 expanded
[t=0.781993s, 46784 KB] New best heuristic value for lmcut: 31
[t=0.781993s, 46784 KB] g=28, 2205 evaluated, 115 expanded
[t=0.781993s, 46784 KB] New best heuristic value for lmcut: 30
[t=0.781993s, 46784 KB] g=29, 2207 evaluated, 116 expanded
[t=0.790967s, 46784 KB] New best heuristic value for lmcut: 29
[t=0.790967s, 46784 KB] g=30, 2241 evaluated, 117 expanded
[t=0.815907s, 46784 KB] New best heuristic value for lmcut: 28
[t=0.815907s, 46784 KB] g=31, 2351 evaluated, 124 expanded
[t=0.823884s, 46784 KB] New best heuristic value for lmcut: 27
[t=0.823884s, 46784 KB] g=32, 2385 evaluated, 125 expanded
[t=0.847825s, 46784 KB] New best heuristic value for lmcut: 26
[t=0.847825s, 46784 KB] g=33, 2494 evaluated, 130 expanded
[t=0.847825s, 46784 KB] New best heuristic value for lmcut: 25
[t=0.847825s, 46784 KB] g=34, 2496 evaluated, 131 expanded
[t=0.854804s, 46784 KB] New best heuristic value for lmcut: 24
[t=0.854804s, 46784 KB] g=35, 2530 evaluated, 132 expanded
[t=0.869765s, 46784 KB] New best heuristic value for lmcut: 23
[t=0.869765s, 46784 KB] g=36, 2604 evaluated, 138 expanded
[t=0.875744s, 46784 KB] New best heuristic value for lmcut: 22
[t=0.875744s, 46784 KB] g=37, 2638 evaluated, 139 expanded
[t=0.889703s, 46784 KB] New best heuristic value for lmcut: 21
[t=0.889703s, 46784 KB] g=38, 2712 evaluated, 146 expanded
[t=0.895686s, 46784 KB] New best heuristic value for lmcut: 20
[t=0.895686s, 46784 KB] g=39, 2746 evaluated, 147 expanded
[t=0.913638s, 46784 KB] New best heuristic value for lmcut: 19
[t=0.913638s, 46784 KB] g=40, 2856 evaluated, 154 expanded
[t=0.919621s, 46784 KB] New best heuristic value for lmcut: 18
[t=0.919621s, 46784 KB] g=41, 2893 evaluated, 155 expanded
[t=0.919621s, 46784 KB] New best heuristic value for lmcut: 17
[t=0.919621s, 46784 KB] g=42, 2895 evaluated, 156 expanded
[t=0.924605s, 46784 KB] New best heuristic value for lmcut: 16
[t=0.924605s, 46784 KB] g=43, 2929 evaluated, 157 expanded
[t=0.939564s, 46784 KB] New best heuristic value for lmcut: 15
[t=0.940563s, 46784 KB] g=44, 3038 evaluated, 164 expanded
[t=0.940563s, 46784 KB] New best heuristic value for lmcut: 14
[t=0.940563s, 46784 KB] g=45, 3040 evaluated, 165 expanded
[t=0.944549s, 46784 KB] New best heuristic value for lmcut: 13
[t=0.944549s, 46784 KB] g=46, 3074 evaluated, 166 expanded
[t=0.948538s, 46784 KB] New best heuristic value for lmcut: 12
[t=0.948538s, 46784 KB] g=47, 3111 evaluated, 167 expanded
[t=0.949536s, 46784 KB] New best heuristic value for lmcut: 11
[t=0.949536s, 46784 KB] g=48, 3119 evaluated, 168 expanded
[t=0.952525s, 46784 KB] New best heuristic value for lmcut: 10
[t=0.952525s, 46784 KB] g=49, 3147 evaluated, 169 expanded
[t=0.956513s, 46784 KB] New best heuristic value for lmcut: 9
[t=0.956513s, 46784 KB] g=50, 3184 evaluated, 170 expanded
[t=0.957511s, 46784 KB] New best heuristic value for lmcut: 8
[t=0.957511s, 46784 KB] g=51, 3199 evaluated, 171 expanded
[t=0.959503s, 46784 KB] New best heuristic value for lmcut: 7
[t=0.959503s, 46784 KB] g=52, 3220 evaluated, 173 expanded
[t=0.961497s, 46784 KB] New best heuristic value for lmcut: 6
[t=0.961497s, 46784 KB] g=53, 3247 evaluated, 174 expanded
[t=0.961497s, 46784 KB] New best heuristic value for lmcut: 5
[t=0.961497s, 46784 KB] g=54, 3256 evaluated, 176 expanded
[t=0.964488s, 46784 KB] New best heuristic value for lmcut: 4
[t=0.964488s, 46784 KB] g=55, 3293 evaluated, 177 expanded
[t=0.965486s, 46784 KB] New best heuristic value for lmcut: 3
[t=0.965486s, 46784 KB] g=56, 3326 evaluated, 178 expanded
[t=0.965486s, 46784 KB] New best heuristic value for lmcut: 2
[t=0.965486s, 46784 KB] g=57, 3329 evaluated, 180 expanded
[t=0.966482s, 46784 KB] New best heuristic value for lmcut: 1
[t=0.966482s, 46784 KB] g=58, 3363 evaluated, 181 expanded
[t=0.966482s, 46784 KB] New best heuristic value for lmcut: 0
[t=0.967478s, 46784 KB] g=59, 3365 evaluated, 182 expanded
[t=0.967478s, 46784 KB] Solution found!
[t=0.967478s, 46784 KB] Actual search time: 0.961544s
up f0 f10 (1)
board f10 p3 (1)
down f10 f9 (1)
board f9 p1 (1)
up f9 f12 (1)
depart f12 p3 (1)
up f12 f14 (1)
board f14 p5 (1)
board f14 p6 (1)
up f14 f15 (1)
board f15 p11 (1)
up f15 f19 (1)
board f19 p0 (1)
board f19 p13 (1)
down f19 f5 (1)
board f5 p15 (1)
board f5 p2 (1)
depart f5 p13 (1)
down f5 f3 (1)
depart f3 p15 (1)
up f3 f23 (1)
board f23 p7 (1)
down f23 f22 (1)
depart f22 p7 (1)
down f22 f7 (1)
depart f7 p6 (1)
depart f7 p2 (1)
depart f7 p1 (1)
up f7 f24 (1)
board f24 p8 (1)
down f24 f18 (1)
board f18 p14 (1)
depart f18 p8 (1)
up f18 f26 (1)
board f26 p12 (1)
up f26 f30 (1)
depart f30 p14 (1)
up f30 f31 (1)
board f31 p17 (1)
depart f31 p5 (1)
depart f31 p12 (1)
up f31 f33 (1)
board f33 p4 (1)
depart f33 p11 (1)
down f33 f1 (1)
board f1 p16 (1)
depart f1 p4 (1)
up f1 f16 (1)
board f16 p9 (1)
depart f16 p16 (1)
up f16 f28 (1)
depart f28 p9 (1)
up f28 f34 (1)
depart f34 p17 (1)
depart f34 p0 (1)
up f34 f35 (1)
board f35 p10 (1)
down f35 f8 (1)
depart f8 p10 (1)
[t=0.967478s, 46784 KB] Plan length: 59 step(s).
[t=0.967478s, 46784 KB] Plan cost: 59
[t=0.967478s, 46784 KB] Expanded 183 state(s).
[t=0.967478s, 46784 KB] Reopened 0 state(s).
[t=0.967478s, 46784 KB] Evaluated 3365 state(s).
[t=0.967478s, 46784 KB] Evaluations: 3365
[t=0.967478s, 46784 KB] Generated 6569 state(s).
[t=0.967478s, 46784 KB] Dead ends: 0 state(s).
[t=0.967478s, 46784 KB] Expanded until last jump: 0 state(s).
[t=0.967478s, 46784 KB] Reopened until last jump: 0 state(s).
[t=0.967478s, 46784 KB] Evaluated until last jump: 1 state(s).
[t=0.967478s, 46784 KB] Generated until last jump: 0 state(s).
[t=0.967478s, 46784 KB] Number of registered states: 3365
[t=0.967478s, 46784 KB] Int hash set load factor: 3365/4096 = 0.821533
[t=0.967478s, 46784 KB] Int hash set resizes: 12
[t=0.967478s, 46784 KB] Search time: 0.96254s
[t=0.967478s, 46784 KB] Total time: 0.967478s
Solution found.
Peak memory: 46784 KB
search exit code: 0

