JOBNAME = miconic-s18-1.sas_0
JOBID = 708025
Linux razor-24.dei.unipd.it 5.12.10-300.fc34.x86_64 #1 SMP Thu Jun 10 14:21:36 UTC 2021 x86_64 x86_64 x86_64 GNU/Linux
INFO     Running search (release).
INFO     search stdin: /nfsd/rop/instances/PlanningSAS/miconic-s18-1.sas
INFO     search time limit: 3600s
INFO     search memory limit: None
INFO     search command line string: /home/salvagni/Basel/downward/builds/release/bin/downward --search 'astar(LMcut())' --internal-plan-file sas_plan < /nfsd/rop/instances/PlanningSAS/miconic-s18-1.sas
[t=0s, 45824 KB] reading input...
[t=0.00294698s, 45960 KB] done reading input!
[t=0.00494125s, 46668 KB] Initializing landmark cut heuristic...
[t=0.00494125s, 46668 KB] Building successor generator...done!
[t=0.00494125s, 46784 KB] peak memory difference for successor generator creation: 116 KB
[t=0.00494125s, 46784 KB] time for successor generation creation: 0s
[t=0.00494125s, 46784 KB] Variables: 37
[t=0.00494125s, 46784 KB] FactPairs: 108
[t=0.00494125s, 46784 KB] Bytes per state: 8
[t=0.00494125s, 46784 KB] Conducting best first search with reopening closed nodes, (real) bound = 2147483647
[t=0.00593766s, 46784 KB] New best heuristic value for lmcut: 58
[t=0.00593766s, 46784 KB] g=0, 1 evaluated, 0 expanded
[t=0.00593766s, 46784 KB] f = 58, 1 evaluated, 0 expanded
[t=0.00593766s, 46784 KB] Initial heuristic value for lmcut: 58
[t=0.00593766s, 46784 KB] pruning method: none
[t=0.00593766s, 46784 KB] New best heuristic value for lmcut: 57
[t=0.00593766s, 46784 KB] g=1, 2 evaluated, 1 expanded
[t=0.0228748s, 46784 KB] New best heuristic value for lmcut: 56
[t=0.0228748s, 46784 KB] g=2, 38 evaluated, 2 expanded
[t=0.0378328s, 46784 KB] New best heuristic value for lmcut: 55
[t=0.0378328s, 46784 KB] g=3, 73 evaluated, 3 expanded
[t=0.0687582s, 46784 KB] New best heuristic value for lmcut: 54
[t=0.0687582s, 46784 KB] g=4, 147 evaluated, 9 expanded
[t=0.0827225s, 46784 KB] New best heuristic value for lmcut: 53
[t=0.0827225s, 46784 KB] g=5, 181 evaluated, 10 expanded
[t=0.112646s, 46784 KB] New best heuristic value for lmcut: 52
[t=0.112646s, 46784 KB] g=6, 255 evaluated, 16 expanded
[t=0.126606s, 46784 KB] New best heuristic value for lmcut: 51
[t=0.126606s, 46784 KB] g=7, 289 evaluated, 17 expanded
[t=0.155532s, 46784 KB] New best heuristic value for lmcut: 50
[t=0.155532s, 46784 KB] g=8, 363 evaluated, 24 expanded
[t=0.169495s, 46784 KB] New best heuristic value for lmcut: 49
[t=0.169495s, 46784 KB] g=9, 397 evaluated, 25 expanded
[t=0.197428s, 46784 KB] New best heuristic value for lmcut: 48
[t=0.197428s, 46784 KB] g=10, 471 evaluated, 32 expanded
[t=0.209397s, 46784 KB] New best heuristic value for lmcut: 47
[t=0.209397s, 46784 KB] g=11, 505 evaluated, 33 expanded
[t=0.236331s, 46784 KB] New best heuristic value for lmcut: 46
[t=0.236331s, 46784 KB] g=12, 579 evaluated, 40 expanded
[t=0.248297s, 46784 KB] New best heuristic value for lmcut: 45
[t=0.248297s, 46784 KB] g=13, 613 evaluated, 41 expanded
[t=0.299178s, 46784 KB] New best heuristic value for lmcut: 44
[t=0.299178s, 46784 KB] g=14, 758 evaluated, 51 expanded
[t=0.300176s, 46784 KB] New best heuristic value for lmcut: 43
[t=0.300176s, 46784 KB] g=15, 760 evaluated, 52 expanded
[t=0.311144s, 46784 KB] New best heuristic value for lmcut: 42
[t=0.311144s, 46784 KB] g=16, 794 evaluated, 53 expanded
[t=0.34706s, 46784 KB] New best heuristic value for lmcut: 41
[t=0.34706s, 46784 KB] g=17, 904 evaluated, 63 expanded
[t=0.359024s, 46784 KB] New best heuristic value for lmcut: 40
[t=0.359024s, 46784 KB] g=18, 941 evaluated, 64 expanded
[t=0.369996s, 46784 KB] New best heuristic value for lmcut: 39
[t=0.369996s, 46784 KB] g=19, 975 evaluated, 65 expanded
[t=0.403914s, 46784 KB] New best heuristic value for lmcut: 38
[t=0.403914s, 46784 KB] g=20, 1085 evaluated, 75 expanded
[t=0.413887s, 46784 KB] New best heuristic value for lmcut: 37
[t=0.413887s, 46784 KB] g=21, 1119 evaluated, 76 expanded
[t=0.445812s, 46784 KB] New best heuristic value for lmcut: 36
[t=0.445812s, 46784 KB] g=22, 1229 evaluated, 86 expanded
[t=0.454787s, 46784 KB] New best heuristic value for lmcut: 35
[t=0.454787s, 46784 KB] g=23, 1263 evaluated, 87 expanded
[t=0.485705s, 46784 KB] New best heuristic value for lmcut: 34
[t=0.485705s, 46784 KB] g=24, 1374 evaluated, 97 expanded
[t=0.505653s, 46784 KB] New best heuristic value for lmcut: 33
[t=0.505653s, 46784 KB] g=25, 1446 evaluated, 98 expanded
[t=0.572451s, 46784 KB] New best heuristic value for lmcut: 32
[t=0.572451s, 46784 KB] g=26, 1696 evaluated, 108 expanded
[t=0.592402s, 46784 KB] New best heuristic value for lmcut: 31
[t=0.592402s, 46784 KB] g=27, 1771 evaluated, 115 expanded
[t=0.610358s, 46784 KB] New best heuristic value for lmcut: 30
[t=0.610358s, 46784 KB] g=28, 1843 evaluated, 116 expanded
[t=0.681185s, 46784 KB] New best heuristic value for lmcut: 29
[t=0.681185s, 46784 KB] g=29, 2129 evaluated, 129 expanded
[t=0.69914s, 46784 KB] New best heuristic value for lmcut: 28
[t=0.69914s, 46784 KB] g=30, 2203 evaluated, 134 expanded
[t=0.70612s, 46784 KB] New best heuristic value for lmcut: 27
[t=0.70612s, 46784 KB] g=31, 2237 evaluated, 135 expanded
[t=0.730057s, 46784 KB] New best heuristic value for lmcut: 26
[t=0.730057s, 46784 KB] g=32, 2347 evaluated, 142 expanded
[t=0.738034s, 46784 KB] New best heuristic value for lmcut: 25
[t=0.738034s, 46784 KB] g=33, 2381 evaluated, 143 expanded
[t=0.759978s, 46784 KB] New best heuristic value for lmcut: 24
[t=0.759978s, 46784 KB] g=34, 2492 evaluated, 151 expanded
[t=0.773941s, 46784 KB] New best heuristic value for lmcut: 23
[t=0.774939s, 46784 KB] g=35, 2564 evaluated, 152 expanded
[t=0.829811s, 46784 KB] New best heuristic value for lmcut: 22
[t=0.829811s, 46784 KB] g=36, 2851 evaluated, 167 expanded
[t=0.835794s, 46784 KB] New best heuristic value for lmcut: 21
[t=0.835794s, 46784 KB] g=37, 2885 evaluated, 168 expanded
[t=0.854745s, 46784 KB] New best heuristic value for lmcut: 20
[t=0.854745s, 46784 KB] g=38, 2996 evaluated, 175 expanded
[t=0.867711s, 46784 KB] New best heuristic value for lmcut: 19
[t=0.867711s, 46784 KB] g=39, 3068 evaluated, 176 expanded
[t=0.909611s, 46784 KB] New best heuristic value for lmcut: 18
[t=0.909611s, 46784 KB] g=40, 3322 evaluated, 187 expanded
[t=0.914596s, 46784 KB] New best heuristic value for lmcut: 17
[t=0.914596s, 46784 KB] g=41, 3356 evaluated, 188 expanded
[t=0.925566s, 46784 KB] New best heuristic value for lmcut: 16
[t=0.925566s, 46784 KB] g=42, 3433 evaluated, 193 expanded
[t=0.936537s, 46784 KB] New best heuristic value for lmcut: 15
[t=0.936537s, 46784 KB] g=43, 3507 evaluated, 194 expanded
[t=0.941522s, 46784 KB] New best heuristic value for lmcut: 14
[t=0.941522s, 46784 KB] g=44, 3545 evaluated, 195 expanded
[t=0.945509s, 46784 KB] New best heuristic value for lmcut: 13
[t=0.945509s, 46784 KB] g=45, 3582 evaluated, 196 expanded
[t=0.946507s, 46784 KB] New best heuristic value for lmcut: 12
[t=0.946507s, 46784 KB] g=46, 3584 evaluated, 197 expanded
[t=0.949496s, 46784 KB] New best heuristic value for lmcut: 11
[t=0.949496s, 46784 KB] g=47, 3618 evaluated, 198 expanded
[t=0.961462s, 46784 KB] New best heuristic value for lmcut: 10
[t=0.961462s, 46784 KB] g=48, 3727 evaluated, 203 expanded
[t=0.961462s, 46784 KB] New best heuristic value for lmcut: 9
[t=0.961462s, 46784 KB] g=49, 3729 evaluated, 204 expanded
[t=0.964453s, 46784 KB] New best heuristic value for lmcut: 8
[t=0.964453s, 46784 KB] g=50, 3763 evaluated, 205 expanded
[t=0.967445s, 46784 KB] New best heuristic value for lmcut: 7
[t=0.967445s, 46784 KB] g=51, 3800 evaluated, 206 expanded
[t=0.967445s, 46784 KB] New best heuristic value for lmcut: 6
[t=0.967445s, 46784 KB] g=52, 3802 evaluated, 207 expanded
[t=0.969436s, 46784 KB] New best heuristic value for lmcut: 5
[t=0.969436s, 46784 KB] g=53, 3836 evaluated, 208 expanded
[t=0.972428s, 46784 KB] New best heuristic value for lmcut: 4
[t=0.972428s, 46784 KB] g=54, 3873 evaluated, 209 expanded
[t=0.973424s, 46784 KB] New best heuristic value for lmcut: 3
[t=0.973424s, 46784 KB] g=55, 3894 evaluated, 210 expanded
[t=0.974421s, 46784 KB] New best heuristic value for lmcut: 2
[t=0.974421s, 46784 KB] g=56, 3909 evaluated, 211 expanded
[t=0.975417s, 46784 KB] New best heuristic value for lmcut: 1
[t=0.975417s, 46784 KB] g=57, 3938 evaluated, 212 expanded
[t=0.975417s, 46784 KB] New best heuristic value for lmcut: 0
[t=0.975417s, 46784 KB] g=58, 3945 evaluated, 213 expanded
[t=0.975417s, 46784 KB] Solution found!
[t=0.975417s, 46784 KB] Actual search time: 0.96948s
board f0 p5 (1)
up f0 f13 (1)
board f13 p4 (1)
down f13 f2 (1)
board f2 p15 (1)
up f2 f16 (1)
board f16 p2 (1)
down f16 f4 (1)
depart f4 p5 (1)
up f4 f17 (1)
board f17 p6 (1)
down f17 f7 (1)
board f7 p13 (1)
depart f7 p4 (1)
up f7 f18 (1)
board f18 p12 (1)
board f18 p7 (1)
down f18 f9 (1)
depart f9 p13 (1)
up f9 f19 (1)
depart f19 p2 (1)
up f19 f25 (1)
depart f25 p7 (1)
depart f25 p12 (1)
up f25 f28 (1)
board f28 p11 (1)
board f28 p8 (1)
down f28 f11 (1)
depart f11 p11 (1)
down f11 f6 (1)
depart f6 p8 (1)
up f6 f30 (1)
board f30 p9 (1)
down f30 f15 (1)
depart f15 p9 (1)
up f15 f35 (1)
board f35 p1 (1)
board f35 p14 (1)
depart f35 p6 (1)
down f35 f20 (1)
board f20 p0 (1)
board f20 p17 (1)
depart f20 p15 (1)
depart f20 p14 (1)
depart f20 p1 (1)
down f20 f5 (1)
board f5 p16 (1)
depart f5 p0 (1)
down f5 f1 (1)
board f1 p3 (1)
depart f1 p16 (1)
up f1 f10 (1)
board f10 p10 (1)
depart f10 p3 (1)
up f10 f21 (1)
depart f21 p17 (1)
up f21 f29 (1)
depart f29 p10 (1)
[t=0.975417s, 46784 KB] Plan length: 58 step(s).
[t=0.975417s, 46784 KB] Plan cost: 58
[t=0.975417s, 46784 KB] Expanded 214 state(s).
[t=0.975417s, 46784 KB] Reopened 0 state(s).
[t=0.975417s, 46784 KB] Evaluated 3945 state(s).
[t=0.975417s, 46784 KB] Evaluations: 3945
[t=0.975417s, 46784 KB] Generated 7715 state(s).
[t=0.975417s, 46784 KB] Dead ends: 0 state(s).
[t=0.975417s, 46784 KB] Expanded until last jump: 0 state(s).
[t=0.975417s, 46784 KB] Reopened until last jump: 0 state(s).
[t=0.975417s, 46784 KB] Evaluated until last jump: 1 state(s).
[t=0.975417s, 46784 KB] Generated until last jump: 0 state(s).
[t=0.975417s, 46784 KB] Number of registered states: 3945
[t=0.975417s, 46784 KB] Int hash set load factor: 3945/8192 = 0.481567
[t=0.975417s, 46784 KB] Int hash set resizes: 13
[t=0.975417s, 46784 KB] Search time: 0.970476s
[t=0.975417s, 46784 KB] Total time: 0.975417s
Solution found.
Peak memory: 46784 KB
search exit code: 0

