JOBNAME = miconic-s11-0.sas_0
JOBID = 707985
Linux razor-16.dei.unipd.it 5.12.10-300.fc34.x86_64 #1 SMP Thu Jun 10 14:21:36 UTC 2021 x86_64 x86_64 x86_64 GNU/Linux
INFO     Running search (release).
INFO     search stdin: /nfsd/rop/instances/PlanningSAS/miconic-s11-0.sas
INFO     search time limit: 3600s
INFO     search memory limit: None
INFO     search command line string: /home/salvagni/Basel/downward/builds/release/bin/downward --search 'astar(LMcut())' --internal-plan-file sas_plan < /nfsd/rop/instances/PlanningSAS/miconic-s11-0.sas
[t=0s, 45824 KB] reading input...
[t=0.000996543s, 45824 KB] done reading input!
[t=0.00298913s, 46356 KB] Initializing landmark cut heuristic...
[t=0.00298913s, 46356 KB] Building successor generator...done!
[t=0.00298913s, 46356 KB] peak memory difference for successor generator creation: 0 KB
[t=0.00298913s, 46356 KB] time for successor generation creation: 0s
[t=0.00298913s, 46356 KB] Variables: 23
[t=0.00298913s, 46356 KB] FactPairs: 66
[t=0.00298913s, 46356 KB] Bytes per state: 4
[t=0.00298913s, 46356 KB] Conducting best first search with reopening closed nodes, (real) bound = 2147483647
[t=0.00298913s, 46356 KB] New best heuristic value for lmcut: 36
[t=0.00298913s, 46356 KB] g=0, 1 evaluated, 0 expanded
[t=0.00298913s, 46356 KB] f = 36, 1 evaluated, 0 expanded
[t=0.00298913s, 46356 KB] Initial heuristic value for lmcut: 36
[t=0.00298913s, 46356 KB] pruning method: none
[t=0.00398549s, 46356 KB] New best heuristic value for lmcut: 35
[t=0.00398549s, 46356 KB] g=1, 2 evaluated, 1 expanded
[t=0.00796892s, 46356 KB] f = 37, 44 evaluated, 2 expanded
[t=0.00896746s, 46356 KB] New best heuristic value for lmcut: 34
[t=0.00896746s, 46356 KB] g=3, 45 evaluated, 3 expanded
[t=0.0109528s, 46356 KB] New best heuristic value for lmcut: 33
[t=0.0109528s, 46356 KB] g=4, 68 evaluated, 9 expanded
[t=0.0139449s, 46356 KB] New best heuristic value for lmcut: 32
[t=0.0139449s, 46356 KB] g=5, 89 evaluated, 11 expanded
[t=0.015932s, 46356 KB] New best heuristic value for lmcut: 31
[t=0.015932s, 46356 KB] g=6, 112 evaluated, 17 expanded
[t=0.0179271s, 46356 KB] New best heuristic value for lmcut: 30
[t=0.0179271s, 46356 KB] g=7, 133 evaluated, 18 expanded
[t=0.0179271s, 46356 KB] New best heuristic value for lmcut: 29
[t=0.0179271s, 46356 KB] g=8, 134 evaluated, 19 expanded
[t=0.0199223s, 46356 KB] New best heuristic value for lmcut: 28
[t=0.0199223s, 46356 KB] g=9, 155 evaluated, 20 expanded
[t=0.0229107s, 46356 KB] New best heuristic value for lmcut: 27
[t=0.0229107s, 46356 KB] g=10, 179 evaluated, 26 expanded
[t=0.0249041s, 46356 KB] New best heuristic value for lmcut: 26
[t=0.0249041s, 46356 KB] g=11, 202 evaluated, 27 expanded
[t=0.026898s, 46356 KB] New best heuristic value for lmcut: 25
[t=0.026898s, 46356 KB] g=12, 222 evaluated, 28 expanded
[t=0.0308874s, 46356 KB] New best heuristic value for lmcut: 24
[t=0.0308874s, 46356 KB] g=13, 268 evaluated, 33 expanded
[t=0.0318844s, 46356 KB] New best heuristic value for lmcut: 23
[t=0.0318844s, 46356 KB] g=14, 288 evaluated, 34 expanded
[t=0.0378663s, 46356 KB] New best heuristic value for lmcut: 22
[t=0.0378663s, 46356 KB] g=15, 355 evaluated, 39 expanded
[t=0.0378663s, 46356 KB] New best heuristic value for lmcut: 21
[t=0.0378663s, 46356 KB] g=16, 357 evaluated, 40 expanded
[t=0.0388641s, 46356 KB] New best heuristic value for lmcut: 20
[t=0.0388641s, 46356 KB] g=17, 377 evaluated, 41 expanded
[t=0.0408568s, 46356 KB] New best heuristic value for lmcut: 19
[t=0.0408568s, 46356 KB] g=18, 400 evaluated, 42 expanded
[t=0.0408568s, 46356 KB] New best heuristic value for lmcut: 18
[t=0.0408568s, 46356 KB] g=19, 402 evaluated, 43 expanded
[t=0.0418551s, 46356 KB] New best heuristic value for lmcut: 17
[t=0.0418551s, 46356 KB] g=20, 422 evaluated, 44 expanded
[t=0.0438467s, 46356 KB] New best heuristic value for lmcut: 16
[t=0.0438467s, 46356 KB] g=21, 447 evaluated, 47 expanded
[t=0.0448447s, 46356 KB] New best heuristic value for lmcut: 15
[t=0.0448447s, 46356 KB] g=22, 466 evaluated, 48 expanded
[t=0.0468366s, 46356 KB] New best heuristic value for lmcut: 14
[t=0.0468366s, 46356 KB] g=23, 493 evaluated, 52 expanded
[t=0.0478344s, 46356 KB] New best heuristic value for lmcut: 13
[t=0.0478344s, 46356 KB] g=24, 510 evaluated, 54 expanded
[t=0.048831s, 46356 KB] New best heuristic value for lmcut: 12
[t=0.048831s, 46356 KB] g=25, 535 evaluated, 57 expanded
[t=0.0498279s, 46356 KB] New best heuristic value for lmcut: 11
[t=0.0498279s, 46356 KB] g=26, 554 evaluated, 58 expanded
[t=0.050823s, 46356 KB] New best heuristic value for lmcut: 10
[t=0.050823s, 46356 KB] g=27, 577 evaluated, 59 expanded
[t=0.050823s, 46356 KB] New best heuristic value for lmcut: 9
[t=0.050823s, 46356 KB] g=28, 582 evaluated, 60 expanded
[t=0.0518194s, 46356 KB] New best heuristic value for lmcut: 8
[t=0.0518194s, 46356 KB] g=29, 599 evaluated, 62 expanded
[t=0.0538123s, 46356 KB] New best heuristic value for lmcut: 7
[t=0.0538123s, 46356 KB] g=30, 659 evaluated, 67 expanded
[t=0.0538123s, 46356 KB] New best heuristic value for lmcut: 6
[t=0.0538123s, 46356 KB] g=31, 665 evaluated, 69 expanded
[t=0.0548091s, 46356 KB] New best heuristic value for lmcut: 5
[t=0.0548091s, 46356 KB] g=32, 710 evaluated, 72 expanded
[t=0.0548091s, 46356 KB] New best heuristic value for lmcut: 4
[t=0.0548091s, 46356 KB] g=33, 715 evaluated, 73 expanded
[t=0.0558053s, 46356 KB] New best heuristic value for lmcut: 3
[t=0.0558053s, 46356 KB] g=34, 732 evaluated, 75 expanded
[t=0.0558053s, 46356 KB] New best heuristic value for lmcut: 2
[t=0.0558053s, 46356 KB] g=35, 755 evaluated, 76 expanded
[t=0.0558053s, 46356 KB] New best heuristic value for lmcut: 1
[t=0.0558053s, 46356 KB] g=36, 760 evaluated, 77 expanded
[t=0.056802s, 46356 KB] New best heuristic value for lmcut: 0
[t=0.056802s, 46356 KB] g=37, 777 evaluated, 78 expanded
[t=0.056802s, 46356 KB] Solution found!
[t=0.056802s, 46356 KB] Actual search time: 0.0538128s
board f0 p3 (1)
up f0 f16 (1)
board f16 p6 (1)
down f16 f2 (1)
board f2 p9 (1)
down f2 f0 (1)
depart f0 p9 (1)
up f0 f17 (1)
board f17 p0 (1)
board f17 p1 (1)
down f17 f13 (1)
depart f13 p1 (1)
down f13 f3 (1)
board f3 p4 (1)
depart f3 p6 (1)
down f3 f1 (1)
board f1 p2 (1)
depart f1 p4 (1)
up f1 f15 (1)
depart f15 p2 (1)
down f15 f6 (1)
depart f6 p3 (1)
up f6 f20 (1)
board f20 p8 (1)
down f20 f10 (1)
depart f10 p8 (1)
depart f10 p0 (1)
up f10 f21 (1)
board f21 p10 (1)
down f21 f8 (1)
board f8 p5 (1)
depart f8 p10 (1)
down f8 f7 (1)
board f7 p7 (1)
depart f7 p5 (1)
down f7 f4 (1)
depart f4 p7 (1)
[t=0.056802s, 46356 KB] Plan length: 37 step(s).
[t=0.056802s, 46356 KB] Plan cost: 37
[t=0.056802s, 46356 KB] Expanded 79 state(s).
[t=0.056802s, 46356 KB] Reopened 0 state(s).
[t=0.056802s, 46356 KB] Evaluated 777 state(s).
[t=0.056802s, 46356 KB] Evaluations: 777
[t=0.056802s, 46356 KB] Generated 1706 state(s).
[t=0.056802s, 46356 KB] Dead ends: 0 state(s).
[t=0.056802s, 46356 KB] Expanded until last jump: 2 state(s).
[t=0.056802s, 46356 KB] Reopened until last jump: 0 state(s).
[t=0.056802s, 46356 KB] Evaluated until last jump: 44 state(s).
[t=0.056802s, 46356 KB] Generated until last jump: 44 state(s).
[t=0.056802s, 46356 KB] Number of registered states: 777
[t=0.056802s, 46356 KB] Int hash set load factor: 777/1024 = 0.758789
[t=0.056802s, 46356 KB] Int hash set resizes: 10
[t=0.056802s, 46356 KB] Search time: 0.0538128s
[t=0.056802s, 46356 KB] Total time: 0.056802s
Solution found.
Peak memory: 46356 KB
search exit code: 0

