JOBNAME = miconic-s4-0.sas_0
JOBID = 708099
Linux razor-14.dei.unipd.it 5.12.10-300.fc34.x86_64 #1 SMP Thu Jun 10 14:21:36 UTC 2021 x86_64 x86_64 x86_64 GNU/Linux
INFO     Running search (release).
INFO     search stdin: /nfsd/rop/instances/PlanningSAS/miconic-s4-0.sas
INFO     search time limit: 3600s
INFO     search memory limit: None
INFO     search command line string: /home/salvagni/Basel/downward/builds/release/bin/downward --search 'astar(LMcut())' --internal-plan-file sas_plan < /nfsd/rop/instances/PlanningSAS/miconic-s4-0.sas
[t=0.000996559s, 45824 KB] reading input...
[t=0.000996559s, 45824 KB] done reading input!
[t=0.00199277s, 46212 KB] Initializing landmark cut heuristic...
[t=0.00199277s, 46212 KB] Building successor generator...done!
[t=0.00199277s, 46212 KB] peak memory difference for successor generator creation: 0 KB
[t=0.00199277s, 46212 KB] time for successor generation creation: 0s
[t=0.00199277s, 46212 KB] Variables: 9
[t=0.00199277s, 46212 KB] FactPairs: 24
[t=0.00199277s, 46212 KB] Bytes per state: 4
[t=0.002986s, 46212 KB] Conducting best first search with reopening closed nodes, (real) bound = 2147483647
[t=0.002986s, 46212 KB] New best heuristic value for lmcut: 14
[t=0.002986s, 46212 KB] g=0, 1 evaluated, 0 expanded
[t=0.002986s, 46212 KB] f = 14, 1 evaluated, 0 expanded
[t=0.002986s, 46212 KB] Initial heuristic value for lmcut: 14
[t=0.002986s, 46212 KB] pruning method: none
[t=0.002986s, 46212 KB] New best heuristic value for lmcut: 13
[t=0.002986s, 46212 KB] g=1, 2 evaluated, 1 expanded
[t=0.002986s, 46212 KB] New best heuristic value for lmcut: 12
[t=0.002986s, 46212 KB] g=2, 9 evaluated, 2 expanded
[t=0.002986s, 46212 KB] New best heuristic value for lmcut: 11
[t=0.002986s, 46212 KB] g=3, 11 evaluated, 3 expanded
[t=0.002986s, 46212 KB] New best heuristic value for lmcut: 10
[t=0.002986s, 46212 KB] g=4, 20 evaluated, 4 expanded
[t=0.002986s, 46212 KB] New best heuristic value for lmcut: 9
[t=0.002986s, 46212 KB] g=5, 26 evaluated, 5 expanded
[t=0.002986s, 46212 KB] New best heuristic value for lmcut: 8
[t=0.002986s, 46212 KB] g=6, 29 evaluated, 6 expanded
[t=0.002986s, 46212 KB] New best heuristic value for lmcut: 7
[t=0.002986s, 46212 KB] g=7, 34 evaluated, 7 expanded
[t=0.002986s, 46212 KB] New best heuristic value for lmcut: 6
[t=0.002986s, 46212 KB] g=8, 38 evaluated, 8 expanded
[t=0.0039815s, 46212 KB] New best heuristic value for lmcut: 5
[t=0.0039815s, 46212 KB] g=9, 42 evaluated, 9 expanded
[t=0.0039815s, 46212 KB] New best heuristic value for lmcut: 4
[t=0.0039815s, 46212 KB] g=10, 48 evaluated, 10 expanded
[t=0.0039815s, 46212 KB] New best heuristic value for lmcut: 3
[t=0.0039815s, 46212 KB] g=11, 50 evaluated, 12 expanded
[t=0.0039815s, 46212 KB] New best heuristic value for lmcut: 2
[t=0.0039815s, 46212 KB] g=12, 59 evaluated, 13 expanded
[t=0.0039815s, 46212 KB] New best heuristic value for lmcut: 1
[t=0.0039815s, 46212 KB] g=13, 66 evaluated, 14 expanded
[t=0.0039815s, 46212 KB] New best heuristic value for lmcut: 0
[t=0.0039815s, 46212 KB] g=14, 67 evaluated, 15 expanded
[t=0.0039815s, 46212 KB] Solution found!
[t=0.0039815s, 46212 KB] Actual search time: 0.0009955s
up f0 f1 (1)
board f1 p1 (1)
board f1 p2 (1)
up f1 f2 (1)
board f2 p3 (1)
up f2 f3 (1)
depart f3 p1 (1)
up f3 f4 (1)
depart f4 p3 (1)
up f4 f7 (1)
board f7 p0 (1)
depart f7 p2 (1)
down f7 f6 (1)
depart f6 p0 (1)
[t=0.0039815s, 46212 KB] Plan length: 14 step(s).
[t=0.0039815s, 46212 KB] Plan cost: 14
[t=0.0039815s, 46212 KB] Expanded 16 state(s).
[t=0.0039815s, 46212 KB] Reopened 0 state(s).
[t=0.0039815s, 46212 KB] Evaluated 67 state(s).
[t=0.0039815s, 46212 KB] Evaluations: 67
[t=0.0039815s, 46212 KB] Generated 121 state(s).
[t=0.0039815s, 46212 KB] Dead ends: 0 state(s).
[t=0.0039815s, 46212 KB] Expanded until last jump: 0 state(s).
[t=0.0039815s, 46212 KB] Reopened until last jump: 0 state(s).
[t=0.0039815s, 46212 KB] Evaluated until last jump: 1 state(s).
[t=0.0039815s, 46212 KB] Generated until last jump: 0 state(s).
[t=0.0039815s, 46212 KB] Number of registered states: 67
[t=0.0039815s, 46212 KB] Int hash set load factor: 67/128 = 0.523438
[t=0.0039815s, 46212 KB] Int hash set resizes: 7
[t=0.0039815s, 46212 KB] Search time: 0.0009955s
[t=0.0039815s, 46212 KB] Total time: 0.0039815s
Solution found.
Peak memory: 46212 KB
search exit code: 0

