JOBNAME = miconic-s19-2.sas_0
JOBID = 708031
Linux razor-24.dei.unipd.it 5.12.10-300.fc34.x86_64 #1 SMP Thu Jun 10 14:21:36 UTC 2021 x86_64 x86_64 x86_64 GNU/Linux
INFO     Running search (release).
INFO     search stdin: /nfsd/rop/instances/PlanningSAS/miconic-s19-2.sas
INFO     search time limit: 3600s
INFO     search memory limit: None
INFO     search command line string: /home/salvagni/Basel/downward/builds/release/bin/downward --search 'astar(LMcut())' --internal-plan-file sas_plan < /nfsd/rop/instances/PlanningSAS/miconic-s19-2.sas
[t=0s, 45824 KB] reading input...
[t=0.00398379s, 46084 KB] done reading input!
[t=0.00597253s, 46656 KB] Initializing landmark cut heuristic...
[t=0.00597253s, 46656 KB] Building successor generator...done!
[t=0.00597253s, 46804 KB] peak memory difference for successor generator creation: 148 KB
[t=0.00597253s, 46804 KB] time for successor generation creation: 0s
[t=0.00597253s, 46804 KB] Variables: 39
[t=0.00597253s, 46804 KB] FactPairs: 114
[t=0.00597253s, 46804 KB] Bytes per state: 8
[t=0.00597253s, 46804 KB] Conducting best first search with reopening closed nodes, (real) bound = 2147483647
[t=0.00696878s, 46804 KB] New best heuristic value for lmcut: 61
[t=0.00696878s, 46804 KB] g=0, 1 evaluated, 0 expanded
[t=0.00696878s, 46804 KB] f = 61, 1 evaluated, 0 expanded
[t=0.00696878s, 46804 KB] Initial heuristic value for lmcut: 61
[t=0.00696878s, 46804 KB] pruning method: none
[t=0.0259015s, 46804 KB] f = 62, 38 evaluated, 1 expanded
[t=0.0268996s, 46804 KB] New best heuristic value for lmcut: 60
[t=0.0268996s, 46804 KB] g=2, 39 evaluated, 4 expanded
[t=0.0677912s, 46804 KB] New best heuristic value for lmcut: 59
[t=0.0677912s, 46804 KB] g=3, 117 evaluated, 9 expanded
[t=0.0867449s, 46804 KB] New best heuristic value for lmcut: 58
[t=0.0877434s, 46804 KB] g=4, 155 evaluated, 10 expanded
[t=0.105698s, 46804 KB] New best heuristic value for lmcut: 57
[t=0.105698s, 46804 KB] g=5, 192 evaluated, 14 expanded
[t=0.143602s, 46804 KB] New best heuristic value for lmcut: 56
[t=0.143602s, 46804 KB] g=6, 269 evaluated, 19 expanded
[t=0.161551s, 46804 KB] New best heuristic value for lmcut: 55
[t=0.161551s, 46804 KB] g=7, 306 evaluated, 20 expanded
[t=0.16255s, 46804 KB] New best heuristic value for lmcut: 54
[t=0.16255s, 46804 KB] g=8, 308 evaluated, 21 expanded
[t=0.179504s, 46804 KB] New best heuristic value for lmcut: 53
[t=0.179504s, 46804 KB] g=9, 344 evaluated, 24 expanded
[t=0.216418s, 46804 KB] New best heuristic value for lmcut: 52
[t=0.216418s, 46804 KB] g=10, 422 evaluated, 30 expanded
[t=0.234373s, 46804 KB] New best heuristic value for lmcut: 51
[t=0.234373s, 46804 KB] g=11, 462 evaluated, 31 expanded
[t=0.25033s, 46804 KB] New best heuristic value for lmcut: 50
[t=0.25033s, 46804 KB] g=12, 497 evaluated, 34 expanded
[t=0.267286s, 46804 KB] New best heuristic value for lmcut: 49
[t=0.267286s, 46804 KB] g=13, 536 evaluated, 35 expanded
[t=0.335129s, 46804 KB] New best heuristic value for lmcut: 48
[t=0.335129s, 46804 KB] g=14, 692 evaluated, 43 expanded
[t=0.349094s, 46804 KB] New best heuristic value for lmcut: 47
[t=0.349094s, 46804 KB] g=15, 726 evaluated, 46 expanded
[t=0.365053s, 46804 KB] New best heuristic value for lmcut: 46
[t=0.365053s, 46804 KB] g=16, 765 evaluated, 47 expanded
[t=0.457845s, 46804 KB] New best heuristic value for lmcut: 45
[t=0.457845s, 46804 KB] g=17, 992 evaluated, 59 expanded
[t=0.472806s, 46804 KB] New best heuristic value for lmcut: 44
[t=0.472806s, 46804 KB] g=18, 1031 evaluated, 60 expanded
[t=0.606505s, 46804 KB] New best heuristic value for lmcut: 43
[t=0.606505s, 46804 KB] g=19, 1372 evaluated, 74 expanded
[t=0.621468s, 46804 KB] New best heuristic value for lmcut: 42
[t=0.621468s, 46804 KB] g=20, 1411 evaluated, 75 expanded
[t=0.663367s, 46804 KB] New best heuristic value for lmcut: 41
[t=0.663367s, 46804 KB] g=21, 1524 evaluated, 82 expanded
[t=0.677331s, 46804 KB] New best heuristic value for lmcut: 40
[t=0.677331s, 46804 KB] g=22, 1563 evaluated, 83 expanded
[t=0.813022s, 46804 KB] New best heuristic value for lmcut: 39
[t=0.813022s, 46804 KB] g=23, 1942 evaluated, 100 expanded
[t=0.826986s, 46804 KB] New best heuristic value for lmcut: 38
[t=0.826986s, 46804 KB] g=24, 1981 evaluated, 101 expanded
[t=0.95868s, 46804 KB] New best heuristic value for lmcut: 37
[t=0.95868s, 46804 KB] g=25, 2364 evaluated, 117 expanded
[t=0.969651s, 46804 KB] New best heuristic value for lmcut: 36
[t=0.969651s, 46804 KB] g=26, 2399 evaluated, 119 expanded
[t=0.982618s, 46804 KB] New best heuristic value for lmcut: 35
[t=0.982618s, 46804 KB] g=27, 2438 evaluated, 120 expanded
[t=1.05346s, 46804 KB] New best heuristic value for lmcut: 34
[t=1.05346s, 46804 KB] g=28, 2665 evaluated, 130 expanded
[t=1.06543s, 46804 KB] New best heuristic value for lmcut: 33
[t=1.06543s, 46804 KB] g=29, 2704 evaluated, 131 expanded
[t=1.17917s, 46804 KB] New best heuristic value for lmcut: 32
[t=1.17917s, 46804 KB] g=30, 3083 evaluated, 148 expanded
[t=1.19014s, 46804 KB] New best heuristic value for lmcut: 31
[t=1.19114s, 46804 KB] g=31, 3122 evaluated, 149 expanded
[t=1.2979s, 46804 KB] New best heuristic value for lmcut: 30
[t=1.2979s, 46804 KB] g=32, 3501 evaluated, 166 expanded
[t=1.30887s, 46804 KB] New best heuristic value for lmcut: 29
[t=1.30887s, 46804 KB] g=33, 3540 evaluated, 167 expanded
[t=1.42061s, 46804 KB] New best heuristic value for lmcut: 28
[t=1.42061s, 46804 KB] g=34, 3957 evaluated, 185 expanded
[t=1.43957s, 46804 KB] New best heuristic value for lmcut: 27
[t=1.43957s, 46804 KB] g=35, 4034 evaluated, 188 expanded
[t=1.54532s, 46936 KB] New best heuristic value for lmcut: 26
[t=1.54532s, 46936 KB] g=36, 4455 evaluated, 206 expanded
[t=1.55429s, 46936 KB] New best heuristic value for lmcut: 25
[t=1.55429s, 46936 KB] g=37, 4490 evaluated, 207 expanded
[t=1.57125s, 46936 KB] New best heuristic value for lmcut: 24
[t=1.57125s, 46936 KB] g=38, 4567 evaluated, 210 expanded
[t=1.64009s, 46936 KB] New best heuristic value for lmcut: 23
[t=1.64009s, 46936 KB] g=39, 4873 evaluated, 222 expanded
[t=1.64109s, 46936 KB] New best heuristic value for lmcut: 22
[t=1.64109s, 46936 KB] g=40, 4878 evaluated, 223 expanded
[t=1.64806s, 46936 KB] New best heuristic value for lmcut: 21
[t=1.64806s, 46936 KB] g=41, 4911 evaluated, 224 expanded
[t=1.66302s, 46936 KB] New best heuristic value for lmcut: 20
[t=1.66302s, 46936 KB] g=42, 4988 evaluated, 227 expanded
[t=1.70692s, 46936 KB] New best heuristic value for lmcut: 19
[t=1.70692s, 46936 KB] g=43, 5215 evaluated, 236 expanded
[t=1.72089s, 46936 KB] New best heuristic value for lmcut: 18
[t=1.72089s, 46936 KB] g=44, 5292 evaluated, 239 expanded
[t=1.77476s, 46936 KB] New best heuristic value for lmcut: 17
[t=1.77476s, 46936 KB] g=45, 5595 evaluated, 252 expanded
[t=1.78673s, 46936 KB] New best heuristic value for lmcut: 16
[t=1.78673s, 46936 KB] g=46, 5672 evaluated, 255 expanded
[t=1.83062s, 46936 KB] New best heuristic value for lmcut: 15
[t=1.83062s, 46936 KB] g=47, 5946 evaluated, 266 expanded
[t=1.83561s, 46936 KB] New best heuristic value for lmcut: 14
[t=1.83561s, 46936 KB] g=48, 5976 evaluated, 267 expanded
[t=1.84558s, 46936 KB] New best heuristic value for lmcut: 13
[t=1.84558s, 46936 KB] g=49, 6053 evaluated, 270 expanded
[t=1.8775s, 46936 KB] New best heuristic value for lmcut: 12
[t=1.8775s, 46936 KB] g=50, 6284 evaluated, 279 expanded
[t=1.88149s, 46936 KB] New best heuristic value for lmcut: 11
[t=1.88149s, 46936 KB] g=51, 6319 evaluated, 280 expanded
[t=1.89046s, 46936 KB] New best heuristic value for lmcut: 10
[t=1.89046s, 46936 KB] g=52, 6396 evaluated, 283 expanded
[t=1.9154s, 46936 KB] New best heuristic value for lmcut: 9
[t=1.9154s, 46936 KB] g=53, 6623 evaluated, 292 expanded
[t=1.91938s, 46936 KB] New best heuristic value for lmcut: 8
[t=1.91938s, 46936 KB] g=54, 6662 evaluated, 293 expanded
[t=1.92038s, 46936 KB] New best heuristic value for lmcut: 7
[t=1.92038s, 46936 KB] g=55, 6676 evaluated, 294 expanded
[t=1.92237s, 46936 KB] New best heuristic value for lmcut: 6
[t=1.92237s, 46936 KB] g=56, 6700 evaluated, 295 expanded
[t=1.92537s, 46936 KB] New best heuristic value for lmcut: 5
[t=1.92537s, 46936 KB] g=57, 6739 evaluated, 296 expanded
Peak memory: 589432 KB
caught signal 24 -- exiting
Time limit has been reached.
search exit code: 23

Driver aborting after search
