JOBNAME = miconic-s3-4.sas_0
JOBID = 708098
Linux razor-14.dei.unipd.it 5.12.10-300.fc34.x86_64 #1 SMP Thu Jun 10 14:21:36 UTC 2021 x86_64 x86_64 x86_64 GNU/Linux
INFO     Running search (release).
INFO     search stdin: /nfsd/rop/instances/PlanningSAS/miconic-s3-4.sas
INFO     search time limit: 3600s
INFO     search memory limit: None
INFO     search command line string: /home/salvagni/Basel/downward/builds/release/bin/downward --search 'astar(LMcut())' --internal-plan-file sas_plan < /nfsd/rop/instances/PlanningSAS/miconic-s3-4.sas
[t=0s, 45824 KB] reading input...
[t=0.000996639s, 45824 KB] done reading input!
[t=0.00199279s, 46080 KB] Initializing landmark cut heuristic...
[t=0.00199279s, 46080 KB] Building successor generator...done!
[t=0.00199279s, 46080 KB] peak memory difference for successor generator creation: 0 KB
[t=0.00199279s, 46080 KB] time for successor generation creation: 0s
[t=0.00199279s, 46080 KB] Variables: 7
[t=0.00199279s, 46080 KB] FactPairs: 18
[t=0.00199279s, 46080 KB] Bytes per state: 4
[t=0.00199279s, 46080 KB] Conducting best first search with reopening closed nodes, (real) bound = 2147483647
[t=0.00199279s, 46080 KB] New best heuristic value for lmcut: 9
[t=0.00199279s, 46080 KB] g=0, 1 evaluated, 0 expanded
[t=0.00199279s, 46080 KB] f = 9, 1 evaluated, 0 expanded
[t=0.00199279s, 46080 KB] Initial heuristic value for lmcut: 9
[t=0.00199279s, 46080 KB] pruning method: none
[t=0.00199279s, 46080 KB] New best heuristic value for lmcut: 8
[t=0.00199279s, 46080 KB] g=1, 2 evaluated, 1 expanded
[t=0.00199279s, 46080 KB] f = 10, 12 evaluated, 2 expanded
[t=0.00298858s, 46080 KB] New best heuristic value for lmcut: 7
[t=0.00298858s, 46080 KB] g=3, 13 evaluated, 3 expanded
[t=0.00298858s, 46080 KB] New best heuristic value for lmcut: 6
[t=0.00298858s, 46080 KB] g=4, 14 evaluated, 4 expanded
[t=0.00298858s, 46080 KB] New best heuristic value for lmcut: 5
[t=0.00298858s, 46080 KB] g=5, 19 evaluated, 5 expanded
[t=0.00298858s, 46080 KB] New best heuristic value for lmcut: 4
[t=0.00298858s, 46080 KB] g=6, 26 evaluated, 8 expanded
[t=0.00298858s, 46080 KB] New best heuristic value for lmcut: 3
[t=0.00298858s, 46080 KB] g=7, 31 evaluated, 9 expanded
[t=0.00298858s, 46080 KB] New best heuristic value for lmcut: 2
[t=0.00298858s, 46080 KB] g=8, 38 evaluated, 10 expanded
[t=0.00298858s, 46080 KB] New best heuristic value for lmcut: 1
[t=0.00298858s, 46080 KB] g=9, 42 evaluated, 11 expanded
[t=0.00298858s, 46080 KB] New best heuristic value for lmcut: 0
[t=0.00298858s, 46080 KB] g=10, 44 evaluated, 12 expanded
[t=0.00298858s, 46080 KB] Solution found!
[t=0.00298858s, 46080 KB] Actual search time: 0.000995791s
board f0 p2 (1)
up f0 f2 (1)
board f2 p1 (1)
up f2 f3 (1)
board f3 p0 (1)
down f3 f0 (1)
depart f0 p1 (1)
depart f0 p0 (1)
up f0 f4 (1)
depart f4 p2 (1)
[t=0.00298858s, 46080 KB] Plan length: 10 step(s).
[t=0.00298858s, 46080 KB] Plan cost: 10
[t=0.00298858s, 46080 KB] Expanded 13 state(s).
[t=0.00298858s, 46080 KB] Reopened 0 state(s).
[t=0.00298858s, 46080 KB] Evaluated 44 state(s).
[t=0.00298858s, 46080 KB] Evaluations: 44
[t=0.00298858s, 46080 KB] Generated 76 state(s).
[t=0.00298858s, 46080 KB] Dead ends: 0 state(s).
[t=0.00298858s, 46080 KB] Expanded until last jump: 2 state(s).
[t=0.00298858s, 46080 KB] Reopened until last jump: 0 state(s).
[t=0.00298858s, 46080 KB] Evaluated until last jump: 12 state(s).
[t=0.00298858s, 46080 KB] Generated until last jump: 12 state(s).
[t=0.00298858s, 46080 KB] Number of registered states: 44
[t=0.00298858s, 46080 KB] Int hash set load factor: 44/64 = 0.6875
[t=0.00298858s, 46080 KB] Int hash set resizes: 6
[t=0.00298858s, 46080 KB] Search time: 0.000995791s
[t=0.00298858s, 46080 KB] Total time: 0.00298858s
Solution found.
Peak memory: 46080 KB
search exit code: 0

