JOBNAME = miconic-s15-4.sas_0
JOBID = 708013
Linux razor-16.dei.unipd.it 5.12.10-300.fc34.x86_64 #1 SMP Thu Jun 10 14:21:36 UTC 2021 x86_64 x86_64 x86_64 GNU/Linux
INFO     Running search (release).
INFO     search stdin: /nfsd/rop/instances/PlanningSAS/miconic-s15-4.sas
INFO     search time limit: 3600s
INFO     search memory limit: None
INFO     search command line string: /home/salvagni/Basel/downward/builds/release/bin/downward --search 'astar(LMcut())' --internal-plan-file sas_plan < /nfsd/rop/instances/PlanningSAS/miconic-s15-4.sas
[t=0s, 45824 KB] reading input...
[t=0.00198078s, 45948 KB] done reading input!
[t=0.00397538s, 46512 KB] Initializing landmark cut heuristic...
[t=0.00397538s, 46512 KB] Building successor generator...done!
[t=0.00397538s, 46512 KB] peak memory difference for successor generator creation: 0 KB
[t=0.00397538s, 46512 KB] time for successor generation creation: 0s
[t=0.00397538s, 46512 KB] Variables: 31
[t=0.00397538s, 46512 KB] FactPairs: 90
[t=0.00397538s, 46512 KB] Bytes per state: 8
[t=0.00397538s, 46512 KB] Conducting best first search with reopening closed nodes, (real) bound = 2147483647
[t=0.00497116s, 46512 KB] New best heuristic value for lmcut: 46
[t=0.00497116s, 46512 KB] g=0, 1 evaluated, 0 expanded
[t=0.00497116s, 46512 KB] f = 46, 1 evaluated, 0 expanded
[t=0.00497116s, 46512 KB] Initial heuristic value for lmcut: 46
[t=0.00497116s, 46512 KB] pruning method: none
[t=0.00497116s, 46512 KB] New best heuristic value for lmcut: 45
[t=0.00497116s, 46512 KB] g=1, 2 evaluated, 1 expanded
[t=0.0189143s, 46512 KB] f = 47, 60 evaluated, 2 expanded
[t=0.0189143s, 46512 KB] New best heuristic value for lmcut: 44
[t=0.0189143s, 46512 KB] g=3, 61 evaluated, 4 expanded
[t=0.0258964s, 46512 KB] New best heuristic value for lmcut: 43
[t=0.0268903s, 46512 KB] g=4, 92 evaluated, 5 expanded
[t=0.0538092s, 46512 KB] New best heuristic value for lmcut: 42
[t=0.0538092s, 46512 KB] g=5, 211 evaluated, 14 expanded
[t=0.0607895s, 46512 KB] New best heuristic value for lmcut: 41
[t=0.0607895s, 46512 KB] g=6, 242 evaluated, 15 expanded
[t=0.0867305s, 46512 KB] New best heuristic value for lmcut: 40
[t=0.0867305s, 46512 KB] g=7, 361 evaluated, 26 expanded
[t=0.0937111s, 46512 KB] New best heuristic value for lmcut: 39
[t=0.0937111s, 46512 KB] g=8, 392 evaluated, 27 expanded
[t=0.118654s, 46512 KB] New best heuristic value for lmcut: 38
[t=0.118654s, 46512 KB] g=9, 513 evaluated, 34 expanded
[t=0.124633s, 46512 KB] New best heuristic value for lmcut: 37
[t=0.124633s, 46512 KB] g=10, 542 evaluated, 37 expanded
[t=0.131615s, 46512 KB] New best heuristic value for lmcut: 36
[t=0.131615s, 46512 KB] g=11, 573 evaluated, 38 expanded
[t=0.154561s, 46512 KB] New best heuristic value for lmcut: 35
[t=0.154561s, 46512 KB] g=12, 692 evaluated, 46 expanded
[t=0.154561s, 46512 KB] New best heuristic value for lmcut: 34
[t=0.154561s, 46512 KB] g=13, 694 evaluated, 47 expanded
[t=0.159547s, 46512 KB] New best heuristic value for lmcut: 33
[t=0.159547s, 46512 KB] g=14, 722 evaluated, 49 expanded
[t=0.16553s, 46512 KB] New best heuristic value for lmcut: 32
[t=0.16553s, 46512 KB] g=15, 753 evaluated, 50 expanded
[t=0.197459s, 46512 KB] New best heuristic value for lmcut: 31
[t=0.197459s, 46512 KB] g=16, 936 evaluated, 63 expanded
[t=0.202444s, 46512 KB] New best heuristic value for lmcut: 30
[t=0.202444s, 46512 KB] g=17, 963 evaluated, 65 expanded
[t=0.207429s, 46512 KB] New best heuristic value for lmcut: 29
[t=0.207429s, 46512 KB] g=18, 994 evaluated, 66 expanded
[t=0.237361s, 46512 KB] New best heuristic value for lmcut: 28
[t=0.237361s, 46512 KB] g=19, 1177 evaluated, 79 expanded
[t=0.241348s, 46512 KB] New best heuristic value for lmcut: 27
[t=0.241348s, 46512 KB] g=20, 1204 evaluated, 82 expanded
[t=0.24633s, 46512 KB] New best heuristic value for lmcut: 26
[t=0.24633s, 46512 KB] g=21, 1235 evaluated, 83 expanded
[t=0.264287s, 46512 KB] New best heuristic value for lmcut: 25
[t=0.264287s, 46512 KB] g=22, 1358 evaluated, 91 expanded
[t=0.267277s, 46512 KB] New best heuristic value for lmcut: 24
[t=0.268275s, 46512 KB] g=23, 1385 evaluated, 93 expanded
[t=0.272261s, 46512 KB] New best heuristic value for lmcut: 23
[t=0.272261s, 46512 KB] g=24, 1416 evaluated, 94 expanded
[t=0.284225s, 46512 KB] New best heuristic value for lmcut: 22
[t=0.284225s, 46512 KB] g=25, 1509 evaluated, 99 expanded
[t=0.287216s, 46512 KB] New best heuristic value for lmcut: 21
[t=0.287216s, 46512 KB] g=26, 1536 evaluated, 101 expanded
[t=0.291202s, 46512 KB] New best heuristic value for lmcut: 20
[t=0.291202s, 46512 KB] g=27, 1567 evaluated, 102 expanded
[t=0.312153s, 46512 KB] New best heuristic value for lmcut: 19
[t=0.312153s, 46512 KB] g=28, 1746 evaluated, 114 expanded
[t=0.315144s, 46512 KB] New best heuristic value for lmcut: 18
[t=0.316142s, 46512 KB] g=29, 1777 evaluated, 115 expanded
[t=0.335095s, 46512 KB] New best heuristic value for lmcut: 17
[t=0.335095s, 46512 KB] g=30, 1960 evaluated, 126 expanded
[t=0.338085s, 46512 KB] New best heuristic value for lmcut: 16
[t=0.338085s, 46512 KB] g=31, 1987 evaluated, 127 expanded
[t=0.338085s, 46512 KB] New best heuristic value for lmcut: 15
[t=0.338085s, 46512 KB] g=32, 1990 evaluated, 128 expanded
[t=0.341077s, 46512 KB] New best heuristic value for lmcut: 14
[t=0.341077s, 46512 KB] g=33, 2017 evaluated, 130 expanded
[t=0.343069s, 46512 KB] New best heuristic value for lmcut: 13
[t=0.343069s, 46512 KB] g=34, 2048 evaluated, 131 expanded
[t=0.353043s, 46512 KB] New best heuristic value for lmcut: 12
[t=0.354041s, 46512 KB] g=35, 2170 evaluated, 137 expanded
[t=0.354041s, 46512 KB] New best heuristic value for lmcut: 11
[t=0.354041s, 46512 KB] g=36, 2175 evaluated, 138 expanded
[t=0.356032s, 46512 KB] New best heuristic value for lmcut: 10
[t=0.356032s, 46512 KB] g=37, 2200 evaluated, 139 expanded
[t=0.358026s, 46512 KB] New best heuristic value for lmcut: 9
[t=0.358026s, 46512 KB] g=38, 2231 evaluated, 140 expanded
[t=0.366005s, 46512 KB] New best heuristic value for lmcut: 8
[t=0.366005s, 46512 KB] g=39, 2356 evaluated, 148 expanded
[t=0.367003s, 46512 KB] New best heuristic value for lmcut: 7
[t=0.367003s, 46512 KB] g=40, 2381 evaluated, 149 expanded
[t=0.368997s, 46512 KB] New best heuristic value for lmcut: 6
[t=0.368997s, 46512 KB] g=41, 2413 evaluated, 150 expanded
[t=0.369995s, 46512 KB] New best heuristic value for lmcut: 5
[t=0.369995s, 46512 KB] g=42, 2444 evaluated, 151 expanded
[t=0.369995s, 46512 KB] New best heuristic value for lmcut: 4
[t=0.369995s, 46512 KB] g=43, 2449 evaluated, 152 expanded
[t=0.370992s, 46512 KB] New best heuristic value for lmcut: 3
[t=0.370992s, 46512 KB] g=44, 2474 evaluated, 153 expanded
[t=0.371986s, 46512 KB] New best heuristic value for lmcut: 2
[t=0.371986s, 46512 KB] g=45, 2505 evaluated, 154 expanded
[t=0.37298s, 46512 KB] New best heuristic value for lmcut: 1
[t=0.37298s, 46512 KB] g=46, 2515 evaluated, 155 expanded
[t=0.37298s, 46512 KB] New best heuristic value for lmcut: 0
[t=0.37298s, 46512 KB] g=47, 2535 evaluated, 156 expanded
[t=0.37298s, 46512 KB] Solution found!
[t=0.37298s, 46512 KB] Actual search time: 0.368009s
board f0 p2 (1)
up f0 f14 (1)
board f14 p5 (1)
down f14 f3 (1)
board f3 p8 (1)
up f3 f15 (1)
board f15 p0 (1)
board f15 p4 (1)
down f15 f8 (1)
board f8 p14 (1)
down f8 f0 (1)
depart f0 p14 (1)
up f0 f20 (1)
depart f20 p8 (1)
depart f20 p5 (1)
down f20 f9 (1)
board f9 p7 (1)
depart f9 p4 (1)
up f9 f18 (1)
board f18 p10 (1)
depart f18 p7 (1)
down f18 f13 (1)
board f13 p9 (1)
depart f13 p10 (1)
up f13 f21 (1)
depart f21 p0 (1)
up f21 f27 (1)
board f27 p12 (1)
board f27 p13 (1)
down f27 f10 (1)
depart f10 p12 (1)
up f10 f19 (1)
board f19 p6 (1)
depart f19 p9 (1)
depart f19 p13 (1)
up f19 f28 (1)
board f28 p11 (1)
board f28 p3 (1)
down f28 f12 (1)
board f12 p1 (1)
depart f12 p2 (1)
depart f12 p11 (1)
down f12 f2 (1)
depart f2 p6 (1)
depart f2 p1 (1)
up f2 f17 (1)
depart f17 p3 (1)
[t=0.37298s, 46512 KB] Plan length: 47 step(s).
[t=0.37298s, 46512 KB] Plan cost: 47
[t=0.37298s, 46512 KB] Expanded 157 state(s).
[t=0.37298s, 46512 KB] Reopened 0 state(s).
[t=0.37298s, 46512 KB] Evaluated 2535 state(s).
[t=0.37298s, 46512 KB] Evaluations: 2535
[t=0.37298s, 46512 KB] Generated 4705 state(s).
[t=0.37298s, 46512 KB] Dead ends: 0 state(s).
[t=0.37298s, 46512 KB] Expanded until last jump: 2 state(s).
[t=0.37298s, 46512 KB] Reopened until last jump: 0 state(s).
[t=0.37298s, 46512 KB] Evaluated until last jump: 60 state(s).
[t=0.37298s, 46512 KB] Generated until last jump: 60 state(s).
[t=0.37298s, 46512 KB] Number of registered states: 2535
[t=0.37298s, 46512 KB] Int hash set load factor: 2535/4096 = 0.618896
[t=0.37298s, 46512 KB] Int hash set resizes: 12
[t=0.37298s, 46512 KB] Search time: 0.369005s
[t=0.37298s, 46512 KB] Total time: 0.37298s
Solution found.
Peak memory: 46512 KB
search exit code: 0

