JOBNAME = miconic-s14-2.sas_0
JOBID = 708005
Linux razor-16.dei.unipd.it 5.12.10-300.fc34.x86_64 #1 SMP Thu Jun 10 14:21:36 UTC 2021 x86_64 x86_64 x86_64 GNU/Linux
INFO     Running search (release).
INFO     search stdin: /nfsd/rop/instances/PlanningSAS/miconic-s14-2.sas
INFO     search time limit: 3600s
INFO     search memory limit: None
INFO     search command line string: /home/salvagni/Basel/downward/builds/release/bin/downward --search 'astar(LMcut())' --internal-plan-file sas_plan < /nfsd/rop/instances/PlanningSAS/miconic-s14-2.sas
[t=0s, 45824 KB] reading input...
[t=0.00198702s, 45948 KB] done reading input!
[t=0.0039788s, 46492 KB] Initializing landmark cut heuristic...
[t=0.0039788s, 46492 KB] Building successor generator...done!
[t=0.0039788s, 46492 KB] peak memory difference for successor generator creation: 0 KB
[t=0.0039788s, 46492 KB] time for successor generation creation: 0s
[t=0.0039788s, 46492 KB] Variables: 29
[t=0.0039788s, 46492 KB] FactPairs: 84
[t=0.0039788s, 46492 KB] Bytes per state: 8
[t=0.0039788s, 46492 KB] Conducting best first search with reopening closed nodes, (real) bound = 2147483647
[t=0.0039788s, 46492 KB] New best heuristic value for lmcut: 49
[t=0.00497492s, 46492 KB] g=0, 1 evaluated, 0 expanded
[t=0.00497492s, 46492 KB] f = 49, 1 evaluated, 0 expanded
[t=0.00497492s, 46492 KB] Initial heuristic value for lmcut: 49
[t=0.00497492s, 46492 KB] pruning method: none
[t=0.00497492s, 46492 KB] New best heuristic value for lmcut: 48
[t=0.00497492s, 46492 KB] g=1, 2 evaluated, 1 expanded
[t=0.0109502s, 46492 KB] New best heuristic value for lmcut: 47
[t=0.0109502s, 46492 KB] g=2, 30 evaluated, 2 expanded
[t=0.0169262s, 46492 KB] New best heuristic value for lmcut: 46
[t=0.0169262s, 46492 KB] g=3, 57 evaluated, 3 expanded
[t=0.017924s, 46492 KB] New best heuristic value for lmcut: 45
[t=0.017924s, 46492 KB] g=4, 59 evaluated, 4 expanded
[t=0.0229063s, 46492 KB] New best heuristic value for lmcut: 44
[t=0.0229063s, 46492 KB] g=5, 85 evaluated, 5 expanded
[t=0.023906s, 46492 KB] New best heuristic value for lmcut: 43
[t=0.023906s, 46492 KB] g=6, 88 evaluated, 6 expanded
[t=0.0288863s, 46492 KB] New best heuristic value for lmcut: 42
[t=0.0288863s, 46492 KB] g=7, 113 evaluated, 7 expanded
[t=0.0298841s, 46492 KB] New best heuristic value for lmcut: 41
[t=0.0298841s, 46492 KB] g=8, 116 evaluated, 8 expanded
[t=0.0408382s, 46492 KB] New best heuristic value for lmcut: 40
[t=0.0408382s, 46492 KB] g=9, 172 evaluated, 9 expanded
[t=0.0737569s, 46492 KB] New best heuristic value for lmcut: 39
[t=0.0737569s, 46492 KB] g=10, 340 evaluated, 18 expanded
[t=0.084729s, 46492 KB] New best heuristic value for lmcut: 38
[t=0.084729s, 46492 KB] g=11, 396 evaluated, 19 expanded
[t=0.115662s, 46492 KB] New best heuristic value for lmcut: 37
[t=0.115662s, 46492 KB] g=12, 564 evaluated, 28 expanded
[t=0.126626s, 46492 KB] New best heuristic value for lmcut: 36
[t=0.126626s, 46492 KB] g=13, 620 evaluated, 29 expanded
[t=0.156561s, 46492 KB] New best heuristic value for lmcut: 35
[t=0.156561s, 46492 KB] g=14, 788 evaluated, 42 expanded
[t=0.165537s, 46492 KB] New best heuristic value for lmcut: 34
[t=0.165537s, 46492 KB] g=15, 844 evaluated, 43 expanded
[t=0.194472s, 46492 KB] New best heuristic value for lmcut: 33
[t=0.194472s, 46492 KB] g=16, 1012 evaluated, 52 expanded
[t=0.203448s, 46492 KB] New best heuristic value for lmcut: 32
[t=0.203448s, 46492 KB] g=17, 1068 evaluated, 53 expanded
[t=0.230387s, 46492 KB] New best heuristic value for lmcut: 31
[t=0.230387s, 46492 KB] g=18, 1237 evaluated, 62 expanded
[t=0.239362s, 46492 KB] New best heuristic value for lmcut: 30
[t=0.239362s, 46492 KB] g=19, 1294 evaluated, 63 expanded
[t=0.244348s, 46492 KB] New best heuristic value for lmcut: 29
[t=0.244348s, 46492 KB] g=20, 1323 evaluated, 64 expanded
[t=0.245347s, 46492 KB] New best heuristic value for lmcut: 28
[t=0.245347s, 46492 KB] g=21, 1330 evaluated, 65 expanded
[t=0.248335s, 46492 KB] New best heuristic value for lmcut: 27
[t=0.248335s, 46492 KB] g=22, 1351 evaluated, 67 expanded
[t=0.252321s, 46492 KB] New best heuristic value for lmcut: 26
[t=0.252321s, 46492 KB] g=23, 1386 evaluated, 70 expanded
[t=0.255312s, 46492 KB] New best heuristic value for lmcut: 25
[t=0.255312s, 46492 KB] g=24, 1407 evaluated, 72 expanded
[t=0.260298s, 46492 KB] New best heuristic value for lmcut: 24
[t=0.260298s, 46492 KB] g=25, 1442 evaluated, 78 expanded
[t=0.262292s, 46492 KB] New best heuristic value for lmcut: 23
[t=0.262292s, 46492 KB] g=26, 1463 evaluated, 80 expanded
[t=0.266281s, 46492 KB] New best heuristic value for lmcut: 22
[t=0.266281s, 46492 KB] g=27, 1498 evaluated, 86 expanded
[t=0.269272s, 46492 KB] New best heuristic value for lmcut: 21
[t=0.269272s, 46492 KB] g=28, 1519 evaluated, 88 expanded
[t=0.275255s, 46492 KB] New best heuristic value for lmcut: 20
[t=0.275255s, 46492 KB] g=29, 1576 evaluated, 94 expanded
[t=0.276254s, 46492 KB] New best heuristic value for lmcut: 19
[t=0.276254s, 46492 KB] g=30, 1583 evaluated, 95 expanded
[t=0.278247s, 46492 KB] New best heuristic value for lmcut: 18
[t=0.278247s, 46492 KB] g=31, 1604 evaluated, 97 expanded
[t=0.280238s, 46492 KB] New best heuristic value for lmcut: 17
[t=0.280238s, 46492 KB] g=32, 1633 evaluated, 98 expanded
[t=0.281236s, 46492 KB] New best heuristic value for lmcut: 16
[t=0.281236s, 46492 KB] g=33, 1640 evaluated, 99 expanded
[t=0.28323s, 46492 KB] New best heuristic value for lmcut: 15
[t=0.28323s, 46492 KB] g=34, 1661 evaluated, 102 expanded
[t=0.284227s, 46492 KB] New best heuristic value for lmcut: 14
[t=0.284227s, 46492 KB] g=35, 1668 evaluated, 103 expanded
[t=0.285223s, 46492 KB] New best heuristic value for lmcut: 13
[t=0.285223s, 46492 KB] g=36, 1689 evaluated, 106 expanded
[t=0.28622s, 46492 KB] New best heuristic value for lmcut: 12
[t=0.28622s, 46492 KB] g=37, 1696 evaluated, 107 expanded
[t=0.287217s, 46492 KB] New best heuristic value for lmcut: 11
[t=0.287217s, 46492 KB] g=38, 1717 evaluated, 111 expanded
[t=0.289211s, 46492 KB] New best heuristic value for lmcut: 10
[t=0.289211s, 46492 KB] g=39, 1746 evaluated, 112 expanded
[t=0.289211s, 46492 KB] New best heuristic value for lmcut: 9
[t=0.289211s, 46492 KB] g=40, 1753 evaluated, 113 expanded
[t=0.291206s, 46492 KB] New best heuristic value for lmcut: 8
[t=0.291206s, 46492 KB] g=41, 1774 evaluated, 116 expanded
[t=0.291206s, 46492 KB] New best heuristic value for lmcut: 7
[t=0.291206s, 46492 KB] g=42, 1781 evaluated, 117 expanded
[t=0.292201s, 46492 KB] New best heuristic value for lmcut: 6
[t=0.292201s, 46492 KB] g=43, 1802 evaluated, 120 expanded
[t=0.292201s, 46492 KB] New best heuristic value for lmcut: 5
[t=0.292201s, 46492 KB] g=44, 1809 evaluated, 121 expanded
[t=0.293198s, 46492 KB] New best heuristic value for lmcut: 4
[t=0.293198s, 46492 KB] g=45, 1830 evaluated, 122 expanded
[t=0.293198s, 46492 KB] New best heuristic value for lmcut: 3
[t=0.294195s, 46492 KB] g=46, 1841 evaluated, 123 expanded
[t=0.294195s, 46492 KB] New best heuristic value for lmcut: 2
[t=0.294195s, 46492 KB] g=47, 1858 evaluated, 125 expanded
[t=0.295192s, 46492 KB] New best heuristic value for lmcut: 1
[t=0.295192s, 46492 KB] g=48, 1882 evaluated, 126 expanded
[t=0.295192s, 46492 KB] New best heuristic value for lmcut: 0
[t=0.295192s, 46492 KB] g=49, 1886 evaluated, 127 expanded
[t=0.295192s, 46492 KB] Solution found!
[t=0.295192s, 46492 KB] Actual search time: 0.290217s
board f0 p1 (1)
up f0 f1 (1)
board f1 p8 (1)
up f1 f10 (1)
board f10 p7 (1)
down f10 f3 (1)
board f3 p13 (1)
up f3 f11 (1)
depart f11 p13 (1)
up f11 f12 (1)
board f12 p10 (1)
down f12 f4 (1)
depart f4 p10 (1)
up f4 f13 (1)
board f13 p2 (1)
down f13 f2 (1)
board f2 p3 (1)
board f2 p5 (1)
depart f2 p2 (1)
depart f2 p1 (1)
up f2 f16 (1)
board f16 p9 (1)
up f16 f18 (1)
depart f18 p3 (1)
up f18 f19 (1)
depart f19 p8 (1)
up f19 f21 (1)
board f21 p11 (1)
depart f21 p9 (1)
down f21 f15 (1)
board f15 p4 (1)
depart f15 p11 (1)
down f15 f7 (1)
depart f7 p4 (1)
up f7 f22 (1)
depart f22 p7 (1)
up f22 f23 (1)
board f23 p0 (1)
depart f23 p5 (1)
down f23 f8 (1)
depart f8 p0 (1)
up f8 f26 (1)
board f26 p12 (1)
down f26 f14 (1)
depart f14 p12 (1)
up f14 f27 (1)
board f27 p6 (1)
down f27 f6 (1)
depart f6 p6 (1)
[t=0.295192s, 46492 KB] Plan length: 49 step(s).
[t=0.295192s, 46492 KB] Plan cost: 49
[t=0.295192s, 46492 KB] Expanded 128 state(s).
[t=0.295192s, 46492 KB] Reopened 0 state(s).
[t=0.295192s, 46492 KB] Evaluated 1886 state(s).
[t=0.295192s, 46492 KB] Evaluations: 1886
[t=0.295192s, 46492 KB] Generated 3596 state(s).
[t=0.295192s, 46492 KB] Dead ends: 0 state(s).
[t=0.295192s, 46492 KB] Expanded until last jump: 0 state(s).
[t=0.295192s, 46492 KB] Reopened until last jump: 0 state(s).
[t=0.295192s, 46492 KB] Evaluated until last jump: 1 state(s).
[t=0.295192s, 46492 KB] Generated until last jump: 0 state(s).
[t=0.295192s, 46492 KB] Number of registered states: 1886
[t=0.295192s, 46492 KB] Int hash set load factor: 1886/2048 = 0.920898
[t=0.295192s, 46492 KB] Int hash set resizes: 11
[t=0.295192s, 46492 KB] Search time: 0.291213s
[t=0.295192s, 46492 KB] Total time: 0.295192s
Solution found.
Peak memory: 46492 KB
search exit code: 0

