JOBNAME = miconic-s3-1.sas_0
JOBID = 708095
Linux razor-14.dei.unipd.it 5.12.10-300.fc34.x86_64 #1 SMP Thu Jun 10 14:21:36 UTC 2021 x86_64 x86_64 x86_64 GNU/Linux
INFO     Running search (release).
INFO     search stdin: /nfsd/rop/instances/PlanningSAS/miconic-s3-1.sas
INFO     search time limit: 3600s
INFO     search memory limit: None
INFO     search command line string: /home/salvagni/Basel/downward/builds/release/bin/downward --search 'astar(LMcut())' --internal-plan-file sas_plan < /nfsd/rop/instances/PlanningSAS/miconic-s3-1.sas
[t=0s, 45824 KB] reading input...
[t=0s, 45824 KB] done reading input!
[t=0.00198704s, 46080 KB] Initializing landmark cut heuristic...
[t=0.00198704s, 46080 KB] Building successor generator...done!
[t=0.00198704s, 46080 KB] peak memory difference for successor generator creation: 0 KB
[t=0.00198704s, 46080 KB] time for successor generation creation: 0s
[t=0.00198704s, 46080 KB] Variables: 7
[t=0.00198704s, 46080 KB] FactPairs: 18
[t=0.00198704s, 46080 KB] Bytes per state: 4
[t=0.00198704s, 46080 KB] Conducting best first search with reopening closed nodes, (real) bound = 2147483647
[t=0.00198704s, 46080 KB] New best heuristic value for lmcut: 10
[t=0.00198704s, 46080 KB] g=0, 1 evaluated, 0 expanded
[t=0.00198704s, 46080 KB] f = 10, 1 evaluated, 0 expanded
[t=0.00198704s, 46080 KB] Initial heuristic value for lmcut: 10
[t=0.00198704s, 46080 KB] pruning method: none
[t=0.00198704s, 46080 KB] New best heuristic value for lmcut: 9
[t=0.00198704s, 46080 KB] g=1, 2 evaluated, 1 expanded
[t=0.00198704s, 46080 KB] New best heuristic value for lmcut: 8
[t=0.00198704s, 46080 KB] g=2, 7 evaluated, 3 expanded
[t=0.00198704s, 46080 KB] New best heuristic value for lmcut: 7
[t=0.00198704s, 46080 KB] g=3, 15 evaluated, 6 expanded
[t=0.00198704s, 46080 KB] New best heuristic value for lmcut: 6
[t=0.00198704s, 46080 KB] g=4, 19 evaluated, 7 expanded
[t=0.00198704s, 46080 KB] New best heuristic value for lmcut: 5
[t=0.00297223s, 46080 KB] g=5, 21 evaluated, 8 expanded
[t=0.00297223s, 46080 KB] New best heuristic value for lmcut: 4
[t=0.00297223s, 46080 KB] g=6, 25 evaluated, 9 expanded
[t=0.00297223s, 46080 KB] f = 11, 54 evaluated, 18 expanded
[t=0.00297223s, 46080 KB] New best heuristic value for lmcut: 3
[t=0.00297223s, 46080 KB] g=8, 55 evaluated, 19 expanded
[t=0.00297223s, 46080 KB] New best heuristic value for lmcut: 2
[t=0.00297223s, 46080 KB] g=9, 62 evaluated, 20 expanded
[t=0.00297223s, 46080 KB] New best heuristic value for lmcut: 1
[t=0.00297223s, 46080 KB] g=10, 65 evaluated, 21 expanded
[t=0.00297223s, 46080 KB] New best heuristic value for lmcut: 0
[t=0.00297223s, 46080 KB] g=11, 69 evaluated, 22 expanded
[t=0.00297223s, 46080 KB] Solution found!
[t=0.00297223s, 46080 KB] Actual search time: 0.000985191s
up f0 f4 (1)
board f4 p2 (1)
down f4 f1 (1)
depart f1 p2 (1)
up f1 f2 (1)
board f2 p0 (1)
up f2 f5 (1)
board f5 p1 (1)
depart f5 p0 (1)
down f5 f2 (1)
depart f2 p1 (1)
[t=0.00297223s, 46080 KB] Plan length: 11 step(s).
[t=0.00297223s, 46080 KB] Plan cost: 11
[t=0.00297223s, 46080 KB] Expanded 23 state(s).
[t=0.00297223s, 46080 KB] Reopened 0 state(s).
[t=0.00297223s, 46080 KB] Evaluated 69 state(s).
[t=0.00297223s, 46080 KB] Evaluations: 69
[t=0.00297223s, 46080 KB] Generated 132 state(s).
[t=0.00297223s, 46080 KB] Dead ends: 0 state(s).
[t=0.00297223s, 46080 KB] Expanded until last jump: 18 state(s).
[t=0.00297223s, 46080 KB] Reopened until last jump: 0 state(s).
[t=0.00297223s, 46080 KB] Evaluated until last jump: 54 state(s).
[t=0.00297223s, 46080 KB] Generated until last jump: 105 state(s).
[t=0.00297223s, 46080 KB] Number of registered states: 69
[t=0.00297223s, 46080 KB] Int hash set load factor: 69/128 = 0.539062
[t=0.00297223s, 46080 KB] Int hash set resizes: 7
[t=0.00297223s, 46080 KB] Search time: 0.000985191s
[t=0.00297223s, 46080 KB] Total time: 0.00297223s
Solution found.
Peak memory: 46080 KB
search exit code: 0

