JOBNAME = miconic-s17-3.sas_0
JOBID = 708022
Linux razor-16.dei.unipd.it 5.12.10-300.fc34.x86_64 #1 SMP Thu Jun 10 14:21:36 UTC 2021 x86_64 x86_64 x86_64 GNU/Linux
INFO     Running search (release).
INFO     search stdin: /nfsd/rop/instances/PlanningSAS/miconic-s17-3.sas
INFO     search time limit: 3600s
INFO     search memory limit: None
INFO     search command line string: /home/salvagni/Basel/downward/builds/release/bin/downward --search 'astar(LMcut())' --internal-plan-file sas_plan < /nfsd/rop/instances/PlanningSAS/miconic-s17-3.sas
[t=0s, 45824 KB] reading input...
[t=0.00298587s, 45948 KB] done reading input!
[t=0.00497983s, 46644 KB] Initializing landmark cut heuristic...
[t=0.00497983s, 46644 KB] Building successor generator...done!
[t=0.00497983s, 46768 KB] peak memory difference for successor generator creation: 124 KB
[t=0.00497983s, 46768 KB] time for successor generation creation: 0s
[t=0.00497983s, 46768 KB] Variables: 35
[t=0.00497983s, 46768 KB] FactPairs: 102
[t=0.00597571s, 46768 KB] Bytes per state: 8
[t=0.00597571s, 46768 KB] Conducting best first search with reopening closed nodes, (real) bound = 2147483647
[t=0.00597571s, 46768 KB] New best heuristic value for lmcut: 59
[t=0.00597571s, 46768 KB] g=0, 1 evaluated, 0 expanded
[t=0.00597571s, 46768 KB] f = 59, 1 evaluated, 0 expanded
[t=0.00597571s, 46768 KB] Initial heuristic value for lmcut: 59
[t=0.00597571s, 46768 KB] pruning method: none
[t=0.018925s, 46768 KB] f = 60, 34 evaluated, 1 expanded
[t=0.0199233s, 46768 KB] New best heuristic value for lmcut: 58
[t=0.0199233s, 46768 KB] g=2, 35 evaluated, 3 expanded
[t=0.0199233s, 46768 KB] New best heuristic value for lmcut: 57
[t=0.0199233s, 46768 KB] g=3, 36 evaluated, 4 expanded
[t=0.0328834s, 46768 KB] New best heuristic value for lmcut: 56
[t=0.0328834s, 46768 KB] g=4, 69 evaluated, 7 expanded
[t=0.0338819s, 46768 KB] New best heuristic value for lmcut: 55
[t=0.0338819s, 46768 KB] g=5, 71 evaluated, 8 expanded
[t=0.04684s, 46768 KB] New best heuristic value for lmcut: 54
[t=0.04684s, 46768 KB] g=6, 105 evaluated, 9 expanded
[t=0.0587998s, 46768 KB] New best heuristic value for lmcut: 53
[t=0.0587998s, 46768 KB] g=7, 138 evaluated, 14 expanded
[t=0.0587998s, 46768 KB] New best heuristic value for lmcut: 52
[t=0.0597982s, 46768 KB] g=8, 139 evaluated, 15 expanded
[t=0.0707652s, 46768 KB] New best heuristic value for lmcut: 51
[t=0.0707652s, 46768 KB] g=9, 172 evaluated, 20 expanded
[t=0.0717634s, 46768 KB] New best heuristic value for lmcut: 50
[t=0.0717634s, 46768 KB] g=10, 173 evaluated, 21 expanded
[t=0.082731s, 46768 KB] New best heuristic value for lmcut: 49
[t=0.082731s, 46768 KB] g=11, 206 evaluated, 26 expanded
[t=0.0837294s, 46768 KB] New best heuristic value for lmcut: 48
[t=0.0837294s, 46768 KB] g=12, 208 evaluated, 27 expanded
[t=0.0946967s, 46768 KB] New best heuristic value for lmcut: 47
[t=0.0946967s, 46768 KB] g=13, 242 evaluated, 28 expanded
[t=0.105666s, 46768 KB] New best heuristic value for lmcut: 46
[t=0.105666s, 46768 KB] g=14, 275 evaluated, 31 expanded
[t=0.106665s, 46768 KB] New best heuristic value for lmcut: 45
[t=0.106665s, 46768 KB] g=15, 276 evaluated, 32 expanded
[t=0.116635s, 46768 KB] New best heuristic value for lmcut: 44
[t=0.116635s, 46768 KB] g=16, 309 evaluated, 35 expanded
[t=0.117633s, 46768 KB] New best heuristic value for lmcut: 43
[t=0.117633s, 46768 KB] g=17, 311 evaluated, 36 expanded
[t=0.1276s, 46768 KB] New best heuristic value for lmcut: 42
[t=0.1276s, 46768 KB] g=18, 345 evaluated, 37 expanded
[t=0.137572s, 46768 KB] New best heuristic value for lmcut: 41
[t=0.137572s, 46768 KB] g=19, 378 evaluated, 39 expanded
[t=0.137572s, 46768 KB] New best heuristic value for lmcut: 40
[t=0.137572s, 46768 KB] g=20, 379 evaluated, 40 expanded
[t=0.146547s, 46768 KB] New best heuristic value for lmcut: 39
[t=0.147545s, 46768 KB] g=21, 412 evaluated, 43 expanded
[t=0.147545s, 46768 KB] New best heuristic value for lmcut: 38
[t=0.147545s, 46768 KB] g=22, 413 evaluated, 44 expanded
[t=0.156519s, 46768 KB] New best heuristic value for lmcut: 37
[t=0.156519s, 46768 KB] g=23, 446 evaluated, 46 expanded
[t=0.156519s, 46768 KB] New best heuristic value for lmcut: 36
[t=0.156519s, 46768 KB] g=24, 447 evaluated, 47 expanded
[t=0.165493s, 46768 KB] New best heuristic value for lmcut: 35
[t=0.165493s, 46768 KB] g=25, 480 evaluated, 49 expanded
[t=0.165493s, 46768 KB] New best heuristic value for lmcut: 34
[t=0.165493s, 46768 KB] g=26, 481 evaluated, 50 expanded
[t=0.17347s, 46768 KB] New best heuristic value for lmcut: 33
[t=0.17347s, 46768 KB] g=27, 514 evaluated, 53 expanded
[t=0.17347s, 46768 KB] New best heuristic value for lmcut: 32
[t=0.17347s, 46768 KB] g=28, 515 evaluated, 54 expanded
[t=0.181447s, 46768 KB] New best heuristic value for lmcut: 31
[t=0.181447s, 46768 KB] g=29, 548 evaluated, 55 expanded
[t=0.18344s, 46768 KB] New best heuristic value for lmcut: 30
[t=0.18344s, 46768 KB] g=30, 556 evaluated, 56 expanded
[t=0.188426s, 46768 KB] New best heuristic value for lmcut: 29
[t=0.188426s, 46768 KB] g=31, 582 evaluated, 59 expanded
[t=0.19042s, 46768 KB] New best heuristic value for lmcut: 28
[t=0.19042s, 46768 KB] g=32, 591 evaluated, 60 expanded
[t=0.195403s, 46768 KB] New best heuristic value for lmcut: 27
[t=0.195403s, 46768 KB] g=33, 616 evaluated, 63 expanded
[t=0.198392s, 46768 KB] New best heuristic value for lmcut: 26
[t=0.198392s, 46768 KB] g=34, 632 evaluated, 64 expanded
[t=0.202379s, 46768 KB] New best heuristic value for lmcut: 25
[t=0.202379s, 46768 KB] g=35, 650 evaluated, 67 expanded
[t=0.203377s, 46768 KB] New best heuristic value for lmcut: 24
[t=0.203377s, 46768 KB] g=36, 659 evaluated, 68 expanded
[t=0.208361s, 46768 KB] New best heuristic value for lmcut: 23
[t=0.208361s, 46768 KB] g=37, 684 evaluated, 71 expanded
[t=0.215343s, 46768 KB] New best heuristic value for lmcut: 22
[t=0.215343s, 46768 KB] g=38, 727 evaluated, 74 expanded
[t=0.219329s, 46768 KB] New best heuristic value for lmcut: 21
[t=0.219329s, 46768 KB] g=39, 752 evaluated, 77 expanded
[t=0.22631s, 46768 KB] New best heuristic value for lmcut: 20
[t=0.22631s, 46768 KB] g=40, 795 evaluated, 80 expanded
[t=0.230296s, 46768 KB] New best heuristic value for lmcut: 19
[t=0.230296s, 46768 KB] g=41, 820 evaluated, 81 expanded
[t=0.240268s, 46768 KB] New best heuristic value for lmcut: 18
[t=0.240268s, 46768 KB] g=42, 890 evaluated, 88 expanded
[t=0.24625s, 46768 KB] New best heuristic value for lmcut: 17
[t=0.24625s, 46768 KB] g=43, 932 evaluated, 89 expanded
[t=0.249236s, 46768 KB] New best heuristic value for lmcut: 16
[t=0.249236s, 46768 KB] g=44, 957 evaluated, 90 expanded
[t=0.258209s, 46768 KB] New best heuristic value for lmcut: 15
[t=0.258209s, 46768 KB] g=45, 1026 evaluated, 94 expanded
[t=0.259207s, 46768 KB] New best heuristic value for lmcut: 14
[t=0.259207s, 46768 KB] g=46, 1035 evaluated, 95 expanded
[t=0.261198s, 46768 KB] New best heuristic value for lmcut: 13
[t=0.262195s, 46768 KB] g=47, 1060 evaluated, 96 expanded
[t=0.269174s, 46768 KB] New best heuristic value for lmcut: 12
[t=0.269174s, 46768 KB] g=48, 1129 evaluated, 101 expanded
[t=0.270171s, 46768 KB] New best heuristic value for lmcut: 11
[t=0.270171s, 46768 KB] g=49, 1138 evaluated, 102 expanded
[t=0.272165s, 46768 KB] New best heuristic value for lmcut: 10
[t=0.272165s, 46768 KB] g=50, 1163 evaluated, 103 expanded
[t=0.275153s, 46768 KB] New best heuristic value for lmcut: 9
[t=0.275153s, 46768 KB] g=51, 1198 evaluated, 104 expanded
[t=0.276151s, 46768 KB] New best heuristic value for lmcut: 8
[t=0.276151s, 46768 KB] g=52, 1216 evaluated, 105 expanded
[t=0.278144s, 46768 KB] New best heuristic value for lmcut: 7
[t=0.278144s, 46768 KB] g=53, 1232 evaluated, 108 expanded
[t=0.278144s, 46768 KB] New best heuristic value for lmcut: 6
[t=0.278144s, 46768 KB] g=54, 1234 evaluated, 109 expanded
[t=0.281135s, 46768 KB] New best heuristic value for lmcut: 5
[t=0.281135s, 46768 KB] g=55, 1278 evaluated, 110 expanded
[t=0.282132s, 46768 KB] New best heuristic value for lmcut: 4
[t=0.282132s, 46768 KB] g=56, 1301 evaluated, 111 expanded
[t=0.283128s, 46768 KB] New best heuristic value for lmcut: 3
[t=0.283128s, 46768 KB] g=57, 1328 evaluated, 112 expanded
[t=0.283128s, 46768 KB] New best heuristic value for lmcut: 2
[t=0.283128s, 46768 KB] g=58, 1335 evaluated, 113 expanded
[t=0.284126s, 46768 KB] New best heuristic value for lmcut: 1
[t=0.284126s, 46768 KB] g=59, 1367 evaluated, 114 expanded
[t=0.284126s, 46768 KB] New best heuristic value for lmcut: 0
[t=0.284126s, 46768 KB] g=60, 1369 evaluated, 115 expanded
[t=0.284126s, 46768 KB] Solution found!
[t=0.284126s, 46768 KB] Actual search time: 0.27815s
up f0 f10 (1)
board f10 p1 (1)
down f10 f3 (1)
board f3 p0 (1)
board f3 p4 (1)
up f3 f13 (1)
depart f13 p0 (1)
down f13 f4 (1)
depart f4 p4 (1)
up f4 f14 (1)
board f14 p7 (1)
board f14 p8 (1)
down f14 f11 (1)
depart f11 p8 (1)
down f11 f6 (1)
board f6 p11 (1)
board f6 p16 (1)
down f6 f1 (1)
depart f1 p16 (1)
up f1 f15 (1)
board f15 p3 (1)
down f15 f12 (1)
depart f12 p3 (1)
down f12 f8 (1)
board f8 p12 (1)
up f8 f17 (1)
board f17 p15 (1)
down f17 f0 (1)
depart f0 p15 (1)
up f0 f20 (1)
depart f20 p12 (1)
down f20 f9 (1)
depart f9 p1 (1)
up f9 f21 (1)
depart f21 p11 (1)
up f21 f25 (1)
depart f25 p7 (1)
up f25 f26 (1)
board f26 p9 (1)
up f26 f28 (1)
board f28 p10 (1)
board f28 p6 (1)
down f28 f23 (1)
board f23 p2 (1)
depart f23 p10 (1)
up f23 f30 (1)
board f30 p13 (1)
depart f30 p6 (1)
down f30 f16 (1)
depart f16 p9 (1)
depart f16 p13 (1)
up f16 f31 (1)
board f31 p14 (1)
board f31 p5 (1)
down f31 f18 (1)
depart f18 p5 (1)
up f18 f27 (1)
depart f27 p14 (1)
up f27 f32 (1)
depart f32 p2 (1)
[t=0.284126s, 46768 KB] Plan length: 60 step(s).
[t=0.284126s, 46768 KB] Plan cost: 60
[t=0.284126s, 46768 KB] Expanded 116 state(s).
[t=0.284126s, 46768 KB] Reopened 0 state(s).
[t=0.284126s, 46768 KB] Evaluated 1369 state(s).
[t=0.284126s, 46768 KB] Evaluations: 1369
[t=0.284126s, 46768 KB] Generated 3870 state(s).
[t=0.284126s, 46768 KB] Dead ends: 0 state(s).
[t=0.284126s, 46768 KB] Expanded until last jump: 1 state(s).
[t=0.284126s, 46768 KB] Reopened until last jump: 0 state(s).
[t=0.284126s, 46768 KB] Evaluated until last jump: 34 state(s).
[t=0.284126s, 46768 KB] Generated until last jump: 33 state(s).
[t=0.284126s, 46768 KB] Number of registered states: 1369
[t=0.284126s, 46768 KB] Int hash set load factor: 1369/2048 = 0.668457
[t=0.284126s, 46768 KB] Int hash set resizes: 11
[t=0.284126s, 46768 KB] Search time: 0.27815s
[t=0.284126s, 46768 KB] Total time: 0.284126s
Solution found.
Peak memory: 46768 KB
search exit code: 0

